<?xml version="1.0" encoding="ISO-8859-1" standalone="yes"?>
<ExperimentCollection version="2.1">
	<Experiment>
        <ExperimentAccession>  12345   </ExperimentAccession>
		<Title>  aTitle  </Title>
        <Reference>
			<RefLine>Martens L, Van Damme P, Van Damme J, Staes A, Timmerman E, Ghesquiere B, Thomas GR, Vandekerckhove J, Gevaert K (2005), ?The human platelet proteome mapped by peptide-centric proteomics: a functional protein profile?, Proteomics, 5, 3193-3204.</RefLine>
			<additional>
				<cvParam cvLabel="PubMed" accession="16038019" name="16038019" />
			</additional>
		</Reference>
        <Reference>
			<RefLine>Gevaert K, Ghesquiere B, Staes A, Martens L, Van Damme J, Thomas GR, Vandekerckhove J (2004), ?Reversible labeling of cysteine-containing peptides allows their chromatographic isolation for non-gel proteome studies?, Proteomics 4, 897-908.</RefLine>
			<additional>
				<cvParam cvLabel="PubMed" accession="15048972" name="15048972" />
			</additional>
		</Reference>
		<ShortLabel>   aShortLabel</ShortLabel>
		<Protocol>
			<ProtocolName>In Gel Protein Digestion</ProtocolName>
			<ProtocolSteps>
				<StepDescription>
					<cvParam cvLabel="PRIDE" accession="PRIDE:0000025" name="Reduction" value="DTT" />
				</StepDescription>
				<StepDescription>
					<cvParam cvLabel="PRIDE" accession="PRIDE:0000026" name="Alkylation" value="iodoacetamide" />
				</StepDescription>
				<StepDescription>
					<cvParam cvLabel="PRIDE" accession="PRIDE:0000160" name="Enzyme" value="Trypsin" />
				</StepDescription>
			</ProtocolSteps>
		</Protocol>
		<mzData version="1.05" accessionNumber="0">
			<cvLookup cvLabel="PSI" fullName="The PSI Ontology" version="1.0.0" address="http://psidev.sourceforge.net/ontology/" />
			<description>
				<admin>
					<sampleName>Example Sample Set</sampleName>
                    <sourceFile>
						<nameOfFile>MadeUpFile</nameOfFile>
						<pathToFile>http://www.madeupdata.com/MadeUpFile</pathToFile>
						<fileType>Text</fileType>
					</sourceFile>
					<contact>
						<name>Florian</name>
						<institution>EBI</institution>
						<contactInfo>florian@ebi.ac.uk</contactInfo>
					</contact>
                    <sampleDescription>
						<cvParam cvLabel="BTO" accession="BTO:0000763" name="lung" />
						<cvParam cvLabel="BTO" accession="BTO:0000762" name="lung cancer cell line" />
					</sampleDescription>
				</admin>
				<instrument>
					<instrumentName>ThermoFinnigan LCQ Duo</instrumentName>
					<source>
						<cvParam cvLabel="PSI" accession="PSI:1000073" name="Electrospray Ionization" />
					</source>
					<analyzerList count="1">
						<analyzer>
							<cvParam cvLabel="PSI" accession="PSI:1000264" name="Ion Trap" />
						</analyzer>
					</analyzerList>
					<detector>
						<cvParam cvLabel="PSI" accession="PSI:1000111" name="Electron Multiplier Tube" />
					</detector>
				</instrument>
				<dataProcessing>
					<software>
						<name>Xcalibur</name>
						<version>1.2 SP1</version>
					</software>
					<processingMethod>
						<cvParam cvLabel="PSI" accession="PSI:1000035" name="PeakProcessing" value="CentroidMassSpectrum" />
					</processingMethod>
				</dataProcessing>
			</description>
			<spectrumList count="100">
				<spectrum id="1">
					<spectrumDesc>
						<spectrumSettings>
							<spectrumInstrument mzRangeStop="818.0" mzRangeStart="221.0" msLevel="2" />
						</spectrumSettings>
						<precursorList count="1">
							<precursor msLevel="1" spectrumRef="2">
								<ionSelection>
									<cvParam cvLabel="PSI" accession="PSI:1000041" name="ChargeState" value="1" />
									<cvParam cvLabel="PSI" accession="PSI:1000040" name="MassToChargeRatio" value="536" />
								</ionSelection>
								<activation />
							</precursor>
						</precursorList>
						<comments>Not identified</comments>
					</spectrumDesc>
					<mzArrayBinary>
						<data precision="64" endian="little" length="51">AAAAAACga0AAAAAAAMBrQAAAAAAAAGxAAAAAAADAbUAAAAAAAOBtQAAAAAAAoHBAAAAAAACQcUAAAAAAAKBxQAAAAAAAsHFAAAAAAADAcUAAAAAAAIByQAAAAAAAkHJAAAAAAACgckAAAAAAALByQAAAAAAAYHVAAAAAAAAgdkAAAAAAAGB2QAAAAAAA4HlAAAAAAAAAekAAAAAAAEB6QAAAAAAAYHpAAAAAAADAekAAAAAAABB7QAAAAAAAYHtAAAAAAABwe0AAAAAAAIB7QAAAAAAAoHtAAAAAAAAAfEAAAAAAAGB8QAAAAAAAoH1AAAAAAACwfUAAAAAAAOB9QAAAAAAA0H5AAAAAAADwfkAAAAAAAGB/QAAAAAAAcH9AAAAAAADwf0AAAAAAAACAQAAAAAAAIIBAAAAAAAAogEAAAAAAADCAQAAAAAAAOIBAAAAAAABAgEAAAAAAAEiAQAAAAAAAUIBAAAAAAAC4gEAAAAAAAMCAQAAAAAAAyIBAAAAAAADQgEAAAAAAAFiBQAAAAAAAkIlA</data>
					</mzArrayBinary>
					<intenArrayBinary>
						<data precision="64" endian="little" length="51">AAAAAACskUAAAAAAAKrCQAAAAAAAlqhAAAAAAADVzkAAAAAAADCGQAAAAAAA0LZAAAAAAAB78EAAAAAAAC67QAAAAAAA88FAAAAAAABAlUAAAAAAAP3DQAAAAAAAaqBAAAAAACZnIkEAAAAA0Mv1QAAAAAAAsKpAAAAAAADOpEAAAAAAgFjDQAAAAAAAR+NAAAAAAACMp0AAAAAAAGqtQAAAAAAAYLFAAAAAAAD4sEAAAAAAANSrQAAAAAAAWJRAAAAAAACIp0AAAAAAAKiDQAAAAAAA9KVAAAAAAAAEmUAAAAAAAESqQAAAAAAAzJdAAAAAAABonEAAAAAAADijQAAAAAAAy7pAAAAAAACAjkAAAAAAWLURQQAAAACgM/dAAAAAAADwlUAAAAAAACKqQAAAAAAA9JtAAAAAAIBozUAAAAAAMNcFQQAAAADQIfpAAAAAAADoo0AAAAAAAGyQQAAAAAAAiItAAAAAAMC/20AAAAAAAIe8QAAAAAAAnbpAAAAAAABYkkAAAAAAAIajQAAAAAAAEKdA</data>
					</intenArrayBinary>
				</spectrum>
				<spectrum id="2">
					<spectrumDesc>
						<spectrumSettings>
							<acqSpecification count="0" methodOfCombination="sum" spectrumType="discrete">
								<acquisition acqNumber="0">
									<cvParam accession="000123" name="Name" value="Zero Value" cvLabel="MadeUpCV"/>
								</acquisition>
                                <acquisition acqNumber="1">
									<cvParam accession="000124" name="Name" value="One Value" cvLabel="MadeUpCV"/>
								</acquisition>
							</acqSpecification>
							<spectrumInstrument mzRangeStop="123.45" mzRangeStart="342.678" msLevel="0">
								<cvParam accession="PSI:1000036" name="ScanMode" value="SelectedIonDetection" cvLabel="PSI_ONT"/>
							</spectrumInstrument>
						</spectrumSettings>
						<precursorList count="1">
							<precursor msLevel="1" spectrumRef="0">
								<ionSelection>
									<cvParam cvLabel="PSI" accession="PSI:1000041" name="ChargeState" value="2" />
									<cvParam cvLabel="PSI" accession="PSI:1000040" name="MassToChargeRatio" value="898" />
								</ionSelection>
								<activation />
							</precursor>
						</precursorList>
						<comments>Not identified</comments>
					</spectrumDesc>
					<mzArrayBinary>
						<data precision="64" endian="little" length="130">AAAAAAAQdEAAAAAAAFB1QAAAAAAAYHZAAAAAAADwd0AAAAAAADB4QAAAAAAAQHlAAAAAAACgekAAAAAAAEB7QAAAAAAAoHtAAAAAAAAAfEAAAAAAAAB9QAAAAAAA8H1AAAAAAABAfkAAAAAAAEB/QAAAAAAAgH9AAAAAAAAggEAAAAAAAOCAQAAAAAAAgIFAAAAAAADYgUAAAAAAAPCBQAAAAAAAkIJAAAAAAACYgkAAAAAAAMiCQAAAAAAAKINAAAAAAACYg0AAAAAAAKiDQAAAAAAAQIRAAAAAAACAhEAAAAAAAPiEQAAAAAAAAIVAAAAAAAAwhUAAAAAAAFiFQAAAAAAAcIVAAAAAAACYhUAAAAAAALCFQAAAAAAA0IVAAAAAAABIhkAAAAAAAHiGQAAAAAAAkIZAAAAAAAC4hkAAAAAAAMiGQAAAAAAA8IZAAAAAAAAAh0AAAAAAACiHQAAAAAAAcIdAAAAAAACwh0AAAAAAAMCHQAAAAAAAMIhAAAAAAABAiEAAAAAAAEiIQAAAAAAAYIhAAAAAAAB4iEAAAAAAAJCIQAAAAAAAsIhAAAAAAADAiEAAAAAAAOiIQAAAAAAA+IhAAAAAAAAAiUAAAAAAABCJQAAAAAAAGIlAAAAAAACQiUAAAAAAAKiJQAAAAAAACIpAAAAAAAAQikAAAAAAABiKQAAAAAAAQIpAAAAAAACAikAAAAAAAJCKQAAAAAAAkIpAAAAAAADQikAAAAAAANCKQAAAAAAA4IpAAAAAAADwikAAAAAAAACLQAAAAAAAKItAAAAAAABQi0AAAAAAAGCLQAAAAAAAaItAAAAAAABwi0AAAAAAAHiLQAAAAAAAiItAAAAAAAC4i0AAAAAAANCLQAAAAAAA4ItAAAAAAAAAjEAAAAAAAACMQAAAAAAAmIxAAAAAAAAYjkAAAAAAAPiOQAAAAAAAOI9AAAAAAABIj0AAAAAAAFiPQAAAAAAAaI9AAAAAAADQj0AAAAAAAOiPQAAAAAAAIJBAAAAAAABMkEAAAAAAAFyQQAAAAAAAgJBAAAAAAACQkEAAAAAAAJSQQAAAAAAAoJBAAAAAAADQkEAAAAAAAESRQAAAAAAASJFAAAAAAABokUAAAAAAAHyRQAAAAAAAgJFAAAAAAADgkUAAAAAAAOSRQAAAAAAA9JFAAAAAAAAgkkAAAAAAACiSQAAAAAAAMJJAAAAAAAA8kkAAAAAAAJSSQAAAAAAAoJJAAAAAAAAMk0AAAAAAAGCTQAAAAAAAhJNAAAAAAAC8k0AAAAAAAACUQAAAAAAAGJRAAAAAAAA0lEAAAAAAAFiUQAAAAAAAEJVAAAAAAAAUlUAAAAAAAESWQAAAAAAAwJdAAAAAAABMmEA=</data>
					</mzArrayBinary>
					<intenArrayBinary>
						<data precision="64" endian="little" length="130">AAAAAACUtkAAAAAAAGqxQAAAAAAAqIhAAAAAAACklkAAAAAAACCeQAAAAAAACq5AAAAAAAB+u0AAAAAAAGyQQAAAAAAAPJZAAAAAAAB5t0AAAAAAAAyTQAAAAAAAK7VAAAAAAAB4pUAAAAAAAOCcQAAAAAAARJNAAAAAAABVzEAAAAAAAHW0QAAAAAAACI1AAAAAAAAojkAAAAAAAHB6QAAAAAAAFJ9AAAAAAAAogkAAAAAAAHSoQAAAAAAAKqNAAAAAAADElkAAAAAAAHakQAAAAAAA8qJAAAAAAAAgoUAAAAAAACShQAAAAAAAxKRAAAAAAIBbwEAAAAAAAGiJQAAAAAAAfJ5AAAAAAABqpkAAAAAAAMKrQAAAAAAATJZAAAAAAAC4q0AAAAAAAK6iQAAAAAAAIJ1AAAAAAABUm0AAAAAAAHKhQAAAAAAAiKxAAAAAAABXtUAAAAAAAPCYQAAAAAAATJJAAAAAAICqxEAAAAAAANKzQAAAAAAA1qdAAAAAAAA6pEAAAAAAgGnEQAAAAAAAuIZAAAAAAAB4nUAAAAAAAHquQAAAAAAA6IZAAAAAAABDtUAAAAAAADjDQAAAAAAAL7NAAAAAAACEmEAAAAAAALyjQAAAAAAAAKBAAAAAAABCq0AAAAAAADyjQAAAAAAAirFAAAAAAAAEtkAAAAAAAJ6vQAAAAAAAkMNAAAAAAAACpUAAAAAAAEu+QAAAAAAAiKBAAAAAAAC0tEAAAAAAAIqtQAAAAAAAt7FAAAAAAAD0kUAAAAAAAGCeQAAAAAAAcKpAAAAAAAD2oUAAAAAAAFyYQAAAAAAA2I5AAAAAAACwrkAAAAAAAPe+QAAAAACAKcBAAAAAAABQtkAAAAAAALCgQAAAAAAANqJAAAAAAABbtEAAAAAAAMyRQAAAAAAAGINAAAAAAAB4ikAAAAAAACicQAAAAAAA7LNAAAAAAAAWrEAAAAAAACCQQAAAAAAAgJhAAAAAAABKskAAAAAAABSkQAAAAAAASKFAAAAAAAAAoEAAAAAAADCPQAAAAAAAIJ9AAAAAAABctUAAAAAAAMqzQAAAAAAA0I5AAAAAAADItkAAAAAAAFCMQAAAAAAALKVAAAAAAAAzwkAAAAAAAGypQAAAAAAA5JtAAAAAAABwqkAAAAAAAKCpQAAAAAAAaqxAAAAAAAAwoEAAAAAAAPiPQAAAAAAAjbhAAAAAAACGpEAAAAAAACiSQAAAAAAAYKhAAAAAAAB4nUAAAAAAADKhQAAAAAAA+JRAAAAAAACwmkAAAAAAAJCDQAAAAAAAmbZAAAAAAABMmEAAAAAAAGKmQAAAAAAAXJ9AAAAAAABcnkAAAAAAAEKyQAAAAAAAaKZAAAAAAADYl0A=</data>
					</intenArrayBinary>
				</spectrum>
				<spectrum id="3">
					<spectrumDesc>
						<spectrumSettings>
							<spectrumInstrument mzRangeStop="806.0" mzRangeStart="127.0" msLevel="2" />
						</spectrumSettings>
						<precursorList count="1">
							<precursor msLevel="1" spectrumRef="0">
								<ionSelection>
									<cvParam cvLabel="PSI" accession="PSI:1000041" name="ChargeState" value="1" />
									<cvParam cvLabel="PSI" accession="PSI:1000040" name="MassToChargeRatio" value="453" />
								</ionSelection>
								<activation />
							</precursor>
						</precursorList>
						<comments>Not identified</comments>
					</spectrumDesc>
					<mzArrayBinary>
						<data precision="64" endian="little" length="29">AAAAAADAX0AAAAAAAOBpQAAAAAAAIGpAAAAAAABAakAAAAAAAGBqQAAAAAAAQGxAAAAAAABgbEAAAAAAAIBsQAAAAAAAoGxAAAAAAABAcUAAAAAAAFBzQAAAAAAAoHNAAAAAAABgdEAAAAAAAHB0QAAAAAAA8HRAAAAAAAAAdUAAAAAAABB1QAAAAAAAIHVAAAAAAABwdUAAAAAAAIB1QAAAAAAAgHhAAAAAAAAAekAAAAAAABB6QAAAAAAAIHpAAAAAAAAge0AAAAAAADB7QAAAAAAAQHtAAAAAAABQe0AAAAAAADCJQA==</data>
					</mzArrayBinary>
					<intenArrayBinary>
						<data precision="64" endian="little" length="29">AAAAAAAgzUAAAAAAAGjWQAAAAACcAhdBAAAAABghBkEAAAAAAAzCQAAAAAAwHwtBAAAAAEDp1EAAAAAA4KL1QAAAAAAA4ctAAAAAACBF4kAAAAAAAJrNQAAAAADANulAAAAAAAA1zEAAAAAAgPXOQAAAAACgT+NAAAAAADQ3I0EAAAAAYFP6QAAAAABACeFAAAAAAIAj2kAAAAAAgBPpQAAAAADAxthAAAAAAAAM30AAAAAAsFsBQQAAAABg4utAAAAAAGAe9kAAAADAQ0paQQAAAAACCTZBAAAAAAAAOUAAAAAAAGO4QA==</data>
					</intenArrayBinary>
				</spectrum>
				<spectrum id="4">
					<spectrumDesc>
						<spectrumSettings>
							<spectrumInstrument mzRangeStop="1630.0" mzRangeStart="343.0" msLevel="2" />
						</spectrumSettings>
						<precursorList count="1">
							<precursor msLevel="1" spectrumRef="0">
								<ionSelection>
									<cvParam cvLabel="PSI" accession="PSI:1000041" name="ChargeState" value="2" />
									<cvParam cvLabel="PSI" accession="PSI:1000040" name="MassToChargeRatio" value="936" />
								</ionSelection>
								<activation />
							</precursor>
						</precursorList>
						<comments>Not identified</comments>
					</spectrumDesc>
					<mzArrayBinary>
						<data precision="64" endian="little" length="65">AAAAAABwdUAAAAAAAEB6QAAAAAAAYH1AAAAAAABAf0AAAAAAAGCAQAAAAAAAQIFAAAAAAABIgUAAAAAAAGiDQAAAAAAAyINAAAAAAAD4g0AAAAAAAKCFQAAAAAAAqIVAAAAAAAAwhkAAAAAAABiIQAAAAAAAQIhAAAAAAADYiEAAAAAAACiJQAAAAAAAWIlAAAAAAAC4iUAAAAAAAMCJQAAAAAAACIpAAAAAAAA4ikAAAAAAAFCKQAAAAAAAgIpAAAAAAAD4ikAAAAAAAGiLQAAAAAAAcItAAAAAAAB4i0AAAAAAABCMQAAAAAAAUIxAAAAAAACojEAAAAAAAOCMQAAAAAAA6IxAAAAAAACQjUAAAAAAAKCNQAAAAAAAqI1AAAAAAABwjkAAAAAAADCPQAAAAAAAHJBAAAAAAAAgkEAAAAAAAGSQQAAAAAAAaJBAAAAAAABokEAAAAAAAMCRQAAAAAAALJJAAAAAAAAwkkAAAAAAAJySQAAAAAAARJNAAAAAAABIk0AAAAAAALiTQAAAAAAAWJRAAAAAAABclEAAAAAAAKCUQAAAAAAApJRAAAAAAAColEAAAAAAAFiVQAAAAAAA8JZAAAAAAADkl0AAAAAAAOSXQAAAAAAABJlAAAAAAABImUAAAAAAAEyZQAAAAAAAcJlAAAAAAAB0mUAAAAAAAHiZQA==</data>
					</mzArrayBinary>
					<intenArrayBinary>
						<data precision="64" endian="little" length="65">AAAAAAAZ0EAAAAAAAJGxQAAAAACAq81AAAAAAIDLwEAAAAAAAPiKQAAAAADAwdlAAAAAAADoqUAAAAAAAJicQAAAAAAARqJAAAAAAACyuUAAAAAAwDngQAAAAACAhNBAAAAAAID5x0AAAAAAAEiEQAAAAAAAbJ1AAAAAAACysEAAAAAAAAW3QAAAAAAA0rdAAAAAAEDL1UAAAAAAAAW+QAAAAAAAGJFAAAAAAACYiEAAAAAAAESRQAAAAACAecZAAAAAAAAgaEAAAAAAAKSVQAAAAACAS8ZAAAAAAADQlUAAAAAAAKqnQAAAAAAAebpAAAAAAACYl0AAAAAAAOanQAAAAAAAY7RAAAAAAAAolkAAAAAAQAz9QAAAAACAJtNAAAAAAAC8o0AAAAAAABybQAAAAAAA8IxAAAAAAAA4lkAAAAAAYP/vQAAAAACAGN9AAAAAAACQpkAAAAAAAJnFQAAAAAAAzs5AAAAAAAA+r0AAAAAAAMicQAAAAAAAGbNAAAAAAADfs0AAAAAAAHiNQAAAAAAArKtAAAAAAAAbtUAAAAAAgOrpQAAAAAAguOBAAAAAAADMlkAAAAAAAFazQAAAAAAAUK5AAAAAAAAPsEAAAAAAgAHEQAAAAAAAoIdAAAAAAACotEAAAAAAwBDWQAAAAACAH9hAAAAAAACzvkAAAAAAAK+wQA==</data>
					</intenArrayBinary>
				</spectrum>
				<spectrum id="5">
					<spectrumDesc>
						<spectrumSettings>
							<spectrumInstrument mzRangeStop="849.0" mzRangeStart="210.0" msLevel="2" />
						</spectrumSettings>
						<precursorList count="1">
							<precursor msLevel="1" spectrumRef="0">
								<ionSelection>
									<cvParam cvLabel="PSI" accession="PSI:1000041" name="ChargeState" value="1" />
									<cvParam cvLabel="PSI" accession="PSI:1000040" name="MassToChargeRatio" value="519" />
								</ionSelection>
								<activation />
							</precursor>
						</precursorList>
						<comments>Not identified</comments>
					</spectrumDesc>
					<mzArrayBinary>
						<data precision="64" endian="little" length="60">AAAAAABAakAAAAAAAOBrQAAAAAAAQGxAAAAAAADAbEAAAAAAAKBtQAAAAAAAwG1AAAAAAAAgb0AAAAAAAHBwQAAAAAAAgHBAAAAAAACwcEAAAAAAAMBwQAAAAAAAgHFAAAAAAACQcUAAAAAAAKBxQAAAAAAAAHJAAAAAAABgckAAAAAAAJByQAAAAAAAoHJAAAAAAACwckAAAAAAABBzQAAAAAAAUHNAAAAAAABgdEAAAAAAAEB2QAAAAAAAYHZAAAAAAADAdkAAAAAAACB3QAAAAAAAEHhAAAAAAAAweEAAAAAAAFB4QAAAAAAA8HhAAAAAAABgeUAAAAAAAOB5QAAAAAAA8HlAAAAAAAAwekAAAAAAAGB6QAAAAAAAAHtAAAAAAAAAfEAAAAAAAHB8QAAAAAAAoHxAAAAAAADwfEAAAAAAAAB9QAAAAAAA0H1AAAAAAADAfkAAAAAAAFB/QAAAAAAAYH9AAAAAAADwf0AAAAAAACiAQAAAAAAAOIBAAAAAAABAgEAAAAAAAMCAQAAAAAAA0IBAAAAAAABIgUAAAAAAAPiBQAAAAAAASINAAAAAAABIhEAAAAAAAMiEQAAAAAAACIdAAAAAAABAikAAAAAAAGCKQAAAAAAAiIpA</data>
					</mzArrayBinary>
					<intenArrayBinary>
						<data precision="64" endian="little" length="60">AAAAAMBI1kAAAAAAABajQAAAAAAA2qNAAAAAAADaoEAAAAAAABitQAAAAAAAoNdAAAAAAACEmEAAAAAAAOCLQAAAAAAACJ5AAAAAAADMlUAAAAAAAB6uQAAAAAAANJdAAAAAAGCC/kAAAAAAACy/QAAAAAAAXJxAAAAAAABwgUAAAAAAoNTqQAAAAAB4sCRBAAAAAAC8q0AAAAAAACCNQAAAAAAAIJJAAAAAAABAkEAAAAAAANCZQAAAAABgHvFAAAAAAADQo0AAAAAAAFaqQAAAAAAAuqhAAAAAAABoi0AAAAAAAJCCQAAAAAAAiJFAAAAAAAD+skAAAAAAQDPlQAAAAAAAAPA/AAAAAADOsUAAAAAAAPB1QAAAAAAA5bVAAAAAAAAeoEAAAAAAAOihQAAAAAAAzJlAAAAAAIDQwUAAAAAAABSaQAAAAAAAMrhAAAAAAADyqkAAAAAAAIW9QAAAAAAkCRZBAAAAAACQkEAAAAAAAKiYQAAAAAAAdLpAAAAAAIAt4EAAAAAAgBLKQAAAAAAAiIZAAAAAAADArkAAAAAAADyXQAAAAAAAVLtAAAAAAACgiUAAAAAAAPiOQAAAAAAAKK1AAAAAAADckkAAAAAAAGanQAAAAAAAuI9A</data>
					</intenArrayBinary>
				</spectrum>
				<spectrum id="6">
					<spectrumDesc>
						<spectrumSettings>
							<spectrumInstrument mzRangeStop="1358.0" mzRangeStart="445.0" msLevel="2" />
						</spectrumSettings>
						<precursorList count="1">
							<precursor msLevel="1" spectrumRef="0">
								<ionSelection>
									<cvParam cvLabel="PSI" accession="PSI:1000041" name="ChargeState" value="2" />
									<cvParam cvLabel="PSI" accession="PSI:1000040" name="MassToChargeRatio" value="1070" />
								</ionSelection>
								<activation />
							</precursor>
						</precursorList>
						<comments>Not identified</comments>
					</spectrumDesc>
					<mzArrayBinary>
						<data precision="64" endian="little" length="32">AAAAAADQe0AAAAAAANB/QAAAAAAAKIBAAAAAAACQgEAAAAAAAIiBQAAAAAAA+IJAAAAAAABYg0AAAAAAAKCEQAAAAAAAsIRAAAAAAAA4hUAAAAAAAKCHQAAAAAAAwIdAAAAAAAAoiEAAAAAAALiIQAAAAAAAOIlAAAAAAADQiUAAAAAAAACNQAAAAAAA2I1AAAAAAADwjUAAAAAAAHiOQAAAAAAAUI9AAAAAAACYj0AAAAAAANiPQAAAAAAAAJBAAAAAAAAEkEAAAAAAAGyQQAAAAAAAvJBAAAAAAACgkUAAAAAAAEySQAAAAAAAAJRAAAAAAAAglUAAAAAAADiVQA==</data>
					</mzArrayBinary>
					<intenArrayBinary>
						<data precision="64" endian="little" length="32">AAAAAAD4oEAAAAAAAMW3QAAAAAAA6KJAAAAAAAAYnEAAAAAAANiEQAAAAAAAEKBAAAAAAAAAnkAAAAAAAGygQAAAAAAAxqhAAAAAAACAgUAAAAAAABG0QAAAAAAAfJJAAAAAAABYjEAAAAAAgBTRQAAAAAAAKJ1AAAAAAADYikAAAAAAAN62QAAAAAAAkJZAAAAAAABBzkAAAAAAAJKkQAAAAAAAwJlAAAAAAADyqUAAAAAAAGqwQAAAAAAAXKJAAAAAAAD4rUAAAAAAAMG3QAAAAAAA+IZAAAAAAAA0m0AAAAAAAES0QAAAAAAARr5AAAAAAACso0AAAAAAAFC7QA==</data>
					</intenArrayBinary>
				</spectrum>
				<spectrum id="7">
					<spectrumDesc>
						<spectrumSettings>
							<spectrumInstrument mzRangeStop="1465.0" mzRangeStart="218.0" msLevel="2" />
						</spectrumSettings>
						<precursorList count="1">
							<precursor msLevel="1" spectrumRef="0">
								<ionSelection>
									<cvParam cvLabel="PSI" accession="PSI:1000041" name="ChargeState" value="3" />
									<cvParam cvLabel="PSI" accession="PSI:1000040" name="MassToChargeRatio" value="738" />
								</ionSelection>
								<activation />
							</precursor>
						</precursorList>
						<comments>Not identified</comments>
					</spectrumDesc>
					<mzArrayBinary>
						<data precision="64" endian="little" length="283">AAAAAABAa0AAAAAAAEBuQAAAAAAAkHBAAAAAAACgcUAAAAAAALBxQAAAAAAAwHFAAAAAAAAQckAAAAAAABByQAAAAAAA4HJAAAAAAABgc0AAAAAAAPBzQAAAAAAAEHRAAAAAAACAdEAAAAAAAHB1QAAAAAAA4HZAAAAAAAAAd0AAAAAAAEB3QAAAAAAA0HdAAAAAAAAgeEAAAAAAADB4QAAAAAAAUHhAAAAAAAAweUAAAAAAAEB5QAAAAAAAgHlAAAAAAADgeUAAAAAAAPB5QAAAAAAAkHpAAAAAAADgekAAAAAAAGB7QAAAAAAAgHtAAAAAAACQe0AAAAAAAKB7QAAAAAAAAHxAAAAAAADwfEAAAAAAAJB9QAAAAAAAoH1AAAAAAAAQfkAAAAAAACB+QAAAAAAAMH5AAAAAAACAfkAAAAAAAPB+QAAAAAAAAH9AAAAAAAAwf0AAAAAAAEB/QAAAAAAAYH9AAAAAAACAf0AAAAAAANB/QAAAAAAA8H9AAAAAAAAQgEAAAAAAACCAQAAAAAAAKIBAAAAAAAAwgEAAAAAAAFCAQAAAAAAAWIBAAAAAAACQgEAAAAAAAKCAQAAAAAAAyIBAAAAAAADQgEAAAAAAANiAQAAAAAAAAIFAAAAAAAAQgUAAAAAAABCBQAAAAAAAGIFAAAAAAAAwgUAAAAAAAEiBQAAAAAAAeIFAAAAAAACIgUAAAAAAAIiBQAAAAAAAuIFAAAAAAADggUAAAAAAAPiBQAAAAAAACIJAAAAAAAAogkAAAAAAAEiCQAAAAAAAWIJAAAAAAABogkAAAAAAAHiCQAAAAAAAiIJAAAAAAADQgkAAAAAAABiDQAAAAAAAGINAAAAAAABYg0AAAAAAAMCDQAAAAAAA6INAAAAAAADog0AAAAAAAPCDQAAAAAAAMIRAAAAAAAA4hEAAAAAAAECEQAAAAAAASIRAAAAAAACQhEAAAAAAAJiEQAAAAAAAqIRAAAAAAAC4hEAAAAAAAMCEQAAAAAAA2IRAAAAAAADwhEAAAAAAAPiEQAAAAAAAEIVAAAAAAAAYhUAAAAAAAFiFQAAAAAAAYIVAAAAAAAB4hUAAAAAAAIiFQAAAAAAAsIVAAAAAAADAhUAAAAAAAPCFQAAAAAAAMIZAAAAAAAA4hkAAAAAAAECGQAAAAAAAgIZAAAAAAACwhkAAAAAAALiGQAAAAAAAuIZAAAAAAADIhkAAAAAAAOCGQAAAAAAA6IZAAAAAAADohkAAAAAAABiHQAAAAAAAUIdAAAAAAABgh0AAAAAAAJiHQAAAAAAAoIdAAAAAAACoh0AAAAAAAPCHQAAAAAAA+IdAAAAAAAAgiEAAAAAAACiIQAAAAAAAMIhAAAAAAAA4iEAAAAAAAECIQAAAAAAAQIhAAAAAAABYiEAAAAAAAGCIQAAAAAAAaIhAAAAAAAB4iEAAAAAAAHiIQAAAAAAAuIhAAAAAAADAiEAAAAAAAMiIQAAAAAAA2IhAAAAAAAAoiUAAAAAAAFiJQAAAAAAAkIlAAAAAAACwiUAAAAAAANCJQAAAAAAA+IlAAAAAAAAAikAAAAAAABCKQAAAAAAAOIpAAAAAAAA4ikAAAAAAAEiKQAAAAAAAcIpAAAAAAACAikAAAAAAAIiKQAAAAAAAkIpAAAAAAAC4ikAAAAAAAMCKQAAAAAAA0IpAAAAAAADoikAAAAAAAPCKQAAAAAAA8IpAAAAAAAAAi0AAAAAAAAiLQAAAAAAAMItAAAAAAABQi0AAAAAAAHCLQAAAAAAAeItAAAAAAACAi0AAAAAAAJCLQAAAAAAAwItAAAAAAADQi0AAAAAAAOCLQAAAAAAA+ItAAAAAAAAAjEAAAAAAACCMQAAAAAAAMIxAAAAAAAA4jEAAAAAAADiMQAAAAAAAQIxAAAAAAABIjEAAAAAAAFCMQAAAAAAAkIxAAAAAAACYjEAAAAAAAKCMQAAAAAAAwIxAAAAAAADIjEAAAAAAAPiMQAAAAAAAAI1AAAAAAAAYjUAAAAAAACCNQAAAAAAAMI1AAAAAAABAjUAAAAAAAFiNQAAAAAAAiI1AAAAAAACQjUAAAAAAAKCNQAAAAAAAuI1AAAAAAADIjUAAAAAAABCOQAAAAAAAGI5AAAAAAAAYjkAAAAAAADCOQAAAAAAAQI5AAAAAAACojkAAAAAAANiOQAAAAAAA4I5AAAAAAADojkAAAAAAAPCOQAAAAAAA+I5AAAAAAAAAj0AAAAAAAAiPQAAAAAAACI9AAAAAAAAQj0AAAAAAADCPQAAAAAAAMI9AAAAAAABAj0AAAAAAAHiPQAAAAAAAwI9AAAAAAADIj0AAAAAAANCPQAAAAAAA8I9AAAAAAAAAkEAAAAAAAASQQAAAAAAAJJBAAAAAAAAokEAAAAAAACyQQAAAAAAASJBAAAAAAABgkEAAAAAAAGSQQAAAAAAAhJBAAAAAAACEkEAAAAAAAIyQQAAAAAAApJBAAAAAAAC4kEAAAAAAAMiQQAAAAAAAzJBAAAAAAADQkEAAAAAAANyQQAAAAAAADJFAAAAAAAAQkUAAAAAAABSRQAAAAAAAGJFAAAAAAAA8kUAAAAAAAICRQAAAAAAAhJFAAAAAAACIkUAAAAAAAMyRQAAAAAAA5JFAAAAAAAAokkAAAAAAAECSQAAAAAAARJJAAAAAAABkkkAAAAAAAGSSQAAAAAAAbJJAAAAAAACokkAAAAAAAMySQAAAAAAA0JJAAAAAAADUkkAAAAAAAOiSQAAAAAAA/JJAAAAAAAAQk0AAAAAAABSTQAAAAAAAFJNAAAAAAAAYk0AAAAAAADiTQAAAAAAAPJNAAAAAAABEk0AAAAAAAMyTQAAAAAAA2JNAAAAAAADkk0AAAAAAAOiTQAAAAAAALJRAAAAAAABQlEAAAAAAAIiUQAAAAAAAmJRAAAAAAADolEAAAAAAAJCVQAAAAAAAzJVAAAAAAAAwlkAAAAAAADSWQAAAAAAAbJZAAAAAAADklkA=</data>
					</mzArrayBinary>
					<intenArrayBinary>
						<data precision="64" endian="little" length="283">AAAAAED60UAAAAAAgKHIQAAAAAAAcrFAAAAAAMAA1UAAAAAAAOS5QAAAAAAAh9RAAAAAAIC/wUAAAAAAgN3IQAAAAACAt9pAAAAAAACdtUAAAAAAAIPMQAAAAAAADtZAAAAAAADpu0AAAAAAgNvHQAAAAAAAB8VAAAAAAAAfxkAAAAAAANG2QAAAAAAAatBAAAAAAAD910AAAAAAgHzEQAAAAAAAHsBAAAAAAJiBAUEAAAAAINDqQAAAAACAns5AAAAAAAA2yEAAAAAAAKK2QAAAAABAkOlAAAAAAADevUAAAAAAAJ6uQAAAAAAAdqFAAAAAAACU00AAAAAAAAAUQAAAAABA1dZAAAAAAIByxEAAAAAAgM3CQAAAAACAu9BAAAAAAABEv0AAAAAAQJniQAAAAACA/u5AAAAAAIDPzkAAAAAAAIuyQAAAAAAAeL1AAAAAAAAjykAAAAAAgCzHQAAAAAAAF7FAAAAAAGC240AAAAAAwA3RQAAAAAAAuLNAAAAAAICY1EAAAAAA8On0QAAAAADQRfFAAAAAAAAAEEAAAAAAAIbDQAAAAACAkshAAAAAAAAjzEAAAAAAAPKzQAAAAACAxN5AAAAAAACZuUAAAAAAgAPHQAAAAAAA8MdAAAAAAAAkrUAAAAAAUBPwQAAAAAAAAPA/AAAAAADdt0AAAAAAAGm7QAAAAAAAgqtAAAAAAODU9UAAAAAAAADwPwAAAACAAsFAAAAAAACE0EAAAAAAAOfOQAAAAACAAcVAAAAAAMCq3kAAAAAAgFnQQAAAAAAA+7ZAAAAAAOCI5kAAAAAAAKOzQAAAAAAAgMpAAAAAAIAN00AAAAAAAJzpQAAAAACANdtAAAAAAADqsUAAAAAAgAbHQAAAAAAA2q9AAAAAAADaukAAAAAAAFC1QAAAAABgKedAAAAAAKAC5UAAAAAAQKvTQAAAAACgSeBAAAAAAEAt40AAAAAAAAAAQAAAAAAAQbpAAAAAAKikAUEAAAAA4LbkQAAAAACATOhAAAAAAABcskAAAAAAQFTTQAAAAABAW9FAAAAAAACJxkAAAAAAAFHQQAAAAAAAC9NAAAAAAMAN2kAAAAAAgLrZQAAAAACAEMJAAAAAAAA2vUAAAAAAgGLgQAAAAAAQsfVAAAAAAJAHAEEAAAAAAAAQQAAAAAAAX7lAAAAAAJB6+0AAAAAAAADwPwAAAAAAjsZAAAAAAEDS20AAAAAA4A3mQAAAAAAA3tFAAAAAAADWzEAAAAAAALm7QAAAAAAAUK9AAAAAAIC80EAAAAAAAAi1QAAAAAAAucdAAAAAAMDN5kAAAAAAgNruQAAAAAAA1bpAAAAAAACWtUAAAAAAAGDUQAAAAACAuddAAAAAAMCK6EAAAAAAQCfSQAAAAAAArcZAAAAAAICF3kAAAAAAgILNQAAAAACAD9tAAAAAAABQ2UAAAAAAgD7QQAAAAABgzgBBAAAAABBg9EAAAAAAQAnfQAAAAAAAiKJAAAAAAMDz1EAAAAAAAAzHQAAAAACAJ8JAAAAAAADlv0AAAAAAAHivQAAAAACAFdxAAAAAAADq3UAAAAAAIFnjQAAAAACAh9RAAAAAALCT8EAAAAAAgBzcQAAAAACA/MRAAAAAADAoCUEAAAAAAOC2QAAAAACAXNJAAAAAAIDXx0AAAAAAAATCQAAAAACAD8ZAAAAAAGDL4EAAAAAAAN7UQAAAAAAAdJpAAAAAAIBuwUAAAAAAAPieQAAAAAAANKZAAAAAAODY4UAAAAAAIFsDQQAAAACIkQ5BAAAAAAC0nEAAAAAAgG7XQAAAAABAXddAAAAAAOC14UAAAAAAgNDBQAAAAACATMNAAAAAAGBj/EAAAAAAQNzQQAAAAACAe9lAAAAAAIDdxkAAAAAAAHi5QAAAAAAATApBAAAAAAA6CUEAAAAAAAAAQAAAAAAA+cZAAAAAAMA31EAAAAAAAOrVQAAAAADAbvpAAAAAAMB03UAAAAAAAG7QQAAAAAAA6L5AAAAAAAA1vEAAAAAAAPS8QAAAAAAArrhAAAAAAEAM30AAAAAAAJ7aQAAAAACA6dpAAAAAAEBQ00AAAAAAABvGQAAAAAAAh75AAAAAACC+4EAAAAAAQLYDQQAAAACA0MFAAAAAAIABy0AAAAAAACCtQAAAAAAAIq1AAAAAAMAw0EAAAAAAwDvZQAAAAABAEtRAAAAAAIAk1kAAAAAAwKXfQAAAAAAgmflAAAAAAMCO7kAAAAAAgOHNQAAAAACAfspAAAAAAAAAEEAAAAAAsDgGQQAAAAAAAChAAAAAAEBo6UAAAAAAAAK+QAAAAABgfOhAAAAAAIAS5EAAAAAA4OniQAAAAAAAQrJAAAAAAGAn6UAAAAAAoG7rQAAAAAAo1gxBAAAAAEAi/kAAAAAAIJrsQAAAAAAAYNNAAAAAAMAs50AAAAAAANC+QAAAAABgPOJAAAAAAAAAGEAAAAAAgD3GQAAAAAAAqrNAAAAAAADdsUAAAAAAgMrFQAAAAAAAAuxAAAAAAAAAAEAAAAAAAJidQAAAAABAvPBAAAAAABCw9kAAAAAAwADQQAAAAAAACMVAAAAAAICMyUAAAAAAYGTmQAAAAABA7ehAAAAAAABirkAAAAAAAM/CQAAAAAAA+MdAAAAAAED14EAAAAAAAHHAQAAAAAAA+dhAAAAAAACd1EAAAAAAgH3EQAAAAAAAn7NAAAAAAABYyEAAAAAAQDLjQAAAAAAgBOpAAAAAAAC7yUAAAAAAANLFQAAAAAAAkL5AAAAAAIBMzEAAAAAAQAnlQAAAAAAAAPA/AAAAAACkt0AAAAAAABm5QAAAAAAA68tAAAAAAMDB0EAAAAAAAFy8QAAAAAAA6bRAAAAAAIBY1kAAAAAAAG/SQAAAAAAAgtFAAAAAAADlwkAAAAAAAJewQAAAAADAgOJAAAAAAACwuUAAAAAAADy9QAAAAAAA7LZAAAAAAACSrUAAAAAAIAjiQAAAAAAATNBAAAAAAMD/0UA=</data>
					</intenArrayBinary>
				</spectrum>
				<spectrum id="8">
					<spectrumDesc>
						<spectrumSettings>
							<spectrumInstrument mzRangeStop="1021.0" mzRangeStart="175.0" msLevel="2" />
						</spectrumSettings>
						<precursorList count="1">
							<precursor msLevel="1" spectrumRef="0">
								<ionSelection>
									<cvParam cvLabel="PSI" accession="PSI:1000041" name="ChargeState" value="3" />
									<cvParam cvLabel="PSI" accession="PSI:1000040" name="MassToChargeRatio" value="592" />
								</ionSelection>
								<activation />
							</precursor>
						</precursorList>
						<comments>Not identified</comments>
					</spectrumDesc>
					<mzArrayBinary>
						<data precision="64" endian="little" length="144">AAAAAADgZUAAAAAAAEBmQAAAAAAAQGtAAAAAAACAa0AAAAAAAMBsQAAAAAAAwG1AAAAAAABAcEAAAAAAAIBwQAAAAAAAkHBAAAAAAACgcEAAAAAAAMBwQAAAAAAAoHFAAAAAAADAcUAAAAAAAEByQAAAAAAAoHJAAAAAAACwckAAAAAAAABzQAAAAAAAYHNAAAAAAAAQdEAAAAAAAHB0QAAAAAAAAHVAAAAAAAAgdUAAAAAAAGB1QAAAAAAA8HVAAAAAAAAgdkAAAAAAADB2QAAAAAAAQHZAAAAAAACgdkAAAAAAAAB3QAAAAAAAEHdAAAAAAAAgd0AAAAAAADB3QAAAAAAAQHdAAAAAAAAAeEAAAAAAAHB4QAAAAAAA0HhAAAAAAADgeEAAAAAAAAB5QAAAAAAAEHlAAAAAAAAgeUAAAAAAAKB5QAAAAAAA4HlAAAAAAADweUAAAAAAABB6QAAAAAAAQHpAAAAAAACgekAAAAAAALB6QAAAAAAA0HpAAAAAAAAge0AAAAAAAIB7QAAAAAAAsHtAAAAAAACwfEAAAAAAANB8QAAAAAAA4HxAAAAAAABgfUAAAAAAADB+QAAAAAAAEH9AAAAAAABgf0AAAAAAAHB/QAAAAAAAsH9AAAAAAADAf0AAAAAAABCAQAAAAAAAGIBAAAAAAABAgEAAAAAAAGiAQAAAAAAAiIBAAAAAAADIgEAAAAAAAPCAQAAAAAAAAIFAAAAAAAAYgUAAAAAAACCBQAAAAAAAKIFAAAAAAACggUAAAAAAALCBQAAAAAAAyIFAAAAAAADggUAAAAAAAOiBQAAAAAAA8IFAAAAAAAD4gUAAAAAAAACCQAAAAAAAAIJAAAAAAAAwgkAAAAAAAECCQAAAAAAASIJAAAAAAABQgkAAAAAAAGCCQAAAAAAAeIJAAAAAAACYgkAAAAAAAMiCQAAAAAAA0IJAAAAAAAD4gkAAAAAAABiDQAAAAAAAuINAAAAAAADgg0AAAAAAAECEQAAAAAAA2IRAAAAAAAAAhUAAAAAAAFCFQAAAAAAAsIVAAAAAAAAYhkAAAAAAADCGQAAAAAAAUIZAAAAAAABYhkAAAAAAANCGQAAAAAAAEIdAAAAAAABQh0AAAAAAAPiHQAAAAAAASIhAAAAAAABgiEAAAAAAAIiIQAAAAAAAkIhAAAAAAACYiEAAAAAAAMiIQAAAAAAA0IhAAAAAAADgiEAAAAAAABiJQAAAAAAAYIlAAAAAAADAiUAAAAAAAEiKQAAAAAAAYIpAAAAAAABwikAAAAAAAAiLQAAAAAAAIItAAAAAAAAgi0AAAAAAACiLQAAAAAAAQItAAAAAAACAi0AAAAAAAIiLQAAAAAAAsItAAAAAAAC4i0AAAAAAAMCLQAAAAAAA0ItAAAAAAADojEAAAAAAAECNQAAAAAAAYI1AAAAAAACYjkAAAAAAAKCOQAAAAAAAqI5AAAAAAAAoj0AAAAAAADiPQAAAAAAAWI9AAAAAAACwj0AAAAAAALiPQAAAAAAA6I9A</data>
					</mzArrayBinary>
					<intenArrayBinary>
						<data precision="64" endian="little" length="144">AAAAAACUqEAAAAAAAFSeQAAAAAAA7JBAAAAAAABcqUAAAAAAAGiDQAAAAAAAg7FAAAAAAAC8oEAAAAAAAMSfQAAAAAAAgJ9AAAAAAACElkAAAAAAAKCeQAAAAAAApq1AAAAAAIAn0UAAAAAAAD6tQAAAAAAABqZAAAAAAAASpEAAAAAAAGiZQAAAAAAA4IlAAAAAAADAjEAAAAAAAFapQAAAAAAAgIhAAAAAAACgfUAAAAAAAEyXQAAAAAAAVKRAAAAAAAADuEAAAAAA2AYMQQAAAAAAAItAAAAAAAB4lkAAAAAAAHiEQAAAAAAAqJZAAAAAAIDt0UAAAAAAANiEQAAAAAAAe79AAAAAAABggkAAAAAAAGyRQAAAAAAANrBAAAAAAADslkAAAAAAACK6QAAAAAAAwJBAAAAAAADMlUAAAAAAALB/QAAAAAAAvqpAAAAAAADYn0AAAAAAADCgQAAAAAAAFJhAAAAAAAAUo0AAAAAAAMyQQAAAAAAAjJFAAAAAAACcnEAAAAAAABagQAAAAAAAfqNAAAAAAAAQh0AAAAAAAPixQAAAAAAA4IRAAAAAAAC4hEAAAAAAAHiaQAAAAAAAMI1AAAAAAABgoUAAAAAAAEixQAAAAAAAGq1AAAAAAACUk0AAAAAAAGS2QAAAAAAAwLFAAAAAAABAgUAAAAAAAAaiQAAAAAAAMJBAAAAAAABgh0AAAAAAAKKmQAAAAAAAuq1AAAAAAACGzkAAAAAAAPCvQAAAAAAAxJ1AAAAAAAB4nUAAAAAAgO/BQAAAAAAAGLdAAAAAAAD4ukAAAAAAAAKmQAAAAAAALqlAAAAAAABo0EAAAAAAAMPEQAAAAACAn8VAAAAAAAD0mEAAAAAAgPPGQAAAAAAA7qBAAAAAAADko0AAAAAAACCIQAAAAAAAmJJAAAAAAADGqEAAAAAAALO+QAAAAAAAcJZAAAAAAAC0kEAAAAAAALCyQAAAAAAAT7RAAAAAAAAQkEAAAAAAADiGQAAAAAAAE7NAAAAAAABYjEAAAAAAAH6kQAAAAAAAAKFAAAAAAABSo0AAAAAAANirQAAAAAAA0KtAAAAAAAAcwEAAAAAAAAiqQAAAAAAABJdAAAAAAACUsEAAAAAAANCSQAAAAAAAsIdAAAAAAAB6rkAAAAAAAEC0QAAAAAAAMcJAAAAAAADkm0AAAAAAALCTQAAAAAAAQH1AAAAAAABgfUAAAAAAAFCHQAAAAAAArqhAAAAAAADssUAAAAAAAAqqQAAAAAAALLJAAAAAAAAUlkAAAAAAAPSWQAAAAAAAAKpAAAAAAAAUmkAAAAAAACSaQAAAAAAANJtAAAAAAADgo0AAAAAAAKCMQAAAAABAttZAAAAAAAD7vkAAAAAAACazQAAAAAAANq5AAAAAAADsq0AAAAAAAIyQQAAAAAAAQIRAAAAAAABomEAAAAAAAEybQAAAAAAA4qBAAAAAAAAwj0AAAAAAAByQQAAAAAAAnJNAAAAAAADAnEAAAAAAAKCcQAAAAAAAiqdA</data>
					</intenArrayBinary>
				</spectrum>
				<spectrum id="9">
					<spectrumDesc>
						<spectrumSettings>
							<spectrumInstrument mzRangeStop="1389.0" mzRangeStart="250.0" msLevel="2" />
						</spectrumSettings>
						<precursorList count="1">
							<precursor msLevel="1" spectrumRef="0">
								<ionSelection>
									<cvParam cvLabel="PSI" accession="PSI:1000041" name="ChargeState" value="2" />
									<cvParam cvLabel="PSI" accession="PSI:1000040" name="MassToChargeRatio" value="769" />
								</ionSelection>
								<activation />
							</precursor>
						</precursorList>
						<comments>Not identified</comments>
					</spectrumDesc>
					<mzArrayBinary>
						<data precision="64" endian="little" length="148">AAAAAABAb0AAAAAAAEBwQAAAAAAAIHFAAAAAAAAwcUAAAAAAAKBxQAAAAAAAEHJAAAAAAABQckAAAAAAAFByQAAAAAAAwHJAAAAAAADwckAAAAAAACBzQAAAAAAAMHRAAAAAAACAdEAAAAAAANB0QAAAAAAA4HRAAAAAAADgdUAAAAAAAIB2QAAAAAAAIHhAAAAAAAAweEAAAAAAAEB4QAAAAAAAcHlAAAAAAAAQekAAAAAAACB6QAAAAAAAEHtAAAAAAAAwe0AAAAAAAEB7QAAAAAAA0HtAAAAAAAAwfEAAAAAAAAB9QAAAAAAAAH1AAAAAAADQfUAAAAAAAPB9QAAAAAAAQH5AAAAAAABQfkAAAAAAAGB+QAAAAAAAwH5AAAAAAADQfkAAAAAAAAB/QAAAAAAAQH9AAAAAAABAf0AAAAAAAFB/QAAAAAAAcH9AAAAAAABIgEAAAAAAAHCAQAAAAAAA6IBAAAAAAABQgUAAAAAAAKiBQAAAAAAAWIJAAAAAAABYg0AAAAAAAGiDQAAAAAAAcINAAAAAAAB4g0AAAAAAAKiDQAAAAAAAsINAAAAAAAC4g0AAAAAAAMCDQAAAAAAA+INAAAAAAABIhEAAAAAAAFCEQAAAAAAAWIRAAAAAAACIhEAAAAAAANCEQAAAAAAA2IRAAAAAAAAYhUAAAAAAAFCFQAAAAAAAYIVAAAAAAACIhkAAAAAAAKiGQAAAAAAAsIZAAAAAAAC4hkAAAAAAADiHQAAAAAAAQIdAAAAAAABwh0AAAAAAAHCHQAAAAAAAeIdAAAAAAACAh0AAAAAAAMCHQAAAAAAA4IdAAAAAAABIiEAAAAAAAFCIQAAAAAAA2IhAAAAAAADgiEAAAAAAAOiIQAAAAAAAQIpAAAAAAACoikAAAAAAALCKQAAAAAAAuIpAAAAAAAA4i0AAAAAAAECLQAAAAAAAKIxAAAAAAABojEAAAAAAAJiMQAAAAAAAoIxAAAAAAACojEAAAAAAADCNQAAAAAAAKI5AAAAAAAAwjkAAAAAAADiOQAAAAAAAeI5AAAAAAABYj0AAAAAAAGCPQAAAAAAA0I9AAAAAAADYj0AAAAAAANiPQAAAAAAA4I9AAAAAAADoj0AAAAAAAPCPQAAAAAAAOJBAAAAAAAA8kEAAAAAAAECQQAAAAAAAQJBAAAAAAABckEAAAAAAAIiQQAAAAAAAjJBAAAAAAACUkEAAAAAAAKiQQAAAAAAAyJBAAAAAAADMkEAAAAAAANCQQAAAAAAA1JBAAAAAAAAMkUAAAAAAAFCRQAAAAAAAhJFAAAAAAAC0kUAAAAAAALyRQAAAAAAA/JFAAAAAAAAAkkAAAAAAAFCSQAAAAAAAYJJAAAAAAABskkAAAAAAAEiTQAAAAAAAWJNAAAAAAABck0AAAAAAAGCTQAAAAAAAgJNAAAAAAACEk0AAAAAAAMCTQAAAAAAAxJNAAAAAAACYlEAAAAAAAJyUQAAAAAAAwJRAAAAAAADQlEAAAAAAAAiVQAAAAAAADJVAAAAAAABMlUAAAAAAAEyVQAAAAAAAYJVAAAAAAAC0lUA=</data>
					</mzArrayBinary>
					<intenArrayBinary>
						<data precision="64" endian="little" length="148">AAAAAADx2UAAAAAAAJ3ZQAAAAADIXQhBAAAAALB39kAAAAAAQA3nQAAAAADAqf1AAAAAAHB8/kAAAAAAkC/zQAAAAACADOtAAAAAAGAi6kAAAAAAwCXcQAAAAAAYJAFBAAAAAAAE00AAAAAAgFDTQAAAAABAN+VAAAAAACAhBkEAAAAAYMzlQAAAAAAwT/hAAAAAAICL/kAAAAAAQCXtQAAAAABA/PhAAAAAAEBn5UAAAAAA4K3uQAAAAADgBuNAAAAAAJASAEEAAAAAIBzoQAAAAABQFfpAAAAAAECk4kAAAAAAuPcEQQAAAAAAAAhAAAAAAEDw6EAAAAAAQKrrQAAAAADg9vNAAAAAAICE50AAAAAAIH7uQAAAAABgcvhAAAAAAGCh8UAAAAAA8JzzQAAAAABYDAdBAAAAALAk/kAAAAAAQGPcQAAAAAAA6OVAAAAAAEDB5EAAAAAAYODkQAAAAABA9NNAAAAAAJgLCkEAAAAAoG35QAAAAAAg4P9AAAAAABZaIkEAAAAAWAsBQQAAAAAgLQ5BAAAAAAAAOEAAAAAAwF3nQAAAAACIHQZBAAAAAKBvBUEAAAAAAAAIQAAAAACASf5AAAAAAOiKB0EAAAAA4NHuQAAAAABghvRAAAAAAICz30AAAAAAPH8QQQAAAACQ9ftAAAAAABB490AAAAAAsKH3QAAAAABAb+RAAAAAAAA370AAAAAA8FEBQQAAAACAn81AAAAAACAf4UAAAAAAAhQhQQAAAABIwwlBAAAAAECV+0AAAAAAAAAQQAAAAACYqABBAAAAAIB400AAAAAAwPL7QAAAAABA0upAAAAAAADb/0AAAAAAoEXrQAAAAAAAk/NAAAAAAIDD6UAAAAAAIDz4QAAAAADA/dxAAAAAAOBsCEEAAAAAoKcCQQAAAABge/lAAAAAAPwOH0EAAAAANPkSQQAAAACgwfdAAAAAACBy8UAAAAAAMFT0QAAAAACgyuJAAAAAAEBu10AAAAAAQHkPQQAAAADgoudAAAAAAGDU6kAAAAAAYLbmQAAAAADgVORAAAAAAIDJ50AAAAAAUEsPQQAAAACYBA9BAAAAAIAf40AAAAAAAPz7QAAAAACAFQFBAAAAADD7CEEAAAAAsIH+QAAAAACA6/NAAAAAAOD6/UAAAAAA8IH+QAAAAAAAADFAAAAAAOAh5UAAAAAAYCHhQAAAAADAkPBAAAAAAGCw9UAAAAAA4FriQAAAAAAALfFAAAAAABbnNkEAAAAAgp0mQQAAAAAANRRBAAAAAEA52kAAAAAAAFrVQAAAAAAgcetAAAAAAEAU2kAAAAAA8I4HQQAAAABkqRFBAAAAAIDQ50AAAAAAoKfpQAAAAADAZeVAAAAAAGg2AEEAAAAAwCX1QAAAAADY+RJBAAAAAOjIBEEAAAAAAMTvQAAAAABAqPFAAAAAAACK40AAAAAAIFQcQQAAAACUDRJBAAAAAOC560AAAAAAMDz8QAAAAABACtlAAAAAAMAa6EAAAAAA/CsQQQAAAAAAAAhAAAAAAMAj50AAAAAAcID+QAAAAADAqetAAAAAAIDo50A=</data>
					</intenArrayBinary>
				</spectrum>
				<spectrum id="10">
					<spectrumDesc>
						<spectrumSettings>
							<spectrumInstrument mzRangeStop="1421.0" mzRangeStart="329.0" msLevel="2" />
						</spectrumSettings>
						<precursorList count="1">
							<precursor msLevel="1" spectrumRef="0">
								<ionSelection>
									<cvParam cvLabel="PSI" accession="PSI:1000041" name="ChargeState" value="3" />
									<cvParam cvLabel="PSI" accession="PSI:1000040" name="MassToChargeRatio" value="738" />
								</ionSelection>
								<activation />
							</precursor>
						</precursorList>
						<comments>Not identified</comments>
					</spectrumDesc>
					<mzArrayBinary>
						<data precision="64" endian="little" length="113">AAAAAACQdEAAAAAAACB4QAAAAAAA8HhAAAAAAAAweUAAAAAAADB5QAAAAAAAUHlAAAAAAADgeUAAAAAAAFB7QAAAAAAAgHtAAAAAAAAwfkAAAAAAABB/QAAAAAAAQH9AAAAAAACQf0AAAAAAACCAQAAAAAAAKIBAAAAAAACggEAAAAAAABCBQAAAAAAAOIFAAAAAAACIgUAAAAAAAJCBQAAAAAAA+IFAAAAAAADwgkAAAAAAABiDQAAAAAAAqINAAAAAAACohEAAAAAAALiEQAAAAAAAwIRAAAAAAADIhEAAAAAAAMiEQAAAAAAA0IRAAAAAAADYhEAAAAAAAIiFQAAAAAAAuIVAAAAAAADAhUAAAAAAAPCFQAAAAAAA+IVAAAAAAAAAhkAAAAAAADiGQAAAAAAAOIZAAAAAAABYhkAAAAAAAHCGQAAAAAAA4IZAAAAAAABAh0AAAAAAAMCHQAAAAAAA8IdAAAAAAABAiEAAAAAAAFiIQAAAAAAAWIhAAAAAAABoiEAAAAAAALiIQAAAAAAAwIhAAAAAAAAIiUAAAAAAAGiJQAAAAAAAcIlAAAAAAADIiUAAAAAAANCJQAAAAAAA+IlAAAAAAAAQikAAAAAAAECKQAAAAAAAcIpAAAAAAABIi0AAAAAAAHCLQAAAAAAAeItAAAAAAACAi0AAAAAAAJCLQAAAAAAAuItAAAAAAADAi0AAAAAAANCLQAAAAAAA+ItAAAAAAAAAjEAAAAAAAEiMQAAAAAAASIxAAAAAAABgjEAAAAAAAMCMQAAAAAAA0IxAAAAAAADAjUAAAAAAABCOQAAAAAAAcI5AAAAAAADgjkAAAAAAAOiOQAAAAAAA8I5AAAAAAAD4jkAAAAAAAACPQAAAAAAACI9AAAAAAAAoj0AAAAAAADCPQAAAAAAASI9AAAAAAABQj0AAAAAAAHiPQAAAAAAAgI9AAAAAAADgj0AAAAAAAACQQAAAAAAAJJBAAAAAAAAokEAAAAAAADCQQAAAAAAAoJBAAAAAAADIkEAAAAAAAMyQQAAAAAAAEJFAAAAAAAA0kUAAAAAAAGiRQAAAAAAAgJFAAAAAAAAgkkAAAAAAAHySQAAAAAAArJJAAAAAAADMkkAAAAAAANCSQAAAAAAA2JJAAAAAAAD4kkAAAAAAABCTQAAAAAAA1JRAAAAAAAAklUAAAAAAADSWQA==</data>
					</mzArrayBinary>
					<intenArrayBinary>
						<data precision="64" endian="little" length="113">AAAAAIAfwUAAAAAAgKHDQAAAAAAAcLNAAAAAAGAb7UAAAAAAAAAIQAAAAAAAn75AAAAAAACBzUAAAAAAAEzXQAAAAABAhd1AAAAAAMCe2EAAAAAA4C/gQAAAAACAuM5AAAAAAICGwUAAAAAAQCXfQAAAAAAAL7xAAAAAAAANv0AAAAAAAIK3QAAAAAAArtZAAAAAAACcyEAAAAAAAH7PQAAAAAAAvORAAAAAAABHwUAAAAAAwDziQAAAAACAQ8pAAAAAAIDl3UAAAAAAcAj4QAAAAACAJMRAAAAAAAA1t0AAAAAAgGjSQAAAAAAAnMZAAAAAAEBF60AAAAAAAGfVQAAAAAAA1NNAAAAAAIBWyUAAAAAAoMjkQAAAAAAAAPA/AAAAAADiykAAAAAAECD8QAAAAABAf+RAAAAAAMDf4kAAAAAAQDHXQAAAAABwR/FAAAAAAADjxkAAAAAAQGrvQAAAAAAQdPBAAAAAAACez0AAAAAAAE3eQAAAAAAAAChAAAAAAIC+2kAAAAAAsJT8QAAAAAAg3/hAAAAAAADfwEAAAAAA4B7jQAAAAAAwP/FAAAAAAEB65kAAAAAAAJqzQAAAAABASeRAAAAAAABdvUAAAAAAAFHrQAAAAAAAjtZAAAAAAIDjzkAAAAAAAJ/vQAAAAABgneBAAAAAAIDa0EAAAAAAgODSQAAAAABgRPFAAAAAAGAJ8UAAAAAAAGrEQAAAAAAA879AAAAAAMDl0UAAAAAAwDbZQAAAAAAAAPA/AAAAAIDa20AAAAAAwPLbQAAAAAAAStRAAAAAAAA4skAAAAAA0Kb6QAAAAACAZ95AAAAAAMC650AAAAAAAH/OQAAAAAAAgsRAAAAAAOD54EAAAAAAIOnnQAAAAADAg+dAAAAAAMAJ30AAAAAAAD/mQAAAAABA+NVAAAAAAIDc2UAAAAAAALjfQAAAAACAU8NAAAAAAIBVw0AAAAAAQEHiQAAAAADwV/lAAAAAAIAwwkAAAAAAIG7nQAAAAAAARcJAAAAAAIC03EAAAAAAwPXZQAAAAACAdtxAAAAAAAAMu0AAAAAAgP7TQAAAAADA+OpAAAAAAABQ1EAAAAAAQGbiQAAAAAAASNdAAAAAAMC470AAAAAAAAAuQAAAAACAms1AAAAAAIArzUAAAAAAAB7HQAAAAAAA5MNAAAAAAEAh30AAAAAAgO/VQA==</data>
					</intenArrayBinary>
				</spectrum>
				<spectrum id="11">
					<spectrumDesc>
						<spectrumSettings>
							<spectrumInstrument mzRangeStop="1263.0" mzRangeStart="239.0" msLevel="2" />
						</spectrumSettings>
						<precursorList count="1">
							<precursor msLevel="1" spectrumRef="0">
								<ionSelection>
									<cvParam cvLabel="PSI" accession="PSI:1000041" name="ChargeState" value="2" />
									<cvParam cvLabel="PSI" accession="PSI:1000040" name="MassToChargeRatio" value="637" />
								</ionSelection>
								<activation />
							</precursor>
						</precursorList>
						<comments>Identified</comments>
					</spectrumDesc>
					<mzArrayBinary>
						<data precision="64" endian="little" length="146">AAAAAADgbUAAAAAAACBwQAAAAAAAQHBAAAAAAABQcEAAAAAAAHByQAAAAAAAgHVAAAAAAADwdUAAAAAAAJB3QAAAAAAAMHhAAAAAAACQekAAAAAAALB6QAAAAAAAsHtAAAAAAAAwfEAAAAAAALB8QAAAAAAA0HxAAAAAAAAAfUAAAAAAAJB9QAAAAAAAkH1AAAAAAAAgfkAAAAAAADB+QAAAAAAAYH5AAAAAAACwfkAAAAAAAMB+QAAAAAAAAH9AAAAAAABQf0AAAAAAAGiAQAAAAAAAkIBAAAAAAACggEAAAAAAANiAQAAAAAAA4IBAAAAAAAAAgUAAAAAAAAiBQAAAAAAAKIFAAAAAAABIgUAAAAAAAFCBQAAAAAAAWIFAAAAAAADYgUAAAAAAAOCBQAAAAAAA6IFAAAAAAAAggkAAAAAAADiCQAAAAAAAUIJAAAAAAABogkAAAAAAAHCCQAAAAAAAcIJAAAAAAACAgkAAAAAAAJCCQAAAAAAAmIJAAAAAAACggkAAAAAAAKiCQAAAAAAAwIJAAAAAAADIgkAAAAAAANCCQAAAAAAA2IJAAAAAAADggkAAAAAAAOiCQAAAAAAA8IJAAAAAAAAAg0AAAAAAAICDQAAAAAAAiINAAAAAAACwg0AAAAAAAMCDQAAAAAAA4INAAAAAAAAQhEAAAAAAABiEQAAAAAAAMIRAAAAAAAAwhEAAAAAAADiEQAAAAAAAUIRAAAAAAABYhEAAAAAAAGCEQAAAAAAAaIRAAAAAAABohEAAAAAAAKCEQAAAAAAAqIRAAAAAAACwhEAAAAAAAGiFQAAAAAAAcIVAAAAAAACYhUAAAAAAAKCFQAAAAAAA4IVAAAAAAADohUAAAAAAAPCFQAAAAAAA+IVAAAAAAAAAhkAAAAAAAPiHQAAAAAAAAIhAAAAAAAAIiEAAAAAAABCIQAAAAAAAGIhAAAAAAAAwiEAAAAAAAOiIQAAAAAAA8IhAAAAAAAAYiUAAAAAAACCJQAAAAAAAKIlAAAAAAAAwiUAAAAAAAHiJQAAAAAAAgIlAAAAAAACAiUAAAAAAAIiJQAAAAAAAwIlAAAAAAADIiUAAAAAAAPiJQAAAAAAAAIpAAAAAAAAIikAAAAAAACiKQAAAAAAAYIpAAAAAAACIikAAAAAAAJiKQAAAAAAAuIpAAAAAAADAikAAAAAAACiLQAAAAAAAgItAAAAAAADIi0AAAAAAABCMQAAAAAAAKIxAAAAAAAAwjEAAAAAAAPiMQAAAAAAAAI1AAAAAAAAIjUAAAAAAAIiNQAAAAAAAkI1AAAAAAACYjUAAAAAAAKCNQAAAAAAA8I1AAAAAAAAYjkAAAAAAACCOQAAAAAAA+I5AAAAAAAAAj0AAAAAAAAiPQAAAAAAAkI9AAAAAAACoj0AAAAAAAEiQQAAAAAAAlJBAAAAAAADIkEAAAAAAANCQQAAAAAAA1JBAAAAAAADgkEAAAAAAAESRQAAAAAAA3JFAAAAAAABIkkAAAAAAAJCSQAAAAAAAlJJAAAAAAADgkkAAAAAAALyTQA==</data>
					</mzArrayBinary>
					<intenArrayBinary>
						<data precision="64" endian="little" length="146">AAAAACCW60AAAAAAwAbqQAAAAADgiw5BAAAAAAAA8D8AAAAAQEbhQAAAAABAPuBAAAAAAIAm/UAAAAAAgGTjQAAAAADA2+RAAAAAAGA++UAAAAAAEJvyQAAAAAA40wFBAAAAAECO2EAAAAAAcAjwQAAAAADgSOJAAAAAAPCT9kAAAAAAIEUXQQAAAAAQufBAAAAAAPz0FEEAAAAA8D71QAAAAABIJABBAAAAAICm2kAAAAAAoGvgQAAAAABgvv9AAAAAAMCG4EAAAAAAYJDxQAAAAACQMfBAAAAAAEBV5kAAAAAATNMYQQAAAAAwo/9AAAAAAPgBD0EAAAAAQNgGQQAAAAD4kAxBAAAAAJBr/0AAAAAAoNfhQAAAAAAwRfBAAAAAAAAH4EAAAAAAeJgCQQAAAACg0+VAAAAAAID43kAAAAAAwKb8QAAAAABA4whBAAAAAC9BRkEAAAAA2qgrQQAAAADYgwxBAAAAANC8DUEAAAAA8ys2QQAAAADsYBpBAAAAAAAAJEAAAAAAOGgJQQAAAAC0oThBAAAAAFDAA0EAAAAAoIbnQAAAAABMGhNBAAAAAAAAKEAAAAAAADsDQQAAAAAAqeJAAAAAACCd90AAAAAAANr3QAAAAAAAABRAAAAAABDIBUEAAAAA4LzoQAAAAAAAT89AAAAAAKjrDkEAAAAA6GsBQQAAAABg5fFAAAAAADAKFEEAAAAAcKUAQQAAAACkQBxBAAAAAHyhOUEAAAAA+J8SQQAAAABoDBJBAAAAAAAAEEAAAAAA0Ms1QQAAAAD4EQlBAAAAAIBH+EAAAAAAAPLeQAAAAACQzfJAAAAAAPCV+UAAAAAAAAAIQAAAAACg4/NAAAAAAAAAP0AAAAAAhHIeQQAAAADgsuBAAAAAAMBb4kAAAAAAcDbwQAAAAABgQeBAAAAAAORTEUEAAAAAAAAQQAAAAAAAdgBBAAAAAHwOEEEAAAAAwJXWQAAAAACwcgdBAAAAABKoM0EAAAAAtLQaQQAAAAAwq/JAAAAAALAH/EAAAAAAiCQJQQAAAACAouBAAAAAAIA22kAAAAAAAArXQAAAAABjFzVBAAAAAPyqEEEAAAAAUIMCQQAAAACIHRVBAAAAAMCr6kAAAAAAcPzwQAAAAABAieRAAAAAACjoC0EAAAAAuOoFQQAAAABAe9pAAAAAACBm6kAAAAAAAIvnQAAAAAAgTfdAAAAAAOBO7EAAAAAASCIAQQAAAACgguxAAAAAAJAU80AAAAAAAPz1QAAAAADw3fRAAAAAAAAO60AAAAAA2NECQQAAAABcWxFBAAAAAEhiBkEAAAAA4K/oQAAAAADQnAFBAAAAAMxQF0EAAAAAcBYNQQAAAACgPvdAAAAAAMAM7EAAAAAAEAv+QAAAAACYOwdBAAAAAKAT7UAAAAAAAIfdQAAAAABgMe1AAAAAAEDB50AAAAAAaBkCQQAAAABwkvRAAAAAAGCY5kAAAAAAgFbvQAAAAABgOuxAAAAAAGAw4EAAAAAAoPP7QAAAAAAgXPdAAAAAAKCd70AAAAAAoI/oQA==</data>
					</intenArrayBinary>
				</spectrum>
				<spectrum id="12">
					<spectrumDesc>
						<spectrumSettings>
							<spectrumInstrument mzRangeStop="1235.0" mzRangeStart="866.0" msLevel="2" />
						</spectrumSettings>
						<precursorList count="1">
							<precursor msLevel="1" spectrumRef="0">
								<ionSelection>
									<cvParam cvLabel="PSI" accession="PSI:1000041" name="ChargeState" value="2" />
									<cvParam cvLabel="PSI" accession="PSI:1000040" name="MassToChargeRatio" value="1200" />
								</ionSelection>
								<activation />
							</precursor>
						</precursorList>
						<comments>Not identified</comments>
					</spectrumDesc>
					<mzArrayBinary>
						<data precision="64" endian="little" length="4">AAAAAAAQi0AAAAAAAISQQAAAAAAAwJJAAAAAAABMk0A=</data>
					</mzArrayBinary>
					<intenArrayBinary>
						<data precision="64" endian="little" length="4">AAAAAAAsmUAAAAAAAK65QAAAAAAAyKZAAAAAAAC8pUA=</data>
					</intenArrayBinary>
				</spectrum>
				<spectrum id="13">
					<spectrumDesc>
						<spectrumSettings>
							<spectrumInstrument mzRangeStop="1278.0" mzRangeStart="201.0" msLevel="2" />
						</spectrumSettings>
						<precursorList count="1">
							<precursor msLevel="1" spectrumRef="0">
								<ionSelection>
									<cvParam cvLabel="PSI" accession="PSI:1000041" name="ChargeState" value="2" />
									<cvParam cvLabel="PSI" accession="PSI:1000040" name="MassToChargeRatio" value="708" />
								</ionSelection>
								<activation />
							</precursor>
						</precursorList>
						<comments>Identified</comments>
					</spectrumDesc>
					<mzArrayBinary>
						<data precision="64" endian="little" length="249">AAAAAAAgaUAAAAAAAGBqQAAAAAAAoGpAAAAAAADAakAAAAAAABBwQAAAAAAAMHBAAAAAAABgcEAAAAAAAHBwQAAAAAAAwHBAAAAAAABQcUAAAAAAAFBxQAAAAAAAgHFAAAAAAACgcUAAAAAAAGBzQAAAAAAAcHRAAAAAAACgdEAAAAAAAFB1QAAAAAAAwHVAAAAAAADQdUAAAAAAADB2QAAAAAAAUHZAAAAAAABgdkAAAAAAAIB2QAAAAAAAkHZAAAAAAACgdkAAAAAAALB2QAAAAAAAYHdAAAAAAACAd0AAAAAAANB3QAAAAAAAcHhAAAAAAADAeEAAAAAAAOB4QAAAAAAAIHlAAAAAAACAeUAAAAAAANB5QAAAAAAAgHpAAAAAAACwekAAAAAAANB6QAAAAAAAoHtAAAAAAADge0AAAAAAAPB7QAAAAAAAEHxAAAAAAACgfEAAAAAAANB8QAAAAAAAgH1AAAAAAACwfUAAAAAAAMB9QAAAAAAA8H1AAAAAAABwfkAAAAAAAJB+QAAAAAAAsH5AAAAAAADAf0AAAAAAANB/QAAAAAAA4H9AAAAAAADwf0AAAAAAAACAQAAAAAAAGIBAAAAAAABwgEAAAAAAAHiAQAAAAAAAiIBAAAAAAACggEAAAAAAANCAQAAAAAAA4IBAAAAAAADwgEAAAAAAAPiAQAAAAAAAEIFAAAAAAABQgUAAAAAAAGCBQAAAAAAAaIFAAAAAAACIgUAAAAAAALiBQAAAAAAA6IFAAAAAAADwgUAAAAAAAPiBQAAAAAAAAIJAAAAAAAAYgkAAAAAAACCCQAAAAAAAKIJAAAAAAAAwgkAAAAAAAHCCQAAAAAAAgIJAAAAAAACggkAAAAAAAKiCQAAAAAAAuIJAAAAAAADAgkAAAAAAANCCQAAAAAAA2IJAAAAAAADggkAAAAAAAACDQAAAAAAACINAAAAAAAAQg0AAAAAAACCDQAAAAAAAMINAAAAAAABAg0AAAAAAAGCDQAAAAAAAaINAAAAAAACQg0AAAAAAAJCDQAAAAAAAuINAAAAAAAC4g0AAAAAAANCDQAAAAAAA4INAAAAAAADog0AAAAAAAPCDQAAAAAAA+INAAAAAAAAYhEAAAAAAACiEQAAAAAAAOIRAAAAAAABQhEAAAAAAAGiEQAAAAAAAeIRAAAAAAACAhEAAAAAAAIiEQAAAAAAAoIRAAAAAAADAhEAAAAAAANiEQAAAAAAA4IRAAAAAAAAAhUAAAAAAAAiFQAAAAAAAEIVAAAAAAAAYhUAAAAAAACCFQAAAAAAAKIVAAAAAAAAwhUAAAAAAADiFQAAAAAAAUIVAAAAAAABohUAAAAAAAHCFQAAAAAAAmIVAAAAAAACwhUAAAAAAANiFQAAAAAAA4IVAAAAAAAD4hUAAAAAAACCGQAAAAAAAKIZAAAAAAABYhkAAAAAAAICGQAAAAAAAiIZAAAAAAACQhkAAAAAAAACHQAAAAAAAEIdAAAAAAAAYh0AAAAAAACCHQAAAAAAAUIdAAAAAAABQh0AAAAAAAKCHQAAAAAAA0IdAAAAAAADoh0AAAAAAAACIQAAAAAAAKIhAAAAAAAA4iEAAAAAAAKCIQAAAAAAAsIhAAAAAAAC4iEAAAAAAAMCIQAAAAAAAEIlAAAAAAAAYiUAAAAAAAEiJQAAAAAAAWIlAAAAAAACIiUAAAAAAAJiJQAAAAAAAoIlAAAAAAACoiUAAAAAAALCJQAAAAAAAyIlAAAAAAADQiUAAAAAAAAiKQAAAAAAAKIpAAAAAAAAwikAAAAAAADiKQAAAAAAAaIpAAAAAAAC4ikAAAAAAAPiKQAAAAAAAAItAAAAAAAAQi0AAAAAAAECLQAAAAAAASItAAAAAAABQi0AAAAAAAHiLQAAAAAAA0ItAAAAAAADYi0AAAAAAAOCLQAAAAAAA6ItAAAAAAAAwjEAAAAAAADiMQAAAAAAAQIxAAAAAAABQjEAAAAAAAGCMQAAAAAAAaIxAAAAAAABwjEAAAAAAAJCMQAAAAAAAsIxAAAAAAADQjEAAAAAAAEiNQAAAAAAAUI1AAAAAAABYjUAAAAAAAGCNQAAAAAAAaI1AAAAAAADQjUAAAAAAANiNQAAAAAAAKI5AAAAAAADQjkAAAAAAAACPQAAAAAAAYI9AAAAAAACQj0AAAAAAAJiPQAAAAAAAuI9AAAAAAADgj0AAAAAAAOiPQAAAAAAA8I9AAAAAAAA0kEAAAAAAADiQQAAAAAAAPJBAAAAAAABAkEAAAAAAAGiQQAAAAAAAbJBAAAAAAABwkEAAAAAAAHyQQAAAAAAAgJBAAAAAAACokEAAAAAAALCQQAAAAAAAtJBAAAAAAAC4kEAAAAAAAAiRQAAAAAAADJFAAAAAAAA4kUAAAAAAADyRQAAAAAAAVJFAAAAAAABYkUAAAAAAAHyRQAAAAAAAwJFAAAAAAADEkUAAAAAAAMiRQAAAAAAAzJFAAAAAAAD8kUAAAAAAAACSQAAAAAAACJJAAAAAAAAMkkAAAAAAABCSQAAAAAAAuJJAAAAAAAC8kkAAAAAAAOSSQAAAAAAA/JJAAAAAAAAAk0AAAAAAAASTQAAAAAAA1JNAAAAAAADYk0AAAAAAANyTQAAAAAAA+JNA</data>
					</mzArrayBinary>
					<intenArrayBinary>
						<data precision="64" endian="little" length="249">AAAAAADwoUAAAAAAAOSZQAAAAAAAiJ9AAAAAAACCoEAAAAAAAOO0QAAAAAAA2K1AAAAAAECv4UAAAAAAAFDBQAAAAAAA4IZAAAAAAMC+3UAAAAAAAADwPwAAAAAAJKdAAAAAAACSsEAAAAAAADCPQAAAAAAAiKFAAAAAAIAYxkAAAAAAAPijQAAAAAAA3rVAAAAAAACBv0AAAAAAAOCGQAAAAAAALJVAAAAAAADOsEAAAAAAwD3TQAAAAACQ6PVAAAAAAAAAxkAAAAAAALiYQAAAAAAA0JhAAAAAAABQiUAAAAAAAMicQAAAAAAA171AAAAAAAAwe0AAAAAAACySQAAAAAAAFqNAAAAAAABMlkAAAAAAAPXDQAAAAAAAOJpAAAAAAACMmUAAAAAAAMiGQAAAAAAAaI1AAAAAAAD8pkAAAAAAABCTQAAAAAAAyJ1AAAAAAIChwUAAAAAAABiOQAAAAAAA1JxAAAAAAAAckEAAAAAAAHraQAAAAAAAkIRAAAAAAABlx0AAAAAAABiCQAAAAACATcRAAAAAAJAQ/0AAAAAAALPKQAAAAAAAX8RAAAAAAADQh0AAAAAAAETDQAAAAAAAf8hAAAAAAADYj0AAAAAAACyZQAAAAAAAzb5AAAAAAABQikAAAAAAAGzIQAAAAAAAmq9AAAAAAICp0UAAAAAAACShQAAAAAAA+IxAAAAAAADuokAAAAAAAMSdQAAAAAAA8I1AAAAAAAACpEAAAAAAAIiYQAAAAAAAeq5AAAAAAEA11kAAAAAAAHidQAAAAACAQNJAAAAAACitBEEAAAAAIMrqQAAAAAAAYI1AAAAAAAAqpkAAAAAAABrYQAAAAACAw8ZAAAAAAABSq0AAAAAAAOCZQAAAAADgeeRAAAAAAACYkUAAAAAAABCyQAAAAAAAwrNAAAAAAAA0m0AAAAAAECUnQQAAAAAgxepAAAAAAABwj0AAAAAAABS9QAAAAAAAzLVAAAAAAAAYq0AAAAAAgDPAQAAAAAAAMIpAAAAAAADCrkAAAAAAACCLQAAAAADAZtJAAAAAAADAfkAAAAAAAG++QAAAAAAAAqBAAAAAAIDRwUAAAAAAAHm4QAAAAAAAoI9AAAAAAAAMq0AAAAAAACG4QAAAAAAAIKFAAAAAAABojkAAAAAAAOPGQAAAAAAA5qVAAAAAAACElkAAAAAAAAe4QAAAAAAASbNAAAAAAAAMqkAAAAAAgJTXQAAAAAAAiJhAAAAAAABKsEAAAAAAAH25QAAAAAAAlqdAAAAAAABweEAAAAAAwIHgQAAAAAAAFrFAAAAAAICJ60AAAAAAAKLHQAAAAAAAPqNAAAAAAABYjEAAAAAAAFiBQAAAAABA5dFAAAAAAABApkAAAAAAAP3AQAAAAAAAfJJAAAAAAAATxkAAAAAAgDTCQAAAAAAAIINAAAAAAADCrkAAAAAAAGrVQAAAAABAMu9AAAAAAGDq7EAAAAAAAACAQAAAAACAqtxAAAAAAAB06EAAAAAAAADwPwAAAAAA4HlAAAAAAACUkkAAAAAAAHO2QAAAAAAAxq1AAAAAAACSpEAAAAAAANqjQAAAAAAAKJRAAAAAAAD0mUAAAAAAAMW0QAAAAAAAr7pAAAAAAABslkAAAAAAAG3AQAAAAAAAv7ZAAAAAAADFskAAAAAAAJSbQAAAAAAA4JlAAAAAAAA8kkAAAAAAQFngQAAAAABAxtxAAAAAAIDSyUAAAAAAADCWQAAAAABwyvNAAAAAAIB7zUAAAAAAABiDQAAAAAAAO8dAAAAAAAC/vEAAAAAAACGxQAAAAAAAYb9AAAAAAICyw0AAAAAAAFSWQAAAAAAAkL5AAAAAAADgeEAAAAAAAPzGQAAAAAAApqZAAAAAAAAwm0AAAAAAAMyZQAAAAACA5+JAAAAAAJAY8EAAAAAAAPyaQAAAAAAA2J5AAAAAAGAZ4UAAAAAAwBHSQAAAAAAAR81AAAAAAAA0n0AAAAAAAFHaQAAAAAAA0s5AAAAAAABcrUAAAAAAADqgQAAAAAAAKqZAAAAAAIA0wEAAAAAAALy2QAAAAAAAZK5AAAAAAMAe7kAAAAAAQAfqQAAAAAAAAPA/AAAAAIAkwEAAAAAAAEyoQAAAAAAAUqRAAAAAAADAdkAAAAAAAAShQAAAAAAAOJJAAAAAAAANu0AAAAAAAA6iQAAAAAAAmKFAAAAAAABoqkAAAAAAALC3QAAAAAAAsq9AAAAAAMDx0EAAAAAAwH3XQAAAAAAACJVAAAAAAAAEoEAAAAAAAHLAQAAAAACAOsxAAAAAAADIkEAAAAAAoFTmQAAAAAAAYtVAAAAAAAAqpEAAAAAAMLr1QAAAAACwDPJAAAAAAAA3ykAAAAAAAJzAQAAAAAAAEKdAAAAAAAA8lkAAAAAAALijQAAAAAAAKqFAAAAAAABkl0AAAAAAAGiQQAAAAAAAbslAAAAAAKCd4kAAAAAAgNrGQAAAAADAN9tAAAAAAADZuUAAAAAAAHC/QAAAAACAou9AAAAAAMCh1kAAAAAAQFPkQAAAAAAA+JpAAAAAAIC0ykAAAAAAACWwQAAAAAAgn/9AAAAAALCK80AAAAAAwB7SQAAAAAAAs71AAAAAAMAo0kAAAAAAANnKQAAAAAAAVJpA</data>
					</intenArrayBinary>
				</spectrum>
				<spectrum id="14">
					<spectrumDesc>
						<spectrumSettings>
							<spectrumInstrument mzRangeStop="1779.0" mzRangeStart="295.0" msLevel="2" />
						</spectrumSettings>
						<precursorList count="1">
							<precursor msLevel="1" spectrumRef="0">
								<ionSelection>
									<cvParam cvLabel="PSI" accession="PSI:1000041" name="ChargeState" value="2" />
									<cvParam cvLabel="PSI" accession="PSI:1000040" name="MassToChargeRatio" value="955" />
								</ionSelection>
								<activation />
							</precursor>
						</precursorList>
						<comments>Identified</comments>
					</spectrumDesc>
					<mzArrayBinary>
						<data precision="64" endian="little" length="182">AAAAAABwckAAAAAAADBzQAAAAAAA8HNAAAAAAAAwdEAAAAAAANB0QAAAAAAAEHZAAAAAAABgdkAAAAAAAKB2QAAAAAAAkHdAAAAAAACgd0AAAAAAAMB3QAAAAAAAsHhAAAAAAAAAekAAAAAAAJB6QAAAAAAAcHtAAAAAAACwe0AAAAAAALB7QAAAAAAA4HtAAAAAAADgfEAAAAAAAAB9QAAAAAAAkH5AAAAAAACwfkAAAAAAADB/QAAAAAAAMIBAAAAAAACggEAAAAAAAMCAQAAAAAAAIIFAAAAAAABAgUAAAAAAAEiBQAAAAAAAYIFAAAAAAADQgUAAAAAAANiBQAAAAAAA4IFAAAAAAAAggkAAAAAAADiCQAAAAAAAQIJAAAAAAABIgkAAAAAAAGiCQAAAAAAAcIJAAAAAAADAgkAAAAAAAMiCQAAAAAAA2IJAAAAAAADggkAAAAAAADCDQAAAAAAAUINAAAAAAACgg0AAAAAAAKiDQAAAAAAAsINAAAAAAAAwhEAAAAAAADiEQAAAAAAA6IRAAAAAAAA4hUAAAAAAAECFQAAAAAAAUIVAAAAAAABYhUAAAAAAAGCFQAAAAAAAaIVAAAAAAACIhUAAAAAAANCFQAAAAAAA4IVAAAAAAADohUAAAAAAAPCFQAAAAAAA+IVAAAAAAABIhkAAAAAAAGiGQAAAAAAAcIZAAAAAAAB4hkAAAAAAAAiHQAAAAAAAIIdAAAAAAACgh0AAAAAAACCIQAAAAAAAKIhAAAAAAAAwiEAAAAAAAJCIQAAAAAAAkIhAAAAAAAC4iEAAAAAAAMiIQAAAAAAA0IhAAAAAAAAYiUAAAAAAADCJQAAAAAAAWIlAAAAAAABgiUAAAAAAAHiJQAAAAAAAgIlAAAAAAACwiUAAAAAAAMCJQAAAAAAAyIlAAAAAAADIiUAAAAAAAACKQAAAAAAACIpAAAAAAAAoikAAAAAAANiKQAAAAAAA+IpAAAAAAAAAi0AAAAAAAEiLQAAAAAAAWItAAAAAAACQi0AAAAAAANiLQAAAAAAAEIxAAAAAAAAgjEAAAAAAAEiMQAAAAAAAYIxAAAAAAABwjEAAAAAAAKiMQAAAAAAA+IxAAAAAAAAAjUAAAAAAAACNQAAAAAAAiI1AAAAAAACQjUAAAAAAAJCNQAAAAAAAqI1AAAAAAAAQjkAAAAAAABiOQAAAAAAAII5AAAAAAADgjkAAAAAAADiPQAAAAAAAsI9AAAAAAABEkEAAAAAAAEyQQAAAAAAAeJBAAAAAAACIkEAAAAAAAIyQQAAAAAAAvJBAAAAAAADMkEAAAAAAANCQQAAAAAAA1JBAAAAAAADYkEAAAAAAANyQQAAAAAAA/JBAAAAAAAAEkUAAAAAAACiRQAAAAAAARJFAAAAAAABIkUAAAAAAAPCRQAAAAAAABJJAAAAAAABIkkAAAAAAAFSSQAAAAAAAWJJAAAAAAACIkkAAAAAAAJSSQAAAAAAAmJJAAAAAAACckkAAAAAAAKCSQAAAAAAApJJAAAAAAACokkAAAAAAAMSSQAAAAAAA3JJAAAAAAADgkkAAAAAAAHiTQAAAAAAApJNAAAAAAAC4k0AAAAAAALyTQAAAAAAAxJNAAAAAAADEk0AAAAAAAOSTQAAAAAAA6JNAAAAAAADsk0AAAAAAAPCTQAAAAAAALJRAAAAAAABUlEAAAAAAAFiUQAAAAAAAXJRAAAAAAACclEAAAAAAAKCUQAAAAAAApJRAAAAAAAColEAAAAAAAMSUQAAAAAAAnJVAAAAAAADclUAAAAAAAOCVQAAAAAAA5JVAAAAAAAAklkAAAAAAAHyXQAAAAAAA7JdAAAAAAADwl0AAAAAAAPSXQAAAAAAA+JdAAAAAAAAomEAAAAAAABSZQAAAAAAAeJlAAAAAAACMm0AAAAAAAMybQA==</data>
					</mzArrayBinary>
					<intenArrayBinary>
						<data precision="64" endian="little" length="182">AAAAAKBw7kAAAAAAoEDwQAAAAADAQNhAAAAAAEBS7kAAAAAAMGz/QAAAAACghfZAAAAAAID71EAAAAAAYEzjQAAAAABgSwNBAAAAACD370AAAAAAgPTtQAAAAADw2fhAAAAAAMAE6UAAAAAAMFoFQQAAAADgHulAAAAAAOjrCUEAAAAAQMTaQAAAAAAAachAAAAAAIDc4kAAAAAAwM/uQAAAAAAAe+JAAAAAAMB22EAAAAAAcCbzQAAAAAAg0PpAAAAAAADs7UAAAAAAwGXWQAAAAADg4uBAAAAAABA/EEEAAAAAQErVQAAAAADAQ+ZAAAAAALgeBEEAAAAAAG/MQAAAAACQlfVAAAAAAICD50AAAAAAyLAAQQAAAADA4ulAAAAAAABK4EAAAAAAucQwQQAAAADwVglBAAAAAIAo4kAAAAAAAJfqQAAAAABAPNlAAAAAAKAw5UAAAAAA4IPyQAAAAACwOfFAAAAAAAAt9kAAAAAAwHftQAAAAADQ1/NAAAAAABD58UAAAAAAAAbRQAAAAADg0vhAAAAAAABn10AAAAAA0NfzQAAAAACAZ9tAAAAAAMBJ/0AAAAAAAKHtQAAAAAAAIctAAAAAAEDd40AAAAAAUJz4QAAAAAD4JAdBAAAAAACwEkEAAAAA8Cn5QAAAAACAwgBBAAAAAECC1kAAAAAAiHAFQQAAAAAAABhAAAAAAEC58EAAAAAA0Nn3QAAAAAAAXNJAAAAAANCHA0EAAAAAwJnqQAAAAABgYvJAAAAAAMBe40AAAAAA0MvwQAAAAAAAAABAAAAAAGhgCEEAAAAAAH37QAAAAAAAAC5AAAAAAGhJCkEAAAAAcGzwQAAAAABYVgNBAAAAAAAAHEAAAAAAHOwdQQAAAACgMQdBAAAAAIBSzkAAAAAAYKIOQQAAAABgGgRBAAAAAAAAIEAAAAAAOL0PQQAAAADopQJBAAAAACCP8UAAAAAA8BTwQAAAAAAw9QdBAAAAAAAAEEAAAAAAsMf1QAAAAABAXtNAAAAAAMA+3UAAAAAAwOLWQAAAAACgQ+1AAAAAAOBs5EAAAAAAwNDUQAAAAADg2+RAAAAAACCq5kAAAAAAgFbXQAAAAAAoPQVBAAAAACAI/kAAAAAAAAAcQAAAAAB0uxJBAAAAAHgOA0EAAAAAAAAcQAAAAABAj9pAAAAAAIAv0kAAAAAA0EgVQQAAAACoPQ9BAAAAAEB00EAAAAAAgE3dQAAAAABAx+lAAAAAAKCX4UAAAAAAkLH3QAAAAABAn9VAAAAAAOD56kAAAAAAIODzQAAAAADg5+xAAAAAAAC4/0AAAAAA3LMcQQAAAACojgxBAAAAAGAk80AAAAAAANLcQAAAAABgsuNAAAAAAGDz5EAAAAAAYMPvQAAAAAAgwuxAAAAAAIAH1kAAAAAAwIPWQAAAAADAoeJAAAAAAEAv0kAAAAAAAMnLQAAAAABgduJAAAAAAECe0UAAAAAA8MMAQQAAAAAABOhAAAAAANrAJUEAAAAA0E/5QAAAAABI8wtBAAAAAEBi60AAAAAAIHfgQAAAAADA4gBBAAAAAJDd8EAAAAAAwBjUQAAAAACAc8xAAAAAAKy7JUEAAAAAAE4XQQAAAACAbuRAAAAAAICi5UAAAAAA8MP2QAAAAADACdpAAAAAAIB7ykAAAAAAkEIFQQAAAABwTwNBAAAAAFT4EUEAAAAAwPb4QAAAAAAAAABAAAAAAH5fJkEAAAAA+LQdQQAAAADIMQBBAAAAACAX+EAAAAAAkOb1QAAAAADAyeJAAAAAAKB39EAAAAAAtCQZQQAAAAD4NQhBAAAAAIA30UAAAAAA4G3iQAAAAACYlQJBAAAAAMhEDkEAAAAA8EX/QAAAAAAgDftAAAAAAMA97EAAAAAAgNjzQAAAAACwTPBAAAAAAEhSA0EAAAAAYCLmQA==</data>
					</intenArrayBinary>
				</spectrum>
				<spectrum id="15">
					<spectrumDesc>
						<spectrumSettings>
							<spectrumInstrument mzRangeStop="1236.0" mzRangeStart="210.0" msLevel="2" />
						</spectrumSettings>
						<precursorList count="1">
							<precursor msLevel="1" spectrumRef="0">
								<ionSelection>
									<cvParam cvLabel="PSI" accession="PSI:1000041" name="ChargeState" value="1" />
									<cvParam cvLabel="PSI" accession="PSI:1000040" name="MassToChargeRatio" value="652" />
								</ionSelection>
								<activation />
							</precursor>
						</precursorList>
						<comments>Not identified</comments>
					</spectrumDesc>
					<mzArrayBinary>
						<data precision="64" endian="little" length="94">AAAAAABAakAAAAAAAIBrQAAAAAAA4GtAAAAAAACAbkAAAAAAAGBwQAAAAAAAkHBAAAAAAACwcEAAAAAAAKBxQAAAAAAAsHFAAAAAAAAwckAAAAAAACBzQAAAAAAAMHNAAAAAAABAc0AAAAAAAFB0QAAAAAAAYHRAAAAAAADAdUAAAAAAABB2QAAAAAAAIHZAAAAAAAAgd0AAAAAAAKB4QAAAAAAA0HhAAAAAAAAQeUAAAAAAAOB5QAAAAAAAkHtAAAAAAACge0AAAAAAAMB8QAAAAAAAUH5AAAAAAABwfkAAAAAAALB+QAAAAAAAMH9AAAAAAABgf0AAAAAAAHB/QAAAAAAAkH9AAAAAAACwf0AAAAAAAOB/QAAAAAAAAIBAAAAAAABggEAAAAAAAIiAQAAAAAAAmIBAAAAAAADIgEAAAAAAAPiAQAAAAAAAAIFAAAAAAAAYgUAAAAAAADCBQAAAAAAAQIFAAAAAAABYgUAAAAAAAHCBQAAAAAAAsIFAAAAAAAC4gUAAAAAAAOiBQAAAAAAA8IFAAAAAAAAQgkAAAAAAADCCQAAAAAAAaIJAAAAAAAB4gkAAAAAAAMiCQAAAAAAA6IJAAAAAAADwgkAAAAAAAAiDQAAAAAAAMINAAAAAAAA4g0AAAAAAAEiDQAAAAAAAmINAAAAAAADIg0AAAAAAANiDQAAAAAAA4INAAAAAAADog0AAAAAAAPiDQAAAAAAAEIRAAAAAAADghEAAAAAAAOiEQAAAAAAA8IRAAAAAAABIhUAAAAAAAICFQAAAAAAA6IVAAAAAAADwhUAAAAAAAECGQAAAAAAAqIZAAAAAAAAgh0AAAAAAADCHQAAAAAAAkIdAAAAAAACwh0AAAAAAABCIQAAAAAAACIlAAAAAAACIiUAAAAAAANCJQAAAAAAA+IpAAAAAAADAi0AAAAAAAFiQQAAAAAAAZJBAAAAAAACMkEAAAAAAAJiRQAAAAAAAcJJAAAAAAABQk0A=</data>
					</mzArrayBinary>
					<intenArrayBinary>
						<data precision="64" endian="little" length="94">AAAAAAC+o0AAAAAAAB2+QAAAAAAAnJZAAAAAAACwf0AAAAAAAPCUQAAAAAAA1MxAAAAAAADAhEAAAAAAADCXQAAAAAAAsJRAAAAAAACMkkAAAAAAAHCZQAAAAAAAtJ9AAAAAAICN1kAAAAAAABKjQAAAAAAAWqJAAAAAAAAUqkAAAAAAgNPJQAAAAAAAYHRAAAAAAAB2p0AAAAAAAGOwQAAAAABA0tRAAAAAAABYg0AAAAAAALyWQAAAAACAotdAAAAAAADUlUAAAAAAAJCRQAAAAAAANrpAAAAAAAA4lEAAAAAAAJCfQAAAAAAAYJFAAAAAAACaokAAAAAAgOzLQAAAAAAAqJBAAAAAAACdvEAAAAAAAIybQAAAAAAAlq1AAAAAAADcokAAAAAAAFHEQAAAAAAA0LVAAAAAAAAsrUAAAAAAACycQAAAAAAAvJdAAAAAAADWw0AAAAAAANycQAAAAAAA4qhAAAAAAADIg0AAAAAAALjAQAAAAAAAeKZAAAAAAABogUAAAAAAAISUQAAAAAAAlbdAAAAAAAAYskAAAAAAAOalQAAAAAAAvKtAAAAAAADr5EAAAAAAAJywQAAAAAAAEIZAAAAAAADksEAAAAAAAMCHQAAAAAAAEKlAAAAAAADTtkAAAAAAAHG9QAAAAAAAyKJAAAAAAADUt0AAAAAAfNgkQQAAAADAetBAAAAAAACWq0AAAAAAAJG+QAAAAAAAtKlAAAAAAABomUAAAAAAAOCLQAAAAAAAtJpAAAAAAMDR00AAAAAAAMSkQAAAAAAAlqxAAAAAAADwu0AAAAAAANLHQAAAAAAAfJdAAAAAAABskkAAAAAAAKShQAAAAAAAFKdAAAAAAABhwUAAAAAAABqtQAAAAAAAWJJAAAAAAAASoUAAAAAAAI60QAAAAAAAjKNAAAAAAAAwmkAAAAAAABqqQAAAAAAAaINAAAAAAACVuUAAAAAAAOB6QAAAAAAA1JdAAAAAAAAqp0A=</data>
					</intenArrayBinary>
				</spectrum>
				<spectrum id="16">
					<spectrumDesc>
						<spectrumSettings>
							<spectrumInstrument mzRangeStop="751.0" mzRangeStart="148.0" msLevel="2" />
						</spectrumSettings>
						<precursorList count="1">
							<precursor msLevel="1" spectrumRef="0">
								<ionSelection>
									<cvParam cvLabel="PSI" accession="PSI:1000041" name="ChargeState" value="1" />
									<cvParam cvLabel="PSI" accession="PSI:1000040" name="MassToChargeRatio" value="520" />
								</ionSelection>
								<activation />
							</precursor>
						</precursorList>
						<comments>Not identified</comments>
					</spectrumDesc>
					<mzArrayBinary>
						<data precision="64" endian="little" length="58">AAAAAACAYkAAAAAAAMBrQAAAAAAAIGxAAAAAAACAbUAAAAAAAKBtQAAAAAAAwG1AAAAAAADgbUAAAAAAAJBwQAAAAAAAsHBAAAAAAADAcEAAAAAAAJBxQAAAAAAAoHFAAAAAAACgcUAAAAAAALBxQAAAAAAAgHJAAAAAAACQckAAAAAAAKByQAAAAAAAsHJAAAAAAADAckAAAAAAAIB0QAAAAAAAoHRAAAAAAACAdUAAAAAAADB2QAAAAAAAYHZAAAAAAABwdkAAAAAAAMB2QAAAAAAA4HdAAAAAAAAQeEAAAAAAAGB4QAAAAAAA0HhAAAAAAADgeUAAAAAAAPB5QAAAAAAAcHpAAAAAAADgekAAAAAAABB7QAAAAAAAIHtAAAAAAABAe0AAAAAAAKB7QAAAAAAAAHxAAAAAAAAAfUAAAAAAABB+QAAAAAAAYH5AAAAAAADgfkAAAAAAAAB/QAAAAAAAUH9AAAAAAABgf0AAAAAAAGB/QAAAAAAAcH9AAAAAAACQf0AAAAAAADiAQAAAAAAAQIBAAAAAAABIgEAAAAAAALCAQAAAAAAAAIFAAAAAAAD4gkAAAAAAACiEQAAAAAAAOIZAAAAAAAB4h0A=</data>
					</mzArrayBinary>
					<intenArrayBinary>
						<data precision="64" endian="little" length="58">AAAAAAAWo0AAAAAAAKu0QAAAAAAA/bhAAAAAAAAuq0AAAAAAAM6uQAAAAACA89BAAAAAAACYo0AAAAAAAIW/QAAAAAAAGMhAAAAAAADTsUAAAAAAYATxQAAAAAAA4+pAAAAAAIBN20AAAAAAAEK9QAAAAAAA78JAAAAAADCu9kAAAAAAFBIeQQAAAABoSQtBAAAAAAA1skAAAAAAAKqnQAAAAAAA3J1AAAAAAABOokAAAAAAAEyXQAAAAABAsthAAAAAAAAtzEAAAAAAAMSXQAAAAAAAsq5AAAAAAAAgm0AAAAAAANiRQAAAAAAAXJFAAAAAAGAH5UAAAAAAQEXiQAAAAAAAyqRAAAAAAAD5s0AAAAAAACeyQAAAAAAAqbBAAAAAAAC6vUAAAAAAAGHEQAAAAAAAaI1AAAAAAADaokAAAAAAAJauQAAAAAAAGJxAAAAAAAAmrkAAAAAAALbGQAAAAACAaMNAAAAAAACZy0AAAAAAIP37QAAAAADYnwBBAAAAAAA7yUAAAAAAwDXRQAAAAAAAPbNAAAAAAACPwkAAAAAAAOG1QAAAAAAAhbVAAAAAAAADyEAAAAAAABzSQAAAAAAAfJNAAAAAAABAm0A=</data>
					</intenArrayBinary>
				</spectrum>
				<spectrum id="17">
					<spectrumDesc>
						<spectrumSettings>
							<spectrumInstrument mzRangeStop="1425.0" mzRangeStart="219.0" msLevel="2" />
						</spectrumSettings>
						<precursorList count="1">
							<precursor msLevel="1" spectrumRef="0">
								<ionSelection>
									<cvParam cvLabel="PSI" accession="PSI:1000041" name="ChargeState" value="2" />
									<cvParam cvLabel="PSI" accession="PSI:1000040" name="MassToChargeRatio" value="769" />
								</ionSelection>
								<activation />
							</precursor>
						</precursorList>
						<comments>Not identified</comments>
					</spectrumDesc>
					<mzArrayBinary>
						<data precision="64" endian="little" length="267">AAAAAABga0AAAAAAAOBtQAAAAAAAgG5AAAAAAADgbkAAAAAAAKBvQAAAAAAAEHBAAAAAAAAgcUAAAAAAADBxQAAAAAAAQHFAAAAAAADwcUAAAAAAAAByQAAAAAAAUHJAAAAAAABwckAAAAAAAMByQAAAAAAAwHJAAAAAAADgckAAAAAAAABzQAAAAAAAIHNAAAAAAABwc0AAAAAAACB0QAAAAAAAIHRAAAAAAABAdEAAAAAAAFB0QAAAAAAAYHRAAAAAAADgdEAAAAAAAPB0QAAAAAAAIHVAAAAAAACQdUAAAAAAAOB1QAAAAAAA4HVAAAAAAAAAdkAAAAAAACB2QAAAAAAAEHdAAAAAAABgd0AAAAAAADB4QAAAAAAAQHhAAAAAAABgeUAAAAAAAHB5QAAAAAAAEHpAAAAAAAAgekAAAAAAADB7QAAAAAAAQHtAAAAAAADAe0AAAAAAANB7QAAAAAAA4HtAAAAAAAAwfEAAAAAAAFB8QAAAAAAAkHxAAAAAAACwfEAAAAAAAPB8QAAAAAAAAH1AAAAAAAAQfUAAAAAAAGB9QAAAAAAAoH1AAAAAAACwfUAAAAAAAMB9QAAAAAAA4H1AAAAAAAAAfkAAAAAAAAB+QAAAAAAAIH5AAAAAAACwfkAAAAAAAMB+QAAAAAAA4H5AAAAAAAAAf0AAAAAAAEB/QAAAAAAAUH9AAAAAAABgf0AAAAAAAIB/QAAAAAAAkH9AAAAAAADQf0AAAAAAAOB/QAAAAAAAQIBAAAAAAABQgUAAAAAAAGiBQAAAAAAAqIFAAAAAAACwgUAAAAAAANCBQAAAAAAA2IFAAAAAAADwgUAAAAAAAPiBQAAAAAAAEIJAAAAAAAAggkAAAAAAADCCQAAAAAAASIJAAAAAAAB4gkAAAAAAAICCQAAAAAAAmIJAAAAAAACogkAAAAAAAOiCQAAAAAAAGINAAAAAAAAgg0AAAAAAADCDQAAAAAAAQINAAAAAAABYg0AAAAAAAGCDQAAAAAAAcINAAAAAAAB4g0AAAAAAAJCDQAAAAAAAqINAAAAAAACwg0AAAAAAALiDQAAAAAAA0INAAAAAAADwg0AAAAAAAPiDQAAAAAAAAIRAAAAAAABIhEAAAAAAAFCEQAAAAAAA0IRAAAAAAADYhEAAAAAAAOCEQAAAAAAA6IRAAAAAAADwhEAAAAAAAAiFQAAAAAAAGIVAAAAAAABAhUAAAAAAAEiFQAAAAAAAWIVAAAAAAABghUAAAAAAAHCFQAAAAAAAeIVAAAAAAACQhUAAAAAAANiFQAAAAAAA6IVAAAAAAAAAhkAAAAAAAAiGQAAAAAAAGIZAAAAAAABAhkAAAAAAAEiGQAAAAAAAeIZAAAAAAACAhkAAAAAAAIiGQAAAAAAAoIZAAAAAAACohkAAAAAAALCGQAAAAAAAuIZAAAAAAADghkAAAAAAABiHQAAAAAAAOIdAAAAAAABAh0AAAAAAAEiHQAAAAAAAWIdAAAAAAABoh0AAAAAAAHCHQAAAAAAAeIdAAAAAAACAh0AAAAAAAJCHQAAAAAAAoIdAAAAAAACoh0AAAAAAAMCHQAAAAAAAyIdAAAAAAADIh0AAAAAAANiHQAAAAAAA4IdAAAAAAADoh0AAAAAAAPCHQAAAAAAA+IdAAAAAAABIiEAAAAAAAFCIQAAAAAAAWIhAAAAAAADYiEAAAAAAAOCIQAAAAAAA6IhAAAAAAAA4iUAAAAAAAJiJQAAAAAAA6IlAAAAAAABYikAAAAAAAJiKQAAAAAAAqIpAAAAAAACwikAAAAAAALiKQAAAAAAAwIpAAAAAAAD4ikAAAAAAADiLQAAAAAAAQItAAAAAAABIi0AAAAAAAFiLQAAAAAAA4ItAAAAAAADoi0AAAAAAAPCLQAAAAAAAIIxAAAAAAAAojEAAAAAAAGCMQAAAAAAAaIxAAAAAAAB4jEAAAAAAAIiMQAAAAAAA0IxAAAAAAAAwjUAAAAAAAECNQAAAAAAAmI1AAAAAAACwjUAAAAAAABiOQAAAAAAAII5AAAAAAAAojkAAAAAAADiOQAAAAAAAuI5AAAAAAADIjkAAAAAAAAiPQAAAAAAASI9AAAAAAABYj0AAAAAAAGCPQAAAAAAAcI9AAAAAAADIj0AAAAAAANCPQAAAAAAA2I9AAAAAAADgj0AAAAAAAOiPQAAAAAAA8I9AAAAAAAAgkEAAAAAAADiQQAAAAAAAPJBAAAAAAABAkEAAAAAAAISQQAAAAAAAiJBAAAAAAACMkEAAAAAAAMyQQAAAAAAA0JBAAAAAAADUkEAAAAAAAOyQQAAAAAAADJFAAAAAAAAckUAAAAAAACyRQAAAAAAAbJFAAAAAAAB4kUAAAAAAAIyRQAAAAAAAlJFAAAAAAAC4kUAAAAAAALyRQAAAAAAAwJFAAAAAAAD8kUAAAAAAAACSQAAAAAAABJJAAAAAAAAMkkAAAAAAABiSQAAAAAAAXJJAAAAAAABgkkAAAAAAAMiSQAAAAAAABJNAAAAAAAAMk0AAAAAAABSTQAAAAAAAGJNAAAAAAAA4k0AAAAAAAECTQAAAAAAAWJNAAAAAAABck0AAAAAAAGCTQAAAAAAAZJNAAAAAAABwk0AAAAAAAHiTQAAAAAAAfJNAAAAAAACAk0AAAAAAAISTQAAAAAAAwJNAAAAAAADEk0AAAAAAAMiTQAAAAAAAJJRAAAAAAABclEAAAAAAAMCUQAAAAAAAxJRAAAAAAADMlEAAAAAAAASVQAAAAAAACJVAAAAAAAAMlUAAAAAAAEyVQAAAAAAAUJVAAAAAAABUlUAAAAAAAACWQAAAAAAARJZA</data>
					</mzArrayBinary>
					<intenArrayBinary>
						<data precision="64" endian="little" length="267">AAAAAAD2pEAAAAAAAPCkQAAAAAAA9bBAAAAAAADiqEAAAAAAAMa7QAAAAAAAm7BAAAAAACDr60AAAAAAAGCgQAAAAACAAsFAAAAAAABolkAAAAAAAKS0QAAAAACAL9xAAAAAAADjs0AAAAAAwADSQAAAAAAAqJZAAAAAAADmp0AAAAAAAOK6QAAAAAAAfqhAAAAAAAAbsUAAAAAAAISbQAAAAAAAUKJAAAAAAABAoEAAAAAAAECtQAAAAAAAeJFAAAAAAACqp0AAAAAAAGK2QAAAAAAATJNAAAAAAAC4nkAAAAAAALbKQAAAAAAAAPA/AAAAAACCo0AAAAAAAOu2QAAAAAAASI1AAAAAAAA6tEAAAAAAgALdQAAAAACAu9FAAAAAAABFvkAAAAAAAA24QAAAAAAA8qNAAAAAAADsvEAAAAAAABzZQAAAAAAAAPA/AAAAAABSskAAAAAAAASsQAAAAAAANKZAAAAAAAAXvEAAAAAAAMDIQAAAAAAAwKVAAAAAAAAirEAAAAAAgMnSQAAAAAAAx7dAAAAAAABArEAAAAAAADqxQAAAAADAytBAAAAAAACck0AAAAAAgEnFQAAAAAAAfc9AAAAAAAAvuEAAAAAAAKSRQAAAAAAAQJtAAAAAAAAiskAAAAAAAMq1QAAAAAAApcVAAAAAAAAIrEAAAAAAAMTwQAAAAAAAhtFAAAAAAACvxEAAAAAAAFisQAAAAACAqsVAAAAAAAAcp0AAAAAAABzFQAAAAAAAeb9AAAAAAABCrUAAAAAAANW5QAAAAACAlcJAAAAAAAB3uUAAAAAAAKiiQAAAAAAASLlAAAAAAAC1t0AAAAAAAOaiQAAAAAAAHb1AAAAAAAAAqkAAAAAAAP6+QAAAAAAAiqBAAAAAAAAptEAAAAAAABPLQAAAAAAAsLFAAAAAAADWwUAAAAAAAFSTQAAAAAAA9LVAAAAAAACYmEAAAAAAAE6gQAAAAAAA1LBAAAAAAABT4EAAAAAAYG33QAAAAADARdxAAAAAAADUokAAAAAAAF20QAAAAACAZ85AAAAAAADntUAAAAAAAOnRQAAAAAAAcrFAAAAAAAC2q0AAAAAAACW9QAAAAAAA7LRAAAAAAADyz0AAAAAAAO6tQAAAAAAA5KZAAAAAAACv3UAAAAAAANvGQAAAAAAAuKVAAAAAAABEl0AAAAAAANymQAAAAAAARLFAAAAAAAC4xUAAAAAAAES7QAAAAAAAirNAAAAAAICjw0AAAAAAAAiFQAAAAAAA6IlAAAAAAADzu0AAAAAAAHaiQAAAAAAA37NAAAAAAACOuUAAAAAAAEW0QAAAAAAAFLFAAAAAAACj0kAAAAAAgIXSQAAAAAAA8qJAAAAAAAAopkAAAAAAANy1QAAAAAAAsKFAAAAAAACQkkAAAAAAAIalQAAAAAAAcrNAAAAAAADXx0AAAAAAAMCYQAAAAACAofZAAAAAAIDq5UAAAAAAANPBQAAAAACAEdRAAAAAAAA8sEAAAAAAgL3AQAAAAAAAF7FAAAAAAIDAykAAAAAAAJSaQAAAAAAAFrtAAAAAAADqqEAAAAAAADvGQAAAAAAAs7hAAAAAAABzv0AAAAAAgGPGQAAAAAAA4JNAAAAAAABwuUAAAAAAAPysQAAAAACA7MVAAAAAAIDb1UAAAAAAgDLVQAAAAAAAbKlAAAAAAAAQ2UAAAAAAQBnSQAAAAAAA/qlAAAAAAACkkEAAAAAAALyYQAAAAAAAAKhAAAAAAADyrUAAAAAAADnAQAAAAAAASrdAAAAAAEDT2kAAAAAAgJHPQAAAAAAAa7BAAAAAAADEmEAAAAAAkOH6QAAAAACg+OZAAAAAAEBL3UAAAAAAANyZQAAAAAAAjrdAAAAAAAChv0AAAAAAAKyXQAAAAAAAxJ9AAAAAAACUokAAAAAAAPDJQAAAAACAIstAAAAAAABOuUAAAAAAAIuzQAAAAAAAnqdAAAAAAACWrEAAAAAAAJibQAAAAAAA3r1AAAAAAACQlkAAAAAAAETCQAAAAAAAsrJAAAAAAABtxEAAAAAAAJm3QAAAAAAALLJAAAAAAACYm0AAAAAAALmwQAAAAAAAbsdAAAAAAADNtUAAAAAAAIyqQAAAAAAAg7BAAAAAAMCE00AAAAAAcHrzQAAAAABANedAAAAAAIDD4UAAAAAAABHOQAAAAAAAAPA/AAAAAABaq0AAAAAAAHDJQAAAAAAAHL1AAAAAAAAokkAAAAAAAMa0QAAAAAAA1KFAAAAAAABcrUAAAAAAOPkFQQAAAABQGf1AAAAAAEBR6kAAAAAAAEzHQAAAAAAAuItAAAAAAADWp0AAAAAAAHKxQAAAAAAAUJpAAAAAAABMk0AAAAAAAJygQAAAAAAACrBAAAAAACBf4UAAAAAAgPLGQAAAAAAAFbpAAAAAAAAL0kAAAAAAAGfJQAAAAAAA1MRAAAAAAACkmkAAAAAAgHzFQAAAAAAA8rVAAAAAAABghUAAAAAAAEa4QAAAAAAA0rNAAAAAAAAEnUAAAAAAgBfBQAAAAAAAN75AAAAAAAB6oUAAAAAAAKC+QAAAAACATd1AAAAAAMA770AAAAAAQDLYQAAAAAAAABBAAAAAAAD3sEAAAAAAAHC4QAAAAADArNBAAAAAAIABxUAAAAAAAOKlQAAAAABgN+VAAAAAAADP4UAAAAAAAA6yQAAAAAAA37BAAAAAAABusEAAAAAAAPCMQAAAAAAANLVAAAAAAABwwEAAAAAAAIypQAAAAAAAlr5AAAAAAAA/s0AAAAAAAB/bQAAAAACggetAAAAAAAAcuEAAAAAAgF3BQAAAAAAACLNA</data>
					</intenArrayBinary>
				</spectrum>
				<spectrum id="18">
					<spectrumDesc>
						<spectrumSettings>
							<spectrumInstrument mzRangeStop="1271.0" mzRangeStart="201.0" msLevel="2" />
						</spectrumSettings>
						<precursorList count="1">
							<precursor msLevel="1" spectrumRef="0">
								<ionSelection>
									<cvParam cvLabel="PSI" accession="PSI:1000041" name="ChargeState" value="3" />
									<cvParam cvLabel="PSI" accession="PSI:1000040" name="MassToChargeRatio" value="709" />
								</ionSelection>
								<activation />
							</precursor>
						</precursorList>
						<comments>Identified</comments>
					</spectrumDesc>
					<mzArrayBinary>
						<data precision="64" endian="little" length="112">AAAAAAAgaUAAAAAAADBwQAAAAAAAQHBAAAAAAABgcEAAAAAAAFBxQAAAAAAAoHNAAAAAAADwdEAAAAAAAMB1QAAAAAAAkHZAAAAAAABQeEAAAAAAAGB4QAAAAAAAUHlAAAAAAACAeUAAAAAAAMB7QAAAAAAAoH1AAAAAAADQfUAAAAAAAMB/QAAAAAAA0H9AAAAAAACAgEAAAAAAABiBQAAAAAAA6IFAAAAAAADwgUAAAAAAABiCQAAAAAAAIIJAAAAAAAAogkAAAAAAAHiCQAAAAAAAgIJAAAAAAACAgkAAAAAAAMCCQAAAAAAAAINAAAAAAAAIg0AAAAAAABCDQAAAAAAASINAAAAAAABgg0AAAAAAAIiDQAAAAAAAmINAAAAAAAC4g0AAAAAAAOiDQAAAAAAAIIRAAAAAAAAohEAAAAAAAHCEQAAAAAAAiIRAAAAAAADYhEAAAAAAACCFQAAAAAAAMIVAAAAAAAA4hUAAAAAAAGiFQAAAAAAAkIVAAAAAAACghUAAAAAAALCFQAAAAAAA4IVAAAAAAAD4hUAAAAAAAIiGQAAAAAAAEIdAAAAAAABYh0AAAAAAACiIQAAAAAAAMIhAAAAAAAAYiUAAAAAAACCJQAAAAAAAOIlAAAAAAABIiUAAAAAAAFCJQAAAAAAAkIlAAAAAAACgiUAAAAAAAKCJQAAAAAAAqIlAAAAAAADAiUAAAAAAAMiJQAAAAAAAKIpAAAAAAAAwikAAAAAAALiKQAAAAAAASItAAAAAAABQi0AAAAAAANCLQAAAAAAA2ItAAAAAAADgi0AAAAAAAOiLQAAAAAAAOIxAAAAAAABgjEAAAAAAAGiMQAAAAAAA2IxAAAAAAABIjUAAAAAAAFCNQAAAAAAAWI1AAAAAAABgjUAAAAAAAGCNQAAAAAAAaI1AAAAAAADYjUAAAAAAAOCNQAAAAAAASI9AAAAAAADgj0AAAAAAADSQQAAAAAAANJBAAAAAAAA8kEAAAAAAAESQQAAAAAAAfJBAAAAAAACwkEAAAAAAALSQQAAAAAAAuJBAAAAAAADckEAAAAAAAAiRQAAAAAAAwJFAAAAAAADEkUAAAAAAAMiRQAAAAAAACJJAAAAAAAAMkkAAAAAAABCSQAAAAAAAdJJAAAAAAAD8kkAAAAAAAACTQAAAAAAABJNAAAAAAADck0A=</data>
					</mzArrayBinary>
					<intenArrayBinary>
						<data precision="64" endian="little" length="112">AAAAAABe30AAAAAAEDj6QAAAAAAAACBAAAAAAODB4kAAAAAAgKLaQAAAAADg2uFAAAAAAIAq1EAAAAAAEE73QAAAAAD0YxBBAAAAAACO20AAAAAAMLvxQAAAAADgReNAAAAAAIAFz0AAAAAAQFXQQAAAAADAzdRAAAAAAMDJ3kAAAAAAINURQQAAAABgGOdAAAAAAKD14kAAAAAAwM7cQAAAAABQZABBAAAAAKD28EAAAAAAhIsWQQAAAABAWuJAAAAAAIBexEAAAAAA8CvwQAAAAAAIdABBAAAAAAAA8D8AAAAAAOC6QAAAAACb8DZBAAAAAPC+HUEAAAAAoKbkQAAAAACAq+NAAAAAAEDu0UAAAAAAgHfQQAAAAAAAyNRAAAAAAICA0kAAAAAAADTlQAAAAACAzetAAAAAAEAF1EAAAAAAwILbQAAAAAAAZs9AAAAAAIA5zkAAAAAAwIPlQAAAAACwZwdBAAAAAGDf5EAAAAAAALTBQAAAAACAVfNAAAAAAKCP4UAAAAAAAPXdQAAAAABAP9RAAAAAAMDJ4UAAAAAAgDbSQAAAAACACd1AAAAAACAC6UAAAAAAYCPqQAAAAACgm+9AAAAAAMCm10AAAAAAgBHAQAAAAACgGOxAAAAAAOBi50AAAAAAwOHXQAAAAAAAyuVAAAAAAFQ8EUEAAAAAAAAiQAAAAADwmfJAAAAAAOD25EAAAAAAYMjuQAAAAACguuBAAAAAAJC08UAAAAAAQNXTQAAAAAAAQdhAAAAAAKBp40AAAAAAQLPlQAAAAABgq+5AAAAAAIAg0UAAAAAAQN7VQAAAAAAAisdAAAAAAOBv4EAAAAAAQNDfQAAAAACASsxAAAAAAHBk+0AAAAAAwJDWQAAAAAAA69pAAAAAAFB29kAAAAAAAAAcQAAAAAAA4blAAAAAAAC07UAAAAAAgM7xQAAAAABAQNVAAAAAAAAd0UAAAAAAYIPtQAAAAACAMc9AAAAAAIBL8EAAAAAAAOrmQAAAAADQ5/RAAAAAAEQuFkEAAAAAoO0AQQAAAACAdcdAAAAAACDu4EAAAAAAwJDWQAAAAABA/ORAAAAAACCD60AAAAAAAAAwQAAAAAAAwtpAAAAAAIBI70AAAAAAMLv8QAAAAABAzeRAAAAAAICSD0EAAAAAMP8QQQAAAACAgvNAAAAAAMDO00A=</data>
					</intenArrayBinary>
				</spectrum>
				<spectrum id="19">
					<spectrumDesc>
						<spectrumSettings>
							<spectrumInstrument mzRangeStop="1995.0" mzRangeStart="318.0" msLevel="2" />
						</spectrumSettings>
						<precursorList count="1">
							<precursor msLevel="1" spectrumRef="0">
								<ionSelection>
									<cvParam cvLabel="PSI" accession="PSI:1000041" name="ChargeState" value="2" />
									<cvParam cvLabel="PSI" accession="PSI:1000040" name="MassToChargeRatio" value="1106" />
								</ionSelection>
								<activation />
							</precursor>
						</precursorList>
						<comments>Not identified</comments>
					</spectrumDesc>
					<mzArrayBinary>
						<data precision="64" endian="little" length="297">AAAAAADgc0AAAAAAAFB0QAAAAAAAcHRAAAAAAAAgd0AAAAAAACB4QAAAAAAAEHlAAAAAAAAweUAAAAAAAEB5QAAAAAAAkHlAAAAAAAAAekAAAAAAAEB6QAAAAAAAcHpAAAAAAABQe0AAAAAAAGB7QAAAAAAAAHxAAAAAAABQfEAAAAAAAOB8QAAAAAAAMH1AAAAAAADgfUAAAAAAAJB+QAAAAAAAAH9AAAAAAAAQf0AAAAAAADB/QAAAAAAA8H9AAAAAAAAggEAAAAAAADiAQAAAAAAAkIBAAAAAAACogEAAAAAAALCAQAAAAAAAuIBAAAAAAAAQgUAAAAAAADiBQAAAAAAAQIFAAAAAAACQgUAAAAAAAOiBQAAAAAAAAIJAAAAAAAAYgkAAAAAAAHiCQAAAAAAAgIJAAAAAAAC4gkAAAAAAAPiCQAAAAAAAGINAAAAAAABYg0AAAAAAAKiDQAAAAAAAsINAAAAAAAC4g0AAAAAAAOCDQAAAAAAA6INAAAAAAADwg0AAAAAAADCEQAAAAAAAOIRAAAAAAABAhEAAAAAAAEiEQAAAAAAAWIRAAAAAAAC4hEAAAAAAAMCEQAAAAAAAyIRAAAAAAADQhEAAAAAAAOiEQAAAAAAAAIVAAAAAAAAghUAAAAAAAFCFQAAAAAAAaIVAAAAAAABwhUAAAAAAALCFQAAAAAAAuIVAAAAAAADohUAAAAAAAAiGQAAAAAAAIIZAAAAAAABAhkAAAAAAAGCGQAAAAAAAaIZAAAAAAACQhkAAAAAAABCHQAAAAAAAMIdAAAAAAABAh0AAAAAAAFiHQAAAAAAAoIdAAAAAAACwh0AAAAAAAMiHQAAAAAAA0IdAAAAAAADYh0AAAAAAAOCHQAAAAAAA6IdAAAAAAADwh0AAAAAAADCIQAAAAAAAOIhAAAAAAABYiEAAAAAAAGCIQAAAAAAAaIhAAAAAAAB4iEAAAAAAAJCIQAAAAAAAmIhAAAAAAAC4iEAAAAAAAMCIQAAAAAAAyIhAAAAAAADwiEAAAAAAACiJQAAAAAAAgIlAAAAAAAD4iUAAAAAAAAiKQAAAAAAAQIpAAAAAAABQikAAAAAAAFiKQAAAAAAAaIpAAAAAAACAikAAAAAAAKiKQAAAAAAA4IpAAAAAAADoikAAAAAAAPCKQAAAAAAA+IpAAAAAAAAIi0AAAAAAAFiLQAAAAAAAcItAAAAAAAB4i0AAAAAAAICLQAAAAAAAiItAAAAAAADoi0AAAAAAAPCLQAAAAAAAEIxAAAAAAABQjEAAAAAAAICMQAAAAAAAiIxAAAAAAACQjEAAAAAAAJiMQAAAAAAAwIxAAAAAAADIjEAAAAAAAACNQAAAAAAAEI1AAAAAAAAojUAAAAAAAFiNQAAAAAAAWI1AAAAAAACAjUAAAAAAAJCNQAAAAAAAmI1AAAAAAACgjUAAAAAAAKCNQAAAAAAAqI1AAAAAAACwjUAAAAAAAMiNQAAAAAAA4I1AAAAAAADojUAAAAAAAPCNQAAAAAAAEI5AAAAAAAAYjkAAAAAAAHCOQAAAAAAAeI5AAAAAAACgjkAAAAAAALiOQAAAAAAAwI5AAAAAAADQjkAAAAAAAOiOQAAAAAAA8I5AAAAAAAD4jkAAAAAAAACPQAAAAAAACI9AAAAAAAAwj0AAAAAAADiPQAAAAAAAWI9AAAAAAAB4j0AAAAAAAICPQAAAAAAAmI9AAAAAAAC4j0AAAAAAANCPQAAAAAAA2I9AAAAAAADoj0AAAAAAAACQQAAAAAAABJBAAAAAAAAMkEAAAAAAABCQQAAAAAAAIJBAAAAAAAAokEAAAAAAACyQQAAAAAAAUJBAAAAAAABokEAAAAAAAIiQQAAAAAAAiJBAAAAAAACQkEAAAAAAAJiQQAAAAAAAxJBAAAAAAADIkEAAAAAAAMyQQAAAAAAA0JBAAAAAAADYkEAAAAAAAPyQQAAAAAAAAJFAAAAAAAAEkUAAAAAAAAiRQAAAAAAADJFAAAAAAAAQkUAAAAAAABSRQAAAAAAAHJFAAAAAAAAkkUAAAAAAACyRQAAAAAAAbJFAAAAAAAB8kUAAAAAAAICRQAAAAAAAhJFAAAAAAACIkUAAAAAAAJiRQAAAAAAABJJAAAAAAABMkkAAAAAAAGSSQAAAAAAAaJJAAAAAAAB0kkAAAAAAAIiSQAAAAAAAkJJAAAAAAACUkkAAAAAAAMiSQAAAAAAAzJJAAAAAAADQkkAAAAAAAPCSQAAAAAAA/JJAAAAAAAAQk0AAAAAAABSTQAAAAAAAGJNAAAAAAAAok0AAAAAAAGSTQAAAAAAAoJNAAAAAAADok0AAAAAAAPCTQAAAAAAAHJRAAAAAAAAslEAAAAAAADCUQAAAAAAAPJRAAAAAAABElEAAAAAAAGSUQAAAAAAAfJRAAAAAAACIlEAAAAAAAIyUQAAAAAAAkJRAAAAAAACUlEAAAAAAAJyUQAAAAAAAyJRAAAAAAADMlEAAAAAAANSUQAAAAAAA2JRAAAAAAADclEAAAAAAAPyUQAAAAAAA/JRAAAAAAAAQlUAAAAAAAKSVQAAAAAAA0JVAAAAAAADclUAAAAAAAOiVQAAAAAAA8JVAAAAAAAAclkAAAAAAACSWQAAAAAAAMJZAAAAAAAA0lkAAAAAAADiWQAAAAAAAYJZAAAAAAABklkAAAAAAAGiWQAAAAAAAcJZAAAAAAACklkAAAAAAAISXQAAAAAAArJdAAAAAAADQl0AAAAAAAOiXQAAAAAAA7JdAAAAAAADwl0AAAAAAACyYQAAAAAAAMJhAAAAAAAA0mEAAAAAAALiYQAAAAAAAkJlAAAAAAACsmUAAAAAAAPCZQAAAAAAA9JlAAAAAAAAQmkAAAAAAADyaQAAAAAAAaJpAAAAAAAB4mkAAAAAAAHyaQAAAAAAAgJpAAAAAAACEmkAAAAAAAHSbQAAAAAAAlJtAAAAAAAC4m0AAAAAAALybQAAAAAAAxJtAAAAAAADUm0AAAAAAAACcQAAAAAAABJxAAAAAAABAnEAAAAAAAEScQAAAAAAASJxAAAAAAABUnUAAAAAAAMydQAAAAAAA3J1AAAAAAAAInkAAAAAAAAyeQAAAAAAAEJ5AAAAAAADknkAAAAAAACifQAAAAAAALJ9A</data>
					</mzArrayBinary>
					<intenArrayBinary>
						<data precision="64" endian="little" length="297">AAAAAADwoEAAAAAAALaoQAAAAAAA6JVAAAAAAACMnUAAAAAAAIieQAAAAAAAkbBAAAAAAACPtEAAAAAAAMO4QAAAAAAARJpAAAAAAAB4okAAAAAAAHCQQAAAAAAASqBAAAAAAADpxkAAAAAAAN2wQAAAAAAAIIRAAAAAAACgikAAAAAAAGyXQAAAAAAAMJBAAAAAAADkoEAAAAAAAHaxQAAAAAAAoLFAAAAAAADIvUAAAAAAAOqsQAAAAAAA2IZAAAAAAAAbu0AAAAAAAPG5QAAAAAAA2qZAAAAAAADSuEAAAAAAAEq4QAAAAAAACqBAAAAAAADApEAAAAAAgHPHQAAAAAAACLBAAAAAAADypEAAAAAAAHqgQAAAAAAAAKhAAAAAAACgkEAAAAAAAJCHQAAAAAAApJpAAAAAAAAUnEAAAAAAAHu7QAAAAAAA6JBAAAAAAAA6rkAAAAAAAPiUQAAAAAAAuIVAAAAAAAC8n0AAAAAAAM/NQAAAAACA/8RAAAAAAADcpUAAAAAAAIqkQAAAAAAAWLdAAAAAAACasUAAAAAAAMigQAAAAAAA9qdAAAAAAAAWrUAAAAAAALTaQAAAAAAA/JFAAAAAAAAAu0AAAAAAAKKhQAAAAAAAcIJAAAAAAADKqEAAAAAAAHKjQAAAAAAAeJ1AAAAAAABGokAAAAAAAMCaQAAAAAAALrBAAAAAAADws0AAAAAAAGKyQAAAAAAAmqNAAAAAAADepUAAAAAAAISTQAAAAAAA0H5AAAAAAAAqoEAAAAAAAECZQAAAAAAAYIVAAAAAAADBuEAAAAAAAPShQAAAAAAAbqlAAAAAAABepEAAAAAAAPShQAAAAADAjdZAAAAAAICrw0AAAAAAAG6vQAAAAAAAMHpAAAAAAABCqkAAAAAAAIS0QAAAAAAApKJAAAAAAMA+3UAAAAAAAEXBQAAAAAAA3KBAAAAAAABZ0UAAAAAAAA2xQAAAAAAALJ5AAAAAAADErkAAAAAAAHSQQAAAAAAAiJlAAAAAAADCr0AAAAAAAOSTQAAAAAAAVrdAAAAAAAAoxUAAAAAAAK6uQAAAAAAAM7RAAAAAAAAcrkAAAAAAAFSXQAAAAAAAfL1AAAAAAAAZskAAAAAAAJiMQAAAAAAAyMBAAAAAAIBjz0AAAAAAAHCVQAAAAAAAkKBAAAAAAACAmUAAAAAAANe8QAAAAABgs+hAAAAAAACdy0AAAAAAAFS4QAAAAAAAhrhAAAAAAIDWwUAAAAAAAFySQAAAAAAA+qBAAAAAAACEnEAAAAAAAJqjQAAAAAAAoJVAAAAAAADAhEAAAAAAAFa3QAAAAAAAv7BAAAAAAACQlkAAAAAAAIiUQAAAAAAAWbJAAAAAAACYiEAAAAAAAArDQAAAAAAAAPA/AAAAAAAOp0AAAAAAACyVQAAAAAAAtJpAAAAAAEAj1EAAAAAAAMCzQAAAAAAAAPA/AAAAAABkoUAAAAAAAJKvQAAAAAAASsRAAAAAAACIx0AAAAAAAGCPQAAAAAAAeIFAAAAAAIDGyEAAAAAAAJ64QAAAAAAAFKhAAAAAAADqt0AAAAAAAPyvQAAAAAAACb1AAAAAAACsmkAAAAAAAAqvQAAAAAAAgJlAAAAAAMBx00AAAAAAgPnPQAAAAAAAGI1AAAAAAMCL0EAAAAAAABSWQAAAAAAAwLxAAAAAAACIpUAAAAAAAMCeQAAAAAAAAJRAAAAAAICKwUAAAAAAANigQAAAAAAAkJ9AAAAAAAAImkAAAAAAAArMQAAAAAAA4GBAAAAAAADAmEAAAAAAAFSbQAAAAAAAeqhAAAAAAEAN3UAAAAAAAByiQAAAAAAA27dAAAAAAAB+qUAAAAAAAAS0QAAAAAAAiKdAAAAAAACzsEAAAAAAAEKmQAAAAAAALJhAAAAAAACsu0AAAAAAADapQAAAAAAAvqlAAAAAAADyrkAAAAAAABqjQAAAAAAABL5AAAAAAABLsEAAAAAAAAidQAAAAADAr+ZAAAAAAADh1kAAAAAAAOSbQAAAAAAALbFAAAAAAAAgzEAAAAAAALCFQAAAAAAAtbBAAAAAAABCo0AAAAAAgGDlQAAAAACAPd1AAAAAAABEq0AAAAAAAMqoQAAAAAAAuJhAAAAAAABooUAAAAAAAInCQAAAAAAApJ1AAAAAAAD4hUAAAAAAAGiGQAAAAAAA9qtAAAAAAADYtEAAAAAAgDXNQAAAAABAetBAAAAAAAAMkUAAAAAAAFSrQAAAAAAAhqFAAAAAAODF50AAAAAAAEXMQAAAAACAUtVAAAAAAAD0nUAAAAAAACu0QAAAAAAAnJ5AAAAAAACarEAAAAAAAOycQAAAAAAA6INAAAAAAIBlw0AAAAAAABamQAAAAAAAOcpAAAAAAACArEAAAAAAAI6hQAAAAAAAfbRAAAAAAADogEAAAAAAgJLEQAAAAAAAWqFAAAAAAABesUAAAAAAAHSSQAAAAAAAzqtAAAAAAIDTxUAAAAAA0KHxQAAAAABg9OhAAAAAAADdykAAAAAAABq0QAAAAAAAAABAAAAAAAA6q0AAAAAAALilQAAAAAAAXrBAAAAAAADYhkAAAAAAAJ6iQAAAAACA2MRAAAAAAICjxUAAAAAAALSWQAAAAAAAjJRAAAAAAACav0AAAAAAgNbDQAAAAAAAm+tAAAAAAMD64EAAAAAAAKSbQAAAAAAAxKBAAAAAAAC4lEAAAAAAAPqqQAAAAAAA67hAAAAAAAAYh0AAAAAAAPy3QAAAAAAAmrlAAAAAAABwmkAAAAAAwMXnQAAAAABgIutAAAAAAID3x0AAAAAAALqkQAAAAAAAtKlAAAAAAAC0sUAAAAAAwJ3YQAAAAAAAtsBAAAAAAIAsy0AAAAAAAFC3QAAAAAAAgHlAAAAAAABarEAAAAAAAMaqQAAAAAAAxrhAAAAAAAA1zEAAAAAAAPyRQAAAAAAA2JpAAAAAAADPykAAAAAAAB7aQAAAAACADMBAAAAAAADgy0AAAAAAADChQAAAAAAAcshAAAAAAICE0kAAAAAAAI2wQAAAAAAAWNNAAAAAAABYq0AAAAAAALiqQAAAAAAAiqlAAAAAAAAEp0AAAAAAAJW6QAAAAAAAiJhAAAAAAAAUlEAAAAAAAOybQAAAAAAAVqRA</data>
					</intenArrayBinary>
				</spectrum>
				<spectrum id="20">
					<spectrumDesc>
						<spectrumSettings>
							<spectrumInstrument mzRangeStop="1421.0" mzRangeStart="329.0" msLevel="2" />
						</spectrumSettings>
						<precursorList count="1">
							<precursor msLevel="1" spectrumRef="0">
								<ionSelection>
									<cvParam cvLabel="PSI" accession="PSI:1000041" name="ChargeState" value="2" />
									<cvParam cvLabel="PSI" accession="PSI:1000040" name="MassToChargeRatio" value="738" />
								</ionSelection>
								<activation />
							</precursor>
						</precursorList>
						<comments>Not identified</comments>
					</spectrumDesc>
					<mzArrayBinary>
						<data precision="64" endian="little" length="113">AAAAAACQdEAAAAAAACB4QAAAAAAA8HhAAAAAAAAweUAAAAAAADB5QAAAAAAAUHlAAAAAAADgeUAAAAAAAFB7QAAAAAAAgHtAAAAAAAAwfkAAAAAAABB/QAAAAAAAQH9AAAAAAACQf0AAAAAAACCAQAAAAAAAKIBAAAAAAACggEAAAAAAABCBQAAAAAAAOIFAAAAAAACIgUAAAAAAAJCBQAAAAAAA+IFAAAAAAADwgkAAAAAAABiDQAAAAAAAqINAAAAAAACohEAAAAAAALiEQAAAAAAAwIRAAAAAAADIhEAAAAAAAMiEQAAAAAAA0IRAAAAAAADYhEAAAAAAAIiFQAAAAAAAuIVAAAAAAADAhUAAAAAAAPCFQAAAAAAA+IVAAAAAAAAAhkAAAAAAADiGQAAAAAAAOIZAAAAAAABYhkAAAAAAAHCGQAAAAAAA4IZAAAAAAABAh0AAAAAAAMCHQAAAAAAA8IdAAAAAAABAiEAAAAAAAFiIQAAAAAAAWIhAAAAAAABoiEAAAAAAALiIQAAAAAAAwIhAAAAAAAAIiUAAAAAAAGiJQAAAAAAAcIlAAAAAAADIiUAAAAAAANCJQAAAAAAA+IlAAAAAAAAQikAAAAAAAECKQAAAAAAAcIpAAAAAAABIi0AAAAAAAHCLQAAAAAAAeItAAAAAAACAi0AAAAAAAJCLQAAAAAAAuItAAAAAAADAi0AAAAAAANCLQAAAAAAA+ItAAAAAAAAAjEAAAAAAAEiMQAAAAAAASIxAAAAAAABgjEAAAAAAAMCMQAAAAAAA0IxAAAAAAADAjUAAAAAAABCOQAAAAAAAcI5AAAAAAADgjkAAAAAAAOiOQAAAAAAA8I5AAAAAAAD4jkAAAAAAAACPQAAAAAAACI9AAAAAAAAoj0AAAAAAADCPQAAAAAAASI9AAAAAAABQj0AAAAAAAHiPQAAAAAAAgI9AAAAAAADgj0AAAAAAAACQQAAAAAAAJJBAAAAAAAAokEAAAAAAADCQQAAAAAAAoJBAAAAAAADIkEAAAAAAAMyQQAAAAAAAEJFAAAAAAAA0kUAAAAAAAGiRQAAAAAAAgJFAAAAAAAAgkkAAAAAAAHySQAAAAAAArJJAAAAAAADMkkAAAAAAANCSQAAAAAAA2JJAAAAAAAD4kkAAAAAAABCTQAAAAAAA1JRAAAAAAAAklUAAAAAAADSWQA==</data>
					</mzArrayBinary>
					<intenArrayBinary>
						<data precision="64" endian="little" length="113">AAAAAIAfwUAAAAAAgKHDQAAAAAAAcLNAAAAAAGAb7UAAAAAAAAAIQAAAAAAAn75AAAAAAACBzUAAAAAAAEzXQAAAAABAhd1AAAAAAMCe2EAAAAAA4C/gQAAAAACAuM5AAAAAAICGwUAAAAAAQCXfQAAAAAAAL7xAAAAAAAANv0AAAAAAAIK3QAAAAAAArtZAAAAAAACcyEAAAAAAAH7PQAAAAAAAvORAAAAAAABHwUAAAAAAwDziQAAAAACAQ8pAAAAAAIDl3UAAAAAAcAj4QAAAAACAJMRAAAAAAAA1t0AAAAAAgGjSQAAAAAAAnMZAAAAAAEBF60AAAAAAAGfVQAAAAAAA1NNAAAAAAIBWyUAAAAAAoMjkQAAAAAAAAPA/AAAAAADiykAAAAAAECD8QAAAAABAf+RAAAAAAMDf4kAAAAAAQDHXQAAAAABwR/FAAAAAAADjxkAAAAAAQGrvQAAAAAAQdPBAAAAAAACez0AAAAAAAE3eQAAAAAAAAChAAAAAAIC+2kAAAAAAsJT8QAAAAAAg3/hAAAAAAADfwEAAAAAA4B7jQAAAAAAwP/FAAAAAAEB65kAAAAAAAJqzQAAAAABASeRAAAAAAABdvUAAAAAAAFHrQAAAAAAAjtZAAAAAAIDjzkAAAAAAAJ/vQAAAAABgneBAAAAAAIDa0EAAAAAAgODSQAAAAABgRPFAAAAAAGAJ8UAAAAAAAGrEQAAAAAAA879AAAAAAMDl0UAAAAAAwDbZQAAAAAAAAPA/AAAAAIDa20AAAAAAwPLbQAAAAAAAStRAAAAAAAA4skAAAAAA0Kb6QAAAAACAZ95AAAAAAMC650AAAAAAAH/OQAAAAAAAgsRAAAAAAOD54EAAAAAAIOnnQAAAAADAg+dAAAAAAMAJ30AAAAAAAD/mQAAAAABA+NVAAAAAAIDc2UAAAAAAALjfQAAAAACAU8NAAAAAAIBVw0AAAAAAQEHiQAAAAADwV/lAAAAAAIAwwkAAAAAAIG7nQAAAAAAARcJAAAAAAIC03EAAAAAAwPXZQAAAAACAdtxAAAAAAAAMu0AAAAAAgP7TQAAAAADA+OpAAAAAAABQ1EAAAAAAQGbiQAAAAAAASNdAAAAAAMC470AAAAAAAAAuQAAAAACAms1AAAAAAIArzUAAAAAAAB7HQAAAAAAA5MNAAAAAAEAh30AAAAAAgO/VQA==</data>
					</intenArrayBinary>
				</spectrum>
				<spectrum id="21">
					<spectrumDesc>
						<spectrumSettings>
							<spectrumInstrument mzRangeStop="1262.0" mzRangeStart="950.0" msLevel="2" />
						</spectrumSettings>
						<precursorList count="1">
							<precursor msLevel="1" spectrumRef="0">
								<ionSelection>
									<cvParam cvLabel="PSI" accession="PSI:1000041" name="ChargeState" value="2" />
									<cvParam cvLabel="PSI" accession="PSI:1000040" name="MassToChargeRatio" value="1157" />
								</ionSelection>
								<activation />
							</precursor>
						</precursorList>
						<comments>Not identified</comments>
					</spectrumDesc>
					<mzArrayBinary>
						<data precision="64" endian="little" length="9">AAAAAACwjUAAAAAAACiOQAAAAAAASJBAAAAAAABUkEAAAAAAAISQQAAAAAAA8JBAAAAAAAC4kUAAAAAAAICSQAAAAAAAuJNA</data>
					</mzArrayBinary>
					<intenArrayBinary>
						<data precision="64" endian="little" length="9">AAAAAAAQm0AAAAAAAGiWQAAAAAAAbr5AAAAAAACsskAAAAAAAISUQAAAAAAAVKFAAAAAAAD0lUAAAAAAAGSdQAAAAAAAyJtA</data>
					</intenArrayBinary>
				</spectrum>
				<spectrum id="22">
					<spectrumDesc>
						<spectrumSettings>
							<spectrumInstrument mzRangeStop="1278.0" mzRangeStart="201.0" msLevel="2" />
						</spectrumSettings>
						<precursorList count="1">
							<precursor msLevel="1" spectrumRef="0">
								<ionSelection>
									<cvParam cvLabel="PSI" accession="PSI:1000041" name="ChargeState" value="3" />
									<cvParam cvLabel="PSI" accession="PSI:1000040" name="MassToChargeRatio" value="708" />
								</ionSelection>
								<activation />
							</precursor>
						</precursorList>
						<comments>Identified</comments>
					</spectrumDesc>
					<mzArrayBinary>
						<data precision="64" endian="little" length="249">AAAAAAAgaUAAAAAAAGBqQAAAAAAAoGpAAAAAAADAakAAAAAAABBwQAAAAAAAMHBAAAAAAABgcEAAAAAAAHBwQAAAAAAAwHBAAAAAAABQcUAAAAAAAFBxQAAAAAAAgHFAAAAAAACgcUAAAAAAAGBzQAAAAAAAcHRAAAAAAACgdEAAAAAAAFB1QAAAAAAAwHVAAAAAAADQdUAAAAAAADB2QAAAAAAAUHZAAAAAAABgdkAAAAAAAIB2QAAAAAAAkHZAAAAAAACgdkAAAAAAALB2QAAAAAAAYHdAAAAAAACAd0AAAAAAANB3QAAAAAAAcHhAAAAAAADAeEAAAAAAAOB4QAAAAAAAIHlAAAAAAACAeUAAAAAAANB5QAAAAAAAgHpAAAAAAACwekAAAAAAANB6QAAAAAAAoHtAAAAAAADge0AAAAAAAPB7QAAAAAAAEHxAAAAAAACgfEAAAAAAANB8QAAAAAAAgH1AAAAAAACwfUAAAAAAAMB9QAAAAAAA8H1AAAAAAABwfkAAAAAAAJB+QAAAAAAAsH5AAAAAAADAf0AAAAAAANB/QAAAAAAA4H9AAAAAAADwf0AAAAAAAACAQAAAAAAAGIBAAAAAAABwgEAAAAAAAHiAQAAAAAAAiIBAAAAAAACggEAAAAAAANCAQAAAAAAA4IBAAAAAAADwgEAAAAAAAPiAQAAAAAAAEIFAAAAAAABQgUAAAAAAAGCBQAAAAAAAaIFAAAAAAACIgUAAAAAAALiBQAAAAAAA6IFAAAAAAADwgUAAAAAAAPiBQAAAAAAAAIJAAAAAAAAYgkAAAAAAACCCQAAAAAAAKIJAAAAAAAAwgkAAAAAAAHCCQAAAAAAAgIJAAAAAAACggkAAAAAAAKiCQAAAAAAAuIJAAAAAAADAgkAAAAAAANCCQAAAAAAA2IJAAAAAAADggkAAAAAAAACDQAAAAAAACINAAAAAAAAQg0AAAAAAACCDQAAAAAAAMINAAAAAAABAg0AAAAAAAGCDQAAAAAAAaINAAAAAAACQg0AAAAAAAJCDQAAAAAAAuINAAAAAAAC4g0AAAAAAANCDQAAAAAAA4INAAAAAAADog0AAAAAAAPCDQAAAAAAA+INAAAAAAAAYhEAAAAAAACiEQAAAAAAAOIRAAAAAAABQhEAAAAAAAGiEQAAAAAAAeIRAAAAAAACAhEAAAAAAAIiEQAAAAAAAoIRAAAAAAADAhEAAAAAAANiEQAAAAAAA4IRAAAAAAAAAhUAAAAAAAAiFQAAAAAAAEIVAAAAAAAAYhUAAAAAAACCFQAAAAAAAKIVAAAAAAAAwhUAAAAAAADiFQAAAAAAAUIVAAAAAAABohUAAAAAAAHCFQAAAAAAAmIVAAAAAAACwhUAAAAAAANiFQAAAAAAA4IVAAAAAAAD4hUAAAAAAACCGQAAAAAAAKIZAAAAAAABYhkAAAAAAAICGQAAAAAAAiIZAAAAAAACQhkAAAAAAAACHQAAAAAAAEIdAAAAAAAAYh0AAAAAAACCHQAAAAAAAUIdAAAAAAABQh0AAAAAAAKCHQAAAAAAA0IdAAAAAAADoh0AAAAAAAACIQAAAAAAAKIhAAAAAAAA4iEAAAAAAAKCIQAAAAAAAsIhAAAAAAAC4iEAAAAAAAMCIQAAAAAAAEIlAAAAAAAAYiUAAAAAAAEiJQAAAAAAAWIlAAAAAAACIiUAAAAAAAJiJQAAAAAAAoIlAAAAAAACoiUAAAAAAALCJQAAAAAAAyIlAAAAAAADQiUAAAAAAAAiKQAAAAAAAKIpAAAAAAAAwikAAAAAAADiKQAAAAAAAaIpAAAAAAAC4ikAAAAAAAPiKQAAAAAAAAItAAAAAAAAQi0AAAAAAAECLQAAAAAAASItAAAAAAABQi0AAAAAAAHiLQAAAAAAA0ItAAAAAAADYi0AAAAAAAOCLQAAAAAAA6ItAAAAAAAAwjEAAAAAAADiMQAAAAAAAQIxAAAAAAABQjEAAAAAAAGCMQAAAAAAAaIxAAAAAAABwjEAAAAAAAJCMQAAAAAAAsIxAAAAAAADQjEAAAAAAAEiNQAAAAAAAUI1AAAAAAABYjUAAAAAAAGCNQAAAAAAAaI1AAAAAAADQjUAAAAAAANiNQAAAAAAAKI5AAAAAAADQjkAAAAAAAACPQAAAAAAAYI9AAAAAAACQj0AAAAAAAJiPQAAAAAAAuI9AAAAAAADgj0AAAAAAAOiPQAAAAAAA8I9AAAAAAAA0kEAAAAAAADiQQAAAAAAAPJBAAAAAAABAkEAAAAAAAGiQQAAAAAAAbJBAAAAAAABwkEAAAAAAAHyQQAAAAAAAgJBAAAAAAACokEAAAAAAALCQQAAAAAAAtJBAAAAAAAC4kEAAAAAAAAiRQAAAAAAADJFAAAAAAAA4kUAAAAAAADyRQAAAAAAAVJFAAAAAAABYkUAAAAAAAHyRQAAAAAAAwJFAAAAAAADEkUAAAAAAAMiRQAAAAAAAzJFAAAAAAAD8kUAAAAAAAACSQAAAAAAACJJAAAAAAAAMkkAAAAAAABCSQAAAAAAAuJJAAAAAAAC8kkAAAAAAAOSSQAAAAAAA/JJAAAAAAAAAk0AAAAAAAASTQAAAAAAA1JNAAAAAAADYk0AAAAAAANyTQAAAAAAA+JNA</data>
					</mzArrayBinary>
					<intenArrayBinary>
						<data precision="64" endian="little" length="249">AAAAAADwoUAAAAAAAOSZQAAAAAAAiJ9AAAAAAACCoEAAAAAAAOO0QAAAAAAA2K1AAAAAAECv4UAAAAAAAFDBQAAAAAAA4IZAAAAAAMC+3UAAAAAAAADwPwAAAAAAJKdAAAAAAACSsEAAAAAAADCPQAAAAAAAiKFAAAAAAIAYxkAAAAAAAPijQAAAAAAA3rVAAAAAAACBv0AAAAAAAOCGQAAAAAAALJVAAAAAAADOsEAAAAAAwD3TQAAAAACQ6PVAAAAAAAAAxkAAAAAAALiYQAAAAAAA0JhAAAAAAABQiUAAAAAAAMicQAAAAAAA171AAAAAAAAwe0AAAAAAACySQAAAAAAAFqNAAAAAAABMlkAAAAAAAPXDQAAAAAAAOJpAAAAAAACMmUAAAAAAAMiGQAAAAAAAaI1AAAAAAAD8pkAAAAAAABCTQAAAAAAAyJ1AAAAAAIChwUAAAAAAABiOQAAAAAAA1JxAAAAAAAAckEAAAAAAAHraQAAAAAAAkIRAAAAAAABlx0AAAAAAABiCQAAAAACATcRAAAAAAJAQ/0AAAAAAALPKQAAAAAAAX8RAAAAAAADQh0AAAAAAAETDQAAAAAAAf8hAAAAAAADYj0AAAAAAACyZQAAAAAAAzb5AAAAAAABQikAAAAAAAGzIQAAAAAAAmq9AAAAAAICp0UAAAAAAACShQAAAAAAA+IxAAAAAAADuokAAAAAAAMSdQAAAAAAA8I1AAAAAAAACpEAAAAAAAIiYQAAAAAAAeq5AAAAAAEA11kAAAAAAAHidQAAAAACAQNJAAAAAACitBEEAAAAAIMrqQAAAAAAAYI1AAAAAAAAqpkAAAAAAABrYQAAAAACAw8ZAAAAAAABSq0AAAAAAAOCZQAAAAADgeeRAAAAAAACYkUAAAAAAABCyQAAAAAAAwrNAAAAAAAA0m0AAAAAAECUnQQAAAAAgxepAAAAAAABwj0AAAAAAABS9QAAAAAAAzLVAAAAAAAAYq0AAAAAAgDPAQAAAAAAAMIpAAAAAAADCrkAAAAAAACCLQAAAAADAZtJAAAAAAADAfkAAAAAAAG++QAAAAAAAAqBAAAAAAIDRwUAAAAAAAHm4QAAAAAAAoI9AAAAAAAAMq0AAAAAAACG4QAAAAAAAIKFAAAAAAABojkAAAAAAAOPGQAAAAAAA5qVAAAAAAACElkAAAAAAAAe4QAAAAAAASbNAAAAAAAAMqkAAAAAAgJTXQAAAAAAAiJhAAAAAAABKsEAAAAAAAH25QAAAAAAAlqdAAAAAAABweEAAAAAAwIHgQAAAAAAAFrFAAAAAAICJ60AAAAAAAKLHQAAAAAAAPqNAAAAAAABYjEAAAAAAAFiBQAAAAABA5dFAAAAAAABApkAAAAAAAP3AQAAAAAAAfJJAAAAAAAATxkAAAAAAgDTCQAAAAAAAIINAAAAAAADCrkAAAAAAAGrVQAAAAABAMu9AAAAAAGDq7EAAAAAAAACAQAAAAACAqtxAAAAAAAB06EAAAAAAAADwPwAAAAAA4HlAAAAAAACUkkAAAAAAAHO2QAAAAAAAxq1AAAAAAACSpEAAAAAAANqjQAAAAAAAKJRAAAAAAAD0mUAAAAAAAMW0QAAAAAAAr7pAAAAAAABslkAAAAAAAG3AQAAAAAAAv7ZAAAAAAADFskAAAAAAAJSbQAAAAAAA4JlAAAAAAAA8kkAAAAAAQFngQAAAAABAxtxAAAAAAIDSyUAAAAAAADCWQAAAAABwyvNAAAAAAIB7zUAAAAAAABiDQAAAAAAAO8dAAAAAAAC/vEAAAAAAACGxQAAAAAAAYb9AAAAAAICyw0AAAAAAAFSWQAAAAAAAkL5AAAAAAADgeEAAAAAAAPzGQAAAAAAApqZAAAAAAAAwm0AAAAAAAMyZQAAAAACA5+JAAAAAAJAY8EAAAAAAAPyaQAAAAAAA2J5AAAAAAGAZ4UAAAAAAwBHSQAAAAAAAR81AAAAAAAA0n0AAAAAAAFHaQAAAAAAA0s5AAAAAAABcrUAAAAAAADqgQAAAAAAAKqZAAAAAAIA0wEAAAAAAALy2QAAAAAAAZK5AAAAAAMAe7kAAAAAAQAfqQAAAAAAAAPA/AAAAAIAkwEAAAAAAAEyoQAAAAAAAUqRAAAAAAADAdkAAAAAAAAShQAAAAAAAOJJAAAAAAAANu0AAAAAAAA6iQAAAAAAAmKFAAAAAAABoqkAAAAAAALC3QAAAAAAAsq9AAAAAAMDx0EAAAAAAwH3XQAAAAAAACJVAAAAAAAAEoEAAAAAAAHLAQAAAAACAOsxAAAAAAADIkEAAAAAAoFTmQAAAAAAAYtVAAAAAAAAqpEAAAAAAMLr1QAAAAACwDPJAAAAAAAA3ykAAAAAAAJzAQAAAAAAAEKdAAAAAAAA8lkAAAAAAALijQAAAAAAAKqFAAAAAAABkl0AAAAAAAGiQQAAAAAAAbslAAAAAAKCd4kAAAAAAgNrGQAAAAADAN9tAAAAAAADZuUAAAAAAAHC/QAAAAACAou9AAAAAAMCh1kAAAAAAQFPkQAAAAAAA+JpAAAAAAIC0ykAAAAAAACWwQAAAAAAgn/9AAAAAALCK80AAAAAAwB7SQAAAAAAAs71AAAAAAMAo0kAAAAAAANnKQAAAAAAAVJpA</data>
					</intenArrayBinary>
				</spectrum>
				<spectrum id="23">
					<spectrumDesc>
						<spectrumSettings>
							<spectrumInstrument mzRangeStop="1271.0" mzRangeStart="201.0" msLevel="2" />
						</spectrumSettings>
						<precursorList count="1">
							<precursor msLevel="1" spectrumRef="0">
								<ionSelection>
									<cvParam cvLabel="PSI" accession="PSI:1000041" name="ChargeState" value="3" />
									<cvParam cvLabel="PSI" accession="PSI:1000040" name="MassToChargeRatio" value="708" />
								</ionSelection>
								<activation />
							</precursor>
						</precursorList>
						<comments>Identified</comments>
					</spectrumDesc>
					<mzArrayBinary>
						<data precision="64" endian="little" length="148">AAAAAAAgaUAAAAAAACBsQAAAAAAAYGxAAAAAAADAbUAAAAAAAIBuQAAAAAAAgG5AAAAAAAAwcEAAAAAAAGBwQAAAAAAAcHBAAAAAAABQcUAAAAAAAOBxQAAAAAAAcHVAAAAAAACwdUAAAAAAAMB1QAAAAAAAkHZAAAAAAACgdkAAAAAAAFB3QAAAAAAAcHhAAAAAAAAAe0AAAAAAAMB9QAAAAAAAIH9AAAAAAADAf0AAAAAAANB/QAAAAAAAEIBAAAAAAADQgEAAAAAAAFCBQAAAAAAA6IFAAAAAAADwgUAAAAAAAPiBQAAAAAAAAIJAAAAAAAAIgkAAAAAAABiCQAAAAAAAIIJAAAAAAABwgkAAAAAAAICCQAAAAAAAuIJAAAAAAADAgkAAAAAAAACDQAAAAAAACINAAAAAAAAQg0AAAAAAAECDQAAAAAAAYINAAAAAAACYg0AAAAAAANCDQAAAAAAA6INAAAAAAAD4g0AAAAAAACCEQAAAAAAAkIRAAAAAAAC4hEAAAAAAAPiEQAAAAAAAAIVAAAAAAAAIhUAAAAAAABCFQAAAAAAAIIVAAAAAAAAohUAAAAAAADCFQAAAAAAAOIVAAAAAAABAhUAAAAAAAJiFQAAAAAAAqIVAAAAAAAC4hUAAAAAAANiFQAAAAAAA4IVAAAAAAAAAhkAAAAAAADiGQAAAAAAAiIZAAAAAAACQhkAAAAAAABCHQAAAAAAAGIdAAAAAAACgh0AAAAAAAKiHQAAAAAAAKIhAAAAAAABYiEAAAAAAAHiIQAAAAAAAuIhAAAAAAADAiEAAAAAAANiIQAAAAAAACIlAAAAAAAAQiUAAAAAAAJiJQAAAAAAAoIlAAAAAAACoiUAAAAAAAMiJQAAAAAAA0IlAAAAAAADYiUAAAAAAACiKQAAAAAAAMIpAAAAAAAA4ikAAAAAAAICKQAAAAAAAQItAAAAAAABIi0AAAAAAAIiLQAAAAAAA2ItAAAAAAADgi0AAAAAAAOiLQAAAAAAAMIxAAAAAAABgjEAAAAAAAGiMQAAAAAAAsIxAAAAAAADAjEAAAAAAANCMQAAAAAAA2IxAAAAAAAAwjUAAAAAAAEiNQAAAAAAAWI1AAAAAAABgjUAAAAAAAGiNQAAAAAAA0I1AAAAAAADQjUAAAAAAAHCOQAAAAAAAiI9AAAAAAAC4j0AAAAAAAOCPQAAAAAAAFJBAAAAAAAA0kEAAAAAAADiQQAAAAAAAaJBAAAAAAABwkEAAAAAAAHyQQAAAAAAAgJBAAAAAAACEkEAAAAAAALCQQAAAAAAAtJBAAAAAAAC4kEAAAAAAAPiQQAAAAAAAUJFAAAAAAACEkUAAAAAAAJiRQAAAAAAAnJFAAAAAAADAkUAAAAAAAMSRQAAAAAAAyJFAAAAAAADMkUAAAAAAANCRQAAAAAAA/JFAAAAAAAAIkkAAAAAAAAySQAAAAAAAEJJAAAAAAAC0kkAAAAAAALiSQAAAAAAAvJJAAAAAAAD8kkAAAAAAAACTQAAAAAAABJNAAAAAAACUk0AAAAAAANSTQAAAAAAA2JNAAAAAAADck0A=</data>
					</mzArrayBinary>
					<intenArrayBinary>
						<data precision="64" endian="little" length="148">AAAAABDS8UAAAAAAQCDxQAAAAABAGOJAAAAAAAAD3EAAAAAAwFrtQAAAAAAAABhAAAAAAMB850AAAAAA4MsAQQAAAABAH9tAAAAAANAG/0AAAAAAgF7sQAAAAACAjN5AAAAAACAX7EAAAAAAAJzHQAAAAABAqBxBAAAAAIBT60AAAAAAwNPeQAAAAAAwzvZAAAAAAODv4UAAAAAAALjWQAAAAAAggOZAAAAAABROFUEAAAAAsJr5QAAAAADg8ulAAAAAAGiVAEEAAAAAABThQAAAAAAwL/NAAAAAAFDk/kAAAAAAACrXQAAAAACYYQhBAAAAAAAAIkAAAAAAzvYgQQAAAAAgMg5BAAAAAHQpFkEAAAAAwNbsQAAAAADk3xZBAAAAAAAALkAAAADAc3RQQQAAAAC8rhVBAAAAACBS40AAAAAAkIHxQAAAAABQwfFAAAAAAKAT4kAAAAAAwCvVQAAAAAAAqvhAAAAAADBK90AAAAAAgH/lQAAAAADwEPBAAAAAAMAv10AAAAAAgO3TQAAAAAD4tAFBAAAAABDS9UAAAAAAwI3nQAAAAABwo/tAAAAAAAAAJEAAAAAA+JUTQQAAAADwuwVBAAAAAOB67EAAAAAAQO0AQQAAAACArtdAAAAAAMA59UAAAAAAKJYFQQAAAAAAACJAAAAAAEDp3kAAAAAAIPnhQAAAAACQkBFBAAAAAGAg4EAAAAAAuG0CQQAAAACgLOVAAAAAAOBr6EAAAAAAoHDzQAAAAADQJ/JAAAAAAMAX8UAAAAAAAFXJQAAAAACAjOtAAAAAAIC160AAAAAAQGLQQAAAAADAcNVAAAAAAHDP8UAAAAAAtBIQQQAAAACg7QlBAAAAAIg4AEEAAAAAQqYnQQAAAABQogxBAAAAACCA4kAAAAAAXFkVQQAAAACwcgBBAAAAAAA/yUAAAAAAABrCQAAAAACAz+ZAAAAAAEBJ0EAAAAAAQCncQAAAAABwjB9BAAAAAHhzAkEAAAAAgF7fQAAAAADAnN1AAAAAAPDq90AAAAAAQMToQAAAAACgouJAAAAAAMBV00AAAAAAwGLcQAAAAADAT/tAAAAAAIBYy0AAAAAA4DLmQAAAAACAmBZBAAAAAJAy/UAAAAAAgOPYQAAAAACQVQFBAAAAAAAAAEAAAAAAgO/uQAAAAADgB+hAAAAAAAD720AAAAAAQFvoQAAAAACAVt9AAAAAANBG/EAAAAAA2CkBQQAAAACQXPZAAAAAACAZ5UAAAAAAiFUHQQAAAACAi8pAAAAAAMAX0UAAAAAA5ggoQQAAAABMmh9BAAAAAIBW7kAAAAAAAKXeQAAAAACAU8VAAAAAACBQ4EAAAAAA+OIFQQAAAAAAAABAAAAAAJD8/0AAAAAAkD3yQAAAAAAA0PxAAAAAAKAt80AAAAAAAAAcQAAAAACAh9lAAAAAABjzAkEAAAAAsNr+QAAAAACQTfBAAAAAACAw50AAAAAAAO7AQAAAAADgvO5AAAAAANyzKkEAAAAADuQmQQAAAADw9RVBAAAAAICA70AAAAAAgEnKQAAAAADQuA9BAAAAANDE9EA=</data>
					</intenArrayBinary>
				</spectrum>
				<spectrum id="24">
					<spectrumDesc>
						<spectrumSettings>
							<spectrumInstrument mzRangeStop="1282.0" mzRangeStart="273.0" msLevel="2" />
						</spectrumSettings>
						<precursorList count="1">
							<precursor msLevel="1" spectrumRef="0">
								<ionSelection>
									<cvParam cvLabel="PSI" accession="PSI:1000041" name="ChargeState" value="3" />
									<cvParam cvLabel="PSI" accession="PSI:1000040" name="MassToChargeRatio" value="706" />
								</ionSelection>
								<activation />
							</precursor>
						</precursorList>
						<comments>Not identified</comments>
					</spectrumDesc>
					<mzArrayBinary>
						<data precision="64" endian="little" length="174">AAAAAAAQcUAAAAAAAJBxQAAAAAAAIHJAAAAAAACgckAAAAAAAOByQAAAAAAAkHNAAAAAAACQdEAAAAAAACB1QAAAAAAAIHVAAAAAAACAdUAAAAAAADB2QAAAAAAAUHZAAAAAAABgd0AAAAAAAHB3QAAAAAAAkHhAAAAAAACgeEAAAAAAALB4QAAAAAAAsHlAAAAAAADAeUAAAAAAAPB5QAAAAAAAUHpAAAAAAABgekAAAAAAAHB7QAAAAAAAsHtAAAAAAABQfEAAAAAAAKB8QAAAAAAA0HxAAAAAAACgfUAAAAAAAOB9QAAAAAAAAH5AAAAAAAAwfkAAAAAAAGB+QAAAAAAAgH5AAAAAAAAgf0AAAAAAAKB/QAAAAAAAwH9AAAAAAABQgEAAAAAAAFiAQAAAAAAAYIBAAAAAAABogEAAAAAAAJiAQAAAAAAAsIBAAAAAAAC4gEAAAAAAAMCAQAAAAAAA8IBAAAAAAAAogUAAAAAAADCBQAAAAAAAQIFAAAAAAABAgUAAAAAAAFCBQAAAAAAAYIFAAAAAAACYgUAAAAAAALiBQAAAAAAAWIJAAAAAAACwgkAAAAAAAOCCQAAAAAAA8IJAAAAAAAD4gkAAAAAAAACDQAAAAAAAEINAAAAAAACQg0AAAAAAAJiDQAAAAAAAsINAAAAAAAC4g0AAAAAAAMCDQAAAAAAAyINAAAAAAADYg0AAAAAAAOCDQAAAAAAA8INAAAAAAAAYhEAAAAAAACCEQAAAAAAAOIRAAAAAAABAhEAAAAAAAFCEQAAAAAAAaIRAAAAAAABwhEAAAAAAAHiEQAAAAAAAgIRAAAAAAACohEAAAAAAALCEQAAAAAAAuIRAAAAAAADIhEAAAAAAANCEQAAAAAAA8IRAAAAAAAD4hEAAAAAAAACFQAAAAAAACIVAAAAAAAA4hUAAAAAAAEiFQAAAAAAAUIVAAAAAAABYhUAAAAAAAFiFQAAAAAAAgIVAAAAAAACIhUAAAAAAAIiFQAAAAAAAmIVAAAAAAACwhUAAAAAAALiFQAAAAAAAuIVAAAAAAADIhUAAAAAAANCFQAAAAAAA2IVAAAAAAADohUAAAAAAAECGQAAAAAAASIZAAAAAAABQhkAAAAAAAICGQAAAAAAAiIZAAAAAAACQhkAAAAAAAJiGQAAAAAAAoIdAAAAAAACgh0AAAAAAAKiHQAAAAAAA8IhAAAAAAACYiUAAAAAAAOiJQAAAAAAASIpAAAAAAABQikAAAAAAALiKQAAAAAAA2IpAAAAAAADgikAAAAAAAOiKQAAAAAAAIItAAAAAAAAoi0AAAAAAADCLQAAAAAAAOItAAAAAAABAi0AAAAAAAEiLQAAAAAAAsItAAAAAAAAIjEAAAAAAAJCMQAAAAAAA2I1AAAAAAAAojkAAAAAAAGCOQAAAAAAAaI5AAAAAAABwjkAAAAAAALCOQAAAAAAAOI9AAAAAAABAj0AAAAAAAEiPQAAAAAAAUI9AAAAAAAC4j0AAAAAAABSQQAAAAAAAaJBAAAAAAACIkEAAAAAAAJSQQAAAAAAAtJBAAAAAAADEkEAAAAAAAMiQQAAAAAAAyJBAAAAAAADMkEAAAAAAAByRQAAAAAAAZJFAAAAAAABokUAAAAAAACySQAAAAAAAVJJAAAAAAABYkkAAAAAAAFySQAAAAAAAYJJAAAAAAAB4kkAAAAAAAJySQAAAAAAAoJJAAAAAAACkkkAAAAAAAKiSQAAAAAAA5JJAAAAAAADokkAAAAAAACyTQAAAAAAAfJNAAAAAAACEk0AAAAAAAMCTQAAAAAAAxJNAAAAAAADIk0AAAAAAAMyTQAAAAAAACJRA</data>
					</mzArrayBinary>
					<intenArrayBinary>
						<data precision="64" endian="little" length="174">AAAAAAAkoEAAAAAAAF7HQAAAAAAAKJ1AAAAAAEBY2UAAAAAAgMHMQAAAAAAAIJxAAAAAAAAEokAAAAAAgPbGQAAAAAAABKlAAAAAAACeqUAAAAAAANa+QAAAAAAAjbFAAAAAAABnsEAAAAAAAMe7QAAAAABAftdAAAAAAAAAqEAAAAAAAGmyQAAAAABARtZAAAAAAADJuEAAAAAAAA21QAAAAAAAKs5AAAAAAABqs0AAAAAAAKq8QAAAAAAAeKJAAAAAAAC1uEAAAAAAAIW9QAAAAAAA5r1AAAAAAAA4qUAAAAAAANKxQAAAAAAARKlAAAAAAAA7vUAAAAAAAKCYQAAAAAAAG7VAAAAAAADds0AAAAAAAIu8QAAAAAAAJKJAAAAAAAC810AAAAAAAHCaQAAAAACAKMFAAAAAAAByokAAAAAAAIatQAAAAACAWvZAAAAAAAAz0UAAAAAAAFu9QAAAAAAAn8FAAAAAAAAer0AAAAAAAHa+QAAAAADAIPFAAAAAAAAAEEAAAAAAAISsQAAAAAAAW7FAAAAAAADfsEAAAAAAwB3TQAAAAAAAf9BAAAAAAACIqEAAAAAAAFidQAAAAAAAFKhAAAAAAIAxxUAAAAAAAAW4QAAAAAAAiJdAAAAAAABwsEAAAAAAACqqQAAAAAAA+7lAAAAAAADSxEAAAAAAAByvQAAAAAAACJ1AAAAAAADssUAAAAAAAIOxQAAAAACAld5AAAAAAADUqEAAAAAAANCwQAAAAAAAfLlAAAAAAABkm0AAAAAAAESmQAAAAAAAirRAAAAAAID6yEAAAAAAwGDcQAAAAAAAGLBAAAAAAAANvUAAAAAAgLrBQAAAAAAAmqNAAAAAAABssEAAAAAAAFqwQAAAAAAAIKFAAAAAAKCi4kAAAAAAAHm7QAAAAAAAhrNAAAAAAABxv0AAAAAAQAPmQAAAAAAATLlAAAAAAADPukAAAAAAAADwPwAAAADg+/BAAAAAAABUzUAAAAAAAL+/QAAAAACAJsdAAAAAAIB1wEAAAAAAAMnEQAAAAAAAqdJAAAAAAABYuEAAAAAAABzEQAAAAACAr9dAAAAAAAANtUAAAAAAEM3yQAAAAAAAJMJAAAAAAEAo2EAAAAAAAPyuQAAAAABA+N1AAAAAACA/4kAAAAAAAOSyQAAAAAAAXMlAAAAAAAAA8D8AAAAAAEWxQAAAAAAAVKlAAAAAAADEpEAAAAAAABSyQAAAAAAArb9AAAAAAADkl0AAAAAAAEu+QAAAAAAAwfxAAAAAAABy5EAAAAAAgIPNQAAAAAAA47hAAAAAAABPtUAAAAAAACSsQAAAAABADdlAAAAAAEAA0EAAAAAAAADwPwAAAAAASqpAAAAAAAArsEAAAAAAAFi6QAAAAACA4cFAAAAAAAC6tkAAAAAAgFDDQAAAAAAAmLhAAAAAAABSp0AAAAAAACLNQAAAAAAAjqRAAAAAAIDV3EAAAAAAgNrMQAAAAAAAM89AAAAAAACorEAAAAAAANW1QAAAAAAA0qRAAAAAAAB4jkAAAAAAACiWQAAAAAAAgb9AAAAAAACHwkAAAAAAgAzLQAAAAAAAAPA/AAAAAADcokAAAAAAgPvVQAAAAAAgzuBAAAAAAIDOzUAAAAAAAOS1QAAAAAAALMFAAAAAAIBc2UAAAAAAAADwPwAAAAAADqpAAAAAAAA6tUAAAAAAAP2/QAAAAAAAlNhAAAAAAACQtkAAAAAAANCdQAAAAACApMFAAAAAAIBgwUAAAAAAgMrGQAAAAAAAMrFAAAAAAABNskAAAAAAAKqyQAAAAAAAWKZAAAAAAAB/tkAAAAAAAJCiQAAAAACAusBA</data>
					</intenArrayBinary>
				</spectrum>
				<spectrum id="25">
					<spectrumDesc>
						<spectrumSettings>
							<spectrumInstrument mzRangeStop="1946.0" mzRangeStart="365.0" msLevel="2" />
						</spectrumSettings>
						<precursorList count="1">
							<precursor msLevel="1" spectrumRef="0">
								<ionSelection>
									<cvParam cvLabel="PSI" accession="PSI:1000041" name="ChargeState" value="2" />
									<cvParam cvLabel="PSI" accession="PSI:1000040" name="MassToChargeRatio" value="1185" />
								</ionSelection>
								<activation />
							</precursor>
						</precursorList>
						<comments>Not identified</comments>
					</spectrumDesc>
					<mzArrayBinary>
						<data precision="64" endian="little" length="42">AAAAAADQdkAAAAAAAGB8QAAAAAAA4IFAAAAAAADogUAAAAAAALiGQAAAAAAACIpAAAAAAACgjEAAAAAAAEiNQAAAAAAAUI1AAAAAAAB4jUAAAAAAACiOQAAAAAAAgI5AAAAAAABQj0AAAAAAAGiPQAAAAAAAqI9AAAAAAADYj0AAAAAAAEyQQAAAAAAAUJBAAAAAAABokEAAAAAAAIiQQAAAAAAAmJBAAAAAAACwkEAAAAAAANCQQAAAAAAA6JBAAAAAAACMkUAAAAAAAIyRQAAAAAAAvJFAAAAAAADYkUAAAAAAAOCRQAAAAAAA5JFAAAAAAAD0kUAAAAAAADySQAAAAAAAaJJAAAAAAADYk0AAAAAAABCVQAAAAAAApJVAAAAAAAAQlkAAAAAAANiWQAAAAAAAqJdAAAAAAADsmEAAAAAAAIibQAAAAAAAaJ5A</data>
					</mzArrayBinary>
					<intenArrayBinary>
						<data precision="64" endian="little" length="42">AAAAAAAskkAAAAAAALakQAAAAAAA8JRAAAAAAADckUAAAAAAALyfQAAAAAAAyI1AAAAAAADQkkAAAAAAAACmQAAAAAAAmJJAAAAAAABUlUAAAAAAAKidQAAAAAAAzJpAAAAAAABYlEAAAAAAAO6vQAAAAAAA0JZAAAAAAACOp0AAAAAAANyvQAAAAAAAgH9AAAAAAABgqkAAAAAAAFCiQAAAAAAAMKtAAAAAAACKpEAAAAAAAAagQAAAAAAAuKBAAAAAAAAopEAAAAAAALyVQAAAAAAA5KxAAAAAAACKpEAAAAAAAPCFQAAAAACApcBAAAAAAACKsUAAAAAAAA+3QAAAAAAAAqNAAAAAAADypkAAAAAAAECMQAAAAAAASJRAAAAAAADGpkAAAAAAAHiWQAAAAAAAdbJAAAAAAAAwlUAAAAAAAJarQAAAAAAAHJ1A</data>
					</intenArrayBinary>
				</spectrum>
				<spectrum id="26">
					<spectrumDesc>
						<spectrumSettings>
							<spectrumInstrument mzRangeStop="847.0" mzRangeStart="187.0" msLevel="2" />
						</spectrumSettings>
						<precursorList count="1">
							<precursor msLevel="1" spectrumRef="0">
								<ionSelection>
									<cvParam cvLabel="PSI" accession="PSI:1000041" name="ChargeState" value="1" />
									<cvParam cvLabel="PSI" accession="PSI:1000040" name="MassToChargeRatio" value="536" />
								</ionSelection>
								<activation />
							</precursor>
						</precursorList>
						<comments>Not identified</comments>
					</spectrumDesc>
					<mzArrayBinary>
						<data precision="64" endian="little" length="55">AAAAAABgZ0AAAAAAAABsQAAAAAAA4G1AAAAAAADAcEAAAAAAAJBxQAAAAAAAoHFAAAAAAACgcUAAAAAAAHByQAAAAAAAkHJAAAAAAACQckAAAAAAAKByQAAAAAAAsHJAAAAAAABAc0AAAAAAAFB0QAAAAAAAAHVAAAAAAACQdUAAAAAAAFB2QAAAAAAAYHZAAAAAAADAdkAAAAAAAPB3QAAAAAAA4HlAAAAAAADweUAAAAAAANB6QAAAAAAA8HpAAAAAAABge0AAAAAAAJB7QAAAAAAA4HtAAAAAAACgfEAAAAAAAMB8QAAAAAAAIH1AAAAAAACgfkAAAAAAADB/QAAAAAAAYH9AAAAAAABgf0AAAAAAAHB/QAAAAAAA4H9AAAAAAAAAgEAAAAAAAAiAQAAAAAAAKIBAAAAAAAAwgEAAAAAAADiAQAAAAAAAcIBAAAAAAACAgEAAAAAAALCAQAAAAAAAwIBAAAAAAADIgEAAAAAAAMiAQAAAAAAA2IFAAAAAAAAghEAAAAAAAHiEQAAAAAAAwIVAAAAAAAAQhkAAAAAAADCGQAAAAAAAcIdAAAAAAAB4ikA=</data>
					</mzArrayBinary>
					<intenArrayBinary>
						<data precision="64" endian="little" length="55">AAAAAACGsEAAAAAAAKahQAAAAAAAWqNAAAAAAAACrkAAAAAAQJr0QAAAAACAYsBAAAAAAIBjwEAAAAAAAMynQAAAAACAhMZAAAAAAIAA0EAAAAAAQL0bQQAAAADgLONAAAAAAAAkoUAAAAAAABajQAAAAAAA4KdAAAAAAIBGwUAAAAAAgFzEQAAAAACAwthAAAAAAAD0kkAAAAAAAAqwQAAAAAAAL9xAAAAAAAAqtUAAAAAAACbBQAAAAAAAe7RAAAAAAAAImkAAAAAAAD65QAAAAAAA6IZAAAAAAAC9w0AAAAAAAOydQAAAAAAAurdAAAAAAADQs0AAAAAAADCwQAAAAAAA8KVAAAAAAGAPEEEAAAAAAOHkQAAAAAAAwrlAAAAAAACEuEAAAAAAAFicQAAAAAAAab5AAAAAAJCYAUEAAAAAoKTpQAAAAAAAUq1AAAAAAAB8qUAAAAAAAKrFQAAAAAAAHM9AAAAAAMDV3kAAAAAAAADwPwAAAAAAmbhAAAAAAABsuEAAAAAAgD7BQAAAAAAA2JpAAAAAAACcoEAAAAAAAKidQAAAAAAAQLRAAAAAAABpvUA=</data>
					</intenArrayBinary>
				</spectrum>
				<spectrum id="27">
					<spectrumDesc>
						<spectrumSettings>
							<spectrumInstrument mzRangeStop="1271.0" mzRangeStart="231.0" msLevel="2" />
						</spectrumSettings>
						<precursorList count="1">
							<precursor msLevel="1" spectrumRef="0">
								<ionSelection>
									<cvParam cvLabel="PSI" accession="PSI:1000041" name="ChargeState" value="2" />
									<cvParam cvLabel="PSI" accession="PSI:1000040" name="MassToChargeRatio" value="709" />
								</ionSelection>
								<activation />
							</precursor>
						</precursorList>
						<comments>Identified</comments>
					</spectrumDesc>
					<mzArrayBinary>
						<data precision="64" endian="little" length="138">AAAAAADgbEAAAAAAAIBuQAAAAAAAIHBAAAAAAAAwcEAAAAAAAGBwQAAAAAAAQHFAAAAAAABgc0AAAAAAAMB1QAAAAAAAgHZAAAAAAACQdkAAAAAAAKB2QAAAAAAAMHhAAAAAAABweEAAAAAAANB5QAAAAAAAIHpAAAAAAADQekAAAAAAABB7QAAAAAAAEHxAAAAAAACwfEAAAAAAANB9QAAAAAAA4H1AAAAAAADAf0AAAAAAANB/QAAAAAAA0H9AAAAAAAAQgEAAAAAAAMCAQAAAAAAA0IBAAAAAAAD4gEAAAAAAAACBQAAAAAAAEIFAAAAAAABYgUAAAAAAAGCBQAAAAAAAuIFAAAAAAADogUAAAAAAAPCBQAAAAAAAAIJAAAAAAAAIgkAAAAAAABiCQAAAAAAAIIJAAAAAAAAogkAAAAAAAHCCQAAAAAAAeIJAAAAAAAB4gkAAAAAAALiCQAAAAAAAwIJAAAAAAAAAg0AAAAAAAAiDQAAAAAAAEINAAAAAAACwg0AAAAAAAPCDQAAAAAAAkIRAAAAAAACYhEAAAAAAAMiEQAAAAAAA2IRAAAAAAAAghUAAAAAAADCFQAAAAAAAOIVAAAAAAABAhUAAAAAAAKCFQAAAAAAAqIVAAAAAAADghUAAAAAAAPiFQAAAAAAAgIZAAAAAAACIhkAAAAAAAJCGQAAAAAAAEIdAAAAAAABQh0AAAAAAAJiHQAAAAAAAoIdAAAAAAADIh0AAAAAAADCIQAAAAAAAEIlAAAAAAAAgiUAAAAAAADiJQAAAAAAASIlAAAAAAABQiUAAAAAAAJiJQAAAAAAAoIlAAAAAAACoiUAAAAAAAMiJQAAAAAAA0IlAAAAAAADYiUAAAAAAACiKQAAAAAAAMIpAAAAAAAA4ikAAAAAAADiKQAAAAAAAyIpAAAAAAABIi0AAAAAAAEiLQAAAAAAAeItAAAAAAACIi0AAAAAAANCLQAAAAAAA2ItAAAAAAADgi0AAAAAAAPCLQAAAAAAAMIxAAAAAAAA4jEAAAAAAAECMQAAAAAAAYIxAAAAAAABojEAAAAAAAHCMQAAAAAAAQI1AAAAAAABIjUAAAAAAAFiNQAAAAAAAWI1AAAAAAABojUAAAAAAANCNQAAAAAAA2I1AAAAAAAAAj0AAAAAAADSQQAAAAAAAOJBAAAAAAAA8kEAAAAAAAGiQQAAAAAAAbJBAAAAAAAB8kEAAAAAAAICQQAAAAAAAhJBAAAAAAACwkEAAAAAAALSQQAAAAAAAuJBAAAAAAADckEAAAAAAAFSRQAAAAAAAWJFAAAAAAADAkUAAAAAAAMSRQAAAAAAAyJFAAAAAAAD8kUAAAAAAAAiSQAAAAAAADJJAAAAAAAAQkkAAAAAAABSSQAAAAAAAvJJAAAAAAAD8kkAAAAAAAACTQAAAAAAABJNAAAAAAAAIk0AAAAAAANiTQAAAAAAA3JNA</data>
					</mzArrayBinary>
					<intenArrayBinary>
						<data precision="64" endian="little" length="138">AAAAAKAW50AAAAAAQAH1QAAAAABoJQNBAAAAAAAAAEAAAAAAVKEWQQAAAAAw//VAAAAAAIA3+EAAAAAAgErnQAAAAABgIOxAAAAAADg6AEEAAAAAgNYBQQAAAADAnutAAAAAAOAM+EAAAAAAkF7wQAAAAADAgtpAAAAAAMDF6EAAAAAAIO/zQAAAAADAT+FAAAAAACCV9UAAAAAAoGj3QAAAAAA0GhRBAAAAAOydGUEAAAAAsBrxQAAAAADgluJAAAAAAOAK9kAAAAAAYGnmQAAAAABgrf5AAAAAAMDY5kAAAAAA4JD/QAAAAAAwMwBBAAAAAABN30AAAAAAWAQIQQAAAABgW+1AAAAAANAh8UAAAAAAYCDmQAAAAAAYgABBAAAAAIB7z0AAAAAAubw4QQAAAADAvP9AAAAAAMAG6kAAAAAAMJjyQAAAAAAQRx1BAAAAAAC11UAAAAAACL8KQQAAAAAwxvRAAAAAABU9TEEAAAAAfuQpQQAAAACghuZAAAAAAMBi3EAAAAAAULLyQAAAAABYmA1BAAAAAACAQUAAAAAAsOv4QAAAAADAfAdBAAAAAAC+30AAAAAAYtArQQAAAAAohQRBAAAAAAjFD0EAAAAACKUPQQAAAADgPORAAAAAAMB020AAAAAAgKcAQQAAAACYCgtBAAAAABidCkEAAAAAAAA5QAAAAADAePxAAAAAAICd/EAAAAAAaBcHQQAAAAAQ5/hAAAAAAACB9EAAAAAAoMz4QAAAAABgVvZAAAAAAEDM3UAAAAAAMPbwQAAAAACgnORAAAAAAABV9EAAAAAANDkbQQAAAADQrANBAAAAAAAAIEAAAAAADDAQQQAAAACIMAdBAAAAAAAANEAAAAAA6C4FQQAAAADgqRBBAAAAAAAAFEAAAAAAQJ3SQAAAAAA47AVBAAAAAFCFAEEAAAAAAAAYQAAAAABgXP9AAAAAAHgvAkEAAAAA0Pf4QAAAAAAgTvdAAAAAAHAQ8UAAAAAAYIDsQAAAAADQBAVBAAAAAEAR2UAAAAAAwJT9QAAAAABgBONAAAAAAOAp6kAAAAAAwMPzQAAAAADAov5AAAAAAOC+AUEAAAAA8GH3QAAAAAB0TxJBAAAAAHAdB0EAAAAAkNMKQQAAAADAKd9AAAAAAKDq80AAAAAAaAgFQQAAAACIXBNBAAAAAMhADEEAAAAA0CgCQQAAAAAILApBAAAAAGhvBUEAAAAAgI/kQAAAAACgIOBAAAAAACCBKkEAAAAA/IQSQQAAAAAAAAhAAAAAAPCC+0AAAAAAQCHUQAAAAADQxPNAAAAAAGgeCEEAAAAAwFX2QAAAAAAgpehAAAAAALA7+EAAAAAAYLoMQQAAAABIUAlBAAAAAECYA0EAAAAAAADwPwAAAAAACdpAAAAAAP7KJ0EAAAAA2tMiQQAAAADUShlBAAAAAEAs9kAAAAAAQIrdQAAAAABghwVB</data>
					</intenArrayBinary>
				</spectrum>
				<spectrum id="28">
					<spectrumDesc>
						<spectrumSettings>
							<spectrumInstrument mzRangeStop="1128.0" mzRangeStart="196.0" msLevel="2" />
						</spectrumSettings>
						<precursorList count="1">
							<precursor msLevel="1" spectrumRef="0">
								<ionSelection>
									<cvParam cvLabel="PSI" accession="PSI:1000041" name="ChargeState" value="3" />
									<cvParam cvLabel="PSI" accession="PSI:1000040" name="MassToChargeRatio" value="593" />
								</ionSelection>
								<activation />
							</precursor>
						</precursorList>
						<comments>Not identified</comments>
					</spectrumDesc>
					<mzArrayBinary>
						<data precision="64" endian="little" length="74">AAAAAACAaEAAAAAAAMBtQAAAAAAA4G1AAAAAAAAgbkAAAAAAAJBwQAAAAAAAsHBAAAAAAADQcEAAAAAAAJBxQAAAAAAAsHFAAAAAAADAcUAAAAAAAGByQAAAAAAAkHJAAAAAAACgckAAAAAAALBzQAAAAAAAwHNAAAAAAADwdEAAAAAAADB2QAAAAAAAEHdAAAAAAAAgd0AAAAAAACB3QAAAAAAAMHdAAAAAAABAd0AAAAAAAMB5QAAAAAAAIHtAAAAAAACQe0AAAAAAAJB8QAAAAAAAkH1AAAAAAACgfUAAAAAAAHB+QAAAAAAAAH9AAAAAAACgf0AAAAAAACCAQAAAAAAA8IBAAAAAAAAogUAAAAAAAFiBQAAAAAAAoIFAAAAAAADIgUAAAAAAANiBQAAAAAAA6IFAAAAAAADwgUAAAAAAAPiBQAAAAAAAAIJAAAAAAAAIgkAAAAAAADiCQAAAAAAAeIJAAAAAAACAgkAAAAAAAIiCQAAAAAAAwIJAAAAAAADogkAAAAAAAEiDQAAAAAAAWINAAAAAAACwg0AAAAAAAGiEQAAAAAAAsIRAAAAAAADQhEAAAAAAAEiFQAAAAAAAYIVAAAAAAADAhUAAAAAAAACGQAAAAAAACIZAAAAAAAAQhkAAAAAAAKCGQAAAAAAA6IZAAAAAAACYiEAAAAAAABiJQAAAAAAAQIlAAAAAAABQiUAAAAAAANCJQAAAAAAAuItAAAAAAAAojEAAAAAAAHiMQAAAAAAAeI5AAAAAAADAkEAAAAAAAKCRQA==</data>
					</mzArrayBinary>
					<intenArrayBinary>
						<data precision="64" endian="little" length="74">AAAAAAAsl0AAAAAAAESiQAAAAAAAAPA/AAAAAAB4m0AAAAAAAEidQAAAAAAAc7xAAAAAAAAZtUAAAAAAAEKoQAAAAAAAfKVAAAAAAEBi40AAAAAAAPKjQAAAAAAAOI5AAAAAAACfxEAAAAAAAJ6mQAAAAAAAvLNAAAAAAACSoEAAAAAApD4SQQAAAAAAmqdAAAAAAAC0vEAAAAAAADHeQAAAAAAAaqpAAAAAAAB3xEAAAAAAAFicQAAAAAAAcJdAAAAAAABIiEAAAAAAAPyaQAAAAAAAsKxAAAAAAAC4hkAAAAAAACyxQAAAAAAAJKdAAAAAAABEkEAAAAAAACydQAAAAAAAQqBAAAAAAADMq0AAAAAAAISUQAAAAACANcpAAAAAAABewkAAAAAAAEW4QAAAAAAAWJZAAAAAAABEl0AAAAAAALezQAAAAACAIdJAAAAAAADSs0AAAAAAAKinQAAAAAAAMK9AAAAAAAAEu0AAAAAAAPCFQAAAAAAAzJVAAAAAAACEkUAAAAAAAOCyQAAAAAAAE7dAAAAAAACUnUAAAAAAAPivQAAAAAAACrlAAAAAAABqqkAAAAAAAPCbQAAAAAAAGJFAAAAAAABurUAAAAAAADibQAAAAAAAoKpAAAAAAACUrEAAAAAAAECPQAAAAAAA+JpAAAAAAABioUAAAAAAAFqgQAAAAAAAO7JAAAAAAABKqEAAAAAAAC6gQAAAAAAA4JVAAAAAAADAo0AAAAAAAHCGQAAAAAAAW7FAAAAAAAAbt0AAAAAAALSXQA==</data>
					</intenArrayBinary>
				</spectrum>
				<spectrum id="29">
					<spectrumDesc>
						<spectrumSettings>
							<spectrumInstrument mzRangeStop="906.0" mzRangeStart="208.0" msLevel="2" />
						</spectrumSettings>
						<precursorList count="1">
							<precursor msLevel="1" spectrumRef="0">
								<ionSelection>
									<cvParam cvLabel="PSI" accession="PSI:1000041" name="ChargeState" value="1" />
									<cvParam cvLabel="PSI" accession="PSI:1000040" name="MassToChargeRatio" value="519" />
								</ionSelection>
								<activation />
							</precursor>
						</precursorList>
						<comments>Not identified</comments>
					</spectrumDesc>
					<mzArrayBinary>
						<data precision="64" endian="little" length="81">AAAAAAAAakAAAAAAAKBrQAAAAAAAwGtAAAAAAAAAbEAAAAAAAABtQAAAAAAAoG1AAAAAAADAbUAAAAAAACBuQAAAAAAAYHBAAAAAAACAcEAAAAAAALBwQAAAAAAAkHFAAAAAAACgcUAAAAAAAHByQAAAAAAAcHJAAAAAAACAckAAAAAAAJByQAAAAAAAoHJAAAAAAACwckAAAAAAAMByQAAAAAAA4HNAAAAAAAAQdEAAAAAAANB0QAAAAAAAEHVAAAAAAABQdUAAAAAAAFB2QAAAAAAAYHZAAAAAAACwdkAAAAAAAPB2QAAAAAAAcHhAAAAAAACweEAAAAAAAOB4QAAAAAAAQHlAAAAAAACweUAAAAAAAOB5QAAAAAAAsHpAAAAAAADAekAAAAAAANB6QAAAAAAA8HpAAAAAAAAAe0AAAAAAALB7QAAAAAAA0HtAAAAAAADge0AAAAAAANB8QAAAAAAA8HxAAAAAAACAfUAAAAAAAKB9QAAAAAAA0H1AAAAAAAAwfkAAAAAAAIB+QAAAAAAAoH5AAAAAAADwfkAAAAAAABB/QAAAAAAAQH9AAAAAAABQf0AAAAAAAGB/QAAAAAAAYH9AAAAAAABwf0AAAAAAAMB/QAAAAAAA8H9AAAAAAAAAgEAAAAAAADiAQAAAAAAAQIBAAAAAAABIgEAAAAAAAIiAQAAAAAAAsIBAAAAAAADIgEAAAAAAANCAQAAAAAAAeIJAAAAAAACwg0AAAAAAAMCDQAAAAAAAcIVAAAAAAABIhkAAAAAAAICGQAAAAAAAwIdAAAAAAACoiEAAAAAAALiIQAAAAAAAAIlAAAAAAAAYiUAAAAAAAMCJQAAAAAAAUIxA</data>
					</mzArrayBinary>
					<intenArrayBinary>
						<data precision="64" endian="little" length="81">AAAAAAD6rkAAAAAAAPqpQAAAAAAA171AAAAAAAA6qEAAAAAAAJSTQAAAAAAAYq9AAAAAAEB10UAAAAAAAFSkQAAAAAAAZqJAAAAAAAAgl0AAAAAAAN7BQAAAAACgagBBAAAAAADJvkAAAAAAAPyZQAAAAAAAEKpAAAAAAID30EAAAAAAgF/hQAAAAADqVi1BAAAAAAAAHEAAAAAAAOKnQAAAAAAAkKVAAAAAAAAQj0AAAAAAALybQAAAAAAAGJRAAAAAAAAkp0AAAAAAABCLQAAAAADgu+RAAAAAAACclUAAAAAAAEakQAAAAAAA0J1AAAAAAACqs0AAAAAAAAyUQAAAAAAAmcFAAAAAAABQnUAAAAAAIKHwQAAAAAAAdrtAAAAAAAAeq0AAAAAAgAjFQAAAAAAA9JRAAAAAAAB0nUAAAAAAAIChQAAAAAAAwI1AAAAAAABWu0AAAAAAAOCEQAAAAAAAarpAAAAAAADAnUAAAAAAAL24QAAAAAAAarJAAAAAAABgkkAAAAAAAHioQAAAAAAA4IxAAAAAAABEkEAAAAAAAHiTQAAAAAAAXrZAAAAAAABzw0AAAAAAAIe0QAAAAACQZRlBAAAAAAAA8D8AAAAAAGyRQAAAAAAAjJZAAAAAAADSpUAAAAAAAB/BQAAAAAAANJZAAAAAAAD0pEAAAAAAACiEQAAAAAAArLNAAAAAAADAlUAAAAAAAMykQAAAAAAAXJVAAAAAAAA0mEAAAAAAANyyQAAAAAAAzJZAAAAAAABAkEAAAAAAAPKsQAAAAAAArrdAAAAAAABQk0AAAAAAAOiJQAAAAAAAVblAAAAAAACYlUAAAAAAAFyQQAAAAAAAJJZA</data>
					</intenArrayBinary>
				</spectrum>
				<spectrum id="30">
					<spectrumDesc>
						<spectrumSettings>
							<spectrumInstrument mzRangeStop="985.0" mzRangeStart="158.0" msLevel="2" />
						</spectrumSettings>
						<precursorList count="1">
							<precursor msLevel="1" spectrumRef="0">
								<ionSelection>
									<cvParam cvLabel="PSI" accession="PSI:1000041" name="ChargeState" value="1" />
									<cvParam cvLabel="PSI" accession="PSI:1000040" name="MassToChargeRatio" value="536" />
								</ionSelection>
								<activation />
							</precursor>
						</precursorList>
						<comments>Not identified</comments>
					</spectrumDesc>
					<mzArrayBinary>
						<data precision="64" endian="little" length="83">AAAAAADAY0AAAAAAAMBrQAAAAAAAgG1AAAAAAADAbUAAAAAAAIBuQAAAAAAAgG9AAAAAAACwcEAAAAAAAFBxQAAAAAAAcHFAAAAAAACQcUAAAAAAAKBxQAAAAAAAsHFAAAAAAAAgckAAAAAAAFByQAAAAAAAcHJAAAAAAACQckAAAAAAAKByQAAAAAAAsHJAAAAAAABQdEAAAAAAAKB0QAAAAAAAYHZAAAAAAACAd0AAAAAAAGB4QAAAAAAAYHhAAAAAAACAeEAAAAAAAHB5QAAAAAAAgHlAAAAAAADgeUAAAAAAAPB5QAAAAAAAEHpAAAAAAABAekAAAAAAAMB6QAAAAAAA4HpAAAAAAABge0AAAAAAAOB7QAAAAAAAAHxAAAAAAAAQfEAAAAAAAGB8QAAAAAAA4H1AAAAAAACwfkAAAAAAANB+QAAAAAAA8H5AAAAAAABgf0AAAAAAAGB/QAAAAAAAcH9AAAAAAACAf0AAAAAAAKB/QAAAAAAA0H9AAAAAAADwf0AAAAAAAAiAQAAAAAAAKIBAAAAAAAAwgEAAAAAAADiAQAAAAAAAQIBAAAAAAABAgEAAAAAAAFiAQAAAAAAAeIBAAAAAAAC4gEAAAAAAAMCAQAAAAAAAyIBAAAAAAADQgEAAAAAAANiAQAAAAAAASIFAAAAAAAAAgkAAAAAAAAiCQAAAAAAAkIJAAAAAAACogkAAAAAAAOCCQAAAAAAAeINAAAAAAACIg0AAAAAAAGCEQAAAAAAAkIRAAAAAAAA4hUAAAAAAAECFQAAAAAAASIVAAAAAAADIhUAAAAAAAMiIQAAAAAAA0IhAAAAAAABIiUAAAAAAANCKQAAAAAAAIIxAAAAAAABwjUAAAAAAAMiOQA==</data>
					</mzArrayBinary>
					<intenArrayBinary>
						<data precision="64" endian="little" length="83">AAAAAACkoEAAAAAAAFKlQAAAAAAAnKpAAAAAAICJwEAAAAAAAFB3QAAAAAAAiK9AAAAAAIAHx0AAAAAAACSbQAAAAAAA6qZAAAAAAPC59UAAAAAAAFzWQAAAAAAAyKpAAAAAAAAIg0AAAAAAAMiSQAAAAAAAFblAAAAAAAAGwkAAAAAAOjEhQQAAAAAAUuxAAAAAAABAjEAAAAAAALCKQAAAAAAAFc5AAAAAAMDy0EAAAAAAAKSbQAAAAAAALKNAAAAAAADFtkAAAAAAAPiJQAAAAACAA8pAAAAAAACCqkAAAAAAwDTRQAAAAAAAYIVAAAAAAACAkkAAAAAAADyRQAAAAAAAvbtAAAAAAADcpkAAAAAAAA6qQAAAAACAWMNAAAAAAADcn0AAAAAAAPSbQAAAAACAW8BAAAAAAAAHsUAAAAAAADiUQAAAAAAAWJ9AAAAAAEAf0UAAAAAAiHgPQQAAAAAg3u9AAAAAAAC+okAAAAAAALScQAAAAAAAhtpAAAAAAAAWvkAAAAAAAHCAQAAAAAAAJqVAAAAAABglAEEAAAAAcMH8QAAAAAAAdL9AAAAAAABOqUAAAAAAAFSXQAAAAAAAmJ1AAAAAAABBzUAAAAAAgNDLQAAAAAAAvLVAAAAAAAAkkEAAAAAAAMiMQAAAAAAAkJdAAAAAAAAQl0AAAAAAABSeQAAAAAAAZJNAAAAAAAA6oEAAAAAAANCpQAAAAAAA5KhAAAAAAACYiUAAAAAAAHSeQAAAAAAASrNAAAAAAAAyu0AAAAAAAFa0QAAAAAAA9qpAAAAAAADAiEAAAAAAgFfLQAAAAAAAMJlAAAAAAAA8oEAAAAAAQKTUQAAAAAAARJlAAAAAAAAps0AAAAAAANSfQA==</data>
					</intenArrayBinary>
				</spectrum>
				<spectrum id="31">
					<spectrumDesc>
						<spectrumSettings>
							<spectrumInstrument mzRangeStop="792.0" mzRangeStart="147.0" msLevel="2" />
						</spectrumSettings>
						<precursorList count="1">
							<precursor msLevel="1" spectrumRef="0">
								<ionSelection>
									<cvParam cvLabel="PSI" accession="PSI:1000041" name="ChargeState" value="1" />
									<cvParam cvLabel="PSI" accession="PSI:1000040" name="MassToChargeRatio" value="453" />
								</ionSelection>
								<activation />
							</precursor>
						</precursorList>
						<comments>Not identified</comments>
					</spectrumDesc>
					<mzArrayBinary>
						<data precision="64" endian="little" length="37">AAAAAABgYkAAAAAAACBqQAAAAAAAQGpAAAAAAABgakAAAAAAAEBsQAAAAAAAYGxAAAAAAACAbEAAAAAAAKBsQAAAAAAAMHFAAAAAAABAckAAAAAAAEBzQAAAAAAAUHNAAAAAAABQdEAAAAAAAGB0QAAAAAAA8HRAAAAAAAAAdUAAAAAAABB1QAAAAAAAIHVAAAAAAABwdUAAAAAAAEB2QAAAAAAAsHZAAAAAAADQdkAAAAAAALB3QAAAAAAAwHhAAAAAAAAQekAAAAAAACB6QAAAAAAA4HpAAAAAAAAge0AAAAAAADB7QAAAAAAAQHtAAAAAAABAe0AAAAAAAGB7QAAAAAAAAHxAAAAAAABQfEAAAAAAAKCBQAAAAAAASIRAAAAAAADAiEA=</data>
					</mzArrayBinary>
					<intenArrayBinary>
						<data precision="64" endian="little" length="37">AAAAAAClsEAAAAAAuIAIQQAAAADAVe1AAAAAAICQx0AAAAAAwLPuQAAAAACAVsxAAAAAAKBN4EAAAAAAAHCwQAAAAAAA+JVAAAAAAAA0m0AAAAAAgALGQAAAAAAACMtAAAAAAAAclkAAAAAAAGScQAAAAAAALcdAAAAAAFS7E0EAAAAAQNzvQAAAAAAAkKRAAAAAAICv30AAAAAAAKycQAAAAAAAa9RAAAAAAACyoUAAAAAAAOalQAAAAAAASq5AAAAAAJDq9UAAAAAAIL7pQAAAAACAPclAAAAAAAAZ4UAAAACA0OJAQQAAAAAM9CBBAAAAAAAKq0AAAAAAAGinQAAAAAAAi7xAAAAAAACwr0AAAAAAALO7QAAAAAAAPL9AAAAAAAAcpEA=</data>
					</intenArrayBinary>
				</spectrum>
				<spectrum id="32">
					<spectrumDesc>
						<spectrumSettings>
							<spectrumInstrument mzRangeStop="1360.0" mzRangeStart="365.0" msLevel="2" />
						</spectrumSettings>
						<precursorList count="1">
							<precursor msLevel="1" spectrumRef="0">
								<ionSelection>
									<cvParam cvLabel="PSI" accession="PSI:1000041" name="ChargeState" value="2" />
									<cvParam cvLabel="PSI" accession="PSI:1000040" name="MassToChargeRatio" value="978" />
								</ionSelection>
								<activation />
							</precursor>
						</precursorList>
						<comments>Not identified</comments>
					</spectrumDesc>
					<mzArrayBinary>
						<data precision="64" endian="little" length="33">AAAAAADQdkAAAAAAAEB4QAAAAAAASIRAAAAAAACIhEAAAAAAAAiHQAAAAAAAMIhAAAAAAAAYikAAAAAAACiKQAAAAAAA6IpAAAAAAADwikAAAAAAAKiLQAAAAAAAwItAAAAAAADwi0AAAAAAAJiMQAAAAAAAsIxAAAAAAAAQjUAAAAAAAFCNQAAAAAAAgI1AAAAAAACojUAAAAAAAOCNQAAAAAAACI5AAAAAAABQjkAAAAAAANCPQAAAAAAAXJBAAAAAAAB8kEAAAAAAAASRQAAAAAAAKJFAAAAAAAA4kUAAAAAAAMyRQAAAAAAAsJJAAAAAAAD8kkAAAAAAALyUQAAAAAAAQJVA</data>
					</mzArrayBinary>
					<intenArrayBinary>
						<data precision="64" endian="little" length="33">AAAAAADKpkAAAAAAACCcQAAAAAAAqIBAAAAAAABglUAAAAAAAMyZQAAAAAAAzJFAAAAAAABopEAAAAAAADCRQAAAAAAAYHtAAAAAAAAepUAAAAAAAKSTQAAAAAAAKb9AAAAAAAAAqkAAAAAAAGCWQAAAAAAA6JhAAAAAAACsoUAAAAAAAByeQAAAAAAAO7tAAAAAAAC4n0AAAAAAAKSsQAAAAAAAFJpAAAAAAADQfkAAAAAAALykQAAAAAAAULFAAAAAAACgfkAAAAAAAKySQAAAAAAAiI5AAAAAAABmskAAAAAAAMqrQAAAAAAA4ItAAAAAAADUrEAAAAAAAEinQAAAAAAAAIZA</data>
					</intenArrayBinary>
				</spectrum>
				<spectrum id="33">
					<spectrumDesc>
						<spectrumSettings>
							<spectrumInstrument mzRangeStop="1054.0" mzRangeStart="221.0" msLevel="2" />
						</spectrumSettings>
						<precursorList count="1">
							<precursor msLevel="1" spectrumRef="0">
								<ionSelection>
									<cvParam cvLabel="PSI" accession="PSI:1000041" name="ChargeState" value="3" />
									<cvParam cvLabel="PSI" accession="PSI:1000040" name="MassToChargeRatio" value="594" />
								</ionSelection>
								<activation />
							</precursor>
						</precursorList>
						<comments>Not identified</comments>
					</spectrumDesc>
					<mzArrayBinary>
						<data precision="64" endian="little" length="104">AAAAAACga0AAAAAAAGBsQAAAAAAA4G1AAAAAAABAbkAAAAAAAIBwQAAAAAAAoHBAAAAAAACwcEAAAAAAANBwQAAAAAAAsHFAAAAAAADAcUAAAAAAAOBxQAAAAAAAQHJAAAAAAACgckAAAAAAAKByQAAAAAAAcHRAAAAAAACAdUAAAAAAADB2QAAAAAAAQHZAAAAAAABgdkAAAAAAANB2QAAAAAAAIHdAAAAAAAAwd0AAAAAAAEB3QAAAAAAAUHdAAAAAAACQd0AAAAAAAMB3QAAAAAAA4HdAAAAAAABAekAAAAAAACB7QAAAAAAAoHtAAAAAAAAQfEAAAAAAACB8QAAAAAAAYHxAAAAAAACQfEAAAAAAAKB8QAAAAAAA4HxAAAAAAACgfUAAAAAAAPB9QAAAAAAAAH5AAAAAAAAQfkAAAAAAAIB+QAAAAAAAkH5AAAAAAACgfkAAAAAAAAB/QAAAAAAAIH9AAAAAAAAgf0AAAAAAAGB/QAAAAAAAIIBAAAAAAABAgEAAAAAAAFiAQAAAAAAAiIBAAAAAAACYgEAAAAAAAOCAQAAAAAAACIFAAAAAAAAYgUAAAAAAACCBQAAAAAAAMIFAAAAAAABggUAAAAAAAIiBQAAAAAAAkIFAAAAAAACggUAAAAAAAMCBQAAAAAAA0IFAAAAAAADYgUAAAAAAAPiBQAAAAAAAAIJAAAAAAAAAgkAAAAAAAAiCQAAAAAAAOIJAAAAAAABYgkAAAAAAAICCQAAAAAAAkIJAAAAAAACYgkAAAAAAACiDQAAAAAAAMINAAAAAAABYg0AAAAAAAMCDQAAAAAAAyINAAAAAAAA4hEAAAAAAAFiEQAAAAAAA0IRAAAAAAADwhEAAAAAAAACFQAAAAAAAeIVAAAAAAAD4hUAAAAAAALCGQAAAAAAA2IZAAAAAAABwh0AAAAAAAOCHQAAAAAAA6IdAAAAAAAAIiEAAAAAAABiIQAAAAAAAeIhAAAAAAACYiEAAAAAAAACKQAAAAAAACIpAAAAAAAC4i0AAAAAAABiMQAAAAAAAeIxAAAAAAADIjEAAAAAAAACNQAAAAAAAmI9AAAAAAAC4j0AAAAAAAHiQQA==</data>
					</mzArrayBinary>
					<intenArrayBinary>
						<data precision="64" endian="little" length="104">AAAAAACIlUAAAAAAANB7QAAAAAAAMIBAAAAAAACIkEAAAAAAABe5QAAAAAAAzKFAAAAAAABntEAAAAAAAFDKQAAAAAAAMJxAAAAAAPDD8UAAAAAAAIKnQAAAAAAAqqVAAAAAAABivkAAAAAAAOm4QAAAAAAAgKNAAAAAAACYiEAAAAAArEsSQQAAAACg4OVAAAAAAAAohEAAAAAAAFiNQAAAAABAceJAAAAAAACBu0AAAAAAAKCrQAAAAAAASI5AAAAAAAA2sEAAAAAAABStQAAAAAAAVJJAAAAAAADwikAAAAAAADqlQAAAAAAAuIpAAAAAAADorkAAAAAAAF3DQAAAAAAA17FAAAAAAAAEkkAAAAAAAJ6mQAAAAAAAaKhAAAAAAADIkUAAAAAAAGiJQAAAAAAAbqtAAAAAAABIjEAAAAAAAEiIQAAAAAAAyJlAAAAAAABEtUAAAAAAAMKpQAAAAAAAQKRAAAAAAAAEl0AAAAAAALSsQAAAAACAeMBAAAAAAABsn0AAAAAAAFKwQAAAAAAAz7NAAAAAAAAUykAAAAAAAF+yQAAAAAAAIKhAAAAAAADErUAAAAAAAFCGQAAAAAAAG7JAAAAAAABQuEAAAAAAAKK/QAAAAAAAYJpAAAAAAAAys0AAAAAAAD6lQAAAAAAAGs5AAAAAAIC0wkAAAAAAAAa2QAAAAAAAAbNAAAAAAIDQ0EAAAAAAAJ7JQAAAAAAALqZAAAAAAACGuUAAAAAAAAiFQAAAAAAAlqhAAAAAAABMl0AAAAAAAKvAQAAAAAAArJhAAAAAAAAIkUAAAAAAADW5QAAAAAAAQJ1AAAAAAABQmEAAAAAAAH+5QAAAAAAAJqFAAAAAAAAkn0AAAAAAAAiRQAAAAAAAM7VAAAAAAACQjkAAAAAAADyaQAAAAAAAvJRAAAAAAABogkAAAAAAAMykQAAAAAAAiIZAAAAAAABMlUAAAAAAADCfQAAAAAAAPJtAAAAAAABcnkAAAAAAABCOQAAAAAAARqZAAAAAAAC8nEAAAAAAAJ/OQAAAAAAAQ7NAAAAAAAD6oUAAAAAAADqsQAAAAAAA7bBAAAAAAACclUAAAAAAABSTQA==</data>
					</intenArrayBinary>
				</spectrum>
				<spectrum id="34">
					<spectrumDesc>
						<spectrumSettings>
							<spectrumInstrument mzRangeStop="1496.0" mzRangeStart="242.0" msLevel="2" />
						</spectrumSettings>
						<precursorList count="1">
							<precursor msLevel="1" spectrumRef="0">
								<ionSelection>
									<cvParam cvLabel="PSI" accession="PSI:1000041" name="ChargeState" value="2" />
									<cvParam cvLabel="PSI" accession="PSI:1000040" name="MassToChargeRatio" value="869" />
								</ionSelection>
								<activation />
							</precursor>
						</precursorList>
						<comments>Not identified</comments>
					</spectrumDesc>
					<mzArrayBinary>
						<data precision="64" endian="little" length="187">AAAAAABAbkAAAAAAAIBuQAAAAAAAoG5AAAAAAAAQcEAAAAAAANBwQAAAAAAAAHFAAAAAAACgckAAAAAAAGB0QAAAAAAAcHVAAAAAAACAdUAAAAAAAEB3QAAAAAAA8HdAAAAAAABQeEAAAAAAAGB4QAAAAAAAcHlAAAAAAAAQekAAAAAAACB6QAAAAAAAMHpAAAAAAACgfEAAAAAAAJB9QAAAAAAAsH1AAAAAAADAfUAAAAAAAPB9QAAAAAAAUH5AAAAAAABgfkAAAAAAAHB+QAAAAAAAgH9AAAAAAACQf0AAAAAAAMB/QAAAAAAAIIBAAAAAAABIgEAAAAAAAFiAQAAAAAAAiIBAAAAAAACogEAAAAAAAGiBQAAAAAAAcIFAAAAAAAB4gUAAAAAAAIiBQAAAAAAAkIFAAAAAAAD4gUAAAAAAAACCQAAAAAAACIJAAAAAAAAQgkAAAAAAAHiCQAAAAAAA+IJAAAAAAAAQg0AAAAAAAHiDQAAAAAAA0INAAAAAAAAohEAAAAAAAKCEQAAAAAAAqIRAAAAAAACwhEAAAAAAAPCEQAAAAAAA+IRAAAAAAAAghUAAAAAAAECFQAAAAAAAUIVAAAAAAAB4hUAAAAAAAICFQAAAAAAAiIVAAAAAAACQhUAAAAAAAJiFQAAAAAAA0IVAAAAAAAAIhkAAAAAAAECGQAAAAAAAkIZAAAAAAACohkAAAAAAALCGQAAAAAAA+IZAAAAAAAAAh0AAAAAAAAiHQAAAAAAAEIdAAAAAAAAgh0AAAAAAADiHQAAAAAAAQIdAAAAAAABIh0AAAAAAAFCHQAAAAAAAYIdAAAAAAACQh0AAAAAAAJiHQAAAAAAAqIdAAAAAAAC4h0AAAAAAAMiHQAAAAAAA2IdAAAAAAAAYiEAAAAAAACCIQAAAAAAAKIhAAAAAAABIiEAAAAAAAHCIQAAAAAAAqIhAAAAAAACwiEAAAAAAALiIQAAAAAAAAIlAAAAAAAAQiUAAAAAAADCJQAAAAAAAUIlAAAAAAABoiUAAAAAAAIiJQAAAAAAAmIlAAAAAAAC4iUAAAAAAAMiJQAAAAAAA6IlAAAAAAAAwikAAAAAAAHCKQAAAAAAAeIpAAAAAAACIikAAAAAAAJCKQAAAAAAAmIpAAAAAAACgikAAAAAAANiKQAAAAAAA6IpAAAAAAAAojEAAAAAAADCMQAAAAAAAUIxAAAAAAAC4jEAAAAAAABiNQAAAAAAAoI1AAAAAAACojUAAAAAAALCNQAAAAAAAuI1AAAAAAADwjUAAAAAAAPiNQAAAAAAAAI5AAAAAAAAIjkAAAAAAABCOQAAAAAAAUI5AAAAAAABgjkAAAAAAAFCPQAAAAAAAaI9AAAAAAADAj0AAAAAAAByQQAAAAAAAIJBAAAAAAABkkEAAAAAAAGiQQAAAAAAAbJBAAAAAAABwkEAAAAAAAJCQQAAAAAAAwJBAAAAAAADQkEAAAAAAANSQQAAAAAAAlJFAAAAAAACskUAAAAAAAOCRQAAAAAAAKJJAAAAAAAAskkAAAAAAADCSQAAAAAAANJJAAAAAAABMkkAAAAAAAHySQAAAAAAA/JJAAAAAAAAIk0AAAAAAABCTQAAAAAAAQJNAAAAAAABEk0AAAAAAAEiTQAAAAAAATJNAAAAAAABYlEAAAAAAAFyUQAAAAAAAoJRAAAAAAACklEAAAAAAAKSUQAAAAAAAqJRAAAAAAAAQlUAAAAAAADiVQAAAAAAAPJVAAAAAAACAlUAAAAAAAISVQAAAAAAAlJVAAAAAAADIlUAAAAAAAMyVQAAAAAAA0JVAAAAAAADUlUAAAAAAAJSWQAAAAAAAoJZAAAAAAAColkAAAAAAANyWQAAAAAAA7JZAAAAAAADwlkAAAAAAAAyXQAAAAAAADJdAAAAAAAAUl0AAAAAAACSXQAAAAAAALJdAAAAAAABUl0AAAAAAAFiXQAAAAAAAXJdAAAAAAABgl0A=</data>
					</mzArrayBinary>
					<intenArrayBinary>
						<data precision="64" endian="little" length="187">AAAAAAC8oEAAAAAAAEKiQAAAAAAAEJNAAAAAAADokkAAAAAAAI6rQAAAAAAAxJ9AAAAAAABAoUAAAAAAACXCQAAAAAAAhbhAAAAAAABGt0AAAAAAAAiBQAAAAAAAKJRAAAAAAAADtkAAAAAAABSTQAAAAAAAiJNAAAAAAADkx0AAAAAAALi/QAAAAAAAqqJAAAAAAAAAdEAAAAAAAGCzQAAAAAAA0KxAAAAAAAAvzUAAAAAAAMCZQAAAAACAUtxAAAAAAABiskAAAAAAAN7RQAAAAACAGMFAAAAAAACIhEAAAAAAAHWyQAAAAAAAtM1AAAAAAACcn0AAAAAAAFiLQAAAAAAAGIJAAAAAAACbsEAAAAAAMO32QAAAAABgVOFAAAAAAAA0kkAAAAAAALSgQAAAAADA2NhAAAAAAKBD90AAAAAAwIjXQAAAAAAAcqlAAAAAAADUqkAAAAAAAOScQAAAAAAAIKVAAAAAAAASpUAAAAAAAGSSQAAAAAAAkq9AAAAAAAAQiEAAAAAAANzTQAAAAAAAZJNAAAAAAADUlUAAAAAAAECUQAAAAAAAhJtAAAAAAAA4lkAAAAAAAGiKQAAAAAAACKNAAAAAAACE30AAAAAAsDHyQAAAAACAgN9AAAAAAADeqkAAAAAAACqqQAAAAAAAKqBAAAAAAAA+skAAAAAAALKhQAAAAAAAmJFAAAAAAAC2yUAAAAAAADyxQAAAAAAAkJxAAAAAAADfwEAAAAAAAGaiQAAAAAAAJLZAAAAAAADIlkAAAAAAAE22QAAAAAAANqVAAAAAAIDIwEAAAAAAAMW7QAAAAAAAtKxAAAAAAABQfkAAAAAAAHCqQAAAAAAAUKpAAAAAAABggEAAAAAAAMiTQAAAAAAA/JFAAAAAAODn+0AAAAAAoObhQAAAAACAi8RAAAAAAAAipUAAAAAAAMyYQAAAAABg0PdAAAAAAEC/5EAAAAAAAEGyQAAAAACAZctAAAAAAAA4gkAAAAAAAEqiQAAAAADAINNAAAAAAADouEAAAAAAAIiEQAAAAAAAHK9AAAAAAABqoEAAAAAAAOB5QAAAAAAAbbFAAAAAAAA5v0AAAAAAAP6gQAAAAABAHuhAAAAAAACYjkAAAAAAAD6pQAAAAACAX8xAAAAAAABMkEAAAAAAAIXFQAAAAABA9dJAAAAAAAB0r0AAAAAAAM6jQAAAAAAAWJBAAAAAAACMkEAAAAAAACqhQAAAAABo8xFBAAAAAHALBEEAAAAAQObqQAAAAAAAEItAAAAAAADDsEAAAAAAAHqoQAAAAAAAKKNAAAAAAADYl0AAAAAAANXEQAAAAAAAzJpAAAAAAIAu30AAAAAAADS0QAAAAAAArJ5AAAAAAABAsEAAAAAAAPiBQAAAAAAA4ItAAAAAAEgIC0EAAAAAuDAAQQAAAAAAMdxAAAAAAADcmEAAAAAAABSQQAAAAAAA77JAAAAAAABqq0AAAAAAAP+2QAAAAABABdVAAAAAAMDw2UAAAAAAAPW7QAAAAAAg9PlAAAAAAICq3EAAAAAAgGHfQAAAAAAAKblAAAAAAABcokAAAAAAAC/RQAAAAAAA/LVAAAAAAAATskAAAAAAAJCdQAAAAAAAOKFAAAAAAIDPyUAAAAAAgJHVQAAAAAAAn8ZAAAAAAADQlkAAAAAAgNzGQAAAAAAATLRAAAAAAABOvkAAAAAAgCbLQAAAAAAAJJpAAAAAAABEn0AAAAAAAMy2QAAAAAAAIqNAAAAAAACioUAAAAAAAIykQAAAAADAhddAAAAAAACdsEAAAAAAAMq0QAAAAAAAzKxAAAAAAABQjkAAAAAAAPySQAAAAAAAgHZAAAAAAABdsEAAAAAAAKiCQAAAAAAARJ5AAAAAAAC4gEAAAAAAAO3BQAAAAAAAwKVAAAAAAABBvkAAAAAAALyYQAAAAACAitdAAAAAAEB83kAAAAAAwLrYQAAAAACgpO9AAAAAAICeykA=</data>
					</intenArrayBinary>
				</spectrum>
				<spectrum id="35">
					<spectrumDesc>
						<spectrumSettings>
							<spectrumInstrument mzRangeStop="1584.0" mzRangeStart="368.0" msLevel="2" />
						</spectrumSettings>
						<precursorList count="1">
							<precursor msLevel="1" spectrumRef="0">
								<ionSelection>
									<cvParam cvLabel="PSI" accession="PSI:1000041" name="ChargeState" value="2" />
									<cvParam cvLabel="PSI" accession="PSI:1000040" name="MassToChargeRatio" value="898" />
								</ionSelection>
								<activation />
							</precursor>
						</precursorList>
						<comments>Not identified</comments>
					</spectrumDesc>
					<mzArrayBinary>
						<data precision="64" endian="little" length="174">AAAAAAAAd0AAAAAAAFB3QAAAAAAAYHhAAAAAAABAeUAAAAAAAPB7QAAAAAAAAHxAAAAAAACgfEAAAAAAAMB8QAAAAAAAEH1AAAAAAABAf0AAAAAAAFB/QAAAAAAAYH9AAAAAAABggEAAAAAAAOiAQAAAAAAAAIFAAAAAAAAYgUAAAAAAALiBQAAAAAAAIIJAAAAAAABQgkAAAAAAAOCCQAAAAAAA+IJAAAAAAADAg0AAAAAAAMiDQAAAAAAA0INAAAAAAADgg0AAAAAAABCEQAAAAAAAoIRAAAAAAADIhEAAAAAAAPiEQAAAAAAAAIVAAAAAAAAIhUAAAAAAABCFQAAAAAAAIIVAAAAAAAAohUAAAAAAAJCFQAAAAAAAmIVAAAAAAACghUAAAAAAAAiGQAAAAAAAuIZAAAAAAADYhkAAAAAAAOCGQAAAAAAAEIdAAAAAAAAgh0AAAAAAADCHQAAAAAAAOIdAAAAAAABAh0AAAAAAAFCHQAAAAAAAWIdAAAAAAAC4h0AAAAAAALiHQAAAAAAAwIdAAAAAAADIh0AAAAAAANiHQAAAAAAAEIhAAAAAAAAwiEAAAAAAADiIQAAAAAAAQIhAAAAAAABIiEAAAAAAAFCIQAAAAAAAWIhAAAAAAABgiEAAAAAAAICIQAAAAAAAiIhAAAAAAADIiEAAAAAAAPCIQAAAAAAA+IhAAAAAAAAYiUAAAAAAAFiJQAAAAAAAYIlAAAAAAABoiUAAAAAAAICJQAAAAAAAoIlAAAAAAACwiUAAAAAAALCJQAAAAAAAwIlAAAAAAADoiUAAAAAAABCKQAAAAAAAGIpAAAAAAABQikAAAAAAAFiKQAAAAAAAiIpAAAAAAACgikAAAAAAALCKQAAAAAAAuIpAAAAAAADIikAAAAAAAOCKQAAAAAAA+IpAAAAAAAAoi0AAAAAAADCLQAAAAAAAOItAAAAAAABAi0AAAAAAAEiLQAAAAAAAcItAAAAAAACAi0AAAAAAAIiLQAAAAAAAoItAAAAAAAC4i0AAAAAAAMCLQAAAAAAAyItAAAAAAADQi0AAAAAAANiLQAAAAAAA4ItAAAAAAABIjEAAAAAAAFCMQAAAAAAAkIxAAAAAAAAAjUAAAAAAAAiNQAAAAAAAGI1AAAAAAAAojUAAAAAAAGCNQAAAAAAAmI1AAAAAAADYjUAAAAAAAOCNQAAAAAAA+I1AAAAAAAAAjkAAAAAAAGiOQAAAAAAAcI5AAAAAAACwjkAAAAAAALiOQAAAAAAAwI5AAAAAAADIjkAAAAAAAPCOQAAAAAAAOI9AAAAAAABAj0AAAAAAAEiPQAAAAAAAUI9AAAAAAABYj0AAAAAAAGCPQAAAAAAAqI9AAAAAAADQj0AAAAAAANiPQAAAAAAA6I9AAAAAAADwj0AAAAAAADCQQAAAAAAAPJBAAAAAAABIkEAAAAAAAGyQQAAAAAAAlJBAAAAAAAC0kEAAAAAAALyQQAAAAAAAwJBAAAAAAAD8kEAAAAAAAASRQAAAAAAAQJFAAAAAAABEkUAAAAAAAEiRQAAAAAAATJFAAAAAAABQkUAAAAAAAKCRQAAAAAAAuJFAAAAAAADEkUAAAAAAAOSRQAAAAAAA8JFAAAAAAAAokkAAAAAAAFCSQAAAAAAAmJJAAAAAAACkkkAAAAAAAASTQAAAAAAA+JNAAAAAAAD8k0AAAAAAAICUQAAAAAAAqJRAAAAAAADIlEAAAAAAAMyUQAAAAAAA0JRAAAAAAAAMlUAAAAAAABiVQAAAAAAAVJVAAAAAAACwlUAAAAAAACyWQAAAAAAAwJdAAAAAAADsl0AAAAAAADiYQAAAAAAAwJhA</data>
					</mzArrayBinary>
					<intenArrayBinary>
						<data precision="64" endian="little" length="174">AAAAAIB1w0AAAAAAABXNQAAAAABAR+NAAAAAAIDI4EAAAAAACC0BQQAAAACAocxAAAAAAABCtUAAAAAAAOHFQAAAAABAEtxAAAAAAMDD1EAAAAAAAO27QAAAAAAA5LlAAAAAAIAOwkAAAAAAAMnBQAAAAAAArdJAAAAAAACZuUAAAAAAAPfLQAAAAAAAi9NAAAAAAAChzkAAAAAAAEi8QAAAAACA7MJAAAAAAID0wUAAAAAAwHvtQAAAAAAAeNJAAAAAAICS4UAAAAAAIMvlQAAAAACAR9pAAAAAAMCa2EAAAAAAwGnfQAAAAACALcxAAAAAAIDN0kAAAAAAIPziQAAAAADAhOpAAAAAAMDV1EAAAAAAQNgSQQAAAACQ//FAAAAAAEAn50AAAAAAgO/VQAAAAACg7+5AAAAAAKDv7UAAAAAAAO3AQAAAAABACuJAAAAAAID1y0AAAAAAAAzkQAAAAACArMFAAAAAAIAwzUAAAAAAYDHzQAAAAAAAADBAAAAAAODW4UAAAAAA4GnhQAAAAABgq+9AAAAAAEBV4UAAAAAAQB3UQAAAAAAAVr1AAAAAAGA59UAAAAAA4EftQAAAAACwLPFAAAAAAM/UMEEAAAAA4EsMQQAAAAAQE/ZAAAAAAMCJ6EAAAAAAQDjeQAAAAABArNNAAAAAAACTzkAAAAAAAMraQAAAAADAedtAAAAAAIBj5EAAAAAAYBvnQAAAAAAAUshAAAAAAECl00AAAAAAYBnpQAAAAAAAgL1AAAAAAKDZ8EAAAAAAAAAIQAAAAAAAQflAAAAAACDZ6EAAAAAAoJ/gQAAAAAAAAPA/AAAAAMBG2UAAAAAAAK/PQAAAAABArt5AAAAAAACI0EAAAAAAQPfaQAAAAAAAAABAAAAAAEBt10AAAAAA4DbnQAAAAABAw9xAAAAAAAB/z0AAAAAAoHvgQAAAAAAAACxAAAAAAKAK4kAAAAAAkO/yQAAAAAAAw8xAAAAAAKAY7kAAAAAAAAAAQAAAAADANdlAAAAAAHB690AAAAAAYAH0QAAAAABAafdAAAAAAOjCFEEAAAAA4G3uQAAAAAAAAPA/AAAAAIgOAEEAAAAAAMDVQAAAAAAA+r9AAAAAAACqvkAAAAAAgAjZQAAAAABAXtdAAAAAAICH4EAAAAAAQL7VQAAAAAAgxvJAAAAAAIC8yUAAAAAAALzhQAAAAADAitBAAAAAAIAhzkAAAAAAwMDcQAAAAACAbMlAAAAAAADe6EAAAAAAgKPcQAAAAABAh9JAAAAAAACKzUAAAAAAAOndQAAAAADgc+pAAAAAADjRCEEAAAAA4MEHQQAAAACwnv9AAAAAAKgPB0EAAAAAAJnrQAAAAAAANMpAAAAAAOCd8EAAAAAAYBHhQAAAAAAgTeZAAAAAAACl2kAAAAAAQH3gQAAAAAAAS8VAAAAAAADGu0AAAAAAANm3QAAAAAAAoeBAAAAAAACEzEAAAAAAwDfXQAAAAACAGMdAAAAAAEB/2kAAAAAAwLnnQAAAAADAX9FAAAAAAICAxEAAAAAAgDvcQAAAAAAgjeFAAAAAAIB33UAAAAAAoFrkQAAAAAAA3MtAAAAAAKBg4UAAAAAAgCLAQAAAAAAgI+JAAAAAAMAN3EAAAAAAANHDQAAAAAAAY7VAAAAAAACJyUAAAAAAgHnGQAAAAABg5OFAAAAAAMAC3EAAAAAAwCzSQAAAAAAA7tRAAAAAALAi9kAAAAAAwJ7yQAAAAAAArMVAAAAAAMDt20AAAAAA4ODkQAAAAAAAPMhAAAAAAKCE5EAAAAAAgCXbQAAAAACAMehAAAAAAACm0kAAAAAAQLXZQAAAAAAA5dFA</data>
					</intenArrayBinary>
				</spectrum>
				<spectrum id="36">
					<spectrumDesc>
						<spectrumSettings>
							<spectrumInstrument mzRangeStop="1271.0" mzRangeStart="232.0" msLevel="2" />
						</spectrumSettings>
						<precursorList count="1">
							<precursor msLevel="1" spectrumRef="0">
								<ionSelection>
									<cvParam cvLabel="PSI" accession="PSI:1000041" name="ChargeState" value="3" />
									<cvParam cvLabel="PSI" accession="PSI:1000040" name="MassToChargeRatio" value="637" />
								</ionSelection>
								<activation />
							</precursor>
						</precursorList>
						<comments>Identified</comments>
					</spectrumDesc>
					<mzArrayBinary>
						<data precision="64" endian="little" length="153">AAAAAAAAbUAAAAAAAOBtQAAAAAAAQHBAAAAAAABQcEAAAAAAAHByQAAAAAAAgHNAAAAAAACwdUAAAAAAAOB1QAAAAAAAMHdAAAAAAACQd0AAAAAAAKB3QAAAAAAAcHhAAAAAAACQeEAAAAAAAMB6QAAAAAAAcHxAAAAAAACwfEAAAAAAAPB8QAAAAAAAAH1AAAAAAAAAfUAAAAAAAJB9QAAAAAAAIH5AAAAAAAAwfkAAAAAAAEB+QAAAAAAAUH5AAAAAAABgfkAAAAAAAOB+QAAAAAAAAH9AAAAAAAAQf0AAAAAAALB/QAAAAAAAAIBAAAAAAACQgEAAAAAAAMCAQAAAAAAA0IBAAAAAAADogEAAAAAAAACBQAAAAAAAGIFAAAAAAAAogUAAAAAAAEiBQAAAAAAAUIFAAAAAAABggUAAAAAAANiBQAAAAAAA4IFAAAAAAAAogkAAAAAAAECCQAAAAAAASIJAAAAAAABQgkAAAAAAAGiCQAAAAAAAcIJAAAAAAAB4gkAAAAAAAICCQAAAAAAAkIJAAAAAAACYgkAAAAAAAKCCQAAAAAAAqIJAAAAAAACwgkAAAAAAALiCQAAAAAAAwIJAAAAAAADIgkAAAAAAANiCQAAAAAAA6IJAAAAAAADwgkAAAAAAADiDQAAAAAAAGIRAAAAAAAAwhEAAAAAAADiEQAAAAAAAQIRAAAAAAABYhEAAAAAAAGCEQAAAAAAAaIRAAAAAAACAhEAAAAAAAJCEQAAAAAAAoIRAAAAAAACohEAAAAAAAGCFQAAAAAAA6IVAAAAAAADwhUAAAAAAAPiFQAAAAAAAeIZAAAAAAAAAh0AAAAAAALiHQAAAAAAAyIdAAAAAAAAIiEAAAAAAABCIQAAAAAAAGIhAAAAAAAAwiEAAAAAAADiIQAAAAAAAUIhAAAAAAADoiEAAAAAAAOiIQAAAAAAAGIlAAAAAAAAgiUAAAAAAACiJQAAAAAAAMIlAAAAAAABwiUAAAAAAAHiJQAAAAAAAgIlAAAAAAACIiUAAAAAAAMCJQAAAAAAAyIlAAAAAAADQiUAAAAAAAACKQAAAAAAACIpAAAAAAAAQikAAAAAAACiKQAAAAAAAKIpAAAAAAAAwikAAAAAAADiKQAAAAAAAWIpAAAAAAABoikAAAAAAAHCKQAAAAAAAsIpAAAAAAADAikAAAAAAAAiLQAAAAAAAQItAAAAAAABIi0AAAAAAAHiLQAAAAAAAiItAAAAAAACgi0AAAAAAAKiLQAAAAAAAyItAAAAAAADQi0AAAAAAABCMQAAAAAAAEIxAAAAAAAAojEAAAAAAAPiMQAAAAAAAAI1AAAAAAABojUAAAAAAAHiNQAAAAAAAiI1AAAAAAACQjUAAAAAAAJiNQAAAAAAAoI1AAAAAAAAYjkAAAAAAACCOQAAAAAAAQI5AAAAAAABIjkAAAAAAAHiOQAAAAAAAyI5AAAAAAAAIj0AAAAAAAFiPQAAAAAAAsI9AAAAAAAAQkEAAAAAAABSQQAAAAAAA0JBAAAAAAADckEAAAAAAAFCSQAAAAAAAkJJAAAAAAADUkkAAAAAAANiSQAAAAAAA4JJAAAAAAADokkAAAAAAAAiTQAAAAAAA3JNA</data>
					</mzArrayBinary>
					<intenArrayBinary>
						<data precision="64" endian="little" length="153">AAAAAMCHFUEAAAAA2DgRQQAAAABooCJBAAAAAAAAFEAAAAAAoBYQQQAAAACgYQtBAAAAABBE8kAAAAAASK8TQQAAAAAoqg1BAAAAADSaJkEAAAAAsEb3QAAAAADQ7whBAAAAAMCiGEEAAAAAIArzQAAAAABoaxBBAAAAACDHHUEAAAAAjEMbQQAAAABQMQVBAAAAAPjDF0EAAAAA9mMhQQAAAADU/jBBAAAAAPowKUEAAAAAkPj/QAAAAABorRBBAAAAAAAAUEAAAAAAwBP6QAAAAADwrhNBAAAAABjFBEEAAAAA1GUaQQAAAAAaNyFBAAAAAKiwCkEAAAAAYP/8QAAAAAByrCVBAAAAAGwYFEEAAAAAMOkpQQAAAADguRlBAAAAAPPaMUEAAAAAGD4vQQAAAACA1fdAAAAAACCJAkEAAAAAuKkVQQAAAAA44ghBAAAAABASAEEAAAAAdJkfQQAAAABw0hRBAAAAALibBUEAAADA7X1lQQAAAIBpokVBAAAAAEpdIUEAAAAAhx41QQAAAICRU0BBAAAAAPhyRkEAAAAAQC0WQQAAAADI7BRBAAAAAOgOCEEAAAAAoDryQAAAAIA7BlZBAAAAAHgqJEEAAAAAWKsEQQAAAADwPfxAAAAAABwIJUEAAAAAEPoGQQAAAADA8xFBAAAAAD34QUEAAAAAQDEPQQAAAADA4d1AAAAAgFwXQUEAAACAG7dOQQAAAAAAgElAAAAAAKjuD0EAAAAA0D/3QAAAAIC0S0ZBAAAAAED67UAAAAAAOPEGQQAAAADgFwNBAAAAgElyQkEAAAAAwKXiQAAAAAAwmAZBAAAAAIisBEEAAAAAGAMJQQAAAADUuB1BAAAAACYvOUEAAAAAFHYbQQAAAAAAACpAAAAAAJimDUEAAAAAAABEQAAAAACwAhdBAAAAAHx/EEEAAAAAAIBHQAAAAICqfkxBAAAAAMu5PEEAAAAARDYaQQAAAADQgPpAAAAAAP7TIUEAAAAAZP8YQQAAAAAYvCJBAAAAAIyyIEEAAAAAwDVgQQAAAAAJazRBAAAAAAAAYEAAAAAA6GEiQQAAAADcqBpBAAAAAECD+UAAAAAAKD4PQQAAAABKISBBAAAAANhXEEEAAAAAoP77QAAAAADoqQZBAAAAAAQRJEEAAAAA8AAEQQAAAABISxBBAAAAADxDFUEAAAAA3JIXQQAAAAA2hSBBAAAAAMjXFkEAAAAAwBoAQQAAAACwuhpBAAAAADSRFUEAAAAAKNIFQQAAAACDpDBBAAAAACDWCUEAAAAASGwIQQAAAAAQ4v5AAAAAAGDXCEEAAAAA5sgrQQAAAAD0ohVBAAAAAJjvCkEAAAAALEQVQQAAAAAUuC5BAAAAAJXjNUEAAAAAAAAqQAAAAAAQk/tAAAAAAODa60AAAAAAsO36QAAAAABA8PZAAAAAABDsEUEAAAAAAJD2QAAAAACEXBJBAAAAADC8/EAAAAAAOFEFQQAAAAAQbvRAAAAAAGC1A0EAAAAAJDASQQAAAABg1f1AAAAAAHCcDEEAAAAAxDQQQQAAAAD8hRVBAAAAABB99UAAAAAAMOsTQQAAAADYQBFBAAAAAHheCEEAAAAAoDEKQQAAAAAkChBB</data>
					</intenArrayBinary>
				</spectrum>
				<spectrum id="37">
					<spectrumDesc>
						<spectrumSettings>
							<spectrumInstrument mzRangeStop="537.0" mzRangeStart="222.0" msLevel="2" />
						</spectrumSettings>
						<precursorList count="1">
							<precursor msLevel="1" spectrumRef="0">
								<ionSelection>
									<cvParam cvLabel="PSI" accession="PSI:1000041" name="ChargeState" value="1" />
									<cvParam cvLabel="PSI" accession="PSI:1000040" name="MassToChargeRatio" value="519" />
								</ionSelection>
								<activation />
							</precursor>
						</precursorList>
						<comments>Not identified</comments>
					</spectrumDesc>
					<mzArrayBinary>
						<data precision="64" endian="little" length="37">AAAAAADAa0AAAAAAAKBsQAAAAAAAwG1AAAAAAADAbUAAAAAAAKBwQAAAAAAAkHFAAAAAAACgcUAAAAAAAEByQAAAAAAAYHJAAAAAAACAckAAAAAAAIByQAAAAAAAkHJAAAAAAACgckAAAAAAALByQAAAAAAAwHJAAAAAAABQdUAAAAAAAGB2QAAAAAAAYHZAAAAAAAAweUAAAAAAAHB5QAAAAAAA8HlAAAAAAADweUAAAAAAAGB6QAAAAAAA0HpAAAAAAADwfEAAAAAAAKB9QAAAAAAAQH5AAAAAAABwfkAAAAAAAJB+QAAAAAAA8H5AAAAAAABgf0AAAAAAAAiAQAAAAAAAMIBAAAAAAABAgEAAAAAAAEiAQAAAAAAAwIBAAAAAAADIgEA=</data>
					</mzArrayBinary>
					<intenArrayBinary>
						<data precision="64" endian="little" length="37">AAAAAAAIokAAAAAAABStQAAAAAAAUrtAAAAAAICpxEAAAAAAAJCVQAAAAACAkfNAAAAAAABHyUAAAAAAAAa5QAAAAAAACJRAAAAAAABEs0AAAAAAwHXbQAAAAACAqddAAAAAAORqJEEAAAAAAJiVQAAAAAAAaJpAAAAAAAD7sEAAAAAAAK3KQAAAAACAlt9AAAAAAABGpkAAAAAAAOiRQAAAAACAmOlAAAAAAAAA8D8AAAAAALalQAAAAAAAEI5AAAAAAABGpkAAAAAAAHB5QAAAAAAAxJRAAAAAAAAklEAAAAAAADaiQAAAAAAA5JhAAAAAAAS3EkEAAAAAAKSgQAAAAAAAtLJAAAAAAICExEAAAAAAACu0QAAAAAAAeJhAAAAAAADEp0A=</data>
					</intenArrayBinary>
				</spectrum>
				<spectrum id="38">
					<spectrumDesc>
						<spectrumSettings>
							<spectrumInstrument mzRangeStop="1345.0" mzRangeStart="676.0" msLevel="2" />
						</spectrumSettings>
						<precursorList count="1">
							<precursor msLevel="1" spectrumRef="0">
								<ionSelection>
									<cvParam cvLabel="PSI" accession="PSI:1000041" name="ChargeState" value="1" />
									<cvParam cvLabel="PSI" accession="PSI:1000040" name="MassToChargeRatio" value="1256" />
								</ionSelection>
								<activation />
							</precursor>
						</precursorList>
						<comments>Not identified</comments>
					</spectrumDesc>
					<mzArrayBinary>
						<data precision="64" endian="little" length="31">AAAAAAAghUAAAAAAAEiHQAAAAAAAaIhAAAAAAABIiUAAAAAAAHiKQAAAAAAA4IxAAAAAAACojUAAAAAAALCNQAAAAAAAAI5AAAAAAABokEAAAAAAAHiQQAAAAAAArJBAAAAAAACYkUAAAAAAAMCRQAAAAAAA+JFAAAAAAAAckkAAAAAAAEiSQAAAAAAAcJJAAAAAAACgkkAAAAAAAKiSQAAAAAAAuJJAAAAAAADkkkAAAAAAAPCSQAAAAAAABJNAAAAAAAAQk0AAAAAAACyTQAAAAAAAUJNAAAAAAABYk0AAAAAAANCTQAAAAAAA3JNAAAAAAAAElUA=</data>
					</mzArrayBinary>
					<intenArrayBinary>
						<data precision="64" endian="little" length="31">AAAAAADBsUAAAAAAAHiNQAAAAAAAuJBAAAAAAABYnEAAAAAAAOyhQAAAAAAApJ5AAAAAAABgnEAAAAAAAFiEQAAAAAAAebNAAAAAAAAIrEAAAAAAAMagQAAAAACAcsBAAAAAAAAvt0AAAAAAAD6wQAAAAAAA/K5AAAAAAACer0AAAAAAgCrOQAAAAAAAlKBAAAAAAADolUAAAAAAACu4QAAAAAAAwJFAAAAAAABGoUAAAAAAgKPNQAAAAAAAmI9AAAAAAABMkEAAAAAAgIzFQAAAAAAAHbBAAAAAAABcqEAAAAAAAOiaQAAAAAAAbqBAAAAAAAAIiEA=</data>
					</intenArrayBinary>
				</spectrum>
				<spectrum id="39">
					<spectrumDesc>
						<spectrumSettings>
							<spectrumInstrument mzRangeStop="1064.0" mzRangeStart="167.0" msLevel="2" />
						</spectrumSettings>
						<precursorList count="1">
							<precursor msLevel="1" spectrumRef="0">
								<ionSelection>
									<cvParam cvLabel="PSI" accession="PSI:1000041" name="ChargeState" value="2" />
									<cvParam cvLabel="PSI" accession="PSI:1000040" name="MassToChargeRatio" value="588" />
								</ionSelection>
								<activation />
							</precursor>
						</precursorList>
						<comments>Not identified</comments>
					</spectrumDesc>
					<mzArrayBinary>
						<data precision="64" endian="little" length="140">AAAAAADgZEAAAAAAAABlQAAAAAAAoGhAAAAAAACgaEAAAAAAAGBqQAAAAAAAoGpAAAAAAABAa0AAAAAAAMBrQAAAAAAAIGxAAAAAAABAbEAAAAAAAOBsQAAAAAAAYG5AAAAAAACAbkAAAAAAAKBuQAAAAAAAAG9AAAAAAACgcEAAAAAAAEBxQAAAAAAAsHFAAAAAAACAckAAAAAAABBzQAAAAAAAoHNAAAAAAACAdEAAAAAAADB1QAAAAAAAMHVAAAAAAABAdUAAAAAAAFB1QAAAAAAAoHVAAAAAAABQdkAAAAAAAGB2QAAAAAAAcHZAAAAAAADQdkAAAAAAAOB2QAAAAAAAkHdAAAAAAACQd0AAAAAAALB3QAAAAAAA8HhAAAAAAABgeUAAAAAAAMB5QAAAAAAA4HlAAAAAAADweUAAAAAAAHB6QAAAAAAAkHpAAAAAAABwe0AAAAAAALB7QAAAAAAAMHxAAAAAAACgfEAAAAAAAMB8QAAAAAAAQH1AAAAAAABQfUAAAAAAALB9QAAAAAAAwH1AAAAAAADQfUAAAAAAADB+QAAAAAAAQH5AAAAAAADAfkAAAAAAAOB+QAAAAAAA4H5AAAAAAADAf0AAAAAAAOB/QAAAAAAAEIBAAAAAAAB4gEAAAAAAAKCAQAAAAAAAsIBAAAAAAAC4gEAAAAAAAMCAQAAAAAAA6IBAAAAAAAAIgUAAAAAAAEiBQAAAAAAAUIFAAAAAAADIgUAAAAAAANiBQAAAAAAA2IFAAAAAAADwgUAAAAAAAPiBQAAAAAAAGIJAAAAAAAAggkAAAAAAACCCQAAAAAAAKIJAAAAAAAAwgkAAAAAAAJCCQAAAAAAAmIJAAAAAAACggkAAAAAAAPiCQAAAAAAAcINAAAAAAACIg0AAAAAAAJiDQAAAAAAAcIRAAAAAAADAhEAAAAAAAMiEQAAAAAAAyIRAAAAAAABIhUAAAAAAAFCFQAAAAAAAWIVAAAAAAABghUAAAAAAAIiFQAAAAAAAkIVAAAAAAAAghkAAAAAAACiGQAAAAAAAMIZAAAAAAAAgh0AAAAAAAECIQAAAAAAAcIhAAAAAAADIiEAAAAAAAOiIQAAAAAAAWIlAAAAAAABgiUAAAAAAAJiJQAAAAAAAKIpAAAAAAAAwikAAAAAAADiKQAAAAAAAkIpAAAAAAAAIjEAAAAAAAJiMQAAAAAAAoIxAAAAAAACwjEAAAAAAACCNQAAAAAAAKI1AAAAAAAAwjUAAAAAAAGiNQAAAAAAAeI1AAAAAAACwjUAAAAAAALiNQAAAAAAAwI1AAAAAAADIjUAAAAAAAPCNQAAAAAAA+I1AAAAAAAAgjkAAAAAAACiOQAAAAAAAEI9AAAAAAABIj0AAAAAAAKCPQAAAAAAAEJBAAAAAAAAUkEAAAAAAABiQQAAAAAAAHJBAAAAAAAAckEAAAAAAAFSQQAAAAAAAWJBAAAAAAACYkEAAAAAAAKCQQA==</data>
					</mzArrayBinary>
					<intenArrayBinary>
						<data precision="64" endian="little" length="140">AAAAAMDF00AAAAAAwMHhQAAAAAAwvfBAAAAAAMDw10AAAAAAwBrbQAAAAABAKeRAAAAAAIBdyUAAAAAAoG3iQAAAAACgM/RAAAAAAAAz1EAAAAAAAFzEQAAAAABAgd9AAAAAAGDx4UAAAAAAAIbIQAAAAACA68NAAAAAAIDBxEAAAAAAgMLOQAAAAAAADslAAAAAACDr40AAAAAAgDLHQAAAAACgsepAAAAAAADnvEAAAAAAAP7pQAAAAAAgVuFAAAAAAAAAAEAAAAAAwBvoQAAAAAAAybFAAAAAAGB37UAAAAAAgCzqQAAAAAAAsMVAAAAAAGB38UAAAAAAAJzCQAAAAAC4DhRBAAAAAAAAKEAAAAAAwC7QQAAAAACAx9hAAAAAAABUwUAAAAAAgDjCQAAAAACAEcJAAAAAAAAOzUAAAAAAAJbDQAAAAABQOvNAAAAAAADTzEAAAAAAKGULQQAAAACAAcFAAAAAAEAq1EAAAAAAYJThQAAAAACw2PlAAAAAAFBA80AAAAAAAK7FQAAAAADAdORAAAAAAAC4vUAAAAAAwOTeQAAAAAAAAAhAAAAAAECx0EAAAAAAcJLzQAAAAAAAAPA/AAAAAACsrUAAAAAAgKLOQAAAAAAATq9AAAAAAAC0pUAAAAAAQBbnQAAAAACAPcFAAAAAAACGt0AAAAAAAI22QAAAAAAAy9ZAAAAAAICdyEAAAAAAwA3lQAAAAAAAbLpAAAAAAGBF4kAAAAAAkO0TQQAAAAAAAAhAAAAAAADwuEAAAAAAgKLDQAAAAAAARNtAAAAAAGDL6kAAAAAAAEqwQAAAAADAvehAAAAAAEAb0EAAAAAAAG/eQAAAAABI2gVBAAAAAMDu7kAAAAAAANi9QAAAAAAAX7pAAAAAAEAb0kAAAAAAAMW6QAAAAAAAQ8xAAAAAAMA24EAAAAAAINPqQAAAAAAAAAhAAAAAAAAGoUAAAAAAAJSqQAAAAACAYcdAAAAAAEAD50AAAAAAACWwQAAAAAAAaqVAAAAAAGAr9UAAAAAAIMACQQAAAADAQdJAAAAAAMB93kAAAAAAQJPQQAAAAABATNpAAAAAAACwv0AAAAAAADjJQAAAAAAAqNFAAAAAAAD+ykAAAAAAgGPdQAAAAADgi+xAAAAAAOCg4UAAAAAAgOPKQAAAAAAAhbxAAAAAAADgxUAAAAAAgKPbQAAAAAAA2LpAAAAAAADg1EAAAAAAAJXHQAAAAAAgqvFAAAAAAOCQ50AAAAAAANSsQAAAAAAA6cpAAAAAAABjz0AAAAAAwF8eQQAAAADYUAtBAAAAALh/A0EAAAAAwHfkQAAAAADg2OpAAAAAAAA0zkAAAAAAwOjYQAAAAAAAwdVAAAAAAADlykAAAAAAAKi+QAAAAAAA3rFAAAAAAMAC2kAAAAAAgFDVQAAAAACAw9xAAAAAAAAA8D8AAAAAwAraQAAAAAAAisdAAAAAACA87kAAAAAAoFThQA==</data>
					</intenArrayBinary>
				</spectrum>
				<spectrum id="40">
					<spectrumDesc>
						<spectrumSettings>
							<spectrumInstrument mzRangeStop="1389.0" mzRangeStart="250.0" msLevel="2" />
						</spectrumSettings>
						<precursorList count="1">
							<precursor msLevel="1" spectrumRef="0">
								<ionSelection>
									<cvParam cvLabel="PSI" accession="PSI:1000041" name="ChargeState" value="3" />
									<cvParam cvLabel="PSI" accession="PSI:1000040" name="MassToChargeRatio" value="769" />
								</ionSelection>
								<activation />
							</precursor>
						</precursorList>
						<comments>Not identified</comments>
					</spectrumDesc>
					<mzArrayBinary>
						<data precision="64" endian="little" length="148">AAAAAABAb0AAAAAAAEBwQAAAAAAAIHFAAAAAAAAwcUAAAAAAAKBxQAAAAAAAEHJAAAAAAABQckAAAAAAAFByQAAAAAAAwHJAAAAAAADwckAAAAAAACBzQAAAAAAAMHRAAAAAAACAdEAAAAAAANB0QAAAAAAA4HRAAAAAAADgdUAAAAAAAIB2QAAAAAAAIHhAAAAAAAAweEAAAAAAAEB4QAAAAAAAcHlAAAAAAAAQekAAAAAAACB6QAAAAAAAEHtAAAAAAAAwe0AAAAAAAEB7QAAAAAAA0HtAAAAAAAAwfEAAAAAAAAB9QAAAAAAAAH1AAAAAAADQfUAAAAAAAPB9QAAAAAAAQH5AAAAAAABQfkAAAAAAAGB+QAAAAAAAwH5AAAAAAADQfkAAAAAAAAB/QAAAAAAAQH9AAAAAAABAf0AAAAAAAFB/QAAAAAAAcH9AAAAAAABIgEAAAAAAAHCAQAAAAAAA6IBAAAAAAABQgUAAAAAAAKiBQAAAAAAAWIJAAAAAAABYg0AAAAAAAGiDQAAAAAAAcINAAAAAAAB4g0AAAAAAAKiDQAAAAAAAsINAAAAAAAC4g0AAAAAAAMCDQAAAAAAA+INAAAAAAABIhEAAAAAAAFCEQAAAAAAAWIRAAAAAAACIhEAAAAAAANCEQAAAAAAA2IRAAAAAAAAYhUAAAAAAAFCFQAAAAAAAYIVAAAAAAACIhkAAAAAAAKiGQAAAAAAAsIZAAAAAAAC4hkAAAAAAADiHQAAAAAAAQIdAAAAAAABwh0AAAAAAAHCHQAAAAAAAeIdAAAAAAACAh0AAAAAAAMCHQAAAAAAA4IdAAAAAAABIiEAAAAAAAFCIQAAAAAAA2IhAAAAAAADgiEAAAAAAAOiIQAAAAAAAQIpAAAAAAACoikAAAAAAALCKQAAAAAAAuIpAAAAAAAA4i0AAAAAAAECLQAAAAAAAKIxAAAAAAABojEAAAAAAAJiMQAAAAAAAoIxAAAAAAACojEAAAAAAADCNQAAAAAAAKI5AAAAAAAAwjkAAAAAAADiOQAAAAAAAeI5AAAAAAABYj0AAAAAAAGCPQAAAAAAA0I9AAAAAAADYj0AAAAAAANiPQAAAAAAA4I9AAAAAAADoj0AAAAAAAPCPQAAAAAAAOJBAAAAAAAA8kEAAAAAAAECQQAAAAAAAQJBAAAAAAABckEAAAAAAAIiQQAAAAAAAjJBAAAAAAACUkEAAAAAAAKiQQAAAAAAAyJBAAAAAAADMkEAAAAAAANCQQAAAAAAA1JBAAAAAAAAMkUAAAAAAAFCRQAAAAAAAhJFAAAAAAAC0kUAAAAAAALyRQAAAAAAA/JFAAAAAAAAAkkAAAAAAAFCSQAAAAAAAYJJAAAAAAABskkAAAAAAAEiTQAAAAAAAWJNAAAAAAABck0AAAAAAAGCTQAAAAAAAgJNAAAAAAACEk0AAAAAAAMCTQAAAAAAAxJNAAAAAAACYlEAAAAAAAJyUQAAAAAAAwJRAAAAAAADQlEAAAAAAAAiVQAAAAAAADJVAAAAAAABMlUAAAAAAAEyVQAAAAAAAYJVAAAAAAAC0lUA=</data>
					</mzArrayBinary>
					<intenArrayBinary>
						<data precision="64" endian="little" length="148">AAAAAADx2UAAAAAAAJ3ZQAAAAADIXQhBAAAAALB39kAAAAAAQA3nQAAAAADAqf1AAAAAAHB8/kAAAAAAkC/zQAAAAACADOtAAAAAAGAi6kAAAAAAwCXcQAAAAAAYJAFBAAAAAAAE00AAAAAAgFDTQAAAAABAN+VAAAAAACAhBkEAAAAAYMzlQAAAAAAwT/hAAAAAAICL/kAAAAAAQCXtQAAAAABA/PhAAAAAAEBn5UAAAAAA4K3uQAAAAADgBuNAAAAAAJASAEEAAAAAIBzoQAAAAABQFfpAAAAAAECk4kAAAAAAuPcEQQAAAAAAAAhAAAAAAEDw6EAAAAAAQKrrQAAAAADg9vNAAAAAAICE50AAAAAAIH7uQAAAAABgcvhAAAAAAGCh8UAAAAAA8JzzQAAAAABYDAdBAAAAALAk/kAAAAAAQGPcQAAAAAAA6OVAAAAAAEDB5EAAAAAAYODkQAAAAABA9NNAAAAAAJgLCkEAAAAAoG35QAAAAAAg4P9AAAAAABZaIkEAAAAAWAsBQQAAAAAgLQ5BAAAAAAAAOEAAAAAAwF3nQAAAAACIHQZBAAAAAKBvBUEAAAAAAAAIQAAAAACASf5AAAAAAOiKB0EAAAAA4NHuQAAAAABghvRAAAAAAICz30AAAAAAPH8QQQAAAACQ9ftAAAAAABB490AAAAAAsKH3QAAAAABAb+RAAAAAAAA370AAAAAA8FEBQQAAAACAn81AAAAAACAf4UAAAAAAAhQhQQAAAABIwwlBAAAAAECV+0AAAAAAAAAQQAAAAACYqABBAAAAAIB400AAAAAAwPL7QAAAAABA0upAAAAAAADb/0AAAAAAoEXrQAAAAAAAk/NAAAAAAIDD6UAAAAAAIDz4QAAAAADA/dxAAAAAAOBsCEEAAAAAoKcCQQAAAABge/lAAAAAAPwOH0EAAAAANPkSQQAAAACgwfdAAAAAACBy8UAAAAAAMFT0QAAAAACgyuJAAAAAAEBu10AAAAAAQHkPQQAAAADgoudAAAAAAGDU6kAAAAAAYLbmQAAAAADgVORAAAAAAIDJ50AAAAAAUEsPQQAAAACYBA9BAAAAAIAf40AAAAAAAPz7QAAAAACAFQFBAAAAADD7CEEAAAAAsIH+QAAAAACA6/NAAAAAAOD6/UAAAAAA8IH+QAAAAAAAADFAAAAAAOAh5UAAAAAAYCHhQAAAAADAkPBAAAAAAGCw9UAAAAAA4FriQAAAAAAALfFAAAAAABbnNkEAAAAAgp0mQQAAAAAANRRBAAAAAEA52kAAAAAAAFrVQAAAAAAgcetAAAAAAEAU2kAAAAAA8I4HQQAAAABkqRFBAAAAAIDQ50AAAAAAoKfpQAAAAADAZeVAAAAAAGg2AEEAAAAAwCX1QAAAAADY+RJBAAAAAOjIBEEAAAAAAMTvQAAAAABAqPFAAAAAAACK40AAAAAAIFQcQQAAAACUDRJBAAAAAOC560AAAAAAMDz8QAAAAABACtlAAAAAAMAa6EAAAAAA/CsQQQAAAAAAAAhAAAAAAMAj50AAAAAAcID+QAAAAADAqetAAAAAAIDo50A=</data>
					</intenArrayBinary>
				</spectrum>
				<spectrum id="41">
					<spectrumDesc>
						<spectrumSettings>
							<spectrumInstrument mzRangeStop="1276.0" mzRangeStart="200.0" msLevel="2" />
						</spectrumSettings>
						<precursorList count="1">
							<precursor msLevel="1" spectrumRef="0">
								<ionSelection>
									<cvParam cvLabel="PSI" accession="PSI:1000041" name="ChargeState" value="2" />
									<cvParam cvLabel="PSI" accession="PSI:1000040" name="MassToChargeRatio" value="637" />
								</ionSelection>
								<activation />
							</precursor>
						</precursorList>
						<comments>Identified</comments>
					</spectrumDesc>
					<mzArrayBinary>
						<data precision="64" endian="little" length="213">AAAAAAAAaUAAAAAAAKBrQAAAAAAAYGxAAAAAAADgbEAAAAAAACBtQAAAAAAAIG1AAAAAAADAbkAAAAAAAABvQAAAAAAAEHBAAAAAAABAcEAAAAAAAGBwQAAAAAAAIHFAAAAAAABAcUAAAAAAAHByQAAAAAAAcHJAAAAAAACAckAAAAAAAPBzQAAAAAAAAHZAAAAAAABwd0AAAAAAAIB3QAAAAAAAkHdAAAAAAACAeUAAAAAAAEB6QAAAAAAAwHpAAAAAAABQe0AAAAAAALB7QAAAAAAAIHxAAAAAAAAwfEAAAAAAAJB8QAAAAAAAsHxAAAAAAADAfEAAAAAAANB8QAAAAAAA8HxAAAAAAAAAfUAAAAAAABB9QAAAAAAAcH1AAAAAAACAfUAAAAAAAIB9QAAAAAAAkH1AAAAAAACgfUAAAAAAAPB9QAAAAAAAEH5AAAAAAAAgfkAAAAAAADB+QAAAAAAAQH5AAAAAAABAfkAAAAAAAOB+QAAAAAAAAH9AAAAAAAAQf0AAAAAAACB/QAAAAAAAQH9AAAAAAACgf0AAAAAAAACAQAAAAAAACIBAAAAAAAAYgEAAAAAAACCAQAAAAAAASIBAAAAAAACQgEAAAAAAAJCAQAAAAAAAoIBAAAAAAACogEAAAAAAAMCAQAAAAAAA2IBAAAAAAADggEAAAAAAAOiAQAAAAAAAAIFAAAAAAAAIgUAAAAAAACCBQAAAAAAAKIFAAAAAAAAogUAAAAAAADCBQAAAAAAASIFAAAAAAABIgUAAAAAAAFiBQAAAAAAAYIFAAAAAAADYgUAAAAAAAOCBQAAAAAAACIJAAAAAAAAYgkAAAAAAACCCQAAAAAAAMIJAAAAAAABIgkAAAAAAAFCCQAAAAAAAYIJAAAAAAABogkAAAAAAAHCCQAAAAAAAeIJAAAAAAACAgkAAAAAAAJCCQAAAAAAAmIJAAAAAAACggkAAAAAAAKiCQAAAAAAAwIJAAAAAAADIgkAAAAAAANCCQAAAAAAA2IJAAAAAAADggkAAAAAAAOiCQAAAAAAA8IJAAAAAAADwgkAAAAAAAACDQAAAAAAAKINAAAAAAAA4g0AAAAAAAECDQAAAAAAASINAAAAAAACIg0AAAAAAAJiDQAAAAAAAsINAAAAAAADAg0AAAAAAABCEQAAAAAAAMIRAAAAAAAA4hEAAAAAAAFiEQAAAAAAAYIRAAAAAAABohEAAAAAAAHCEQAAAAAAAeIRAAAAAAACIhEAAAAAAAKCEQAAAAAAAqIRAAAAAAACwhEAAAAAAAGCFQAAAAAAAaIVAAAAAAABwhUAAAAAAAKCFQAAAAAAAwIVAAAAAAADghUAAAAAAAOiFQAAAAAAA8IVAAAAAAAD4hUAAAAAAAACGQAAAAAAAeIZAAAAAAACAhkAAAAAAAGCHQAAAAAAAoIdAAAAAAAAQiEAAAAAAABCIQAAAAAAAMIhAAAAAAABAiEAAAAAAAPCIQAAAAAAAAIlAAAAAAAAAiUAAAAAAABiJQAAAAAAAIIlAAAAAAAAoiUAAAAAAAHiJQAAAAAAAgIlAAAAAAACAiUAAAAAAAMCJQAAAAAAAyIlAAAAAAADQiUAAAAAAANiJQAAAAAAAAIpAAAAAAAAIikAAAAAAABCKQAAAAAAAIIpAAAAAAAAoikAAAAAAADiKQAAAAAAAWIpAAAAAAABoikAAAAAAALiKQAAAAAAAgItAAAAAAACAi0AAAAAAAIiLQAAAAAAAyItAAAAAAADQi0AAAAAAAAiMQAAAAAAAEIxAAAAAAAAwjEAAAAAAAIiMQAAAAAAAqIxAAAAAAAD4jEAAAAAAAACNQAAAAAAACI1AAAAAAACIjUAAAAAAAJCNQAAAAAAAmI1AAAAAAACwjUAAAAAAAPiNQAAAAAAAEI5AAAAAAAAYjkAAAAAAACCOQAAAAAAAyI5AAAAAAAAAj0AAAAAAAAiPQAAAAAAAEI9AAAAAAAAQkEAAAAAAABSQQAAAAAAAIJBAAAAAAABEkEAAAAAAAIyQQAAAAAAAkJBAAAAAAAC8kEAAAAAAAOyQQAAAAAAAFJFAAAAAAABEkUAAAAAAAEiRQAAAAAAAjJFAAAAAAACokUAAAAAAANiRQAAAAAAACJJAAAAAAAAckkAAAAAAAEiSQAAAAAAAUJJAAAAAAACQkkAAAAAAAJSSQAAAAAAAmJJAAAAAAADUkkAAAAAAANiSQAAAAAAA3JJAAAAAAADgkkAAAAAAALyTQAAAAAAA8JNA</data>
					</mzArrayBinary>
					<intenArrayBinary>
						<data precision="64" endian="little" length="213">AAAAAEDr10AAAAAAAJ7RQAAAAAAAR91AAAAAAACw20AAAAAAkATwQAAAAADAsuhAAAAAAECW3EAAAAAAQFLaQAAAAADAmOhAAAAAAPCX90AAAAAACO0BQQAAAABA99lAAAAAAMD73kAAAAAAmIoGQQAAAAAAADJAAAAAAFBs/EAAAAAAAH3UQAAAAADAiOFAAAAAAECc40AAAAAAILbnQAAAAADgyPZAAAAAAECt30AAAAAAgOnHQAAAAAAAEMxAAAAAAODq4kAAAAAA4PD1QAAAAAAwp/VAAAAAAAAA8D8AAAAA0AHwQAAAAAAgSOhAAAAAAOB6BEEAAAAA8Ob9QAAAAACAZddAAAAAAHizGEEAAAAAAIBIQAAAAACAuMdAAAAAAAA84UAAAAAAoEvlQAAAAAB4DwNBAAAAAAAJ6kAAAAAAYOPyQAAAAAAAG9NAAAAAAOhtD0EAAAAA0HUBQQAAAAAAAPA/AAAAAKAk8EAAAAAAwELbQAAAAACQ7wNBAAAAAJCM90AAAAAAoCjlQAAAAACA8cxAAAAAAMCi3kAAAAAAaCcBQQAAAADgX+NAAAAAAICh30AAAAAAwGvpQAAAAABAuNJAAAAAAGCaAkEAAAAAAGnTQAAAAABgxfJAAAAAAMCu5kAAAAAAIMrmQAAAAABgZflAAAAAAFAsBUEAAAAAAAAwQAAAAABwuwlBAAAAAEDg8EAAAAAAAAjJQAAAAAAAw9dAAAAAAEwtGkEAAAAAAADwPwAAAADg1+5AAAAAAAAA8D8AAAAA0Ln5QAAAAAAAADBAAAAAAEhpAUEAAAAA4FfoQAAAAACAG95AAAAAAODK9EAAAAAAAB/YQAAAAADw6vJAAAAAAJCC+EAAAAAAsAz4QAAAAABQkv1AAAAAAD86T0EAAAAAeNsyQQAAAACcrRFBAAAAAABP2UAAAAAAKscpQQAAAACAdxJBAAAAAJDZ9kAAAAAAAAAkQAAAAADwySBBAAAAACSUK0EAAAAAAGDGQAAAAAC0XRdBAAAAAPjmB0EAAAAAgA3GQAAAAACEQBpBAAAAAAAAAEAAAAAAYBfjQAAAAADguOBAAAAAAEAw4UAAAAAAQM7XQAAAAACAttVAAAAAAACq50AAAAAAgDvXQAAAAAAg/uNAAAAAACBr+kAAAAAAPDEQQQAAAADYWBxBAAAAAFimA0EAAAAAwGwhQQAAAACwaBVBAAAAAJBMCUEAAAAAQHPyQAAAAAAAWONAAAAAAGAQ60AAAAAAXlwvQQAAAADMLBlBAAAAAAAAMUAAAAAA0Dn9QAAAAADgkO1AAAAAAAAACEAAAAAAQETXQAAAAABA0NNAAAAAADAv9kAAAAAAgN/HQAAAAACYtRdBAAAAADB1AkEAAAAAgGLZQAAAAACAme5AAAAAAEBh7UAAAAAAgDnTQAAAAAAAQ8xAAAAAADgbH0EAAAAAAMvsQAAAAADAVNpAAAAAAEBA3kAAAAAAAB3WQAAAAACgMulAAAAAAMCY2EAAAAAASYYyQQAAAAAYYg1BAAAAAAAAEEAAAAAAwKLsQAAAAAAQvQRBAAAAAOAn7UAAAAAAEVFBQQAAAADcjidBAAAAAFCD/UAAAAAAAAAAQAAAAADAdwFBAAAAAPhkAUEAAAAAIBfyQAAAAADAMNlAAAAAAIAW30AAAAAAQMrfQAAAAAAgqexAAAAAAFjqA0EAAAAAoOXvQAAAAAAoQANBAAAAAEAX00AAAAAAsETzQAAAAACY6QFBAAAAAFAw8UAAAAAAwDjTQAAAAACwJvpAAAAAAOD95UAAAAAAwLfjQAAAAAAgXQFBAAAAAHCS/UAAAAAAQE7xQAAAAAAAhNxAAAAAAPgqHkEAAAAAGD0HQQAAAACgwfFAAAAAAOBr9EAAAAAA4P7qQAAAAACA78tAAAAAAIAiBkEAAAAAcE7+QAAAAABgBOFAAAAAAOAp6UAAAAAAAAAuQAAAAAAAcdBAAAAAADB88UAAAAAAUOHzQAAAAABApuRAAAAAAIDm0kAAAAAAYIf+QAAAAAAAtdlAAAAAAAAgz0AAAAAAMObzQAAAAAAAldZAAAAAAJCp/0AAAAAAwGEBQQAAAABgOeFAAAAAAEBx1UAAAAAAYHLrQAAAAAAQif9AAAAAAEB75kAAAAAAIEbqQAAAAAAwZ/RAAAAAAMB07kAAAAAAIHDhQAAAAADgpu1AAAAAAADT80AAAAAA8FIPQQAAAAAAACBAAAAAAOAL4UAAAAAAoCTkQAAAAACANdBA</data>
					</intenArrayBinary>
				</spectrum>
				<spectrum id="42">
					<spectrumDesc>
						<spectrumSettings>
							<spectrumInstrument mzRangeStop="1102.0" mzRangeStart="222.0" msLevel="2" />
						</spectrumSettings>
						<precursorList count="1">
							<precursor msLevel="1" spectrumRef="0">
								<ionSelection>
									<cvParam cvLabel="PSI" accession="PSI:1000041" name="ChargeState" value="1" />
									<cvParam cvLabel="PSI" accession="PSI:1000040" name="MassToChargeRatio" value="611" />
								</ionSelection>
								<activation />
							</precursor>
						</precursorList>
						<comments>Not identified</comments>
					</spectrumDesc>
					<mzArrayBinary>
						<data precision="64" endian="little" length="49">AAAAAADAa0AAAAAAAGBtQAAAAAAAwG1AAAAAAAAAbkAAAAAAALBwQAAAAAAAsHBAAAAAAADQcEAAAAAAAPBwQAAAAAAAoHFAAAAAAADAcUAAAAAAANBxQAAAAAAAoHJAAAAAAAAgdkAAAAAAAEB2QAAAAAAAUHZAAAAAAABQdkAAAAAAABB3QAAAAAAAIHdAAAAAAABQd0AAAAAAAPB5QAAAAAAAQHpAAAAAAAAwe0AAAAAAAJB+QAAAAAAAoH5AAAAAAADAf0AAAAAAABCAQAAAAAAAIIBAAAAAAAAogEAAAAAAANiBQAAAAAAA4IFAAAAAAADogUAAAAAAAPiBQAAAAAAAAIJAAAAAAAAwgkAAAAAAAFiCQAAAAAAAWIJAAAAAAACQgkAAAAAAAMCCQAAAAAAA6IJAAAAAAACYg0AAAAAAAAiFQAAAAAAAgIdAAAAAAACQh0AAAAAAABCIQAAAAAAAmIhAAAAAAACQikAAAAAAAMCKQAAAAAAAYI9AAAAAAAA4kUA=</data>
					</mzArrayBinary>
					<intenArrayBinary>
						<data precision="64" endian="little" length="49">AAAAAABNtUAAAAAAAHe7QAAAAADAsOBAAAAAAADRskAAAAAAQAPXQAAAAAAAABBAAAAAAMDZ1EAAAAAAANKrQAAAAAAA1rRAAAAAAECr/UAAAAAAwOzdQAAAAACAz+hAAAAAAIAzFEEAAAAA4HH9QAAAAAAwofNAAAAAAAAA8D8AAAAAAEfLQAAAAACAyt9AAAAAAIAZx0AAAAAAYAvjQAAAAACAlMhAAAAAAIBw1EAAAAAAwBPZQAAAAABAv9lAAAAAAADIyEAAAAAAgFziQAAAAACAPehAAAAAAAAA8D8AAAAAMAYxQQAAAACkxhZBAAAAAMBm0UAAAAAAAF21QAAAAACAlMJAAAAAAMD03kAAAAAAAMvdQAAAAAAArqVAAAAAAMAV1EAAAAAAgPPNQAAAAAAA47tAAAAAAICzwEAAAAAAAK3HQAAAAACAo8xAAAAAAABr0kAAAAAAQEjgQAAAAAAAF7pAAAAAAMBd00AAAAAAgHnbQAAAAAAArb9AAAAAAIDyykA=</data>
					</intenArrayBinary>
				</spectrum>
				<spectrum id="43">
					<spectrumDesc>
						<spectrumSettings>
							<spectrumInstrument mzRangeStop="1271.0" mzRangeStart="231.0" msLevel="2" />
						</spectrumSettings>
						<precursorList count="1">
							<precursor msLevel="1" spectrumRef="0">
								<ionSelection>
									<cvParam cvLabel="PSI" accession="PSI:1000041" name="ChargeState" value="3" />
									<cvParam cvLabel="PSI" accession="PSI:1000040" name="MassToChargeRatio" value="709" />
								</ionSelection>
								<activation />
							</precursor>
						</precursorList>
						<comments>Identified</comments>
					</spectrumDesc>
					<mzArrayBinary>
						<data precision="64" endian="little" length="138">AAAAAADgbEAAAAAAAIBuQAAAAAAAIHBAAAAAAAAwcEAAAAAAAGBwQAAAAAAAQHFAAAAAAABgc0AAAAAAAMB1QAAAAAAAgHZAAAAAAACQdkAAAAAAAKB2QAAAAAAAMHhAAAAAAABweEAAAAAAANB5QAAAAAAAIHpAAAAAAADQekAAAAAAABB7QAAAAAAAEHxAAAAAAACwfEAAAAAAANB9QAAAAAAA4H1AAAAAAADAf0AAAAAAANB/QAAAAAAA0H9AAAAAAAAQgEAAAAAAAMCAQAAAAAAA0IBAAAAAAAD4gEAAAAAAAACBQAAAAAAAEIFAAAAAAABYgUAAAAAAAGCBQAAAAAAAuIFAAAAAAADogUAAAAAAAPCBQAAAAAAAAIJAAAAAAAAIgkAAAAAAABiCQAAAAAAAIIJAAAAAAAAogkAAAAAAAHCCQAAAAAAAeIJAAAAAAAB4gkAAAAAAALiCQAAAAAAAwIJAAAAAAAAAg0AAAAAAAAiDQAAAAAAAEINAAAAAAACwg0AAAAAAAPCDQAAAAAAAkIRAAAAAAACYhEAAAAAAAMiEQAAAAAAA2IRAAAAAAAAghUAAAAAAADCFQAAAAAAAOIVAAAAAAABAhUAAAAAAAKCFQAAAAAAAqIVAAAAAAADghUAAAAAAAPiFQAAAAAAAgIZAAAAAAACIhkAAAAAAAJCGQAAAAAAAEIdAAAAAAABQh0AAAAAAAJiHQAAAAAAAoIdAAAAAAADIh0AAAAAAADCIQAAAAAAAEIlAAAAAAAAgiUAAAAAAADiJQAAAAAAASIlAAAAAAABQiUAAAAAAAJiJQAAAAAAAoIlAAAAAAACoiUAAAAAAAMiJQAAAAAAA0IlAAAAAAADYiUAAAAAAACiKQAAAAAAAMIpAAAAAAAA4ikAAAAAAADiKQAAAAAAAyIpAAAAAAABIi0AAAAAAAEiLQAAAAAAAeItAAAAAAACIi0AAAAAAANCLQAAAAAAA2ItAAAAAAADgi0AAAAAAAPCLQAAAAAAAMIxAAAAAAAA4jEAAAAAAAECMQAAAAAAAYIxAAAAAAABojEAAAAAAAHCMQAAAAAAAQI1AAAAAAABIjUAAAAAAAFiNQAAAAAAAWI1AAAAAAABojUAAAAAAANCNQAAAAAAA2I1AAAAAAAAAj0AAAAAAADSQQAAAAAAAOJBAAAAAAAA8kEAAAAAAAGiQQAAAAAAAbJBAAAAAAAB8kEAAAAAAAICQQAAAAAAAhJBAAAAAAACwkEAAAAAAALSQQAAAAAAAuJBAAAAAAADckEAAAAAAAFSRQAAAAAAAWJFAAAAAAADAkUAAAAAAAMSRQAAAAAAAyJFAAAAAAAD8kUAAAAAAAAiSQAAAAAAADJJAAAAAAAAQkkAAAAAAABSSQAAAAAAAvJJAAAAAAAD8kkAAAAAAAACTQAAAAAAABJNAAAAAAAAIk0AAAAAAANiTQAAAAAAA3JNA</data>
					</mzArrayBinary>
					<intenArrayBinary>
						<data precision="64" endian="little" length="138">AAAAAKAW50AAAAAAQAH1QAAAAABoJQNBAAAAAAAAAEAAAAAAVKEWQQAAAAAw//VAAAAAAIA3+EAAAAAAgErnQAAAAABgIOxAAAAAADg6AEEAAAAAgNYBQQAAAADAnutAAAAAAOAM+EAAAAAAkF7wQAAAAADAgtpAAAAAAMDF6EAAAAAAIO/zQAAAAADAT+FAAAAAACCV9UAAAAAAoGj3QAAAAAA0GhRBAAAAAOydGUEAAAAAsBrxQAAAAADgluJAAAAAAOAK9kAAAAAAYGnmQAAAAABgrf5AAAAAAMDY5kAAAAAA4JD/QAAAAAAwMwBBAAAAAABN30AAAAAAWAQIQQAAAABgW+1AAAAAANAh8UAAAAAAYCDmQAAAAAAYgABBAAAAAIB7z0AAAAAAubw4QQAAAADAvP9AAAAAAMAG6kAAAAAAMJjyQAAAAAAQRx1BAAAAAAC11UAAAAAACL8KQQAAAAAwxvRAAAAAABU9TEEAAAAAfuQpQQAAAACghuZAAAAAAMBi3EAAAAAAULLyQAAAAABYmA1BAAAAAACAQUAAAAAAsOv4QAAAAADAfAdBAAAAAAC+30AAAAAAYtArQQAAAAAohQRBAAAAAAjFD0EAAAAACKUPQQAAAADgPORAAAAAAMB020AAAAAAgKcAQQAAAACYCgtBAAAAABidCkEAAAAAAAA5QAAAAADAePxAAAAAAICd/EAAAAAAaBcHQQAAAAAQ5/hAAAAAAACB9EAAAAAAoMz4QAAAAABgVvZAAAAAAEDM3UAAAAAAMPbwQAAAAACgnORAAAAAAABV9EAAAAAANDkbQQAAAADQrANBAAAAAAAAIEAAAAAADDAQQQAAAACIMAdBAAAAAAAANEAAAAAA6C4FQQAAAADgqRBBAAAAAAAAFEAAAAAAQJ3SQAAAAAA47AVBAAAAAFCFAEEAAAAAAAAYQAAAAABgXP9AAAAAAHgvAkEAAAAA0Pf4QAAAAAAgTvdAAAAAAHAQ8UAAAAAAYIDsQAAAAADQBAVBAAAAAEAR2UAAAAAAwJT9QAAAAABgBONAAAAAAOAp6kAAAAAAwMPzQAAAAADAov5AAAAAAOC+AUEAAAAA8GH3QAAAAAB0TxJBAAAAAHAdB0EAAAAAkNMKQQAAAADAKd9AAAAAAKDq80AAAAAAaAgFQQAAAACIXBNBAAAAAMhADEEAAAAA0CgCQQAAAAAILApBAAAAAGhvBUEAAAAAgI/kQAAAAACgIOBAAAAAACCBKkEAAAAA/IQSQQAAAAAAAAhAAAAAAPCC+0AAAAAAQCHUQAAAAADQxPNAAAAAAGgeCEEAAAAAwFX2QAAAAAAgpehAAAAAALA7+EAAAAAAYLoMQQAAAABIUAlBAAAAAECYA0EAAAAAAADwPwAAAAAACdpAAAAAAP7KJ0EAAAAA2tMiQQAAAADUShlBAAAAAEAs9kAAAAAAQIrdQAAAAABghwVB</data>
					</intenArrayBinary>
				</spectrum>
				<spectrum id="44">
					<spectrumDesc>
						<spectrumSettings>
							<spectrumInstrument mzRangeStop="1036.0" mzRangeStart="209.0" msLevel="2" />
						</spectrumSettings>
						<precursorList count="1">
							<precursor msLevel="1" spectrumRef="0">
								<ionSelection>
									<cvParam cvLabel="PSI" accession="PSI:1000041" name="ChargeState" value="3" />
									<cvParam cvLabel="PSI" accession="PSI:1000040" name="MassToChargeRatio" value="593" />
								</ionSelection>
								<activation />
							</precursor>
						</precursorList>
						<comments>Not identified</comments>
					</spectrumDesc>
					<mzArrayBinary>
						<data precision="64" endian="little" length="101">AAAAAAAgakAAAAAAAABrQAAAAAAAIG5AAAAAAAAgb0AAAAAAALBwQAAAAAAA0HBAAAAAAACAcUAAAAAAAKBxQAAAAAAAoHFAAAAAAADAcUAAAAAAALByQAAAAAAAoHNAAAAAAACQdEAAAAAAADB1QAAAAAAAIHZAAAAAAAAwdkAAAAAAAIB2QAAAAAAA4HZAAAAAAAAgd0AAAAAAAFB3QAAAAAAA4HdAAAAAAADweUAAAAAAAJB6QAAAAAAAwHpAAAAAAADQekAAAAAAAEB7QAAAAAAAkHtAAAAAAADAe0AAAAAAANB7QAAAAAAA8HtAAAAAAAAwfEAAAAAAAJB8QAAAAAAAMH1AAAAAAADgfUAAAAAAAPB9QAAAAAAAIH5AAAAAAABAfkAAAAAAAHB+QAAAAAAA0H5AAAAAAAAAf0AAAAAAADB/QAAAAAAAYH9AAAAAAABwf0AAAAAAAHB/QAAAAAAA4H9AAAAAAAAIgEAAAAAAADCAQAAAAAAASIBAAAAAAABogEAAAAAAAKCAQAAAAAAAyIBAAAAAAAAAgUAAAAAAAAiBQAAAAAAAKIFAAAAAAAA4gUAAAAAAAEiBQAAAAAAAUIFAAAAAAABggUAAAAAAAHiBQAAAAAAAiIFAAAAAAACYgUAAAAAAAKiBQAAAAAAAsIFAAAAAAADYgUAAAAAAAPiBQAAAAAAAAIJAAAAAAAAwgkAAAAAAAFCCQAAAAAAAeIJAAAAAAACQgkAAAAAAAGCFQAAAAAAAsIVAAAAAAABQhkAAAAAAAIiHQAAAAAAA4IdAAAAAAACIiEAAAAAAAJCIQAAAAAAAoIhAAAAAAADgiEAAAAAAAOiIQAAAAAAAUIlAAAAAAABYiUAAAAAAAKiJQAAAAAAAEIpAAAAAAAAwikAAAAAAAECKQAAAAAAAWIpAAAAAAADIikAAAAAAACCLQAAAAAAAUIxAAAAAAABwjEAAAAAAAKCMQAAAAAAA2IxAAAAAAABIjUAAAAAAAKiNQAAAAAAAwI5AAAAAAADQjkAAAAAAALCPQAAAAAAAuI9AAAAAAADQj0AAAAAAADCQQA==</data>
					</mzArrayBinary>
					<intenArrayBinary>
						<data precision="64" endian="little" length="101">AAAAAAAcmEAAAAAAAGiWQAAAAAAArKBAAAAAAADEmkAAAAAAAC+3QAAAAAAAQKNAAAAAAACAbEAAAAAAAPycQAAAAAAA4ItAAAAAAACAvEAAAAAAANCdQAAAAAAAUIZAAAAAAAAQnUAAAAAAANiLQAAAAAAAoIFAAAAAAOBP5EAAAAAAAEiFQAAAAAAAMIlAAAAAAABwpkAAAAAAAPiwQAAAAAAASKFAAAAAAAA4hEAAAAAAAH3DQAAAAAAAgqRAAAAAAAD4gEAAAAAAAFSeQAAAAAAAmIBAAAAAAABYn0AAAAAAAASvQAAAAAAAMI9AAAAAAACgvUAAAAAAAIidQAAAAAAAuI9AAAAAAADSrEAAAAAAAKOxQAAAAAAAQqNAAAAAAIBbwkAAAAAAAOidQAAAAAAAlbFAAAAAAABmqEAAAAAAAFCGQAAAAAAAUJNAAAAAAAAooEAAAAAAAOiUQAAAAAAAgJFAAAAAAADImkAAAAAAAGquQAAAAAAAYI9AAAAAAAAolEAAAAAAAEiwQAAAAAAA7J1AAAAAAACvvkAAAAAAADbCQAAAAAAAFJpAAAAAAABmskAAAAAAAGSpQAAAAAAAeJtAAAAAAAB2rkAAAAAAAOarQAAAAAAAzJVAAAAAAADEqEAAAAAAAH6hQAAAAAAAtJZAAAAAAAAztEAAAAAAAIe0QAAAAAAAoJFAAAAAAAA9sEAAAAAAAPSWQAAAAAAARJdAAAAAAAD6qkAAAAAAAJCGQAAAAAAAwrBAAAAAAABInEAAAAAAACiwQAAAAAAAnqZAAAAAAABUl0AAAAAAAGyXQAAAAAAANqBAAAAAAABOpEAAAAAAAA6mQAAAAAAASJ9AAAAAAAAInUAAAAAAAAiVQAAAAAAAvJNAAAAAAACUl0AAAAAAAHaxQAAAAAAAwJxAAAAAAAD0mkAAAAAAAEisQAAAAAAAqJJAAAAAAACImEAAAAAAAMKnQAAAAAAAiJpAAAAAAADIikAAAAAAAHyRQAAAAAAAGLBAAAAAAADWpUAAAAAAAJiRQAAAAAAA5J1AAAAAAADcnkAAAAAAADqiQA==</data>
					</intenArrayBinary>
				</spectrum>
				<spectrum id="45">
					<spectrumDesc>
						<spectrumSettings>
							<spectrumInstrument mzRangeStop="1425.0" mzRangeStart="219.0" msLevel="2" />
						</spectrumSettings>
						<precursorList count="1">
							<precursor msLevel="1" spectrumRef="0">
								<ionSelection>
									<cvParam cvLabel="PSI" accession="PSI:1000041" name="ChargeState" value="3" />
									<cvParam cvLabel="PSI" accession="PSI:1000040" name="MassToChargeRatio" value="769" />
								</ionSelection>
								<activation />
							</precursor>
						</precursorList>
						<comments>Not identified</comments>
					</spectrumDesc>
					<mzArrayBinary>
						<data precision="64" endian="little" length="267">AAAAAABga0AAAAAAAOBtQAAAAAAAgG5AAAAAAADgbkAAAAAAAKBvQAAAAAAAEHBAAAAAAAAgcUAAAAAAADBxQAAAAAAAQHFAAAAAAADwcUAAAAAAAAByQAAAAAAAUHJAAAAAAABwckAAAAAAAMByQAAAAAAAwHJAAAAAAADgckAAAAAAAABzQAAAAAAAIHNAAAAAAABwc0AAAAAAACB0QAAAAAAAIHRAAAAAAABAdEAAAAAAAFB0QAAAAAAAYHRAAAAAAADgdEAAAAAAAPB0QAAAAAAAIHVAAAAAAACQdUAAAAAAAOB1QAAAAAAA4HVAAAAAAAAAdkAAAAAAACB2QAAAAAAAEHdAAAAAAABgd0AAAAAAADB4QAAAAAAAQHhAAAAAAABgeUAAAAAAAHB5QAAAAAAAEHpAAAAAAAAgekAAAAAAADB7QAAAAAAAQHtAAAAAAADAe0AAAAAAANB7QAAAAAAA4HtAAAAAAAAwfEAAAAAAAFB8QAAAAAAAkHxAAAAAAACwfEAAAAAAAPB8QAAAAAAAAH1AAAAAAAAQfUAAAAAAAGB9QAAAAAAAoH1AAAAAAACwfUAAAAAAAMB9QAAAAAAA4H1AAAAAAAAAfkAAAAAAAAB+QAAAAAAAIH5AAAAAAACwfkAAAAAAAMB+QAAAAAAA4H5AAAAAAAAAf0AAAAAAAEB/QAAAAAAAUH9AAAAAAABgf0AAAAAAAIB/QAAAAAAAkH9AAAAAAADQf0AAAAAAAOB/QAAAAAAAQIBAAAAAAABQgUAAAAAAAGiBQAAAAAAAqIFAAAAAAACwgUAAAAAAANCBQAAAAAAA2IFAAAAAAADwgUAAAAAAAPiBQAAAAAAAEIJAAAAAAAAggkAAAAAAADCCQAAAAAAASIJAAAAAAAB4gkAAAAAAAICCQAAAAAAAmIJAAAAAAACogkAAAAAAAOiCQAAAAAAAGINAAAAAAAAgg0AAAAAAADCDQAAAAAAAQINAAAAAAABYg0AAAAAAAGCDQAAAAAAAcINAAAAAAAB4g0AAAAAAAJCDQAAAAAAAqINAAAAAAACwg0AAAAAAALiDQAAAAAAA0INAAAAAAADwg0AAAAAAAPiDQAAAAAAAAIRAAAAAAABIhEAAAAAAAFCEQAAAAAAA0IRAAAAAAADYhEAAAAAAAOCEQAAAAAAA6IRAAAAAAADwhEAAAAAAAAiFQAAAAAAAGIVAAAAAAABAhUAAAAAAAEiFQAAAAAAAWIVAAAAAAABghUAAAAAAAHCFQAAAAAAAeIVAAAAAAACQhUAAAAAAANiFQAAAAAAA6IVAAAAAAAAAhkAAAAAAAAiGQAAAAAAAGIZAAAAAAABAhkAAAAAAAEiGQAAAAAAAeIZAAAAAAACAhkAAAAAAAIiGQAAAAAAAoIZAAAAAAACohkAAAAAAALCGQAAAAAAAuIZAAAAAAADghkAAAAAAABiHQAAAAAAAOIdAAAAAAABAh0AAAAAAAEiHQAAAAAAAWIdAAAAAAABoh0AAAAAAAHCHQAAAAAAAeIdAAAAAAACAh0AAAAAAAJCHQAAAAAAAoIdAAAAAAACoh0AAAAAAAMCHQAAAAAAAyIdAAAAAAADIh0AAAAAAANiHQAAAAAAA4IdAAAAAAADoh0AAAAAAAPCHQAAAAAAA+IdAAAAAAABIiEAAAAAAAFCIQAAAAAAAWIhAAAAAAADYiEAAAAAAAOCIQAAAAAAA6IhAAAAAAAA4iUAAAAAAAJiJQAAAAAAA6IlAAAAAAABYikAAAAAAAJiKQAAAAAAAqIpAAAAAAACwikAAAAAAALiKQAAAAAAAwIpAAAAAAAD4ikAAAAAAADiLQAAAAAAAQItAAAAAAABIi0AAAAAAAFiLQAAAAAAA4ItAAAAAAADoi0AAAAAAAPCLQAAAAAAAIIxAAAAAAAAojEAAAAAAAGCMQAAAAAAAaIxAAAAAAAB4jEAAAAAAAIiMQAAAAAAA0IxAAAAAAAAwjUAAAAAAAECNQAAAAAAAmI1AAAAAAACwjUAAAAAAABiOQAAAAAAAII5AAAAAAAAojkAAAAAAADiOQAAAAAAAuI5AAAAAAADIjkAAAAAAAAiPQAAAAAAASI9AAAAAAABYj0AAAAAAAGCPQAAAAAAAcI9AAAAAAADIj0AAAAAAANCPQAAAAAAA2I9AAAAAAADgj0AAAAAAAOiPQAAAAAAA8I9AAAAAAAAgkEAAAAAAADiQQAAAAAAAPJBAAAAAAABAkEAAAAAAAISQQAAAAAAAiJBAAAAAAACMkEAAAAAAAMyQQAAAAAAA0JBAAAAAAADUkEAAAAAAAOyQQAAAAAAADJFAAAAAAAAckUAAAAAAACyRQAAAAAAAbJFAAAAAAAB4kUAAAAAAAIyRQAAAAAAAlJFAAAAAAAC4kUAAAAAAALyRQAAAAAAAwJFAAAAAAAD8kUAAAAAAAACSQAAAAAAABJJAAAAAAAAMkkAAAAAAABiSQAAAAAAAXJJAAAAAAABgkkAAAAAAAMiSQAAAAAAABJNAAAAAAAAMk0AAAAAAABSTQAAAAAAAGJNAAAAAAAA4k0AAAAAAAECTQAAAAAAAWJNAAAAAAABck0AAAAAAAGCTQAAAAAAAZJNAAAAAAABwk0AAAAAAAHiTQAAAAAAAfJNAAAAAAACAk0AAAAAAAISTQAAAAAAAwJNAAAAAAADEk0AAAAAAAMiTQAAAAAAAJJRAAAAAAABclEAAAAAAAMCUQAAAAAAAxJRAAAAAAADMlEAAAAAAAASVQAAAAAAACJVAAAAAAAAMlUAAAAAAAEyVQAAAAAAAUJVAAAAAAABUlUAAAAAAAACWQAAAAAAARJZA</data>
					</mzArrayBinary>
					<intenArrayBinary>
						<data precision="64" endian="little" length="267">AAAAAAD2pEAAAAAAAPCkQAAAAAAA9bBAAAAAAADiqEAAAAAAAMa7QAAAAAAAm7BAAAAAACDr60AAAAAAAGCgQAAAAACAAsFAAAAAAABolkAAAAAAAKS0QAAAAACAL9xAAAAAAADjs0AAAAAAwADSQAAAAAAAqJZAAAAAAADmp0AAAAAAAOK6QAAAAAAAfqhAAAAAAAAbsUAAAAAAAISbQAAAAAAAUKJAAAAAAABAoEAAAAAAAECtQAAAAAAAeJFAAAAAAACqp0AAAAAAAGK2QAAAAAAATJNAAAAAAAC4nkAAAAAAALbKQAAAAAAAAPA/AAAAAACCo0AAAAAAAOu2QAAAAAAASI1AAAAAAAA6tEAAAAAAgALdQAAAAACAu9FAAAAAAABFvkAAAAAAAA24QAAAAAAA8qNAAAAAAADsvEAAAAAAABzZQAAAAAAAAPA/AAAAAABSskAAAAAAAASsQAAAAAAANKZAAAAAAAAXvEAAAAAAAMDIQAAAAAAAwKVAAAAAAAAirEAAAAAAgMnSQAAAAAAAx7dAAAAAAABArEAAAAAAADqxQAAAAADAytBAAAAAAACck0AAAAAAgEnFQAAAAAAAfc9AAAAAAAAvuEAAAAAAAKSRQAAAAAAAQJtAAAAAAAAiskAAAAAAAMq1QAAAAAAApcVAAAAAAAAIrEAAAAAAAMTwQAAAAAAAhtFAAAAAAACvxEAAAAAAAFisQAAAAACAqsVAAAAAAAAcp0AAAAAAABzFQAAAAAAAeb9AAAAAAABCrUAAAAAAANW5QAAAAACAlcJAAAAAAAB3uUAAAAAAAKiiQAAAAAAASLlAAAAAAAC1t0AAAAAAAOaiQAAAAAAAHb1AAAAAAAAAqkAAAAAAAP6+QAAAAAAAiqBAAAAAAAAptEAAAAAAABPLQAAAAAAAsLFAAAAAAADWwUAAAAAAAFSTQAAAAAAA9LVAAAAAAACYmEAAAAAAAE6gQAAAAAAA1LBAAAAAAABT4EAAAAAAYG33QAAAAADARdxAAAAAAADUokAAAAAAAF20QAAAAACAZ85AAAAAAADntUAAAAAAAOnRQAAAAAAAcrFAAAAAAAC2q0AAAAAAACW9QAAAAAAA7LRAAAAAAADyz0AAAAAAAO6tQAAAAAAA5KZAAAAAAACv3UAAAAAAANvGQAAAAAAAuKVAAAAAAABEl0AAAAAAANymQAAAAAAARLFAAAAAAAC4xUAAAAAAAES7QAAAAAAAirNAAAAAAICjw0AAAAAAAAiFQAAAAAAA6IlAAAAAAADzu0AAAAAAAHaiQAAAAAAA37NAAAAAAACOuUAAAAAAAEW0QAAAAAAAFLFAAAAAAACj0kAAAAAAgIXSQAAAAAAA8qJAAAAAAAAopkAAAAAAANy1QAAAAAAAsKFAAAAAAACQkkAAAAAAAIalQAAAAAAAcrNAAAAAAADXx0AAAAAAAMCYQAAAAACAofZAAAAAAIDq5UAAAAAAANPBQAAAAACAEdRAAAAAAAA8sEAAAAAAgL3AQAAAAAAAF7FAAAAAAIDAykAAAAAAAJSaQAAAAAAAFrtAAAAAAADqqEAAAAAAADvGQAAAAAAAs7hAAAAAAABzv0AAAAAAgGPGQAAAAAAA4JNAAAAAAABwuUAAAAAAAPysQAAAAACA7MVAAAAAAIDb1UAAAAAAgDLVQAAAAAAAbKlAAAAAAAAQ2UAAAAAAQBnSQAAAAAAA/qlAAAAAAACkkEAAAAAAALyYQAAAAAAAAKhAAAAAAADyrUAAAAAAADnAQAAAAAAASrdAAAAAAEDT2kAAAAAAgJHPQAAAAAAAa7BAAAAAAADEmEAAAAAAkOH6QAAAAACg+OZAAAAAAEBL3UAAAAAAANyZQAAAAAAAjrdAAAAAAAChv0AAAAAAAKyXQAAAAAAAxJ9AAAAAAACUokAAAAAAAPDJQAAAAACAIstAAAAAAABOuUAAAAAAAIuzQAAAAAAAnqdAAAAAAACWrEAAAAAAAJibQAAAAAAA3r1AAAAAAACQlkAAAAAAAETCQAAAAAAAsrJAAAAAAABtxEAAAAAAAJm3QAAAAAAALLJAAAAAAACYm0AAAAAAALmwQAAAAAAAbsdAAAAAAADNtUAAAAAAAIyqQAAAAAAAg7BAAAAAAMCE00AAAAAAcHrzQAAAAABANedAAAAAAIDD4UAAAAAAABHOQAAAAAAAAPA/AAAAAABaq0AAAAAAAHDJQAAAAAAAHL1AAAAAAAAokkAAAAAAAMa0QAAAAAAA1KFAAAAAAABcrUAAAAAAOPkFQQAAAABQGf1AAAAAAEBR6kAAAAAAAEzHQAAAAAAAuItAAAAAAADWp0AAAAAAAHKxQAAAAAAAUJpAAAAAAABMk0AAAAAAAJygQAAAAAAACrBAAAAAACBf4UAAAAAAgPLGQAAAAAAAFbpAAAAAAAAL0kAAAAAAAGfJQAAAAAAA1MRAAAAAAACkmkAAAAAAgHzFQAAAAAAA8rVAAAAAAABghUAAAAAAAEa4QAAAAAAA0rNAAAAAAAAEnUAAAAAAgBfBQAAAAAAAN75AAAAAAAB6oUAAAAAAAKC+QAAAAACATd1AAAAAAMA770AAAAAAQDLYQAAAAAAAABBAAAAAAAD3sEAAAAAAAHC4QAAAAADArNBAAAAAAIABxUAAAAAAAOKlQAAAAABgN+VAAAAAAADP4UAAAAAAAA6yQAAAAAAA37BAAAAAAABusEAAAAAAAPCMQAAAAAAANLVAAAAAAABwwEAAAAAAAIypQAAAAAAAlr5AAAAAAAA/s0AAAAAAAB/bQAAAAACggetAAAAAAAAcuEAAAAAAgF3BQAAAAAAACLNA</data>
					</intenArrayBinary>
				</spectrum>
				<spectrum id="46">
					<spectrumDesc>
						<spectrumSettings>
							<spectrumInstrument mzRangeStop="1531.0" mzRangeStart="275.0" msLevel="2" />
						</spectrumSettings>
						<precursorList count="1">
							<precursor msLevel="1" spectrumRef="0">
								<ionSelection>
									<cvParam cvLabel="PSI" accession="PSI:1000041" name="ChargeState" value="2" />
									<cvParam cvLabel="PSI" accession="PSI:1000040" name="MassToChargeRatio" value="902" />
								</ionSelection>
								<activation />
							</precursor>
						</precursorList>
						<comments>Not identified</comments>
					</spectrumDesc>
					<mzArrayBinary>
						<data precision="64" endian="little" length="101">AAAAAAAwcUAAAAAAAGBzQAAAAAAAkHZAAAAAAABQeUAAAAAAAGB8QAAAAAAAQH9AAAAAAADAf0AAAAAAAFCAQAAAAAAAkIBAAAAAAABogUAAAAAAAMCBQAAAAAAAuIJAAAAAAACohEAAAAAAAGiFQAAAAAAAoIVAAAAAAADYhUAAAAAAAFiGQAAAAAAAgIZAAAAAAACIhkAAAAAAAJiGQAAAAAAAAIdAAAAAAAA4h0AAAAAAAEiHQAAAAAAAWIdAAAAAAAB4h0AAAAAAAICHQAAAAAAAIIhAAAAAAAA4iEAAAAAAAECIQAAAAAAAcIhAAAAAAACQiEAAAAAAAJiIQAAAAAAAqIhAAAAAAACwiEAAAAAAANCIQAAAAAAA2IhAAAAAAADgiEAAAAAAABiJQAAAAAAAGIlAAAAAAAAgiUAAAAAAAEiJQAAAAAAAUIlAAAAAAABgiUAAAAAAAJiJQAAAAAAAsIlAAAAAAAC4iUAAAAAAAMCJQAAAAAAA0IlAAAAAAADYiUAAAAAAAPiJQAAAAAAAEIpAAAAAAAAoikAAAAAAADCKQAAAAAAAaIpAAAAAAABwikAAAAAAAHiKQAAAAAAAuIpAAAAAAADIikAAAAAAANiKQAAAAAAA6IpAAAAAAAD4ikAAAAAAAAiLQAAAAAAAEItAAAAAAAAYi0AAAAAAACiLQAAAAAAAMItAAAAAAAA4i0AAAAAAAECLQAAAAAAAkItAAAAAAACoi0AAAAAAALCLQAAAAAAAwItAAAAAAAAAjEAAAAAAALiMQAAAAAAAwIxAAAAAAADAjUAAAAAAAPiNQAAAAAAAQI5AAAAAAACAjkAAAAAAAKiOQAAAAAAAwI5AAAAAAADojkAAAAAAAHCPQAAAAAAAKJBAAAAAAAB8kEAAAAAAAJiQQAAAAAAAqJBAAAAAAADIkEAAAAAAADSRQAAAAAAAOJFAAAAAAABskUAAAAAAAJSRQAAAAAAAAJJAAAAAAABMkkAAAAAAALiTQAAAAAAAXJRAAAAAAABwlEAAAAAAACCVQAAAAAAAwJVAAAAAAAAklkAAAAAAAOyXQA==</data>
					</mzArrayBinary>
					<intenArrayBinary>
						<data precision="64" endian="little" length="101">AAAAAAAQkUAAAAAAACKjQAAAAAAAPJtAAAAAAAAgh0AAAAAAAHiMQAAAAAAACIVAAAAAAADAn0AAAAAAAAiKQAAAAAAAiIVAAAAAAAD4lkAAAAAAAPKjQAAAAAAAZqtAAAAAAAA6qkAAAAAAANB7QAAAAAAAbJJAAAAAAADQokAAAAAAAHKqQAAAAAAADJZAAAAAAABiqkAAAAAAAIiKQAAAAAAASqBAAAAAAABQjUAAAAAAAISTQAAAAAAA0KhAAAAAAABIn0AAAAAAALCWQAAAAAAAKJJAAAAAAABctEAAAAAAAGyuQAAAAAAAMJ9AAAAAAADUkUAAAAAAAO/AQAAAAAAAnqJAAAAAAIDowEAAAAAAANiNQAAAAAAAEJtAAAAAAAA6oEAAAAAAAEqnQAAAAAAA3KFAAAAAAACIiEAAAAAAAGSRQAAAAAAAoIdAAAAAAADcn0AAAAAAADKoQAAAAAAArLdAAAAAAACipkAAAAAAAC6pQAAAAACAQcZAAAAAAAC0mUAAAAAAAGKrQAAAAAAAqbJAAAAAAACAmEAAAAAAALatQAAAAAAAbK9AAAAAAAAgqkAAAAAAAP/DQAAAAAAAlJBAAAAAAACgh0AAAAAAAHKoQAAAAACAjcRAAAAAAADSq0AAAAAAADKlQAAAAAAAdK9AAAAAAACgh0AAAAAAAMayQAAAAAAA8I5AAAAAAACIhEAAAAAAAIO8QAAAAAAAgJ5AAAAAAABtvUAAAAAAAASnQAAAAAAAxK5AAAAAAAColEAAAAAAAAKmQAAAAAAAnJxAAAAAAADEoEAAAAAAAGyRQAAAAAAAOItAAAAAAACip0AAAAAAAHCeQAAAAAAAo7BAAAAAAACwpEAAAAAAABinQAAAAAAACItAAAAAAICew0AAAAAAAEyWQAAAAAAANJJAAAAAAAAQkkAAAAAAADyhQAAAAAAATq5AAAAAAAB4i0AAAAAAALB4QAAAAAAAsH5AAAAAAAAolUAAAAAAAA6gQAAAAAAAEKRAAAAAAAAyo0AAAAAAACagQAAAAAAAxKRAAAAAAABwiUAAAAAAANqvQA==</data>
					</intenArrayBinary>
				</spectrum>
				<spectrum id="47">
					<spectrumDesc>
						<spectrumSettings>
							<spectrumInstrument mzRangeStop="1493.0" mzRangeStart="215.0" msLevel="2" />
						</spectrumSettings>
						<precursorList count="1">
							<precursor msLevel="1" spectrumRef="0">
								<ionSelection>
									<cvParam cvLabel="PSI" accession="PSI:1000041" name="ChargeState" value="3" />
									<cvParam cvLabel="PSI" accession="PSI:1000040" name="MassToChargeRatio" value="742" />
								</ionSelection>
								<activation />
							</precursor>
						</precursorList>
						<comments>Not identified</comments>
					</spectrumDesc>
					<mzArrayBinary>
						<data precision="64" endian="little" length="282">AAAAAADgakAAAAAAAMBrQAAAAAAA4GtAAAAAAAAAbUAAAAAAAEByQAAAAAAAwHJAAAAAAAAQdEAAAAAAAIB0QAAAAAAAYHVAAAAAAABwdUAAAAAAAAB2QAAAAAAAwHZAAAAAAABAd0AAAAAAAJB3QAAAAAAA4HdAAAAAAAAweEAAAAAAAEB4QAAAAAAAYHhAAAAAAAAgeUAAAAAAADB5QAAAAAAAQHlAAAAAAACgeUAAAAAAAOB5QAAAAAAA8HlAAAAAAAAQekAAAAAAACB6QAAAAAAAMHpAAAAAAADQekAAAAAAAOB6QAAAAAAAQHtAAAAAAABQe0AAAAAAAHB7QAAAAAAAsHxAAAAAAAAgfUAAAAAAADB9QAAAAAAAoH1AAAAAAADQfUAAAAAAAKB+QAAAAAAA0H5AAAAAAAAwf0AAAAAAAIB/QAAAAAAAgH9AAAAAAACQf0AAAAAAALB/QAAAAAAA4H9AAAAAAADwf0AAAAAAAAiAQAAAAAAAEIBAAAAAAAAggEAAAAAAAGiAQAAAAAAAkIBAAAAAAACYgEAAAAAAAOCAQAAAAAAA+IBAAAAAAAAAgUAAAAAAAEiBQAAAAAAASIFAAAAAAABYgUAAAAAAAHCBQAAAAAAAgIFAAAAAAACIgUAAAAAAAJCBQAAAAAAAoIFAAAAAAADAgUAAAAAAAAiCQAAAAAAAEIJAAAAAAABIgkAAAAAAAFCCQAAAAAAAYIJAAAAAAAB4gkAAAAAAAKCCQAAAAAAA8IJAAAAAAAAIg0AAAAAAABCDQAAAAAAAOINAAAAAAABAg0AAAAAAAEiDQAAAAAAAsINAAAAAAADAg0AAAAAAAOCDQAAAAAAA+INAAAAAAAAYhEAAAAAAACiEQAAAAAAAMIRAAAAAAAA4hEAAAAAAAECEQAAAAAAASIRAAAAAAABQhEAAAAAAAHCEQAAAAAAAgIRAAAAAAACQhEAAAAAAAKCEQAAAAAAAqIRAAAAAAACwhEAAAAAAAMCEQAAAAAAAyIRAAAAAAADQhEAAAAAAAPiEQAAAAAAA+IRAAAAAAAAIhUAAAAAAABCFQAAAAAAAKIVAAAAAAAAwhUAAAAAAADiFQAAAAAAAQIVAAAAAAAB4hUAAAAAAAIiFQAAAAAAAqIVAAAAAAADIhUAAAAAAAOCFQAAAAAAA8IVAAAAAAAAIhkAAAAAAABCGQAAAAAAAGIZAAAAAAAAohkAAAAAAADCGQAAAAAAAOIZAAAAAAABAhkAAAAAAAGCGQAAAAAAAaIZAAAAAAAB4hkAAAAAAAICGQAAAAAAAiIZAAAAAAACQhkAAAAAAAJiGQAAAAAAAoIZAAAAAAACohkAAAAAAALiGQAAAAAAA2IZAAAAAAABoh0AAAAAAAHCHQAAAAAAAiIdAAAAAAACoh0AAAAAAALCHQAAAAAAAyIdAAAAAAADIh0AAAAAAANCHQAAAAAAA8IdAAAAAAAD4h0AAAAAAABiIQAAAAAAAIIhAAAAAAAAoiEAAAAAAADiIQAAAAAAAOIhAAAAAAABAiEAAAAAAAFCIQAAAAAAAWIhAAAAAAABgiEAAAAAAAHCIQAAAAAAAcIhAAAAAAAB4iEAAAAAAAJiIQAAAAAAAoIhAAAAAAAC4iEAAAAAAAOiIQAAAAAAACIlAAAAAAAAQiUAAAAAAACiJQAAAAAAAMIlAAAAAAAA4iUAAAAAAAIiJQAAAAAAAoIlAAAAAAACwiUAAAAAAALiJQAAAAAAA+IlAAAAAAAAIikAAAAAAABCKQAAAAAAAEIpAAAAAAAAgikAAAAAAADCKQAAAAAAAQIpAAAAAAABIikAAAAAAAHiKQAAAAAAAgIpAAAAAAACIikAAAAAAAJiKQAAAAAAAwIpAAAAAAADIikAAAAAAAOCKQAAAAAAASItAAAAAAABwi0AAAAAAAHiLQAAAAAAAkItAAAAAAACYi0AAAAAAANiLQAAAAAAA4ItAAAAAAADoi0AAAAAAAPCLQAAAAAAAAIxAAAAAAAAAjEAAAAAAACCMQAAAAAAAOIxAAAAAAABAjEAAAAAAAEiMQAAAAAAAUIxAAAAAAABYjEAAAAAAAKCMQAAAAAAAqIxAAAAAAAAgjUAAAAAAADCNQAAAAAAAQI1AAAAAAABgjUAAAAAAAICNQAAAAAAAqI1AAAAAAADAjUAAAAAAAMiNQAAAAAAA0I1AAAAAAADgjUAAAAAAAPCNQAAAAAAAEI5AAAAAAAAYjkAAAAAAAGCOQAAAAAAAcI5AAAAAAACAjkAAAAAAAKCOQAAAAAAA0I5AAAAAAADojkAAAAAAAOiOQAAAAAAA+I5AAAAAAAAAj0AAAAAAAAiPQAAAAAAAKI9AAAAAAAA4j0AAAAAAAFiPQAAAAAAAeI9AAAAAAAB4j0AAAAAAAICPQAAAAAAAqI9AAAAAAADIj0AAAAAAAPCPQAAAAAAA+I9AAAAAAAAAkEAAAAAAAASQQAAAAAAADJBAAAAAAAAckEAAAAAAACCQQAAAAAAAJJBAAAAAAAAokEAAAAAAAFiQQAAAAAAAYJBAAAAAAABkkEAAAAAAAGyQQAAAAAAArJBAAAAAAAC8kEAAAAAAAMCQQAAAAAAA4JBAAAAAAADskEAAAAAAAACRQAAAAAAABJFAAAAAAAAIkUAAAAAAABCRQAAAAAAAOJFAAAAAAABAkUAAAAAAAESRQAAAAAAASJFAAAAAAACAkUAAAAAAAISRQAAAAAAAjJFAAAAAAADMkUAAAAAAAPCRQAAAAAAABJJAAAAAAABkkkAAAAAAAGiSQAAAAAAAnJJAAAAAAACwkkAAAAAAAOCSQAAAAAAA+JJAAAAAAAAEk0AAAAAAAAyTQAAAAAAAGJNAAAAAAABIk0AAAAAAAFyTQAAAAAAA8JNAAAAAAAAslEAAAAAAADCUQAAAAAAANJRAAAAAAABolEAAAAAAAMyUQAAAAAAA6JVAAAAAAAA0lkAAAAAAAPCWQAAAAAAAVJdA</data>
					</mzArrayBinary>
					<intenArrayBinary>
						<data precision="64" endian="little" length="282">AAAAAADYrUAAAAAAAEiQQAAAAAAAiIdAAAAAAABwe0AAAAAAABqiQAAAAAAAm7NAAAAAAAAYlkAAAAAAABSqQAAAAACAGtBAAAAAAMA51EAAAAAAAAyrQAAAAAAA3JtAAAAAAABwkUAAAAAAACiSQAAAAAAAWJ9AAAAAAABGpUAAAAAAADybQAAAAAAA+IhAAAAAAACwlEAAAAAAACCjQAAAAAAAoJ9AAAAAAAAAgEAAAAAAAGuwQAAAAAAAfKBAAAAAAADi4EAAAAAAAKCgQAAAAAAATrJAAAAAAAB4k0AAAAAAAEqmQAAAAAAAwIxAAAAAAACUpEAAAAAAAFCiQAAAAACAZ8pAAAAAAAAElUAAAAAAAFiCQAAAAAAA9KZAAAAAAABweUAAAAAAAMivQAAAAAAAlJdAAAAAAAATtUAAAAAAwPfSQAAAAAAA1JFAAAAAAABUl0AAAAAAANq2QAAAAAAA3JpAAAAAAAAou0AAAAAAAFCoQAAAAAAAB7VAAAAAAADXskAAAAAAAIq3QAAAAAAAlL9AAAAAAIBLxEAAAAAAAKKuQAAAAAAA3JNAAAAAAACcrEAAAAAAAJyuQAAAAADA7dpAAAAAAADYmUAAAAAAANCKQAAAAAAAjJZAAAAAAAD74kAAAAAAAKibQAAAAAAALJhAAAAAAABYj0AAAAAAACKgQAAAAAAAP7BAAAAAAADBy0AAAAAAAJCZQAAAAAAA+KxAAAAAAACAnEAAAAAAgPvDQAAAAACAQNRAAAAAAIBq1kAAAAAAAJiiQAAAAAAArKZAAAAAAAD8mkAAAAAAAGyUQAAAAAAAhJ1AAAAAAAA0rUAAAAAAgCTIQAAAAAAA7r9AAAAAAADwi0AAAAAAAFSUQAAAAAAgk+xAAAAAAACAQEAAAAAAAJSRQAAAAAAATLtAAAAAAABoj0AAAAAAAFieQAAAAAAALJNAAAAAAIBtz0AAAAAAAACmQAAAAAAA3KBAAAAAAMCZ0UAAAAAAgJLCQAAAAAAABLFAAAAAAACQkUAAAAAAAPSwQAAAAAAAkLdAAAAAAADImEAAAAAAwMvQQAAAAAAgVPRAAAAAAABkxkAAAAAAAOauQAAAAAAAJJZAAAAAAABSpUAAAAAAAE6tQAAAAACAtcBAAAAAAAAcn0AAAAAAACSWQAAAAAAAP7dAAAAAAACggEAAAAAAgG3NQAAAAAAACIpAAAAAAACcrkAAAAAAwG3cQAAAAAAA4KhAAAAAAAAolEAAAAAAgBbBQAAAAAAAAH5AAAAAAACAm0AAAAAAAJ6jQAAAAAAAYIhAAAAAAAB0nkAAAAAAAICmQAAAAAAA/JJAAAAAAED61EAAAAAAwNPgQAAAAAAAJLFAAAAAAABoiUAAAAAAACCPQAAAAAAAlJ1AAAAAAABQtUAAAAAAACSZQAAAAACA6cpAAAAAAAAA8D8AAAAAANyyQAAAAAAAb9lAAAAAAAC5xkAAAAAAANScQAAAAAAAsIpAAAAAAACYh0AAAAAAwBLWQAAAAAAALb1AAAAAAACp3EAAAAAAAHSzQAAAAAAAprNAAAAAAADMp0AAAAAAAMB2QAAAAAAABrNAAAAAAAD2qEAAAAAAAOCHQAAAAACAdMJAAAAAAAC6oUAAAAAAACSSQAAAAAAAgq1AAAAAAAAMmkAAAAAAQHLwQAAAAACAHMJAAAAAAIC+zkAAAAAAABirQAAAAACAZMJAAAAAAADwn0AAAAAAAHynQAAAAAAAGblAAAAAAAAK0EAAAAAAAFCvQAAAAAAA0bVAAAAAAIDawkAAAAAAAOewQAAAAAAA+b5AAAAAAIAczkAAAAAAANamQAAAAACApepAAAAAAAANvkAAAAAAAPygQAAAAAAAXJJAAAAAAADGtkAAAAAAAHyaQAAAAAAAGIdAAAAAAIDi2EAAAAAAABPHQAAAAAAA6qNAAAAAAAA4nkAAAAAAgGbCQAAAAAAADt9AAAAAAACQikAAAAAAABakQAAAAAAAVqxAAAAAAIDCxkAAAAAAAAbCQAAAAAAAtLJAAAAAAIDL0EAAAAAAgBDeQAAAAAAARrhAAAAAAICPwUAAAAAAAMCJQAAAAAAA2I5AAAAAAADBsUAAAAAAALHZQAAAAACAasFAAAAAAADAsUAAAAAAANa1QAAAAAAAyIxAAAAAAACgikAAAAAAAGalQAAAAAAATbdAAAAAAACwlUAAAAAAAH6kQAAAAAAAKKVAAAAAAADJskAAAAAAABCXQAAAAAAAWqNAAAAAAADYokAAAAAAACyTQAAAAAAA2IhAAAAAAAD4kEAAAAAAoAXiQAAAAACAz8FAAAAAAAD8qkAAAAAAAK6jQAAAAACAUsBAAAAAAADolEAAAAAAgLDAQAAAAAAAYKZAAAAAAAAztkAAAAAAAI29QAAAAAAAnL5AAAAAAACWqkAAAAAAAPSaQAAAAAAAoIpAAAAAAADkv0AAAAAAABa1QAAAAAAAUJlAAAAAAAC1vEAAAAAAABirQAAAAAAgxONAAAAAAIDZwEAAAAAAANapQAAAAACAj8xAAAAAAABMnUAAAAAAAPioQAAAAAAA/JdAAAAAAAADskAAAAAAAKiNQAAAAAAABq1AAAAAAACswEAAAAAAABKsQAAAAAAAiLRAAAAAAAAGrUAAAAAAAHCMQAAAAAAA0rZAAAAAAAAcpUAAAAAAANWxQAAAAAAAx7BAAAAAAICAxEAAAAAAACiOQAAAAAAAw9tAAAAAAAA8lEAAAAAAAGKnQAAAAAAAL7FAAAAAAACeqkAAAAAAgFXCQAAAAAAAQJxAAAAAAAB4mkAAAAAAAJ+4QAAAAAAAmJBAAAAAAABQrkAAAAAAAFvBQAAAAAAAAIJAAAAAAICdwUAAAAAAALyWQAAAAAAAoKNAAAAAAICg10AAAAAAADCQQAAAAAAANJBAAAAAAACKpUAAAAAAAAyxQAAAAAAAwJlAAAAAAADVs0AAAAAAgGHGQAAAAAAACJFA</data>
					</intenArrayBinary>
				</spectrum>
				<spectrum id="48">
					<spectrumDesc>
						<spectrumSettings>
							<spectrumInstrument mzRangeStop="1664.0" mzRangeStart="377.0" msLevel="2" />
						</spectrumSettings>
						<precursorList count="1">
							<precursor msLevel="1" spectrumRef="0">
								<ionSelection>
									<cvParam cvLabel="PSI" accession="PSI:1000041" name="ChargeState" value="2" />
									<cvParam cvLabel="PSI" accession="PSI:1000040" name="MassToChargeRatio" value="981" />
								</ionSelection>
								<activation />
							</precursor>
						</precursorList>
						<comments>Not identified</comments>
					</spectrumDesc>
					<mzArrayBinary>
						<data precision="64" endian="little" length="51">AAAAAACQd0AAAAAAAJB4QAAAAAAAgHxAAAAAAADYgUAAAAAAAICDQAAAAAAAAIRAAAAAAABYhEAAAAAAAMiEQAAAAAAA8IZAAAAAAAD4h0AAAAAAAHiIQAAAAAAAmIhAAAAAAACoiUAAAAAAAMiKQAAAAAAA6IpAAAAAAACwi0AAAAAAALCMQAAAAAAA+IxAAAAAAAAAjUAAAAAAADiNQAAAAAAAOI1AAAAAAABojUAAAAAAAGiNQAAAAAAAcI1AAAAAAACIjUAAAAAAAKCNQAAAAAAAqI1AAAAAAACwjUAAAAAAAPiNQAAAAAAAAI5AAAAAAAAgjkAAAAAAAGiOQAAAAAAAoJFAAAAAAACkkUAAAAAAAOSRQAAAAAAAHJJAAAAAAAAokkAAAAAAANySQAAAAAAA4JJAAAAAAAAQlEAAAAAAABSUQAAAAAAAxJRAAAAAAADIlEAAAAAAADSVQAAAAAAAWJZAAAAAAADIl0AAAAAAAAyYQAAAAAAALJlAAAAAAABUmUAAAAAAAJiZQAAAAAAAAJpA</data>
					</mzArrayBinary>
					<intenArrayBinary>
						<data precision="64" endian="little" length="51">AAAAAMBe0EAAAAAAwG7SQAAAAACAPMJAAAAAAADLskAAAAAAAL/MQAAAAACATcVAAAAAAADG1kAAAAAAgPfFQAAAAAAA3cRAAAAAAABYwUAAAAAAgH7DQAAAAAAAKKFAAAAAAIAF5EAAAAAAAGyoQAAAAABAEutAAAAAAIBpyEAAAAAAADnNQAAAAAAAsrlAAAAAAKB64kAAAAAAAJDDQAAAAACA9chAAAAAAJ7lM0EAAAAAQHHVQAAAAADAidtAAAAAAID310AAAAAAwGjTQAAAAAAA/9hAAAAAAMCI0EAAAAAAgOTcQAAAAAAAAPA/AAAAAAB3sEAAAAAAgJrMQAAAAAAA0sZAAAAAAADepkAAAAAAgGvHQAAAAACAHNVAAAAAAIACy0AAAAAAAN7FQAAAAAAA271AAAAAAADAxUAAAAAAoIriQAAAAAAASbhAAAAAAEAy2UAAAAAAQNLeQAAAAAAA3bxAAAAAAAAzv0AAAAAAgA/FQAAAAAAAorVAAAAAAAC+wkAAAAAAAPPOQAAAAADArNJA</data>
					</intenArrayBinary>
				</spectrum>
				<spectrum id="49">
					<spectrumDesc>
						<spectrumSettings>
							<spectrumInstrument mzRangeStop="1780.0" mzRangeStart="277.0" msLevel="2" />
						</spectrumSettings>
						<precursorList count="1">
							<precursor msLevel="1" spectrumRef="0">
								<ionSelection>
									<cvParam cvLabel="PSI" accession="PSI:1000041" name="ChargeState" value="2" />
									<cvParam cvLabel="PSI" accession="PSI:1000040" name="MassToChargeRatio" value="955" />
								</ionSelection>
								<activation />
							</precursor>
						</precursorList>
						<comments>Identified</comments>
					</spectrumDesc>
					<mzArrayBinary>
						<data precision="64" endian="little" length="188">AAAAAABQcUAAAAAAACB0QAAAAAAAcHRAAAAAAACAdEAAAAAAAEB1QAAAAAAAUHVAAAAAAABwdUAAAAAAAPB1QAAAAAAAMHZAAAAAAACgdkAAAAAAALB2QAAAAAAAkHdAAAAAAACgd0AAAAAAALB3QAAAAAAAAHhAAAAAAADgeUAAAAAAAJB6QAAAAAAAkHpAAAAAAACwekAAAAAAAMB6QAAAAAAAoHtAAAAAAACwe0AAAAAAAGB8QAAAAAAA0HxAAAAAAACwfUAAAAAAABB+QAAAAAAAoH5AAAAAAADAfkAAAAAAAPB/QAAAAAAAYIBAAAAAAACogEAAAAAAALiAQAAAAAAA0IBAAAAAAABggUAAAAAAAHiBQAAAAAAA2IFAAAAAAADggUAAAAAAAFiCQAAAAAAAaIJAAAAAAABwgkAAAAAAALCCQAAAAAAAwIJAAAAAAADIgkAAAAAAANiCQAAAAAAA6IJAAAAAAAAAg0AAAAAAAFCDQAAAAAAAWINAAAAAAAB4g0AAAAAAAKCDQAAAAAAA+INAAAAAAAAwhEAAAAAAADiEQAAAAAAAgIRAAAAAAADwhEAAAAAAAACFQAAAAAAAEIVAAAAAAABQhUAAAAAAAFiFQAAAAAAAYIVAAAAAAABohUAAAAAAAIiFQAAAAAAAkIVAAAAAAACYhUAAAAAAAOCFQAAAAAAA8IVAAAAAAAD4hUAAAAAAAGiGQAAAAAAAcIZAAAAAAAB4hkAAAAAAAHiHQAAAAAAAAIhAAAAAAAAwiEAAAAAAADCIQAAAAAAAaIhAAAAAAACQiEAAAAAAAKCIQAAAAAAAqIhAAAAAAADoiEAAAAAAAPCIQAAAAAAA+IhAAAAAAAAYiUAAAAAAACCJQAAAAAAAaIlAAAAAAACAiUAAAAAAAIiJQAAAAAAAkIlAAAAAAADAiUAAAAAAAMiJQAAAAAAAyIlAAAAAAAAAikAAAAAAAAiKQAAAAAAAEIpAAAAAAACoikAAAAAAALiKQAAAAAAA+IpAAAAAAAAYjEAAAAAAACCMQAAAAAAAMIxAAAAAAABojEAAAAAAAHiMQAAAAAAAeIxAAAAAAACQjEAAAAAAAKiMQAAAAAAA+IxAAAAAAAAAjUAAAAAAABCNQAAAAAAAGI1AAAAAAAAojUAAAAAAAEiNQAAAAAAAYI1AAAAAAABojUAAAAAAAIiNQAAAAAAAkI1AAAAAAACYjUAAAAAAAKCNQAAAAAAAsI1AAAAAAAAYjkAAAAAAACCOQAAAAAAAKI5AAAAAAABAjkAAAAAAANCOQAAAAAAAsI9AAAAAAAD4j0AAAAAAANCQQAAAAAAA1JBAAAAAAADYkEAAAAAAANyQQAAAAAAA6JBAAAAAAAAAkUAAAAAAAAiRQAAAAAAAJJFAAAAAAAAokUAAAAAAAESRQAAAAAAASJFAAAAAAABMkUAAAAAAAIyRQAAAAAAAEJJAAAAAAAAokkAAAAAAACiSQAAAAAAAMJJAAAAAAABUkkAAAAAAAICSQAAAAAAAlJJAAAAAAACYkkAAAAAAAJySQAAAAAAAoJJAAAAAAACkkkAAAAAAANySQAAAAAAA4JJAAAAAAAAwk0AAAAAAADiTQAAAAAAAXJNAAAAAAAB8k0AAAAAAAKyTQAAAAAAAtJNAAAAAAAC4k0AAAAAAALyTQAAAAAAAwJNAAAAAAADkk0AAAAAAAPCTQAAAAAAA8JNAAAAAAAAMlEAAAAAAACyUQAAAAAAAMJRAAAAAAABUlEAAAAAAAFiUQAAAAAAAXJRAAAAAAACclEAAAAAAAKCUQAAAAAAApJRAAAAAAAColEAAAAAAAJSVQAAAAAAA3JVAAAAAAADglUAAAAAAAOSVQAAAAAAA6JVAAAAAAACAl0AAAAAAAKyXQAAAAAAA7JdAAAAAAAD0l0AAAAAAACiYQAAAAAAAhJlAAAAAAACYmUAAAAAAALyZQAAAAAAAhJtAAAAAAACMm0AAAAAAANCbQA==</data>
					</mzArrayBinary>
					<intenArrayBinary>
						<data precision="64" endian="little" length="188">AAAAAAAssEAAAAAAAAe4QAAAAAAAPqVAAAAAAACKoEAAAAAAAGK/QAAAAAAAADhAAAAAAIBcykAAAAAAAJCiQAAAAACAp+hAAAAAAAAIsUAAAAAAAD23QAAAAADArNVAAAAAAADEokAAAAAAAMm/QAAAAAAAxb1AAAAAAICDw0AAAAAAQELiQAAAAAAAAPA/AAAAAAAYlkAAAAAAgCXBQAAAAACA4NBAAAAAAADVskAAAAAAAGi4QAAAAAAAjqFAAAAAAABttEAAAAAAAEjEQAAAAAAAJL5AAAAAAADUtkAAAAAAANDHQAAAAAAAvqpAAAAAAADspUAAAAAAAFC3QAAAAACAG9tAAAAAAACXwEAAAAAAAFS4QAAAAACAbNBAAAAAAICNxEAAAAAAACvHQAAAAAAwBg1BAAAAABBe90AAAAAAAEGwQAAAAAAAlcxAAAAAAAAf1kAAAAAAAEmyQAAAAAAAMqJAAAAAAAACoEAAAAAAANirQAAAAAAAHcpAAAAAAAC+tUAAAAAAgMLPQAAAAAAA4q5AAAAAAIAP1kAAAAAAAA+0QAAAAACA6cdAAAAAAAAwy0AAAAAAYJvoQAAAAAAAOJdAAAAAAAAMqUAAAAAAAFaqQAAAAAAAwK5AAAAAAIDZ20AAAAAAwFfaQAAAAAAA4MlAAAAAAIDfxEAAAAAAQEjrQAAAAACAi+lAAAAAAABZvkAAAAAAwAzmQAAAAADAWe9AAAAAAABGrkAAAAAAAF7MQAAAAAAAXqJAAAAAAMDs30AAAAAAAAPFQAAAAAAAMrNAAAAAAABtw0AAAAAAgPDAQAAAAAAANMlAAAAAAACEnEAAAAAAAO6nQAAAAAAA0r5AAAAAAKAL4kAAAAAAAAAQQAAAAAAANrBAAAAAAMDa0UAAAAAAAPC7QAAAAACALchAAAAAAOBV4kAAAAAAYBziQAAAAAAAABRAAAAAAMDM8UAAAAAAgP7JQAAAAAAA/KtAAAAAAEDp1EAAAAAAAFieQAAAAAAAYqNAAAAAAIDuwUAAAAAAAPKlQAAAAACAWc1AAAAAAGDy4EAAAAAAADSzQAAAAACAi8BAAAAAAAAKpkAAAAAAANnPQAAAAAAAOslAAAAAAACIqEAAAAAAwNHTQAAAAAAAKbZAAAAAAACkoEAAAAAAADe8QAAAAAAAnqBAAAAAAID+wEAAAAAAYKLkQAAAAABgh+JAAAAAAAAIl0AAAAAAwJrWQAAAAAAAprxAAAAAAOBj+0AAAAAAgOnUQAAAAAAATKlAAAAAAAAfvkAAAAAAgODDQAAAAAAApcFAAAAAAIB12EAAAAAAAIr1QAAAAAAAseFAAAAAAAA8vkAAAAAAAPqwQAAAAAAAs7VAAAAAAAAWrkAAAAAAAES0QAAAAAAAYMZAAAAAAAAwr0AAAAAAgLncQAAAAABg+OJAAAAAAADInkAAAAAAANqyQAAAAAAAvJ5AAAAAAAAgrEAAAAAAALqpQAAAAAAA/r5AAAAAAACtxkAAAAAAABXFQAAAAAAAptFAAAAAAABsy0AAAAAAEAjwQAAAAADQuvxAAAAAAEAY1EAAAAAAgBTFQAAAAACAXM9AAAAAAIAt00AAAAAAAG60QAAAAAAAorFAAAAAAACurUAAAAAAADimQAAAAAAAh7ZAAAAAAIAUA0EAAAAAsK/0QAAAAAAAvtdAAAAAAAAqu0AAAAAAAN3jQAAAAAAAAPA/AAAAAAD9zkAAAAAAADm6QAAAAAAA4qlAAAAAAECa90AAAAAAgMrgQAAAAAAARNBAAAAAANB5/UAAAAAAkCH0QAAAAADAR9NAAAAAAICb1kAAAAAAgJfBQAAAAABYbgJBAAAAAAA350AAAAAAgFTFQAAAAAAAhr9AAAAAAABkrkAAAAAAAB/JQAAAAACAYcRAAAAAAADb4UAAAAAAQKDaQAAAAAAAUbtAAAAAAAAvy0AAAAAAAPezQAAAAAAAod1AAAAAAAD2t0AAAAAAgPDNQA==</data>
					</intenArrayBinary>
				</spectrum>
				<spectrum id="50">
					<spectrumDesc>
						<spectrumSettings>
							<spectrumInstrument mzRangeStop="1729.0" mzRangeStart="511.0" msLevel="2" />
						</spectrumSettings>
						<precursorList count="1">
							<precursor msLevel="1" spectrumRef="0">
								<ionSelection>
									<cvParam cvLabel="PSI" accession="PSI:1000041" name="ChargeState" value="2" />
									<cvParam cvLabel="PSI" accession="PSI:1000040" name="MassToChargeRatio" value="1124" />
								</ionSelection>
								<activation />
							</precursor>
						</precursorList>
						<comments>Not identified</comments>
					</spectrumDesc>
					<mzArrayBinary>
						<data precision="64" endian="little" length="57">AAAAAADwf0AAAAAAABCBQAAAAAAAQINAAAAAAABghEAAAAAAANCEQAAAAAAAKIVAAAAAAACAhUAAAAAAAHCGQAAAAAAAcIdAAAAAAACAh0AAAAAAAHiJQAAAAAAAUIpAAAAAAAA4i0AAAAAAAJCLQAAAAAAAGI1AAAAAAABQjUAAAAAAAFiNQAAAAAAA2I1AAAAAAAAwjkAAAAAAAGiOQAAAAAAAgI5AAAAAAADojkAAAAAAAACPQAAAAAAAUI9AAAAAAADAj0AAAAAAADSQQAAAAAAAXJBAAAAAAABokEAAAAAAAGyQQAAAAAAAjJBAAAAAAACgkEAAAAAAAKSQQAAAAAAAqJBAAAAAAACwkEAAAAAAAOCQQAAAAAAA5JBAAAAAAADwkEAAAAAAAPiQQAAAAAAAAJFAAAAAAAAEkUAAAAAAACSRQAAAAAAAKJFAAAAAAABEkUAAAAAAAEiRQAAAAAAATJFAAAAAAAAwkkAAAAAAABSUQAAAAAAAeJRAAAAAAAD4lEAAAAAAAHCWQAAAAAAA2JZAAAAAAABMl0AAAAAAAOCXQAAAAAAAMJhAAAAAAADomUAAAAAAAESaQAAAAAAABJtA</data>
					</mzArrayBinary>
					<intenArrayBinary>
						<data precision="64" endian="little" length="57">AAAAAACAlEAAAAAAAG6uQAAAAAAAysNAAAAAAABsokAAAAAAAKiqQAAAAAAAGKFAAAAAAAAok0AAAAAAAAB9QAAAAAAANqRAAAAAAABWoEAAAAAAAOSUQAAAAAAAHKBAAAAAAAAwkUAAAAAAANiwQAAAAAAAuIVAAAAAAAAwiEAAAAAAAKB1QAAAAAAAnJVAAAAAAABIjkAAAAAAAMiKQAAAAAAAgrJAAAAAAACgeEAAAAAAAKiKQAAAAAAAEJhAAAAAAAC0wUAAAAAAAKSqQAAAAAAA4JpAAAAAAADgrUAAAAAAALiuQAAAAAAArKRAAAAAAADfs0AAAAAAAGynQAAAAAAARK1AAAAAAACAg0AAAAAAgCbGQAAAAAAAOJJAAAAAAABqr0AAAAAAACShQAAAAAAAsIlAAAAAAAA8o0AAAAAAgGfKQAAAAAAAqIxAAAAAAACUtEAAAAAAAFyRQAAAAAAAHKFAAAAAAADSo0AAAAAAACizQAAAAAAAQJ5AAAAAAAB0oEAAAAAAAKiNQAAAAAAA2JNAAAAAAAAonUAAAAAAAJSaQAAAAAAArJ1AAAAAAACkoUAAAAAAAMieQAAAAAAAJJlA</data>
					</intenArrayBinary>
				</spectrum>
				<spectrum id="51">
					<spectrumDesc>
						<spectrumSettings>
							<spectrumInstrument mzRangeStop="1989.0" mzRangeStart="351.0" msLevel="2" />
						</spectrumSettings>
						<precursorList count="1">
							<precursor msLevel="1" spectrumRef="0">
								<ionSelection>
									<cvParam cvLabel="PSI" accession="PSI:1000041" name="ChargeState" value="2" />
									<cvParam cvLabel="PSI" accession="PSI:1000040" name="MassToChargeRatio" value="1083" />
								</ionSelection>
								<activation />
							</precursor>
						</precursorList>
						<comments>Not identified</comments>
					</spectrumDesc>
					<mzArrayBinary>
						<data precision="64" endian="little" length="41">AAAAAADwdUAAAAAAAJB2QAAAAAAA8HhAAAAAAACQgUAAAAAAALiBQAAAAAAAQIJAAAAAAAD4gkAAAAAAAGCDQAAAAAAA0IRAAAAAAADwhUAAAAAAANCGQAAAAAAA6IZAAAAAAABgh0AAAAAAAGiHQAAAAAAAsIlAAAAAAAAAikAAAAAAAJiKQAAAAAAA+IpAAAAAAAA4i0AAAAAAAEiLQAAAAAAAiItAAAAAAAAYjEAAAAAAAECNQAAAAAAAkI1AAAAAAADwjkAAAAAAAACPQAAAAAAAGI9AAAAAAABoj0AAAAAAAOCPQAAAAAAAKJBAAAAAAAA4kEAAAAAAAEyQQAAAAAAAeJBAAAAAAACgkEAAAAAAAMSQQAAAAAAATJJAAAAAAAAwk0AAAAAAALyTQAAAAAAATJpAAAAAAACMnEAAAAAAABSfQA==</data>
					</mzArrayBinary>
					<intenArrayBinary>
						<data precision="64" endian="little" length="41">AAAAAAAqr0AAAAAAAFCRQAAAAAAAzJ9AAAAAAADioEAAAAAAAIiMQAAAAAAA8J5AAAAAAADQiEAAAAAAANiLQAAAAAAAZqxAAAAAAACAikAAAAAAADKjQAAAAAAAmqVAAAAAAADeokAAAAAAANCSQAAAAAAA8KdAAAAAAACOrEAAAAAAAKCDQAAAAAAAb7ZAAAAAAABWtUAAAAAAAAKlQAAAAAAAyLFAAAAAAADAa0AAAAAAAPibQAAAAAAACqdAAAAAAABxtkAAAAAAALS8QAAAAAAA7sRAAAAAAACokUAAAAAAAICJQAAAAAAA4rpAAAAAAIC0wkAAAAAAAHHNQAAAAAAAIJtAAAAAAAASukAAAAAAABydQAAAAAAAwHFAAAAAAADgpkAAAAAAACi4QAAAAAAAKJVAAAAAAABkk0AAAAAAAPisQA==</data>
					</intenArrayBinary>
				</spectrum>
				<spectrum id="52">
					<spectrumDesc>
						<spectrumSettings>
							<spectrumInstrument mzRangeStop="1266.0" mzRangeStart="201.0" msLevel="2" />
						</spectrumSettings>
						<precursorList count="1">
							<precursor msLevel="1" spectrumRef="0">
								<ionSelection>
									<cvParam cvLabel="PSI" accession="PSI:1000041" name="ChargeState" value="3" />
									<cvParam cvLabel="PSI" accession="PSI:1000040" name="MassToChargeRatio" value="679" />
								</ionSelection>
								<activation />
							</precursor>
						</precursorList>
						<comments>Not identified</comments>
					</spectrumDesc>
					<mzArrayBinary>
						<data precision="64" endian="little" length="217">AAAAAAAgaUAAAAAAAEBpQAAAAAAAYGlAAAAAAACAaUAAAAAAAKBpQAAAAAAAAGxAAAAAAADAbkAAAAAAAABvQAAAAAAAMHBAAAAAAAAgcUAAAAAAAFBxQAAAAAAAYHFAAAAAAACwcUAAAAAAANBxQAAAAAAAAHJAAAAAAABAckAAAAAAANByQAAAAAAA4HJAAAAAAADwckAAAAAAAPByQAAAAAAAgHRAAAAAAACgdEAAAAAAAMB1QAAAAAAAgHZAAAAAAACAdkAAAAAAAFB3QAAAAAAAgHdAAAAAAABweEAAAAAAAMB4QAAAAAAAAHlAAAAAAAAQeUAAAAAAAEB5QAAAAAAAAHpAAAAAAADQekAAAAAAAAB7QAAAAAAAcHtAAAAAAADge0AAAAAAAPB7QAAAAAAAEHxAAAAAAAAgfEAAAAAAADB8QAAAAAAAsHxAAAAAAADQfEAAAAAAAIB9QAAAAAAAwH1AAAAAAADgfUAAAAAAACB+QAAAAAAAQH9AAAAAAADAf0AAAAAAAPB/QAAAAAAAKIBAAAAAAAA4gEAAAAAAAEiAQAAAAAAAUIBAAAAAAACAgEAAAAAAAMiAQAAAAAAA0IBAAAAAAADogEAAAAAAAACBQAAAAAAACIFAAAAAAAAYgUAAAAAAACiBQAAAAAAAYIFAAAAAAABwgUAAAAAAAIiBQAAAAAAAkIFAAAAAAADQgUAAAAAAANiBQAAAAAAA6IFAAAAAAADwgUAAAAAAAPCBQAAAAAAA+IFAAAAAAAAYgkAAAAAAACCCQAAAAAAAIIJAAAAAAAB4gkAAAAAAAICCQAAAAAAAkIJAAAAAAACogkAAAAAAALiCQAAAAAAACINAAAAAAAAwg0AAAAAAAECDQAAAAAAAYINAAAAAAABog0AAAAAAAHCDQAAAAAAAqINAAAAAAACwg0AAAAAAANCDQAAAAAAA2INAAAAAAADog0AAAAAAAPCDQAAAAAAA+INAAAAAAAAAhEAAAAAAACCEQAAAAAAAOIRAAAAAAABIhEAAAAAAAFiEQAAAAAAAaIRAAAAAAAB4hEAAAAAAAHiEQAAAAAAAuIRAAAAAAADwhEAAAAAAAAiFQAAAAAAAEIVAAAAAAAAwhUAAAAAAAGCFQAAAAAAAeIVAAAAAAACYhUAAAAAAAKCFQAAAAAAAqIVAAAAAAAD4hUAAAAAAAAiGQAAAAAAAIIZAAAAAAAAohkAAAAAAAICGQAAAAAAAiIZAAAAAAACQhkAAAAAAAPiGQAAAAAAAEIdAAAAAAAAYh0AAAAAAAFCHQAAAAAAAmIdAAAAAAACgh0AAAAAAAKCHQAAAAAAA2IdAAAAAAADgh0AAAAAAAPiHQAAAAAAAAIhAAAAAAAAoiEAAAAAAADCIQAAAAAAAQIhAAAAAAACAiEAAAAAAAKiIQAAAAAAAuIhAAAAAAADAiEAAAAAAAOiIQAAAAAAA8IhAAAAAAAAAiUAAAAAAAAiJQAAAAAAAEIlAAAAAAACAiUAAAAAAAJiJQAAAAAAAoIlAAAAAAACoiUAAAAAAANiJQAAAAAAAKIpAAAAAAAAwikAAAAAAALiKQAAAAAAAyIpAAAAAAAD4ikAAAAAAACiLQAAAAAAAQItAAAAAAABIi0AAAAAAAIiLQAAAAAAAkItAAAAAAACwi0AAAAAAAMiLQAAAAAAA0ItAAAAAAADYi0AAAAAAAOCLQAAAAAAAYIxAAAAAAABgjEAAAAAAALCMQAAAAAAA4IxAAAAAAABAjUAAAAAAAEiNQAAAAAAAmI1AAAAAAADQjUAAAAAAANCNQAAAAAAAKI5AAAAAAABgjkAAAAAAAPCOQAAAAAAAAI9AAAAAAAAQj0AAAAAAAJCPQAAAAAAAmI9AAAAAAACgj0AAAAAAANCPQAAAAAAA2I9AAAAAAADgj0AAAAAAAOiPQAAAAAAADJBAAAAAAAAckEAAAAAAADSQQAAAAAAAOJBAAAAAAAA8kEAAAAAAAFyQQAAAAAAAZJBAAAAAAABwkEAAAAAAAHyQQAAAAAAAgJBAAAAAAACEkEAAAAAAAKSQQAAAAAAAxJBAAAAAAAAUkUAAAAAAAHyRQAAAAAAAmJFAAAAAAACkkUAAAAAAALyRQAAAAAAAwJFAAAAAAADEkUAAAAAAAMiRQAAAAAAAzJFAAAAAAADQkUAAAAAAAOiRQAAAAAAACJJAAAAAAAAMkkAAAAAAABCSQAAAAAAAFJJAAAAAAAAYkkAAAAAAABySQAAAAAAAYJJAAAAAAACkkkAAAAAAAOySQAAAAAAA8JJAAAAAAADIk0A=</data>
					</mzArrayBinary>
					<intenArrayBinary>
						<data precision="64" endian="little" length="217">AAAAAAC0qkAAAAAAAPKiQAAAAAAAeKxAAAAAAMDV0EAAAAAAAKyXQAAAAAAAYqBAAAAAAACWoEAAAAAAAOyeQAAAAAAAlJVAAAAAAADKoEAAAAAAAHicQAAAAAAAIIJAAAAAAACwmkAAAAAAAOCCQAAAAAAANJBAAAAAAABQh0AAAAAAACCCQAAAAAAAgIBAAAAAAACM1kAAAAAAAACTQAAAAAAAYJBAAAAAAAA4lkAAAAAAADq0QAAAAAAA5KNAAAAAAAAggUAAAAAAAHSmQAAAAAAAv7hAAAAAAACsrUAAAAAAAHySQAAAAAAAAKJAAAAAAABwq0AAAAAAALyfQAAAAAAAQKtAAAAAAADwgEAAAAAAAOCUQAAAAAAA8JxAAAAAAAAwjkAAAAAAAPCUQAAAAAAAWIdAAAAAACDV7kAAAAAAANe7QAAAAAAANqlAAAAAAABsk0AAAAAAANCZQAAAAAAAObJAAAAAAADSqEAAAAAAAMCCQAAAAAAAQIdAAAAAAACEm0AAAAAAAPiUQAAAAAAAYJdAAAAAAAAirkAAAAAA8MLwQAAAAACATchAAAAAAABsvkAAAAAAAOydQAAAAAAADJpAAAAAAAAbs0AAAAAAACyrQAAAAAAApKlAAAAAAIDQyUAAAAAAAFWyQAAAAAAAtJ5AAAAAAACgkEAAAAAAACu0QAAAAAAAxqtAAAAAAABSyUAAAAAAAC3KQAAAAAAA1K5AAAAAAACvs0AAAAAAAH6mQAAAAAAASqNAAAAAAEj1EUEAAAAAsPD9QAAAAAAAg8NAAAAAAECV0kAAAAAAgFzAQAAAAACAksBAAAAAAAC4oEAAAAAAAKCUQAAAAAAAlqFAAAAAAAAIgkAAAAAAACioQAAAAACgKudAAAAAAEBL0UAAAAAAANiVQAAAAAAAT8JAAAAAAACWqEAAAAAAABytQAAAAAAAOIJAAAAAAAAAs0AAAAAAAJWzQAAAAAAA7KpAAAAAAACVtkAAAAAAANG0QAAAAAAAsb5AAAAAAABOqkAAAAAAAECHQAAAAAAA4qxAAAAAAAAQj0AAAAAAAMCOQAAAAAAAOIdAAAAAAIDHykAAAAAAAHibQAAAAAAAiJBAAAAAAAAYm0AAAAAAAKSoQAAAAAAANKZAAAAAAACpvUAAAAAAAMyZQAAAAAAA7LJAAAAAAADwjkAAAAAAgAbAQAAAAAAAJKpAAAAAAAAarEAAAAAAACrEQAAAAACAEMRAAAAAAICFz0AAAAAAAHiaQAAAAABAo91AAAAAAADwt0AAAAAAANCNQAAAAAAAEItAAAAAAAD0nEAAAAAAAFyfQAAAAAAAUq1AAAAAAADclUAAAAAAwA/bQAAAAAAAOs9AAAAAAABInEAAAAAAACB7QAAAAAAA7KRAAAAAAADcl0AAAAAAAIiKQAAAAAAArJJAAAAAAAAwhkAAAAAAAKqsQAAAAAAA/JVAAAAAAAC4mEAAAAAAAJrSQAAAAAAAVbpAAAAAAAAUmUAAAAAAQN7SQAAAAADAitBAAAAAAADZz0AAAAAAAKCJQAAAAADA0NNAAAAAAABbxUAAAAAAAMKmQAAAAAAAyJpAAAAAAAC+rEAAAAAAAJiNQAAAAAAAMIJAAAAAAAAGoEAAAAAAYBblQAAAAAAAq9tAAAAAAAAipUAAAAAAAKB6QAAAAAAAzsFAAAAAACAq4EAAAAAAAGvCQAAAAAAAA89AAAAAAAA6q0AAAAAAAMSaQAAAAAAAZKdAAAAAAABDsEAAAAAAgKvNQAAAAAAAYrdAAAAAAAAQwEAAAAAAAADwPwAAAAAAOJBAAAAAAADQp0AAAAAAAGKuQAAAAAAAd7tAAAAAAACWsUAAAAAAYBPiQAAAAABgPehAAAAAAADeskAAAAAAAIyZQAAAAACAYcdAAAAAAADkmkAAAAAAANLDQAAAAAAAqJBAAAAAAABCqUAAAAAAAAXRQAAAAAAAYtNAAAAAAADuxkAAAAAAACy7QAAAAAAAQqZAAAAAAADom0AAAAAAgLDcQAAAAAAAoNRAAAAAAACkp0AAAAAAAKCPQAAAAAAAuKJAAAAAAIBfwEAAAAAAAKe1QAAAAAAABKJAAAAAAAAOpUAAAAAAAJSqQAAAAACAnt5AAAAAAAD05UAAAAAAgNDAQAAAAACAlMFAAAAAAAC9uUAAAAAAAMipQAAAAAAAa+tAAAAAAICr60AAAAAAAIKsQAAAAAAAuvtAAAAAACCz6EAAAAAAAMnBQAAAAAAA3KhAAAAAAABys0AAAAAAAGC9QAAAAAAAuIBAAAAAAACgjEA=</data>
					</intenArrayBinary>
				</spectrum>
				<spectrum id="53">
					<spectrumDesc>
						<spectrumSettings>
							<spectrumInstrument mzRangeStop="1492.0" mzRangeStart="300.0" msLevel="2" />
						</spectrumSettings>
						<precursorList count="1">
							<precursor msLevel="1" spectrumRef="0">
								<ionSelection>
									<cvParam cvLabel="PSI" accession="PSI:1000041" name="ChargeState" value="1" />
									<cvParam cvLabel="PSI" accession="PSI:1000040" name="MassToChargeRatio" value="750" />
								</ionSelection>
								<activation />
							</precursor>
						</precursorList>
						<comments>Not identified</comments>
					</spectrumDesc>
					<mzArrayBinary>
						<data precision="64" endian="little" length="86">AAAAAADAckAAAAAAAFBzQAAAAAAAUHRAAAAAAABAekAAAAAAAIB7QAAAAAAA0HxAAAAAAAAAfUAAAAAAACB9QAAAAAAAcH1AAAAAAACgfUAAAAAAADB+QAAAAAAA0H5AAAAAAAA4gEAAAAAAAFiAQAAAAAAAEIFAAAAAAAAogUAAAAAAAJiBQAAAAAAAyIFAAAAAAAAYgkAAAAAAAECCQAAAAAAAQIJAAAAAAABYgkAAAAAAABCDQAAAAAAAiINAAAAAAACYg0AAAAAAALCDQAAAAAAAeIRAAAAAAAC4hEAAAAAAAPiEQAAAAAAACIVAAAAAAABYhUAAAAAAAGCFQAAAAAAAoIVAAAAAAADohUAAAAAAAPCFQAAAAAAAGIZAAAAAAAAwhkAAAAAAADiGQAAAAAAAQIZAAAAAAABIhkAAAAAAAFCGQAAAAAAAaIZAAAAAAABwhkAAAAAAAIiGQAAAAAAAkIZAAAAAAADohkAAAAAAACCHQAAAAAAAaIdAAAAAAACgh0AAAAAAAECIQAAAAAAASIhAAAAAAABYiEAAAAAAAHCJQAAAAAAAEIpAAAAAAABQikAAAAAAAHCKQAAAAAAAgIpAAAAAAADYikAAAAAAACCLQAAAAAAAOItAAAAAAABAi0AAAAAAAGCMQAAAAAAACI5AAAAAAAAgjkAAAAAAAGiOQAAAAAAAmI5AAAAAAACgjkAAAAAAAKiOQAAAAAAAsI5AAAAAAADAjkAAAAAAAPCOQAAAAAAAQI9AAAAAAABAj0AAAAAAAEiPQAAAAAAAaI9AAAAAAACQj0AAAAAAANCPQAAAAAAAkJBAAAAAAADokEAAAAAAAOyQQAAAAAAA/JBAAAAAAABkkUAAAAAAAMiSQAAAAAAA5JNAAAAAAADok0AAAAAAAFCXQA==</data>
					</mzArrayBinary>
					<intenArrayBinary>
						<data precision="64" endian="little" length="86">AAAAAAD8kkAAAAAAALStQAAAAAAAKJVAAAAAAADEokAAAAAAANKkQAAAAAAAfJZAAAAAAADIn0AAAAAAAFiNQAAAAAAA6J1AAAAAAADohEAAAAAAAHKjQAAAAAAASJFAAAAAAACQlUAAAAAAAHyUQAAAAAAArJFAAAAAAACog0AAAAAAAKKrQAAAAAAAc79AAAAAAACQikAAAAAAANLHQAAAAACAktNAAAAAAACuokAAAAAAAPCmQAAAAAAAwNNAAAAAAABsn0AAAAAAAO/TQAAAAAAAML5AAAAAAEC50kAAAAAAAFqkQAAAAAAAsJBAAAAAAAD6rEAAAAAAACSiQAAAAAAAOJdAAAAAAADc5UAAAAAAAJiHQAAAAAAAYJxAAAAAgL4QRUEAAAAAAOHCQAAAAAAAs8RAAAAAAACkpEAAAAAAAHCaQAAAAAAAfJ1AAAAAAAAezEAAAAAAAMSuQAAAAAAA4JBAAAAAAAAWvUAAAAAAAFShQAAAAAAANLhAAAAAAADQk0AAAAAAAKzRQAAAAAAAOJ5AAAAAAADkpUAAAAAAAASQQAAAAAAABqJAAAAAAEAX10AAAAAAAAKgQAAAAAAAhMNAAAAAAABoikAAAAAAYHnhQAAAAAAAzqpAAAAAAADMnUAAAAAAAGCcQAAAAAAAH7FAAAAAAACIkkAAAAAAAJSmQAAAAAAAMItAAAAAAABMlUAAAAAAQO/WQAAAAADAhdBAAAAAAADYp0AAAAAAABCtQAAAAAAAIHxAAAAAAABkukAAAAAAAGigQAAAAAAA0KZAAAAAAADpyEAAAAAAAPPAQAAAAAAARcFAAAAAAOBd4EAAAAAAAF6gQAAAAAAArb9AAAAAAADQkEAAAAAAAJiOQAAAAAAAachAAAAAAADXvUAAAAAAADisQA==</data>
					</intenArrayBinary>
				</spectrum>
				<spectrum id="54">
					<spectrumDesc>
						<spectrumSettings>
							<spectrumInstrument mzRangeStop="1200.0" mzRangeStart="611.0" msLevel="2" />
						</spectrumSettings>
						<precursorList count="1">
							<precursor msLevel="1" spectrumRef="0">
								<ionSelection>
									<cvParam cvLabel="PSI" accession="PSI:1000041" name="ChargeState" value="2" />
									<cvParam cvLabel="PSI" accession="PSI:1000040" name="MassToChargeRatio" value="1074" />
								</ionSelection>
								<activation />
							</precursor>
						</precursorList>
						<comments>Not identified</comments>
					</spectrumDesc>
					<mzArrayBinary>
						<data precision="64" endian="little" length="11">AAAAAAAYg0AAAAAAAIiMQAAAAAAAwI1AAAAAAACAjkAAAAAAAJiOQAAAAAAAyI9AAAAAAAD4j0AAAAAAAHyQQAAAAAAACJFAAAAAAABwkkAAAAAAAMCSQA==</data>
					</mzArrayBinary>
					<intenArrayBinary>
						<data precision="64" endian="little" length="11">AAAAAABgnUAAAAAAAFSXQAAAAAAAKbJAAAAAAABgrEAAAAAAAKKmQAAAAAAACIlAAAAAAABIoUAAAAAAAMCdQAAAAAAAAIRAAAAAAAAAiEAAAAAAAFiSQA==</data>
					</intenArrayBinary>
				</spectrum>
				<spectrum id="55">
					<spectrumDesc>
						<spectrumSettings>
							<spectrumInstrument mzRangeStop="877.0" mzRangeStart="222.0" msLevel="2" />
						</spectrumSettings>
						<precursorList count="1">
							<precursor msLevel="1" spectrumRef="0">
								<ionSelection>
									<cvParam cvLabel="PSI" accession="PSI:1000041" name="ChargeState" value="1" />
									<cvParam cvLabel="PSI" accession="PSI:1000040" name="MassToChargeRatio" value="536" />
								</ionSelection>
								<activation />
							</precursor>
						</precursorList>
						<comments>Not identified</comments>
					</spectrumDesc>
					<mzArrayBinary>
						<data precision="64" endian="little" length="54">AAAAAADAa0AAAAAAAMBtQAAAAAAA4G1AAAAAAACAcEAAAAAAAKBwQAAAAAAAsHBAAAAAAACwcEAAAAAAAJBxQAAAAAAAoHFAAAAAAACgcUAAAAAAAIByQAAAAAAAkHJAAAAAAACgckAAAAAAALByQAAAAAAAUHRAAAAAAAAAdkAAAAAAAEB2QAAAAAAAYHZAAAAAAABwdkAAAAAAAOB4QAAAAAAAMHlAAAAAAADgeUAAAAAAAPB5QAAAAAAA0HpAAAAAAABAe0AAAAAAAHB7QAAAAAAAkHtAAAAAAADge0AAAAAAAAB8QAAAAAAAkHxAAAAAAABwfUAAAAAAAPB9QAAAAAAAYH9AAAAAAABgf0AAAAAAAHB/QAAAAAAAgH9AAAAAAADwf0AAAAAAAACAQAAAAAAACIBAAAAAAAAogEAAAAAAADCAQAAAAAAAOIBAAAAAAABAgEAAAAAAAHiAQAAAAAAAgIBAAAAAAAC4gEAAAAAAALiAQAAAAAAAwIBAAAAAAADggEAAAAAAAMiBQAAAAAAA4IFAAAAAAADog0AAAAAAAECIQAAAAAAAaItA</data>
					</mzArrayBinary>
					<intenArrayBinary>
						<data precision="64" endian="little" length="54">AAAAAADnvEAAAAAAgFzOQAAAAAAAD8BAAAAAAEDl0UAAAAAAADK8QAAAAAAA/8hAAAAAAACSrkAAAAAAQOfyQAAAAAAAFNFAAAAAAAAHw0AAAAAAAJHFQAAAAAAA9btAAAAAAGgaKEEAAAAAwM39QAAAAAAAU7FAAAAAAAAiskAAAAAAAPO1QAAAAACAFNlAAAAAAABsoUAAAAAAAI24QAAAAAAAbqdAAAAAAAA8yUAAAAAAAFqmQAAAAAAAUrpAAAAAAABIyUAAAAAAAKqgQAAAAAAAML5AAAAAAACGo0AAAAAAAEq1QAAAAACAv8dAAAAAAABDtUAAAAAAAITGQAAAAAAATcJAAAAAAKjaFEEAAAAAcEn7QAAAAAAAACJAAAAAAAA0ukAAAAAAAOzVQAAAAAAA9NBAAAAAAIAT1EAAAAAA4MUJQQAAAADghgBBAAAAAADkoEAAAAAAAIu0QAAAAAAAdJpAAAAAAKCu4kAAAAAAgI3SQAAAAAAA9KpAAAAAAADqw0AAAAAAAAe3QAAAAAAAF7RAAAAAAIBfyEAAAAAAACS8QAAAAAAALqBA</data>
					</intenArrayBinary>
				</spectrum>
				<spectrum id="56">
					<spectrumDesc>
						<spectrumSettings>
							<spectrumInstrument mzRangeStop="1271.0" mzRangeStart="201.0" msLevel="2" />
						</spectrumSettings>
						<precursorList count="1">
							<precursor msLevel="1" spectrumRef="0">
								<ionSelection>
									<cvParam cvLabel="PSI" accession="PSI:1000041" name="ChargeState" value="2" />
									<cvParam cvLabel="PSI" accession="PSI:1000040" name="MassToChargeRatio" value="709" />
								</ionSelection>
								<activation />
							</precursor>
						</precursorList>
						<comments>Identified</comments>
					</spectrumDesc>
					<mzArrayBinary>
						<data precision="64" endian="little" length="112">AAAAAAAgaUAAAAAAADBwQAAAAAAAQHBAAAAAAABgcEAAAAAAAFBxQAAAAAAAoHNAAAAAAADwdEAAAAAAAMB1QAAAAAAAkHZAAAAAAABQeEAAAAAAAGB4QAAAAAAAUHlAAAAAAACAeUAAAAAAAMB7QAAAAAAAoH1AAAAAAADQfUAAAAAAAMB/QAAAAAAA0H9AAAAAAACAgEAAAAAAABiBQAAAAAAA6IFAAAAAAADwgUAAAAAAABiCQAAAAAAAIIJAAAAAAAAogkAAAAAAAHiCQAAAAAAAgIJAAAAAAACAgkAAAAAAAMCCQAAAAAAAAINAAAAAAAAIg0AAAAAAABCDQAAAAAAASINAAAAAAABgg0AAAAAAAIiDQAAAAAAAmINAAAAAAAC4g0AAAAAAAOiDQAAAAAAAIIRAAAAAAAAohEAAAAAAAHCEQAAAAAAAiIRAAAAAAADYhEAAAAAAACCFQAAAAAAAMIVAAAAAAAA4hUAAAAAAAGiFQAAAAAAAkIVAAAAAAACghUAAAAAAALCFQAAAAAAA4IVAAAAAAAD4hUAAAAAAAIiGQAAAAAAAEIdAAAAAAABYh0AAAAAAACiIQAAAAAAAMIhAAAAAAAAYiUAAAAAAACCJQAAAAAAAOIlAAAAAAABIiUAAAAAAAFCJQAAAAAAAkIlAAAAAAACgiUAAAAAAAKCJQAAAAAAAqIlAAAAAAADAiUAAAAAAAMiJQAAAAAAAKIpAAAAAAAAwikAAAAAAALiKQAAAAAAASItAAAAAAABQi0AAAAAAANCLQAAAAAAA2ItAAAAAAADgi0AAAAAAAOiLQAAAAAAAOIxAAAAAAABgjEAAAAAAAGiMQAAAAAAA2IxAAAAAAABIjUAAAAAAAFCNQAAAAAAAWI1AAAAAAABgjUAAAAAAAGCNQAAAAAAAaI1AAAAAAADYjUAAAAAAAOCNQAAAAAAASI9AAAAAAADgj0AAAAAAADSQQAAAAAAANJBAAAAAAAA8kEAAAAAAAESQQAAAAAAAfJBAAAAAAACwkEAAAAAAALSQQAAAAAAAuJBAAAAAAADckEAAAAAAAAiRQAAAAAAAwJFAAAAAAADEkUAAAAAAAMiRQAAAAAAACJJAAAAAAAAMkkAAAAAAABCSQAAAAAAAdJJAAAAAAAD8kkAAAAAAAACTQAAAAAAABJNAAAAAAADck0A=</data>
					</mzArrayBinary>
					<intenArrayBinary>
						<data precision="64" endian="little" length="112">AAAAAABe30AAAAAAEDj6QAAAAAAAACBAAAAAAODB4kAAAAAAgKLaQAAAAADg2uFAAAAAAIAq1EAAAAAAEE73QAAAAAD0YxBBAAAAAACO20AAAAAAMLvxQAAAAADgReNAAAAAAIAFz0AAAAAAQFXQQAAAAADAzdRAAAAAAMDJ3kAAAAAAINURQQAAAABgGOdAAAAAAKD14kAAAAAAwM7cQAAAAABQZABBAAAAAKD28EAAAAAAhIsWQQAAAABAWuJAAAAAAIBexEAAAAAA8CvwQAAAAAAIdABBAAAAAAAA8D8AAAAAAOC6QAAAAACb8DZBAAAAAPC+HUEAAAAAoKbkQAAAAACAq+NAAAAAAEDu0UAAAAAAgHfQQAAAAAAAyNRAAAAAAICA0kAAAAAAADTlQAAAAACAzetAAAAAAEAF1EAAAAAAwILbQAAAAAAAZs9AAAAAAIA5zkAAAAAAwIPlQAAAAACwZwdBAAAAAGDf5EAAAAAAALTBQAAAAACAVfNAAAAAAKCP4UAAAAAAAPXdQAAAAABAP9RAAAAAAMDJ4UAAAAAAgDbSQAAAAACACd1AAAAAACAC6UAAAAAAYCPqQAAAAACgm+9AAAAAAMCm10AAAAAAgBHAQAAAAACgGOxAAAAAAOBi50AAAAAAwOHXQAAAAAAAyuVAAAAAAFQ8EUEAAAAAAAAiQAAAAADwmfJAAAAAAOD25EAAAAAAYMjuQAAAAACguuBAAAAAAJC08UAAAAAAQNXTQAAAAAAAQdhAAAAAAKBp40AAAAAAQLPlQAAAAABgq+5AAAAAAIAg0UAAAAAAQN7VQAAAAAAAisdAAAAAAOBv4EAAAAAAQNDfQAAAAACASsxAAAAAAHBk+0AAAAAAwJDWQAAAAAAA69pAAAAAAFB29kAAAAAAAAAcQAAAAAAA4blAAAAAAAC07UAAAAAAgM7xQAAAAABAQNVAAAAAAAAd0UAAAAAAYIPtQAAAAACAMc9AAAAAAIBL8EAAAAAAAOrmQAAAAADQ5/RAAAAAAEQuFkEAAAAAoO0AQQAAAACAdcdAAAAAACDu4EAAAAAAwJDWQAAAAABA/ORAAAAAACCD60AAAAAAAAAwQAAAAAAAwtpAAAAAAIBI70AAAAAAMLv8QAAAAABAzeRAAAAAAICSD0EAAAAAMP8QQQAAAACAgvNAAAAAAMDO00A=</data>
					</intenArrayBinary>
				</spectrum>
				<spectrum id="57">
					<spectrumDesc>
						<spectrumSettings>
							<spectrumInstrument mzRangeStop="1266.0" mzRangeStart="201.0" msLevel="2" />
						</spectrumSettings>
						<precursorList count="1">
							<precursor msLevel="1" spectrumRef="0">
								<ionSelection>
									<cvParam cvLabel="PSI" accession="PSI:1000041" name="ChargeState" value="2" />
									<cvParam cvLabel="PSI" accession="PSI:1000040" name="MassToChargeRatio" value="679" />
								</ionSelection>
								<activation />
							</precursor>
						</precursorList>
						<comments>Not identified</comments>
					</spectrumDesc>
					<mzArrayBinary>
						<data precision="64" endian="little" length="217">AAAAAAAgaUAAAAAAAEBpQAAAAAAAYGlAAAAAAACAaUAAAAAAAKBpQAAAAAAAAGxAAAAAAADAbkAAAAAAAABvQAAAAAAAMHBAAAAAAAAgcUAAAAAAAFBxQAAAAAAAYHFAAAAAAACwcUAAAAAAANBxQAAAAAAAAHJAAAAAAABAckAAAAAAANByQAAAAAAA4HJAAAAAAADwckAAAAAAAPByQAAAAAAAgHRAAAAAAACgdEAAAAAAAMB1QAAAAAAAgHZAAAAAAACAdkAAAAAAAFB3QAAAAAAAgHdAAAAAAABweEAAAAAAAMB4QAAAAAAAAHlAAAAAAAAQeUAAAAAAAEB5QAAAAAAAAHpAAAAAAADQekAAAAAAAAB7QAAAAAAAcHtAAAAAAADge0AAAAAAAPB7QAAAAAAAEHxAAAAAAAAgfEAAAAAAADB8QAAAAAAAsHxAAAAAAADQfEAAAAAAAIB9QAAAAAAAwH1AAAAAAADgfUAAAAAAACB+QAAAAAAAQH9AAAAAAADAf0AAAAAAAPB/QAAAAAAAKIBAAAAAAAA4gEAAAAAAAEiAQAAAAAAAUIBAAAAAAACAgEAAAAAAAMiAQAAAAAAA0IBAAAAAAADogEAAAAAAAACBQAAAAAAACIFAAAAAAAAYgUAAAAAAACiBQAAAAAAAYIFAAAAAAABwgUAAAAAAAIiBQAAAAAAAkIFAAAAAAADQgUAAAAAAANiBQAAAAAAA6IFAAAAAAADwgUAAAAAAAPCBQAAAAAAA+IFAAAAAAAAYgkAAAAAAACCCQAAAAAAAIIJAAAAAAAB4gkAAAAAAAICCQAAAAAAAkIJAAAAAAACogkAAAAAAALiCQAAAAAAACINAAAAAAAAwg0AAAAAAAECDQAAAAAAAYINAAAAAAABog0AAAAAAAHCDQAAAAAAAqINAAAAAAACwg0AAAAAAANCDQAAAAAAA2INAAAAAAADog0AAAAAAAPCDQAAAAAAA+INAAAAAAAAAhEAAAAAAACCEQAAAAAAAOIRAAAAAAABIhEAAAAAAAFiEQAAAAAAAaIRAAAAAAAB4hEAAAAAAAHiEQAAAAAAAuIRAAAAAAADwhEAAAAAAAAiFQAAAAAAAEIVAAAAAAAAwhUAAAAAAAGCFQAAAAAAAeIVAAAAAAACYhUAAAAAAAKCFQAAAAAAAqIVAAAAAAAD4hUAAAAAAAAiGQAAAAAAAIIZAAAAAAAAohkAAAAAAAICGQAAAAAAAiIZAAAAAAACQhkAAAAAAAPiGQAAAAAAAEIdAAAAAAAAYh0AAAAAAAFCHQAAAAAAAmIdAAAAAAACgh0AAAAAAAKCHQAAAAAAA2IdAAAAAAADgh0AAAAAAAPiHQAAAAAAAAIhAAAAAAAAoiEAAAAAAADCIQAAAAAAAQIhAAAAAAACAiEAAAAAAAKiIQAAAAAAAuIhAAAAAAADAiEAAAAAAAOiIQAAAAAAA8IhAAAAAAAAAiUAAAAAAAAiJQAAAAAAAEIlAAAAAAACAiUAAAAAAAJiJQAAAAAAAoIlAAAAAAACoiUAAAAAAANiJQAAAAAAAKIpAAAAAAAAwikAAAAAAALiKQAAAAAAAyIpAAAAAAAD4ikAAAAAAACiLQAAAAAAAQItAAAAAAABIi0AAAAAAAIiLQAAAAAAAkItAAAAAAACwi0AAAAAAAMiLQAAAAAAA0ItAAAAAAADYi0AAAAAAAOCLQAAAAAAAYIxAAAAAAABgjEAAAAAAALCMQAAAAAAA4IxAAAAAAABAjUAAAAAAAEiNQAAAAAAAmI1AAAAAAADQjUAAAAAAANCNQAAAAAAAKI5AAAAAAABgjkAAAAAAAPCOQAAAAAAAAI9AAAAAAAAQj0AAAAAAAJCPQAAAAAAAmI9AAAAAAACgj0AAAAAAANCPQAAAAAAA2I9AAAAAAADgj0AAAAAAAOiPQAAAAAAADJBAAAAAAAAckEAAAAAAADSQQAAAAAAAOJBAAAAAAAA8kEAAAAAAAFyQQAAAAAAAZJBAAAAAAABwkEAAAAAAAHyQQAAAAAAAgJBAAAAAAACEkEAAAAAAAKSQQAAAAAAAxJBAAAAAAAAUkUAAAAAAAHyRQAAAAAAAmJFAAAAAAACkkUAAAAAAALyRQAAAAAAAwJFAAAAAAADEkUAAAAAAAMiRQAAAAAAAzJFAAAAAAADQkUAAAAAAAOiRQAAAAAAACJJAAAAAAAAMkkAAAAAAABCSQAAAAAAAFJJAAAAAAAAYkkAAAAAAABySQAAAAAAAYJJAAAAAAACkkkAAAAAAAOySQAAAAAAA8JJAAAAAAADIk0A=</data>
					</mzArrayBinary>
					<intenArrayBinary>
						<data precision="64" endian="little" length="217">AAAAAAC0qkAAAAAAAPKiQAAAAAAAeKxAAAAAAMDV0EAAAAAAAKyXQAAAAAAAYqBAAAAAAACWoEAAAAAAAOyeQAAAAAAAlJVAAAAAAADKoEAAAAAAAHicQAAAAAAAIIJAAAAAAACwmkAAAAAAAOCCQAAAAAAANJBAAAAAAABQh0AAAAAAACCCQAAAAAAAgIBAAAAAAACM1kAAAAAAAACTQAAAAAAAYJBAAAAAAAA4lkAAAAAAADq0QAAAAAAA5KNAAAAAAAAggUAAAAAAAHSmQAAAAAAAv7hAAAAAAACsrUAAAAAAAHySQAAAAAAAAKJAAAAAAABwq0AAAAAAALyfQAAAAAAAQKtAAAAAAADwgEAAAAAAAOCUQAAAAAAA8JxAAAAAAAAwjkAAAAAAAPCUQAAAAAAAWIdAAAAAACDV7kAAAAAAANe7QAAAAAAANqlAAAAAAABsk0AAAAAAANCZQAAAAAAAObJAAAAAAADSqEAAAAAAAMCCQAAAAAAAQIdAAAAAAACEm0AAAAAAAPiUQAAAAAAAYJdAAAAAAAAirkAAAAAA8MLwQAAAAACATchAAAAAAABsvkAAAAAAAOydQAAAAAAADJpAAAAAAAAbs0AAAAAAACyrQAAAAAAApKlAAAAAAIDQyUAAAAAAAFWyQAAAAAAAtJ5AAAAAAACgkEAAAAAAACu0QAAAAAAAxqtAAAAAAABSyUAAAAAAAC3KQAAAAAAA1K5AAAAAAACvs0AAAAAAAH6mQAAAAAAASqNAAAAAAEj1EUEAAAAAsPD9QAAAAAAAg8NAAAAAAECV0kAAAAAAgFzAQAAAAACAksBAAAAAAAC4oEAAAAAAAKCUQAAAAAAAlqFAAAAAAAAIgkAAAAAAACioQAAAAACgKudAAAAAAEBL0UAAAAAAANiVQAAAAAAAT8JAAAAAAACWqEAAAAAAABytQAAAAAAAOIJAAAAAAAAAs0AAAAAAAJWzQAAAAAAA7KpAAAAAAACVtkAAAAAAANG0QAAAAAAAsb5AAAAAAABOqkAAAAAAAECHQAAAAAAA4qxAAAAAAAAQj0AAAAAAAMCOQAAAAAAAOIdAAAAAAIDHykAAAAAAAHibQAAAAAAAiJBAAAAAAAAYm0AAAAAAAKSoQAAAAAAANKZAAAAAAACpvUAAAAAAAMyZQAAAAAAA7LJAAAAAAADwjkAAAAAAgAbAQAAAAAAAJKpAAAAAAAAarEAAAAAAACrEQAAAAACAEMRAAAAAAICFz0AAAAAAAHiaQAAAAABAo91AAAAAAADwt0AAAAAAANCNQAAAAAAAEItAAAAAAAD0nEAAAAAAAFyfQAAAAAAAUq1AAAAAAADclUAAAAAAwA/bQAAAAAAAOs9AAAAAAABInEAAAAAAACB7QAAAAAAA7KRAAAAAAADcl0AAAAAAAIiKQAAAAAAArJJAAAAAAAAwhkAAAAAAAKqsQAAAAAAA/JVAAAAAAAC4mEAAAAAAAJrSQAAAAAAAVbpAAAAAAAAUmUAAAAAAQN7SQAAAAADAitBAAAAAAADZz0AAAAAAAKCJQAAAAADA0NNAAAAAAABbxUAAAAAAAMKmQAAAAAAAyJpAAAAAAAC+rEAAAAAAAJiNQAAAAAAAMIJAAAAAAAAGoEAAAAAAYBblQAAAAAAAq9tAAAAAAAAipUAAAAAAAKB6QAAAAAAAzsFAAAAAACAq4EAAAAAAAGvCQAAAAAAAA89AAAAAAAA6q0AAAAAAAMSaQAAAAAAAZKdAAAAAAABDsEAAAAAAgKvNQAAAAAAAYrdAAAAAAAAQwEAAAAAAAADwPwAAAAAAOJBAAAAAAADQp0AAAAAAAGKuQAAAAAAAd7tAAAAAAACWsUAAAAAAYBPiQAAAAABgPehAAAAAAADeskAAAAAAAIyZQAAAAACAYcdAAAAAAADkmkAAAAAAANLDQAAAAAAAqJBAAAAAAABCqUAAAAAAAAXRQAAAAAAAYtNAAAAAAADuxkAAAAAAACy7QAAAAAAAQqZAAAAAAADom0AAAAAAgLDcQAAAAAAAoNRAAAAAAACkp0AAAAAAAKCPQAAAAAAAuKJAAAAAAIBfwEAAAAAAAKe1QAAAAAAABKJAAAAAAAAOpUAAAAAAAJSqQAAAAACAnt5AAAAAAAD05UAAAAAAgNDAQAAAAACAlMFAAAAAAAC9uUAAAAAAAMipQAAAAAAAa+tAAAAAAICr60AAAAAAAIKsQAAAAAAAuvtAAAAAACCz6EAAAAAAAMnBQAAAAAAA3KhAAAAAAABys0AAAAAAAGC9QAAAAAAAuIBAAAAAAACgjEA=</data>
					</intenArrayBinary>
				</spectrum>
				<spectrum id="58">
					<spectrumDesc>
						<spectrumSettings>
							<spectrumInstrument mzRangeStop="497.0" mzRangeStart="148.0" msLevel="2" />
						</spectrumSettings>
						<precursorList count="1">
							<precursor msLevel="1" spectrumRef="0">
								<ionSelection>
									<cvParam cvLabel="PSI" accession="PSI:1000041" name="ChargeState" value="1" />
									<cvParam cvLabel="PSI" accession="PSI:1000040" name="MassToChargeRatio" value="462" />
								</ionSelection>
								<activation />
							</precursor>
						</precursorList>
						<comments>Not identified</comments>
					</spectrumDesc>
					<mzArrayBinary>
						<data precision="64" endian="little" length="28">AAAAAACAYkAAAAAAAMBnQAAAAAAAIG1AAAAAAADgbUAAAAAAAKByQAAAAAAAgHNAAAAAAACQc0AAAAAAAKB1QAAAAAAAIHZAAAAAAABgdkAAAAAAAOB3QAAAAAAAYHlAAAAAAADweUAAAAAAAMB6QAAAAAAA4HpAAAAAAAAge0AAAAAAAIB7QAAAAAAAoHtAAAAAAACwe0AAAAAAAMB7QAAAAAAA4HtAAAAAAABAfEAAAAAAANB8QAAAAAAA8HxAAAAAAADwfEAAAAAAAOB9QAAAAAAA8H1AAAAAAAAQf0A=</data>
					</mzArrayBinary>
					<intenArrayBinary>
						<data precision="64" endian="little" length="28">AAAAAAAQmUAAAAAAAEaoQAAAAAAAaJ9AAAAAAADQskAAAAAAAJKsQAAAAAAAaINAAAAAAACEoEAAAAAAABqoQAAAAAAA1JVAAAAAAAAAt0AAAAAAALSiQAAAAAAAsIdAAAAAAAD0pkAAAAAAoCTkQAAAAAAA1JJAAAAAAAAgikAAAAAAAImwQAAAAABA3NdAAAAAAACbsEAAAAAAaDcsQQAAAAAAEq1AAAAAAAD0t0AAAAAAwDrZQAAAAAAAULVAAAAAAAAA8D8AAAAAADiMQAAAAAAAMqhAAAAAAIARwUA=</data>
					</intenArrayBinary>
				</spectrum>
				<spectrum id="59">
					<spectrumDesc>
						<spectrumSettings>
							<spectrumInstrument mzRangeStop="1881.0" mzRangeStart="393.0" msLevel="2" />
						</spectrumSettings>
						<precursorList count="1">
							<precursor msLevel="1" spectrumRef="0">
								<ionSelection>
									<cvParam cvLabel="PSI" accession="PSI:1000041" name="ChargeState" value="2" />
									<cvParam cvLabel="PSI" accession="PSI:1000040" name="MassToChargeRatio" value="1169" />
								</ionSelection>
								<activation />
							</precursor>
						</precursorList>
						<comments>Not identified</comments>
					</spectrumDesc>
					<mzArrayBinary>
						<data precision="64" endian="little" length="32">AAAAAACQeEAAAAAAABiIQAAAAAAAsIhAAAAAAADoiEAAAAAAAKCNQAAAAAAAwI1AAAAAAAC4jkAAAAAAACCQQAAAAAAAdJBAAAAAAAB4kEAAAAAAALiQQAAAAAAAxJBAAAAAAAAskUAAAAAAAESRQAAAAAAAbJFAAAAAAAB4kUAAAAAAAISRQAAAAAAAoJFAAAAAAACskUAAAAAAALiRQAAAAAAA+JFAAAAAAAD8kUAAAAAAAPCSQAAAAAAAGJNAAAAAAABIk0AAAAAAAEyTQAAAAAAAWJRAAAAAAAB4lEAAAAAAABSWQAAAAAAA1JhAAAAAAAC4nEAAAAAAAGSdQA==</data>
					</mzArrayBinary>
					<intenArrayBinary>
						<data precision="64" endian="little" length="32">AAAAAACRsUAAAAAAAGSaQAAAAAAARLRAAAAAAABglUAAAAAAABSiQAAAAAAAqINAAAAAAAAwp0AAAAAAAEyaQAAAAAAA9KBAAAAAAACUk0AAAAAAANyUQAAAAAAASrJAAAAAAAA2pkAAAAAAAFCAQAAAAAAAnqNAAAAAAAD8qUAAAAAAAL+xQAAAAAAAsb1AAAAAAAC8pkAAAAAAANiHQAAAAAAASIdAAAAAAAC8tEAAAAAAADSdQAAAAAAAPJBAAAAAAACEkkAAAAAAANKkQAAAAAAAAqFAAAAAAABUo0AAAAAAAH+3QAAAAAAASKFAAAAAAACck0AAAAAAAOSvQA==</data>
					</intenArrayBinary>
				</spectrum>
				<spectrum id="60">
					<spectrumDesc>
						<spectrumSettings>
							<spectrumInstrument mzRangeStop="1128.0" mzRangeStart="196.0" msLevel="2" />
						</spectrumSettings>
						<precursorList count="1">
							<precursor msLevel="1" spectrumRef="0">
								<ionSelection>
									<cvParam cvLabel="PSI" accession="PSI:1000041" name="ChargeState" value="2" />
									<cvParam cvLabel="PSI" accession="PSI:1000040" name="MassToChargeRatio" value="593" />
								</ionSelection>
								<activation />
							</precursor>
						</precursorList>
						<comments>Not identified</comments>
					</spectrumDesc>
					<mzArrayBinary>
						<data precision="64" endian="little" length="74">AAAAAACAaEAAAAAAAMBtQAAAAAAA4G1AAAAAAAAgbkAAAAAAAJBwQAAAAAAAsHBAAAAAAADQcEAAAAAAAJBxQAAAAAAAsHFAAAAAAADAcUAAAAAAAGByQAAAAAAAkHJAAAAAAACgckAAAAAAALBzQAAAAAAAwHNAAAAAAADwdEAAAAAAADB2QAAAAAAAEHdAAAAAAAAgd0AAAAAAACB3QAAAAAAAMHdAAAAAAABAd0AAAAAAAMB5QAAAAAAAIHtAAAAAAACQe0AAAAAAAJB8QAAAAAAAkH1AAAAAAACgfUAAAAAAAHB+QAAAAAAAAH9AAAAAAACgf0AAAAAAACCAQAAAAAAA8IBAAAAAAAAogUAAAAAAAFiBQAAAAAAAoIFAAAAAAADIgUAAAAAAANiBQAAAAAAA6IFAAAAAAADwgUAAAAAAAPiBQAAAAAAAAIJAAAAAAAAIgkAAAAAAADiCQAAAAAAAeIJAAAAAAACAgkAAAAAAAIiCQAAAAAAAwIJAAAAAAADogkAAAAAAAEiDQAAAAAAAWINAAAAAAACwg0AAAAAAAGiEQAAAAAAAsIRAAAAAAADQhEAAAAAAAEiFQAAAAAAAYIVAAAAAAADAhUAAAAAAAACGQAAAAAAACIZAAAAAAAAQhkAAAAAAAKCGQAAAAAAA6IZAAAAAAACYiEAAAAAAABiJQAAAAAAAQIlAAAAAAABQiUAAAAAAANCJQAAAAAAAuItAAAAAAAAojEAAAAAAAHiMQAAAAAAAeI5AAAAAAADAkEAAAAAAAKCRQA==</data>
					</mzArrayBinary>
					<intenArrayBinary>
						<data precision="64" endian="little" length="74">AAAAAAAsl0AAAAAAAESiQAAAAAAAAPA/AAAAAAB4m0AAAAAAAEidQAAAAAAAc7xAAAAAAAAZtUAAAAAAAEKoQAAAAAAAfKVAAAAAAEBi40AAAAAAAPKjQAAAAAAAOI5AAAAAAACfxEAAAAAAAJ6mQAAAAAAAvLNAAAAAAACSoEAAAAAApD4SQQAAAAAAmqdAAAAAAAC0vEAAAAAAADHeQAAAAAAAaqpAAAAAAAB3xEAAAAAAAFicQAAAAAAAcJdAAAAAAABIiEAAAAAAAPyaQAAAAAAAsKxAAAAAAAC4hkAAAAAAACyxQAAAAAAAJKdAAAAAAABEkEAAAAAAACydQAAAAAAAQqBAAAAAAADMq0AAAAAAAISUQAAAAACANcpAAAAAAABewkAAAAAAAEW4QAAAAAAAWJZAAAAAAABEl0AAAAAAALezQAAAAACAIdJAAAAAAADSs0AAAAAAAKinQAAAAAAAMK9AAAAAAAAEu0AAAAAAAPCFQAAAAAAAzJVAAAAAAACEkUAAAAAAAOCyQAAAAAAAE7dAAAAAAACUnUAAAAAAAPivQAAAAAAACrlAAAAAAABqqkAAAAAAAPCbQAAAAAAAGJFAAAAAAABurUAAAAAAADibQAAAAAAAoKpAAAAAAACUrEAAAAAAAECPQAAAAAAA+JpAAAAAAABioUAAAAAAAFqgQAAAAAAAO7JAAAAAAABKqEAAAAAAAC6gQAAAAAAA4JVAAAAAAADAo0AAAAAAAHCGQAAAAAAAW7FAAAAAAAAbt0AAAAAAALSXQA==</data>
					</intenArrayBinary>
				</spectrum>
				<spectrum id="61">
					<spectrumDesc>
						<spectrumSettings>
							<spectrumInstrument mzRangeStop="921.0" mzRangeStart="148.0" msLevel="2" />
						</spectrumSettings>
						<precursorList count="1">
							<precursor msLevel="1" spectrumRef="0">
								<ionSelection>
									<cvParam cvLabel="PSI" accession="PSI:1000041" name="ChargeState" value="1" />
									<cvParam cvLabel="PSI" accession="PSI:1000040" name="MassToChargeRatio" value="519" />
								</ionSelection>
								<activation />
							</precursor>
						</precursorList>
						<comments>Not identified</comments>
					</spectrumDesc>
					<mzArrayBinary>
						<data precision="64" endian="little" length="75">AAAAAACAYkAAAAAAAIBnQAAAAAAAQGpAAAAAAACga0AAAAAAAABsQAAAAAAAwG1AAAAAAAAAb0AAAAAAACBwQAAAAAAAcHBAAAAAAACQcEAAAAAAALBwQAAAAAAAwHBAAAAAAACQcUAAAAAAAKBxQAAAAAAAwHFAAAAAAABwckAAAAAAAJByQAAAAAAAkHJAAAAAAACgckAAAAAAALByQAAAAAAA4HJAAAAAAABAc0AAAAAAAMBzQAAAAAAAEHRAAAAAAABQdUAAAAAAAIB1QAAAAAAAgHVAAAAAAABQdkAAAAAAAGB2QAAAAAAAkHZAAAAAAADgdkAAAAAAADB3QAAAAAAAcHdAAAAAAADweEAAAAAAABB5QAAAAAAAwHlAAAAAAADgeUAAAAAAAKB6QAAAAAAA8HpAAAAAAAAAe0AAAAAAAEB7QAAAAAAAkH1AAAAAAACgfUAAAAAAALB9QAAAAAAA0H1AAAAAAAAwfkAAAAAAANB+QAAAAAAAQH9AAAAAAABgf0AAAAAAANB/QAAAAAAA0H9AAAAAAAAwgEAAAAAAADiAQAAAAAAAQIBAAAAAAABIgEAAAAAAALiAQAAAAAAAwIBAAAAAAABIgUAAAAAAALiBQAAAAAAAWIJAAAAAAABggkAAAAAAAOCCQAAAAAAAwINAAAAAAADgg0AAAAAAAFiFQAAAAAAAiIVAAAAAAACQhUAAAAAAAMiFQAAAAAAAqIZAAAAAAAAIh0AAAAAAAPiHQAAAAAAAgIhAAAAAAAAQi0AAAAAAAIiLQAAAAAAAyIxA</data>
					</mzArrayBinary>
					<intenArrayBinary>
						<data precision="64" endian="little" length="75">AAAAAAB0n0AAAAAAAEiSQAAAAAAAYJRAAAAAAACEkUAAAAAAAHeyQAAAAABABthAAAAAAAAQikAAAAAAAECTQAAAAAAA8JRAAAAAAABnskAAAAAAACCzQAAAAAAAsIFAAAAAALhsAEEAAAAAANDRQAAAAAAAiINAAAAAAAAKtkAAAAAAAPvGQAAAAACgQu9AAAAAAPA2KUEAAAAAAAAUQAAAAAAAJJpAAAAAAAAAgUAAAAAAAICmQAAAAAAAnLNAAAAAAADAmkAAAAAAAOCbQAAAAAAAJqVAAAAAAADgmEAAAAAAYLjgQAAAAAAA5JJAAAAAAAB8lkAAAAAAADSQQAAAAAAA/JVAAAAAAAASqUAAAAAAAIaqQAAAAAAAvJFAAAAAAGCp70AAAAAAANCeQAAAAAAA0qNAAAAAAACcnUAAAAAAABiOQAAAAAAAtrpAAAAAAABssUAAAAAAAECkQAAAAACAfsJAAAAAAADAfEAAAAAAAFSQQAAAAADAltNAAAAAAMCaF0EAAAAAACiKQAAAAAAAJKVAAAAAAAAupkAAAAAAAHXBQAAAAAAAV7JAAAAAAAAwikAAAAAAAPCNQAAAAAAAmJRAAAAAAAD4mEAAAAAAAJC2QAAAAAAArq9AAAAAAAAAkkAAAAAAALCBQAAAAAAATrBAAAAAAACYj0AAAAAAAOa8QAAAAAAAbqtAAAAAAABok0AAAAAAAIm1QAAAAAAAYqtAAAAAAACPt0AAAAAAAPqxQAAAAAAAvJxAAAAAAADggUAAAAAAAFSSQAAAAAAAIqxA</data>
					</intenArrayBinary>
				</spectrum>
				<spectrum id="62">
					<spectrumDesc>
						<spectrumSettings>
							<spectrumInstrument mzRangeStop="1271.0" mzRangeStart="201.0" msLevel="2" />
						</spectrumSettings>
						<precursorList count="1">
							<precursor msLevel="1" spectrumRef="0">
								<ionSelection>
									<cvParam cvLabel="PSI" accession="PSI:1000041" name="ChargeState" value="2" />
									<cvParam cvLabel="PSI" accession="PSI:1000040" name="MassToChargeRatio" value="708" />
								</ionSelection>
								<activation />
							</precursor>
						</precursorList>
						<comments>Identified</comments>
					</spectrumDesc>
					<mzArrayBinary>
						<data precision="64" endian="little" length="148">AAAAAAAgaUAAAAAAACBsQAAAAAAAYGxAAAAAAADAbUAAAAAAAIBuQAAAAAAAgG5AAAAAAAAwcEAAAAAAAGBwQAAAAAAAcHBAAAAAAABQcUAAAAAAAOBxQAAAAAAAcHVAAAAAAACwdUAAAAAAAMB1QAAAAAAAkHZAAAAAAACgdkAAAAAAAFB3QAAAAAAAcHhAAAAAAAAAe0AAAAAAAMB9QAAAAAAAIH9AAAAAAADAf0AAAAAAANB/QAAAAAAAEIBAAAAAAADQgEAAAAAAAFCBQAAAAAAA6IFAAAAAAADwgUAAAAAAAPiBQAAAAAAAAIJAAAAAAAAIgkAAAAAAABiCQAAAAAAAIIJAAAAAAABwgkAAAAAAAICCQAAAAAAAuIJAAAAAAADAgkAAAAAAAACDQAAAAAAACINAAAAAAAAQg0AAAAAAAECDQAAAAAAAYINAAAAAAACYg0AAAAAAANCDQAAAAAAA6INAAAAAAAD4g0AAAAAAACCEQAAAAAAAkIRAAAAAAAC4hEAAAAAAAPiEQAAAAAAAAIVAAAAAAAAIhUAAAAAAABCFQAAAAAAAIIVAAAAAAAAohUAAAAAAADCFQAAAAAAAOIVAAAAAAABAhUAAAAAAAJiFQAAAAAAAqIVAAAAAAAC4hUAAAAAAANiFQAAAAAAA4IVAAAAAAAAAhkAAAAAAADiGQAAAAAAAiIZAAAAAAACQhkAAAAAAABCHQAAAAAAAGIdAAAAAAACgh0AAAAAAAKiHQAAAAAAAKIhAAAAAAABYiEAAAAAAAHiIQAAAAAAAuIhAAAAAAADAiEAAAAAAANiIQAAAAAAACIlAAAAAAAAQiUAAAAAAAJiJQAAAAAAAoIlAAAAAAACoiUAAAAAAAMiJQAAAAAAA0IlAAAAAAADYiUAAAAAAACiKQAAAAAAAMIpAAAAAAAA4ikAAAAAAAICKQAAAAAAAQItAAAAAAABIi0AAAAAAAIiLQAAAAAAA2ItAAAAAAADgi0AAAAAAAOiLQAAAAAAAMIxAAAAAAABgjEAAAAAAAGiMQAAAAAAAsIxAAAAAAADAjEAAAAAAANCMQAAAAAAA2IxAAAAAAAAwjUAAAAAAAEiNQAAAAAAAWI1AAAAAAABgjUAAAAAAAGiNQAAAAAAA0I1AAAAAAADQjUAAAAAAAHCOQAAAAAAAiI9AAAAAAAC4j0AAAAAAAOCPQAAAAAAAFJBAAAAAAAA0kEAAAAAAADiQQAAAAAAAaJBAAAAAAABwkEAAAAAAAHyQQAAAAAAAgJBAAAAAAACEkEAAAAAAALCQQAAAAAAAtJBAAAAAAAC4kEAAAAAAAPiQQAAAAAAAUJFAAAAAAACEkUAAAAAAAJiRQAAAAAAAnJFAAAAAAADAkUAAAAAAAMSRQAAAAAAAyJFAAAAAAADMkUAAAAAAANCRQAAAAAAA/JFAAAAAAAAIkkAAAAAAAAySQAAAAAAAEJJAAAAAAAC0kkAAAAAAALiSQAAAAAAAvJJAAAAAAAD8kkAAAAAAAACTQAAAAAAABJNAAAAAAACUk0AAAAAAANSTQAAAAAAA2JNAAAAAAADck0A=</data>
					</mzArrayBinary>
					<intenArrayBinary>
						<data precision="64" endian="little" length="148">AAAAABDS8UAAAAAAQCDxQAAAAABAGOJAAAAAAAAD3EAAAAAAwFrtQAAAAAAAABhAAAAAAMB850AAAAAA4MsAQQAAAABAH9tAAAAAANAG/0AAAAAAgF7sQAAAAACAjN5AAAAAACAX7EAAAAAAAJzHQAAAAABAqBxBAAAAAIBT60AAAAAAwNPeQAAAAAAwzvZAAAAAAODv4UAAAAAAALjWQAAAAAAggOZAAAAAABROFUEAAAAAsJr5QAAAAADg8ulAAAAAAGiVAEEAAAAAABThQAAAAAAwL/NAAAAAAFDk/kAAAAAAACrXQAAAAACYYQhBAAAAAAAAIkAAAAAAzvYgQQAAAAAgMg5BAAAAAHQpFkEAAAAAwNbsQAAAAADk3xZBAAAAAAAALkAAAADAc3RQQQAAAAC8rhVBAAAAACBS40AAAAAAkIHxQAAAAABQwfFAAAAAAKAT4kAAAAAAwCvVQAAAAAAAqvhAAAAAADBK90AAAAAAgH/lQAAAAADwEPBAAAAAAMAv10AAAAAAgO3TQAAAAAD4tAFBAAAAABDS9UAAAAAAwI3nQAAAAABwo/tAAAAAAAAAJEAAAAAA+JUTQQAAAADwuwVBAAAAAOB67EAAAAAAQO0AQQAAAACArtdAAAAAAMA59UAAAAAAKJYFQQAAAAAAACJAAAAAAEDp3kAAAAAAIPnhQAAAAACQkBFBAAAAAGAg4EAAAAAAuG0CQQAAAACgLOVAAAAAAOBr6EAAAAAAoHDzQAAAAADQJ/JAAAAAAMAX8UAAAAAAAFXJQAAAAACAjOtAAAAAAIC160AAAAAAQGLQQAAAAADAcNVAAAAAAHDP8UAAAAAAtBIQQQAAAACg7QlBAAAAAIg4AEEAAAAAQqYnQQAAAABQogxBAAAAACCA4kAAAAAAXFkVQQAAAACwcgBBAAAAAAA/yUAAAAAAABrCQAAAAACAz+ZAAAAAAEBJ0EAAAAAAQCncQAAAAABwjB9BAAAAAHhzAkEAAAAAgF7fQAAAAADAnN1AAAAAAPDq90AAAAAAQMToQAAAAACgouJAAAAAAMBV00AAAAAAwGLcQAAAAADAT/tAAAAAAIBYy0AAAAAA4DLmQAAAAACAmBZBAAAAAJAy/UAAAAAAgOPYQAAAAACQVQFBAAAAAAAAAEAAAAAAgO/uQAAAAADgB+hAAAAAAAD720AAAAAAQFvoQAAAAACAVt9AAAAAANBG/EAAAAAA2CkBQQAAAACQXPZAAAAAACAZ5UAAAAAAiFUHQQAAAACAi8pAAAAAAMAX0UAAAAAA5ggoQQAAAABMmh9BAAAAAIBW7kAAAAAAAKXeQAAAAACAU8VAAAAAACBQ4EAAAAAA+OIFQQAAAAAAAABAAAAAAJD8/0AAAAAAkD3yQAAAAAAA0PxAAAAAAKAt80AAAAAAAAAcQAAAAACAh9lAAAAAABjzAkEAAAAAsNr+QAAAAACQTfBAAAAAACAw50AAAAAAAO7AQAAAAADgvO5AAAAAANyzKkEAAAAADuQmQQAAAADw9RVBAAAAAICA70AAAAAAgEnKQAAAAADQuA9BAAAAANDE9EA=</data>
					</intenArrayBinary>
				</spectrum>
				<spectrum id="63">
					<spectrumDesc>
						<spectrumSettings>
							<spectrumInstrument mzRangeStop="1276.0" mzRangeStart="200.0" msLevel="2" />
						</spectrumSettings>
						<precursorList count="1">
							<precursor msLevel="1" spectrumRef="0">
								<ionSelection>
									<cvParam cvLabel="PSI" accession="PSI:1000041" name="ChargeState" value="3" />
									<cvParam cvLabel="PSI" accession="PSI:1000040" name="MassToChargeRatio" value="637" />
								</ionSelection>
								<activation />
							</precursor>
						</precursorList>
						<comments>Identified</comments>
					</spectrumDesc>
					<mzArrayBinary>
						<data precision="64" endian="little" length="213">AAAAAAAAaUAAAAAAAKBrQAAAAAAAYGxAAAAAAADgbEAAAAAAACBtQAAAAAAAIG1AAAAAAADAbkAAAAAAAABvQAAAAAAAEHBAAAAAAABAcEAAAAAAAGBwQAAAAAAAIHFAAAAAAABAcUAAAAAAAHByQAAAAAAAcHJAAAAAAACAckAAAAAAAPBzQAAAAAAAAHZAAAAAAABwd0AAAAAAAIB3QAAAAAAAkHdAAAAAAACAeUAAAAAAAEB6QAAAAAAAwHpAAAAAAABQe0AAAAAAALB7QAAAAAAAIHxAAAAAAAAwfEAAAAAAAJB8QAAAAAAAsHxAAAAAAADAfEAAAAAAANB8QAAAAAAA8HxAAAAAAAAAfUAAAAAAABB9QAAAAAAAcH1AAAAAAACAfUAAAAAAAIB9QAAAAAAAkH1AAAAAAACgfUAAAAAAAPB9QAAAAAAAEH5AAAAAAAAgfkAAAAAAADB+QAAAAAAAQH5AAAAAAABAfkAAAAAAAOB+QAAAAAAAAH9AAAAAAAAQf0AAAAAAACB/QAAAAAAAQH9AAAAAAACgf0AAAAAAAACAQAAAAAAACIBAAAAAAAAYgEAAAAAAACCAQAAAAAAASIBAAAAAAACQgEAAAAAAAJCAQAAAAAAAoIBAAAAAAACogEAAAAAAAMCAQAAAAAAA2IBAAAAAAADggEAAAAAAAOiAQAAAAAAAAIFAAAAAAAAIgUAAAAAAACCBQAAAAAAAKIFAAAAAAAAogUAAAAAAADCBQAAAAAAASIFAAAAAAABIgUAAAAAAAFiBQAAAAAAAYIFAAAAAAADYgUAAAAAAAOCBQAAAAAAACIJAAAAAAAAYgkAAAAAAACCCQAAAAAAAMIJAAAAAAABIgkAAAAAAAFCCQAAAAAAAYIJAAAAAAABogkAAAAAAAHCCQAAAAAAAeIJAAAAAAACAgkAAAAAAAJCCQAAAAAAAmIJAAAAAAACggkAAAAAAAKiCQAAAAAAAwIJAAAAAAADIgkAAAAAAANCCQAAAAAAA2IJAAAAAAADggkAAAAAAAOiCQAAAAAAA8IJAAAAAAADwgkAAAAAAAACDQAAAAAAAKINAAAAAAAA4g0AAAAAAAECDQAAAAAAASINAAAAAAACIg0AAAAAAAJiDQAAAAAAAsINAAAAAAADAg0AAAAAAABCEQAAAAAAAMIRAAAAAAAA4hEAAAAAAAFiEQAAAAAAAYIRAAAAAAABohEAAAAAAAHCEQAAAAAAAeIRAAAAAAACIhEAAAAAAAKCEQAAAAAAAqIRAAAAAAACwhEAAAAAAAGCFQAAAAAAAaIVAAAAAAABwhUAAAAAAAKCFQAAAAAAAwIVAAAAAAADghUAAAAAAAOiFQAAAAAAA8IVAAAAAAAD4hUAAAAAAAACGQAAAAAAAeIZAAAAAAACAhkAAAAAAAGCHQAAAAAAAoIdAAAAAAAAQiEAAAAAAABCIQAAAAAAAMIhAAAAAAABAiEAAAAAAAPCIQAAAAAAAAIlAAAAAAAAAiUAAAAAAABiJQAAAAAAAIIlAAAAAAAAoiUAAAAAAAHiJQAAAAAAAgIlAAAAAAACAiUAAAAAAAMCJQAAAAAAAyIlAAAAAAADQiUAAAAAAANiJQAAAAAAAAIpAAAAAAAAIikAAAAAAABCKQAAAAAAAIIpAAAAAAAAoikAAAAAAADiKQAAAAAAAWIpAAAAAAABoikAAAAAAALiKQAAAAAAAgItAAAAAAACAi0AAAAAAAIiLQAAAAAAAyItAAAAAAADQi0AAAAAAAAiMQAAAAAAAEIxAAAAAAAAwjEAAAAAAAIiMQAAAAAAAqIxAAAAAAAD4jEAAAAAAAACNQAAAAAAACI1AAAAAAACIjUAAAAAAAJCNQAAAAAAAmI1AAAAAAACwjUAAAAAAAPiNQAAAAAAAEI5AAAAAAAAYjkAAAAAAACCOQAAAAAAAyI5AAAAAAAAAj0AAAAAAAAiPQAAAAAAAEI9AAAAAAAAQkEAAAAAAABSQQAAAAAAAIJBAAAAAAABEkEAAAAAAAIyQQAAAAAAAkJBAAAAAAAC8kEAAAAAAAOyQQAAAAAAAFJFAAAAAAABEkUAAAAAAAEiRQAAAAAAAjJFAAAAAAACokUAAAAAAANiRQAAAAAAACJJAAAAAAAAckkAAAAAAAEiSQAAAAAAAUJJAAAAAAACQkkAAAAAAAJSSQAAAAAAAmJJAAAAAAADUkkAAAAAAANiSQAAAAAAA3JJAAAAAAADgkkAAAAAAALyTQAAAAAAA8JNA</data>
					</mzArrayBinary>
					<intenArrayBinary>
						<data precision="64" endian="little" length="213">AAAAAEDr10AAAAAAAJ7RQAAAAAAAR91AAAAAAACw20AAAAAAkATwQAAAAADAsuhAAAAAAECW3EAAAAAAQFLaQAAAAADAmOhAAAAAAPCX90AAAAAACO0BQQAAAABA99lAAAAAAMD73kAAAAAAmIoGQQAAAAAAADJAAAAAAFBs/EAAAAAAAH3UQAAAAADAiOFAAAAAAECc40AAAAAAILbnQAAAAADgyPZAAAAAAECt30AAAAAAgOnHQAAAAAAAEMxAAAAAAODq4kAAAAAA4PD1QAAAAAAwp/VAAAAAAAAA8D8AAAAA0AHwQAAAAAAgSOhAAAAAAOB6BEEAAAAA8Ob9QAAAAACAZddAAAAAAHizGEEAAAAAAIBIQAAAAACAuMdAAAAAAAA84UAAAAAAoEvlQAAAAAB4DwNBAAAAAAAJ6kAAAAAAYOPyQAAAAAAAG9NAAAAAAOhtD0EAAAAA0HUBQQAAAAAAAPA/AAAAAKAk8EAAAAAAwELbQAAAAACQ7wNBAAAAAJCM90AAAAAAoCjlQAAAAACA8cxAAAAAAMCi3kAAAAAAaCcBQQAAAADgX+NAAAAAAICh30AAAAAAwGvpQAAAAABAuNJAAAAAAGCaAkEAAAAAAGnTQAAAAABgxfJAAAAAAMCu5kAAAAAAIMrmQAAAAABgZflAAAAAAFAsBUEAAAAAAAAwQAAAAABwuwlBAAAAAEDg8EAAAAAAAAjJQAAAAAAAw9dAAAAAAEwtGkEAAAAAAADwPwAAAADg1+5AAAAAAAAA8D8AAAAA0Ln5QAAAAAAAADBAAAAAAEhpAUEAAAAA4FfoQAAAAACAG95AAAAAAODK9EAAAAAAAB/YQAAAAADw6vJAAAAAAJCC+EAAAAAAsAz4QAAAAABQkv1AAAAAAD86T0EAAAAAeNsyQQAAAACcrRFBAAAAAABP2UAAAAAAKscpQQAAAACAdxJBAAAAAJDZ9kAAAAAAAAAkQAAAAADwySBBAAAAACSUK0EAAAAAAGDGQAAAAAC0XRdBAAAAAPjmB0EAAAAAgA3GQAAAAACEQBpBAAAAAAAAAEAAAAAAYBfjQAAAAADguOBAAAAAAEAw4UAAAAAAQM7XQAAAAACAttVAAAAAAACq50AAAAAAgDvXQAAAAAAg/uNAAAAAACBr+kAAAAAAPDEQQQAAAADYWBxBAAAAAFimA0EAAAAAwGwhQQAAAACwaBVBAAAAAJBMCUEAAAAAQHPyQAAAAAAAWONAAAAAAGAQ60AAAAAAXlwvQQAAAADMLBlBAAAAAAAAMUAAAAAA0Dn9QAAAAADgkO1AAAAAAAAACEAAAAAAQETXQAAAAABA0NNAAAAAADAv9kAAAAAAgN/HQAAAAACYtRdBAAAAADB1AkEAAAAAgGLZQAAAAACAme5AAAAAAEBh7UAAAAAAgDnTQAAAAAAAQ8xAAAAAADgbH0EAAAAAAMvsQAAAAADAVNpAAAAAAEBA3kAAAAAAAB3WQAAAAACgMulAAAAAAMCY2EAAAAAASYYyQQAAAAAYYg1BAAAAAAAAEEAAAAAAwKLsQAAAAAAQvQRBAAAAAOAn7UAAAAAAEVFBQQAAAADcjidBAAAAAFCD/UAAAAAAAAAAQAAAAADAdwFBAAAAAPhkAUEAAAAAIBfyQAAAAADAMNlAAAAAAIAW30AAAAAAQMrfQAAAAAAgqexAAAAAAFjqA0EAAAAAoOXvQAAAAAAoQANBAAAAAEAX00AAAAAAsETzQAAAAACY6QFBAAAAAFAw8UAAAAAAwDjTQAAAAACwJvpAAAAAAOD95UAAAAAAwLfjQAAAAAAgXQFBAAAAAHCS/UAAAAAAQE7xQAAAAAAAhNxAAAAAAPgqHkEAAAAAGD0HQQAAAACgwfFAAAAAAOBr9EAAAAAA4P7qQAAAAACA78tAAAAAAIAiBkEAAAAAcE7+QAAAAABgBOFAAAAAAOAp6UAAAAAAAAAuQAAAAAAAcdBAAAAAADB88UAAAAAAUOHzQAAAAABApuRAAAAAAIDm0kAAAAAAYIf+QAAAAAAAtdlAAAAAAAAgz0AAAAAAMObzQAAAAAAAldZAAAAAAJCp/0AAAAAAwGEBQQAAAABgOeFAAAAAAEBx1UAAAAAAYHLrQAAAAAAQif9AAAAAAEB75kAAAAAAIEbqQAAAAAAwZ/RAAAAAAMB07kAAAAAAIHDhQAAAAADgpu1AAAAAAADT80AAAAAA8FIPQQAAAAAAACBAAAAAAOAL4UAAAAAAoCTkQAAAAACANdBA</data>
					</intenArrayBinary>
				</spectrum>
				<spectrum id="64">
					<spectrumDesc>
						<spectrumSettings>
							<spectrumInstrument mzRangeStop="1021.0" mzRangeStart="175.0" msLevel="2" />
						</spectrumSettings>
						<precursorList count="1">
							<precursor msLevel="1" spectrumRef="0">
								<ionSelection>
									<cvParam cvLabel="PSI" accession="PSI:1000041" name="ChargeState" value="2" />
									<cvParam cvLabel="PSI" accession="PSI:1000040" name="MassToChargeRatio" value="592" />
								</ionSelection>
								<activation />
							</precursor>
						</precursorList>
						<comments>Not identified</comments>
					</spectrumDesc>
					<mzArrayBinary>
						<data precision="64" endian="little" length="144">AAAAAADgZUAAAAAAAEBmQAAAAAAAQGtAAAAAAACAa0AAAAAAAMBsQAAAAAAAwG1AAAAAAABAcEAAAAAAAIBwQAAAAAAAkHBAAAAAAACgcEAAAAAAAMBwQAAAAAAAoHFAAAAAAADAcUAAAAAAAEByQAAAAAAAoHJAAAAAAACwckAAAAAAAABzQAAAAAAAYHNAAAAAAAAQdEAAAAAAAHB0QAAAAAAAAHVAAAAAAAAgdUAAAAAAAGB1QAAAAAAA8HVAAAAAAAAgdkAAAAAAADB2QAAAAAAAQHZAAAAAAACgdkAAAAAAAAB3QAAAAAAAEHdAAAAAAAAgd0AAAAAAADB3QAAAAAAAQHdAAAAAAAAAeEAAAAAAAHB4QAAAAAAA0HhAAAAAAADgeEAAAAAAAAB5QAAAAAAAEHlAAAAAAAAgeUAAAAAAAKB5QAAAAAAA4HlAAAAAAADweUAAAAAAABB6QAAAAAAAQHpAAAAAAACgekAAAAAAALB6QAAAAAAA0HpAAAAAAAAge0AAAAAAAIB7QAAAAAAAsHtAAAAAAACwfEAAAAAAANB8QAAAAAAA4HxAAAAAAABgfUAAAAAAADB+QAAAAAAAEH9AAAAAAABgf0AAAAAAAHB/QAAAAAAAsH9AAAAAAADAf0AAAAAAABCAQAAAAAAAGIBAAAAAAABAgEAAAAAAAGiAQAAAAAAAiIBAAAAAAADIgEAAAAAAAPCAQAAAAAAAAIFAAAAAAAAYgUAAAAAAACCBQAAAAAAAKIFAAAAAAACggUAAAAAAALCBQAAAAAAAyIFAAAAAAADggUAAAAAAAOiBQAAAAAAA8IFAAAAAAAD4gUAAAAAAAACCQAAAAAAAAIJAAAAAAAAwgkAAAAAAAECCQAAAAAAASIJAAAAAAABQgkAAAAAAAGCCQAAAAAAAeIJAAAAAAACYgkAAAAAAAMiCQAAAAAAA0IJAAAAAAAD4gkAAAAAAABiDQAAAAAAAuINAAAAAAADgg0AAAAAAAECEQAAAAAAA2IRAAAAAAAAAhUAAAAAAAFCFQAAAAAAAsIVAAAAAAAAYhkAAAAAAADCGQAAAAAAAUIZAAAAAAABYhkAAAAAAANCGQAAAAAAAEIdAAAAAAABQh0AAAAAAAPiHQAAAAAAASIhAAAAAAABgiEAAAAAAAIiIQAAAAAAAkIhAAAAAAACYiEAAAAAAAMiIQAAAAAAA0IhAAAAAAADgiEAAAAAAABiJQAAAAAAAYIlAAAAAAADAiUAAAAAAAEiKQAAAAAAAYIpAAAAAAABwikAAAAAAAAiLQAAAAAAAIItAAAAAAAAgi0AAAAAAACiLQAAAAAAAQItAAAAAAACAi0AAAAAAAIiLQAAAAAAAsItAAAAAAAC4i0AAAAAAAMCLQAAAAAAA0ItAAAAAAADojEAAAAAAAECNQAAAAAAAYI1AAAAAAACYjkAAAAAAAKCOQAAAAAAAqI5AAAAAAAAoj0AAAAAAADiPQAAAAAAAWI9AAAAAAACwj0AAAAAAALiPQAAAAAAA6I9A</data>
					</mzArrayBinary>
					<intenArrayBinary>
						<data precision="64" endian="little" length="144">AAAAAACUqEAAAAAAAFSeQAAAAAAA7JBAAAAAAABcqUAAAAAAAGiDQAAAAAAAg7FAAAAAAAC8oEAAAAAAAMSfQAAAAAAAgJ9AAAAAAACElkAAAAAAAKCeQAAAAAAApq1AAAAAAIAn0UAAAAAAAD6tQAAAAAAABqZAAAAAAAASpEAAAAAAAGiZQAAAAAAA4IlAAAAAAADAjEAAAAAAAFapQAAAAAAAgIhAAAAAAACgfUAAAAAAAEyXQAAAAAAAVKRAAAAAAAADuEAAAAAA2AYMQQAAAAAAAItAAAAAAAB4lkAAAAAAAHiEQAAAAAAAqJZAAAAAAIDt0UAAAAAAANiEQAAAAAAAe79AAAAAAABggkAAAAAAAGyRQAAAAAAANrBAAAAAAADslkAAAAAAACK6QAAAAAAAwJBAAAAAAADMlUAAAAAAALB/QAAAAAAAvqpAAAAAAADYn0AAAAAAADCgQAAAAAAAFJhAAAAAAAAUo0AAAAAAAMyQQAAAAAAAjJFAAAAAAACcnEAAAAAAABagQAAAAAAAfqNAAAAAAAAQh0AAAAAAAPixQAAAAAAA4IRAAAAAAAC4hEAAAAAAAHiaQAAAAAAAMI1AAAAAAABgoUAAAAAAAEixQAAAAAAAGq1AAAAAAACUk0AAAAAAAGS2QAAAAAAAwLFAAAAAAABAgUAAAAAAAAaiQAAAAAAAMJBAAAAAAABgh0AAAAAAAKKmQAAAAAAAuq1AAAAAAACGzkAAAAAAAPCvQAAAAAAAxJ1AAAAAAAB4nUAAAAAAgO/BQAAAAAAAGLdAAAAAAAD4ukAAAAAAAAKmQAAAAAAALqlAAAAAAABo0EAAAAAAAMPEQAAAAACAn8VAAAAAAAD0mEAAAAAAgPPGQAAAAAAA7qBAAAAAAADko0AAAAAAACCIQAAAAAAAmJJAAAAAAADGqEAAAAAAALO+QAAAAAAAcJZAAAAAAAC0kEAAAAAAALCyQAAAAAAAT7RAAAAAAAAQkEAAAAAAADiGQAAAAAAAE7NAAAAAAABYjEAAAAAAAH6kQAAAAAAAAKFAAAAAAABSo0AAAAAAANirQAAAAAAA0KtAAAAAAAAcwEAAAAAAAAiqQAAAAAAABJdAAAAAAACUsEAAAAAAANCSQAAAAAAAsIdAAAAAAAB6rkAAAAAAAEC0QAAAAAAAMcJAAAAAAADkm0AAAAAAALCTQAAAAAAAQH1AAAAAAABgfUAAAAAAAFCHQAAAAAAArqhAAAAAAADssUAAAAAAAAqqQAAAAAAALLJAAAAAAAAUlkAAAAAAAPSWQAAAAAAAAKpAAAAAAAAUmkAAAAAAACSaQAAAAAAANJtAAAAAAADgo0AAAAAAAKCMQAAAAABAttZAAAAAAAD7vkAAAAAAACazQAAAAAAANq5AAAAAAADsq0AAAAAAAIyQQAAAAAAAQIRAAAAAAABomEAAAAAAAEybQAAAAAAA4qBAAAAAAAAwj0AAAAAAAByQQAAAAAAAnJNAAAAAAADAnEAAAAAAAKCcQAAAAAAAiqdA</data>
					</intenArrayBinary>
				</spectrum>
				<spectrum id="65">
					<spectrumDesc>
						<spectrumSettings>
							<spectrumInstrument mzRangeStop="1321.0" mzRangeStart="237.0" msLevel="2" />
						</spectrumSettings>
						<precursorList count="1">
							<precursor msLevel="1" spectrumRef="0">
								<ionSelection>
									<cvParam cvLabel="PSI" accession="PSI:1000041" name="ChargeState" value="2" />
									<cvParam cvLabel="PSI" accession="PSI:1000040" name="MassToChargeRatio" value="750" />
								</ionSelection>
								<activation />
							</precursor>
						</precursorList>
						<comments>Not identified</comments>
					</spectrumDesc>
					<mzArrayBinary>
						<data precision="64" endian="little" length="67">AAAAAACgbUAAAAAAAIBuQAAAAAAAIG9AAAAAAAAAcEAAAAAAABB3QAAAAAAAYHtAAAAAAADge0AAAAAAAPB8QAAAAAAAYH9AAAAAAACwgEAAAAAAAOiAQAAAAAAAGIFAAAAAAABAgUAAAAAAAICCQAAAAAAAqIJAAAAAAAC4gkAAAAAAAPCCQAAAAAAAEINAAAAAAABYg0AAAAAAAKiDQAAAAAAAwINAAAAAAADYg0AAAAAAAOCDQAAAAAAAMIRAAAAAAABYhEAAAAAAAHCEQAAAAAAAuIRAAAAAAAAghUAAAAAAAFiFQAAAAAAAkIVAAAAAAADYhUAAAAAAAOiFQAAAAAAA8IVAAAAAAAD4hUAAAAAAADCGQAAAAAAAOIZAAAAAAABIhkAAAAAAAFCGQAAAAAAAeIZAAAAAAADQhkAAAAAAAOCGQAAAAAAAYIdAAAAAAABoh0AAAAAAAFCJQAAAAAAAaIlAAAAAAACAiUAAAAAAACCLQAAAAAAAQItAAAAAAABYjEAAAAAAAOCMQAAAAAAAgI1AAAAAAACIjUAAAAAAAMiNQAAAAAAA0I1AAAAAAAAojkAAAAAAAIiOQAAAAAAAyI5AAAAAAABAj0AAAAAAACSQQAAAAAAALJBAAAAAAADskEAAAAAAADiRQAAAAAAAZJFAAAAAAACgkkAAAAAAAAyTQAAAAAAAYJRAAAAAAACklEA=</data>
					</mzArrayBinary>
					<intenArrayBinary>
						<data precision="64" endian="little" length="67">AAAAAADolEAAAAAAAFyWQAAAAAAAII9AAAAAAAC6tUAAAAAAAFSVQAAAAAAAkKxAAAAAAAD40kAAAAAAAGifQAAAAADAM9FAAAAAAAAYi0AAAAAAAFipQAAAAAAAYIlAAAAAAAAoi0AAAAAAAECBQAAAAAAA1JNAAAAAAACIjkAAAAAAAEizQAAAAAAAtKJAAAAAAAA7sEAAAAAAAISbQAAAAAAAgqlAAAAAAIB6w0AAAAAAAHuyQAAAAAAAaqBAAAAAAACCqkAAAAAAAAKvQAAAAAAAHKZAAAAAAIACwEAAAAAAANyfQAAAAAAA0IdAAAAAAAAUkEAAAAAAAL+yQAAAAAAAQqFAAAAAAAAQnEAAAAAA1FUhQQAAAACASMJAAAAAAAAOwkAAAAAAACiaQAAAAAAAVq9AAAAAAABclUAAAAAAAJCjQAAAAAAAxKxAAAAAAAAIqUAAAAAAALyeQAAAAAAAWIZAAAAAAAAwl0AAAAAAAKqqQAAAAAAACKBAAAAAAAB8skAAAAAAALCeQAAAAAAA0JBAAAAAAADTsEAAAAAAAFipQAAAAAAA8JBAAAAAAABYokAAAAAAACiQQAAAAAAADr1AAAAAAACz3EAAAAAAAGyxQAAAAAAAHqBAAAAAAABAikAAAAAAAH69QAAAAAAAZJdAAAAAAABCpUAAAAAAANCQQAAAAAAAeIhAAAAAAABAoUA=</data>
					</intenArrayBinary>
				</spectrum>
				<spectrum id="66">
					<spectrumDesc>
						<spectrumSettings>
							<spectrumInstrument mzRangeStop="1321.0" mzRangeStart="237.0" msLevel="2" />
						</spectrumSettings>
						<precursorList count="1">
							<precursor msLevel="1" spectrumRef="0">
								<ionSelection>
									<cvParam cvLabel="PSI" accession="PSI:1000041" name="ChargeState" value="3" />
									<cvParam cvLabel="PSI" accession="PSI:1000040" name="MassToChargeRatio" value="750" />
								</ionSelection>
								<activation />
							</precursor>
						</precursorList>
						<comments>Not identified</comments>
					</spectrumDesc>
					<mzArrayBinary>
						<data precision="64" endian="little" length="67">AAAAAACgbUAAAAAAAIBuQAAAAAAAIG9AAAAAAAAAcEAAAAAAABB3QAAAAAAAYHtAAAAAAADge0AAAAAAAPB8QAAAAAAAYH9AAAAAAACwgEAAAAAAAOiAQAAAAAAAGIFAAAAAAABAgUAAAAAAAICCQAAAAAAAqIJAAAAAAAC4gkAAAAAAAPCCQAAAAAAAEINAAAAAAABYg0AAAAAAAKiDQAAAAAAAwINAAAAAAADYg0AAAAAAAOCDQAAAAAAAMIRAAAAAAABYhEAAAAAAAHCEQAAAAAAAuIRAAAAAAAAghUAAAAAAAFiFQAAAAAAAkIVAAAAAAADYhUAAAAAAAOiFQAAAAAAA8IVAAAAAAAD4hUAAAAAAADCGQAAAAAAAOIZAAAAAAABIhkAAAAAAAFCGQAAAAAAAeIZAAAAAAADQhkAAAAAAAOCGQAAAAAAAYIdAAAAAAABoh0AAAAAAAFCJQAAAAAAAaIlAAAAAAACAiUAAAAAAACCLQAAAAAAAQItAAAAAAABYjEAAAAAAAOCMQAAAAAAAgI1AAAAAAACIjUAAAAAAAMiNQAAAAAAA0I1AAAAAAAAojkAAAAAAAIiOQAAAAAAAyI5AAAAAAABAj0AAAAAAACSQQAAAAAAALJBAAAAAAADskEAAAAAAADiRQAAAAAAAZJFAAAAAAACgkkAAAAAAAAyTQAAAAAAAYJRAAAAAAACklEA=</data>
					</mzArrayBinary>
					<intenArrayBinary>
						<data precision="64" endian="little" length="67">AAAAAADolEAAAAAAAFyWQAAAAAAAII9AAAAAAAC6tUAAAAAAAFSVQAAAAAAAkKxAAAAAAAD40kAAAAAAAGifQAAAAADAM9FAAAAAAAAYi0AAAAAAAFipQAAAAAAAYIlAAAAAAAAoi0AAAAAAAECBQAAAAAAA1JNAAAAAAACIjkAAAAAAAEizQAAAAAAAtKJAAAAAAAA7sEAAAAAAAISbQAAAAAAAgqlAAAAAAIB6w0AAAAAAAHuyQAAAAAAAaqBAAAAAAACCqkAAAAAAAAKvQAAAAAAAHKZAAAAAAIACwEAAAAAAANyfQAAAAAAA0IdAAAAAAAAUkEAAAAAAAL+yQAAAAAAAQqFAAAAAAAAQnEAAAAAA1FUhQQAAAACASMJAAAAAAAAOwkAAAAAAACiaQAAAAAAAVq9AAAAAAABclUAAAAAAAJCjQAAAAAAAxKxAAAAAAAAIqUAAAAAAALyeQAAAAAAAWIZAAAAAAAAwl0AAAAAAAKqqQAAAAAAACKBAAAAAAAB8skAAAAAAALCeQAAAAAAA0JBAAAAAAADTsEAAAAAAAFipQAAAAAAA8JBAAAAAAABYokAAAAAAACiQQAAAAAAADr1AAAAAAACz3EAAAAAAAGyxQAAAAAAAHqBAAAAAAABAikAAAAAAAH69QAAAAAAAZJdAAAAAAABCpUAAAAAAANCQQAAAAAAAeIhAAAAAAABAoUA=</data>
					</intenArrayBinary>
				</spectrum>
				<spectrum id="67">
					<spectrumDesc>
						<spectrumSettings>
							<spectrumInstrument mzRangeStop="1283.0" mzRangeStart="212.0" msLevel="2" />
						</spectrumSettings>
						<precursorList count="1">
							<precursor msLevel="1" spectrumRef="0">
								<ionSelection>
									<cvParam cvLabel="PSI" accession="PSI:1000041" name="ChargeState" value="2" />
									<cvParam cvLabel="PSI" accession="PSI:1000040" name="MassToChargeRatio" value="726" />
								</ionSelection>
								<activation />
							</precursor>
						</precursorList>
						<comments>Not identified</comments>
					</spectrumDesc>
					<mzArrayBinary>
						<data precision="64" endian="little" length="120">AAAAAACAakAAAAAAAABvQAAAAAAAAHFAAAAAAAAgcUAAAAAAAPBzQAAAAAAAMHRAAAAAAABwdEAAAAAAANB0QAAAAAAAgHZAAAAAAAAgd0AAAAAAADB4QAAAAAAAUHhAAAAAAABgeEAAAAAAAAB6QAAAAAAAEHpAAAAAAAAwe0AAAAAAADB7QAAAAAAAQHtAAAAAAABQfEAAAAAAAGB8QAAAAAAAcHxAAAAAAADwfEAAAAAAADB9QAAAAAAAkH1AAAAAAAAQfkAAAAAAAJB+QAAAAAAA0H5AAAAAAAAAf0AAAAAAAEB/QAAAAAAASIFAAAAAAAB4gUAAAAAAANiBQAAAAAAAAIJAAAAAAAAwgkAAAAAAAHCCQAAAAAAAeIJAAAAAAAAQg0AAAAAAAGCDQAAAAAAAaINAAAAAAABog0AAAAAAAHCDQAAAAAAAgINAAAAAAADAg0AAAAAAAPiDQAAAAAAAAIRAAAAAAAAQhEAAAAAAACiEQAAAAAAAUIRAAAAAAABwhEAAAAAAAHiEQAAAAAAAoIRAAAAAAADAhEAAAAAAAOiEQAAAAAAAWIVAAAAAAABohUAAAAAAAHCFQAAAAAAAsIVAAAAAAAAohkAAAAAAADCGQAAAAAAAaIZAAAAAAABwhkAAAAAAAHiGQAAAAAAA8IdAAAAAAAD4h0AAAAAAAACIQAAAAAAACIhAAAAAAAAwiEAAAAAAAGiIQAAAAAAA2IhAAAAAAAAYiUAAAAAAAGiJQAAAAAAAcIlAAAAAAAB4iUAAAAAAAICJQAAAAAAAAItAAAAAAAAQi0AAAAAAAECLQAAAAAAAiItAAAAAAADgi0AAAAAAAFiMQAAAAAAA8IxAAAAAAAAwjUAAAAAAAEiNQAAAAAAAwI1AAAAAAADIjUAAAAAAAACOQAAAAAAACI5AAAAAAAAQjkAAAAAAALCOQAAAAAAA+I5AAAAAAABAj0AAAAAAAEiPQAAAAAAAUI9AAAAAAADIj0AAAAAAANCPQAAAAAAA2I9AAAAAAADoj0AAAAAAAOiPQAAAAAAAXJBAAAAAAABgkEAAAAAAAKSQQAAAAAAApJBAAAAAAACokEAAAAAAAKyQQAAAAAAAOJFAAAAAAADckUAAAAAAANyRQAAAAAAA4JFAAAAAAAAkkkAAAAAAADCSQAAAAAAAaJJAAAAAAABskkAAAAAAAHCSQAAAAAAAdJJAAAAAAAB4kkAAAAAAAJySQAAAAAAAuJNAAAAAAAD0k0AAAAAAAPiTQAAAAAAADJRA</data>
					</mzArrayBinary>
					<intenArrayBinary>
						<data precision="64" endian="little" length="120">AAAAAABQqkAAAAAAAAvBQAAAAAAAheFAAAAAAADYt0AAAAAAADewQAAAAACAZchAAAAAAAC0rUAAAAAAAFqwQAAAAAAAgq1AAAAAAADotUAAAAAAgGnlQAAAAACAUtdAAAAAAAAIiEAAAAAAAImxQAAAAAAAp71AAAAAAACQ9kAAAAAAAAAAQAAAAAAAdbpAAAAAAADWwUAAAAAAAJ+3QAAAAACAi8NAAAAAAAD4q0AAAAAAgLnFQAAAAAAAtb1AAAAAAACQwkAAAAAAAKy8QAAAAAAADMpAAAAAAICBwkAAAAAAQH/dQAAAAACAd8ZAAAAAAAAdw0AAAAAAQA7gQAAAAAAAfs1AAAAAAIC9wUAAAAAAAE75QAAAAAAAaLdAAAAAAAAatEAAAAAAgPvKQAAAAACAgsJAAAAAAABVsUAAAAAAAIW7QAAAAAAActlAAAAAAIAXzkAAAAAAwArgQAAAAAAAAedAAAAAAICjx0AAAAAAAIStQAAAAAAAbK1AAAAAAAAOuEAAAAAAADjIQAAAAAAA3bxAAAAAAEAW0EAAAAAAAAyxQAAAAAAAwK1AAAAAACCd5UAAAAAAAP+0QAAAAABAF9FAAAAAAICu00AAAAAAAIPFQAAAAADg9+FAAAAAAEBS5kAAAAAAAAAQQAAAAAAArMxAAAAAAAAQ1UAAAAAAAGq6QAAAAACAOdJAAAAAAODS5UAAAAAAAL/EQAAAAAAANKtAAAAAAACWrkAAAAAAYDjlQAAAAACAZ9RAAAAAAEDt0kAAAAAAwHrSQAAAAACAl8NAAAAAAAC4o0AAAAAAAMrSQAAAAACA19BAAAAAAIBW00AAAAAAwAjSQAAAAAAAJL1AAAAAAADrukAAAAAAABzFQAAAAABAVuRAAAAAAICpw0AAAAAAAFznQAAAAAAgQeJAAAAAAACqtkAAAAAAAKCkQAAAAAAAvdFAAAAAAAA+tkAAAAAAAJfMQAAAAACAjMhAAAAAAPAgBUEAAAAAkHsAQQAAAACA+8VAAAAAAIDc3kAAAAAAAAAQQAAAAAAAe8NAAAAAAACm2kAAAAAAgBfdQAAAAABA8O9AAAAAAEC+1kAAAAAAgCzBQAAAAAAAF8BAAAAAAABfzkAAAAAAgMDWQAAAAAAAAPA/AAAAAIBryUAAAAAAAJzPQAAAAABAjedAAAAAAGCZ50AAAAAAQALpQAAAAACA+d9AAAAAAICsy0AAAAAAABm8QAAAAACAa8tAAAAAAKC/4UAAAAAAAHbIQAAAAACAdsBA</data>
					</intenArrayBinary>
				</spectrum>
				<spectrum id="68">
					<spectrumDesc>
						<spectrumSettings>
							<spectrumInstrument mzRangeStop="723.0" mzRangeStart="173.0" msLevel="2" />
						</spectrumSettings>
						<precursorList count="1">
							<precursor msLevel="1" spectrumRef="0">
								<ionSelection>
									<cvParam cvLabel="PSI" accession="PSI:1000041" name="ChargeState" value="1" />
									<cvParam cvLabel="PSI" accession="PSI:1000040" name="MassToChargeRatio" value="462" />
								</ionSelection>
								<activation />
							</precursor>
						</precursorList>
						<comments>Not identified</comments>
					</spectrumDesc>
					<mzArrayBinary>
						<data precision="64" endian="little" length="50">AAAAAACgZUAAAAAAACBpQAAAAAAAoGxAAAAAAAAAbUAAAAAAAMBtQAAAAAAAwG5AAAAAAAAAb0AAAAAAADBwQAAAAAAAUHFAAAAAAAAAckAAAAAAABByQAAAAAAAoHJAAAAAAABAdEAAAAAAAFB0QAAAAAAAcHRAAAAAAACQdEAAAAAAAFB1QAAAAAAAcHVAAAAAAACwdUAAAAAAAMB1QAAAAAAAoHZAAAAAAADQdkAAAAAAAHB4QAAAAAAA0HlAAAAAAAAgekAAAAAAAFB6QAAAAAAAkHpAAAAAAACgekAAAAAAALB6QAAAAAAAwHpAAAAAAADgekAAAAAAALB7QAAAAAAAsHtAAAAAAADAe0AAAAAAANB7QAAAAAAAYHxAAAAAAADAfEAAAAAAANB8QAAAAAAA8HxAAAAAAABAfUAAAAAAAIB9QAAAAAAA4H1AAAAAAAAAf0AAAAAAACB/QAAAAAAAOIBAAAAAAACYgkAAAAAAALCCQAAAAAAAKIZAAAAAAACQhkAAAAAAAJiGQA==</data>
					</mzArrayBinary>
					<intenArrayBinary>
						<data precision="64" endian="little" length="50">AAAAAACwjEAAAAAAAM6kQAAAAAAAmItAAAAAAABAjkAAAAAAALCUQAAAAAAAeJlAAAAAAAAQf0AAAAAAAFiLQAAAAAAAUJNAAAAAAADCpEAAAAAAALydQAAAAAAAjJFAAAAAAADYk0AAAAAAAKyeQAAAAAAAuJJAAAAAAACgikAAAAAAABSiQAAAAAAAIIZAAAAAAADAjEAAAAAAAFyWQAAAAAAACIxAAAAAAABwlUAAAAAAAJChQAAAAAAAEHRAAAAAAABYmEAAAAAAANShQAAAAAAA2qxAAAAAAACEmEAAAAAAACqgQAAAAADAy9lAAAAAAAAUkEAAAAAAAKLOQAAAAAAAdKFAAAAAAEBqG0EAAAAAYKjhQAAAAAAAlbFAAAAAAABslkAAAAAAAMyoQAAAAAAAXKJAAAAAAAB7ukAAAAAAAOCSQAAAAAAA+LJAAAAAAACUrEAAAAAAAMCXQAAAAAAAZqxAAAAAAACAiEAAAAAAADymQAAAAAAAAIVAAAAAAABnuEAAAAAAAKiMQA==</data>
					</intenArrayBinary>
				</spectrum>
				<spectrum id="69">
					<spectrumDesc>
						<spectrumSettings>
							<spectrumInstrument mzRangeStop="1250.0" mzRangeStart="239.0" msLevel="2" />
						</spectrumSettings>
						<precursorList count="1">
							<precursor msLevel="1" spectrumRef="0">
								<ionSelection>
									<cvParam cvLabel="PSI" accession="PSI:1000041" name="ChargeState" value="2" />
									<cvParam cvLabel="PSI" accession="PSI:1000040" name="MassToChargeRatio" value="724" />
								</ionSelection>
								<activation />
							</precursor>
						</precursorList>
						<comments>Not identified</comments>
					</spectrumDesc>
					<mzArrayBinary>
						<data precision="64" endian="little" length="105">AAAAAADgbUAAAAAAACBvQAAAAAAA4G9AAAAAAADQcEAAAAAAAABzQAAAAAAAMHNAAAAAAAAgdUAAAAAAAEB1QAAAAAAAUHVAAAAAAABgdkAAAAAAABB3QAAAAAAA4HdAAAAAAAAweEAAAAAAAAB6QAAAAAAAwHpAAAAAAAAwe0AAAAAAAFB7QAAAAAAAcHtAAAAAAADgfEAAAAAAAHB9QAAAAAAAEH5AAAAAAAAwfkAAAAAAAKB+QAAAAAAAgH9AAAAAAABIgEAAAAAAANiAQAAAAAAA8IBAAAAAAABggUAAAAAAAHCBQAAAAAAAsIFAAAAAAADQgUAAAAAAAOCBQAAAAAAA8IFAAAAAAABQgkAAAAAAAGCCQAAAAAAAaIJAAAAAAACogkAAAAAAALCCQAAAAAAAuIJAAAAAAADggkAAAAAAAAiDQAAAAAAAQINAAAAAAABYg0AAAAAAAICDQAAAAAAAoINAAAAAAADIg0AAAAAAAMiDQAAAAAAA2INAAAAAAAAQhEAAAAAAADCEQAAAAAAAWIRAAAAAAABohEAAAAAAAHCEQAAAAAAAiIRAAAAAAACohEAAAAAAAPCEQAAAAAAAMIVAAAAAAABghUAAAAAAAICFQAAAAAAAiIVAAAAAAACghUAAAAAAAOiFQAAAAAAAGIZAAAAAAABQhkAAAAAAAACHQAAAAAAAEIdAAAAAAABQh0AAAAAAAMiHQAAAAAAA+IdAAAAAAABQiEAAAAAAAFiIQAAAAAAAkIhAAAAAAABwiUAAAAAAAGCKQAAAAAAAkIpAAAAAAADYikAAAAAAABiLQAAAAAAAOItAAAAAAABgi0AAAAAAANiLQAAAAAAA4ItAAAAAAACIjEAAAAAAAMCMQAAAAAAA+IxAAAAAAACojUAAAAAAACiOQAAAAAAAcI5AAAAAAABwjkAAAAAAAPCOQAAAAAAAAI9AAAAAAAAIj0AAAAAAAFCPQAAAAAAAYI9AAAAAAACIj0AAAAAAAEyQQAAAAAAAUJBAAAAAAABYkEAAAAAAAHSQQAAAAAAA4JBAAAAAAAAMkkAAAAAAAKCSQAAAAAAANJNAAAAAAAA8k0AAAAAAAISTQAAAAAAAiJNA</data>
					</mzArrayBinary>
					<intenArrayBinary>
						<data precision="64" endian="little" length="105">AAAAAADGtEAAAAAAAIifQAAAAAAAYqNAAAAAAACclEAAAAAAgBfCQAAAAAAABJlAAAAAAACwikAAAAAAAByeQAAAAAAAiJZAAAAAAAAsm0AAAAAAAACNQAAAAAAAtJtAAAAAAAB2pkAAAAAAAHrKQAAAAAAA0HtAAAAAAADCp0AAAAAAAB6vQAAAAAAAVJhAAAAAAACIkkAAAAAAABCUQAAAAAAAkH9AAAAAAABglkAAAAAAACSUQAAAAAAA4q9AAAAAAABggUAAAAAAAGi5QAAAAAAAmI9AAAAAAACIiUAAAAAAADCbQAAAAAAA4HpAAAAAAAAaoEAAAAAAAMiGQAAAAAAAQJpAAAAAAACwlUAAAAAAAI6mQAAAAAAApJBAAAAAAAAgo0AAAAAAAEiUQAAAAAAAnLRAAAAAAACgg0AAAAAAAKiHQAAAAAAACJlAAAAAAACGqkAAAAAAgHjRQAAAAAAAWLxAAAAAAACQhkAAAAAAALKiQAAAAAAAaKxAAAAAAMAr0kAAAAAAAKKzQAAAAACA/MdAAAAAAAAHuUAAAAAAgNrBQAAAAAAAkJtAAAAAAACgq0AAAAAAQCPQQAAAAAAAKJFAAAAAAAATsUAAAAAAACahQAAAAAAARLtAAAAAAAAbtkAAAAAAAKitQAAAAAAAWq9AAAAAAAA0k0AAAAAAAOu5QAAAAAAA2ItAAAAAAADElkAAAAAAAICOQAAAAAAA7JRAAAAAAIAj6EAAAAAAwJzUQAAAAAAAFLZAAAAAAABZuUAAAAAAAECsQAAAAAAAF8VAAAAAAADEnkAAAAAAALqoQAAAAAAAIq1AAAAAAACMlUAAAAAAwAfTQAAAAAAAK7hAAAAAAACXs0AAAAAAAAyQQAAAAAAAIIxAAAAAAAAL1UAAAAAAANiBQAAAAAAAoJ5AAAAAAABYl0AAAAAAAFiMQAAAAACAOMZAAAAAAAAUsEAAAAAAAHCMQAAAAAAA67JAAAAAAADAmUAAAAAAAGqmQAAAAAAAcJRAAAAAAABUtUAAAAAAgNXEQAAAAACAi+lAAAAAAAAokUAAAAAAAJCCQAAAAAAAfKFAAAAAAACGpUAAAAAAAPG6QAAAAAAAx8FA</data>
					</intenArrayBinary>
				</spectrum>
				<spectrum id="70">
					<spectrumDesc>
						<spectrumSettings>
							<spectrumInstrument mzRangeStop="1636.0" mzRangeStart="368.0" msLevel="2" />
						</spectrumSettings>
						<precursorList count="1">
							<precursor msLevel="1" spectrumRef="0">
								<ionSelection>
									<cvParam cvLabel="PSI" accession="PSI:1000041" name="ChargeState" value="1" />
									<cvParam cvLabel="PSI" accession="PSI:1000040" name="MassToChargeRatio" value="1045" />
								</ionSelection>
								<activation />
							</precursor>
						</precursorList>
						<comments>Not identified</comments>
					</spectrumDesc>
					<mzArrayBinary>
						<data precision="64" endian="little" length="31">AAAAAAAAd0AAAAAAAEB/QAAAAAAAcH9AAAAAAABogUAAAAAAADiDQAAAAAAAcIRAAAAAAAC4hEAAAAAAAMCEQAAAAAAA8IhAAAAAAAB4iUAAAAAAAMCJQAAAAAAAIIpAAAAAAABAi0AAAAAAAIiLQAAAAAAAIIxAAAAAAAAojEAAAAAAAOCMQAAAAAAA+IxAAAAAAAAgjUAAAAAAALiNQAAAAAAA2I1AAAAAAAAIjkAAAAAAALiOQAAAAAAAQI9AAAAAAACwj0AAAAAAABCQQAAAAAAAFJJAAAAAAABYlEAAAAAAAGyUQAAAAAAAjJhAAAAAAACQmUA=</data>
					</mzArrayBinary>
					<intenArrayBinary>
						<data precision="64" endian="little" length="31">AAAAAAB8oEAAAAAAADywQAAAAAAAlK1AAAAAAADQlkAAAAAAAPidQAAAAAAAuqpAAAAAAABgg0AAAAAAAKqgQAAAAAAA+MxAAAAAAAAYk0AAAAAAAPCAQAAAAAAAfKlAAAAAAADquUAAAAAAAFSYQAAAAAAAlJ9AAAAAAACMl0AAAAAAAFCDQAAAAAAAfqFAAAAAAADwg0AAAAAAABCUQAAAAAAA4q1AAAAAAABoskAAAAAAADCYQAAAAAAAQLZAAAAAAAALsUAAAAAAAHe1QAAAAAAAUIpAAAAAAACQl0AAAAAAAAKhQAAAAAAAqIlAAAAAAAC0mUA=</data>
					</intenArrayBinary>
				</spectrum>
				<spectrum id="71">
					<spectrumDesc>
						<spectrumSettings>
							<spectrumInstrument mzRangeStop="1405.0" mzRangeStart="225.0" msLevel="2" />
						</spectrumSettings>
						<precursorList count="1">
							<precursor msLevel="1" spectrumRef="0">
								<ionSelection>
									<cvParam cvLabel="PSI" accession="PSI:1000041" name="ChargeState" value="2" />
									<cvParam cvLabel="PSI" accession="PSI:1000040" name="MassToChargeRatio" value="738" />
								</ionSelection>
								<activation />
							</precursor>
						</precursorList>
						<comments>Not identified</comments>
					</spectrumDesc>
					<mzArrayBinary>
						<data precision="64" endian="little" length="262">AAAAAAAgbEAAAAAAAKBvQAAAAAAAMHFAAAAAAACwcUAAAAAAAOBxQAAAAAAAAHJAAAAAAAAwckAAAAAAAFByQAAAAAAAoHJAAAAAAACwckAAAAAAAMByQAAAAAAAwHNAAAAAAADQc0AAAAAAAIB0QAAAAAAAQHVAAAAAAABgdUAAAAAAAGB1QAAAAAAAkHVAAAAAAAAwdkAAAAAAAEB2QAAAAAAAQHZAAAAAAABgdkAAAAAAALB2QAAAAAAAwHZAAAAAAADgdkAAAAAAAFB3QAAAAAAA0HdAAAAAAABQeEAAAAAAAMB4QAAAAAAAsHlAAAAAAADAeUAAAAAAANB5QAAAAAAAoHpAAAAAAADQekAAAAAAAOB6QAAAAAAAQHtAAAAAAAAgfEAAAAAAAKB8QAAAAAAAAH1AAAAAAAAQfUAAAAAAACB9QAAAAAAAMH1AAAAAAABAfUAAAAAAAFB9QAAAAAAA8H1AAAAAAAAwfkAAAAAAADB+QAAAAAAA4H5AAAAAAADgfkAAAAAAABB/QAAAAAAAIH9AAAAAAACAf0AAAAAAAACAQAAAAAAAEIBAAAAAAAAYgEAAAAAAACCAQAAAAAAAKIBAAAAAAABogEAAAAAAAJCAQAAAAAAAyIBAAAAAAADQgEAAAAAAAOCAQAAAAAAA8IBAAAAAAAD4gEAAAAAAAFCBQAAAAAAAYIFAAAAAAABwgUAAAAAAAHiBQAAAAAAAiIFAAAAAAACYgUAAAAAAAKCBQAAAAAAA4IFAAAAAAAD4gUAAAAAAABCCQAAAAAAAGIJAAAAAAAAggkAAAAAAACiCQAAAAAAAKIJAAAAAAABAgkAAAAAAAGiCQAAAAAAAkIJAAAAAAACYgkAAAAAAANiCQAAAAAAA8IJAAAAAAADwgkAAAAAAAACDQAAAAAAAQINAAAAAAABYg0AAAAAAAIiDQAAAAAAAqINAAAAAAADIg0AAAAAAAPiDQAAAAAAACIRAAAAAAAAQhEAAAAAAAGCEQAAAAAAAaIRAAAAAAABohEAAAAAAAHCEQAAAAAAAeIRAAAAAAACIhEAAAAAAAKCEQAAAAAAAuIRAAAAAAADIhEAAAAAAANiEQAAAAAAA4IRAAAAAAADwhEAAAAAAAPiEQAAAAAAAAIVAAAAAAAAQhUAAAAAAACCFQAAAAAAAMIVAAAAAAAA4hUAAAAAAAECFQAAAAAAAWIVAAAAAAABohUAAAAAAAHiFQAAAAAAAqIVAAAAAAADYhUAAAAAAAOiFQAAAAAAA8IVAAAAAAAD4hUAAAAAAABCGQAAAAAAAIIZAAAAAAAAohkAAAAAAACiGQAAAAAAAOIZAAAAAAAA4hkAAAAAAAECGQAAAAAAAUIZAAAAAAABghkAAAAAAAGiGQAAAAAAAcIZAAAAAAACAhkAAAAAAAIiGQAAAAAAAkIZAAAAAAACYhkAAAAAAAKCGQAAAAAAAyIZAAAAAAADQhkAAAAAAAOCGQAAAAAAAAIdAAAAAAABAh0AAAAAAAHiHQAAAAAAAiIdAAAAAAACgh0AAAAAAALCHQAAAAAAA4IdAAAAAAAD4h0AAAAAAAAiIQAAAAAAAEIhAAAAAAAAYiEAAAAAAADiIQAAAAAAAYIhAAAAAAABwiEAAAAAAAKCIQAAAAAAAqIhAAAAAAACwiEAAAAAAAMiIQAAAAAAA8IhAAAAAAAD4iEAAAAAAAACJQAAAAAAAMIlAAAAAAAA4iUAAAAAAAECJQAAAAAAAaIlAAAAAAABIikAAAAAAAGCKQAAAAAAAeIpAAAAAAACgikAAAAAAAKiKQAAAAAAAyIpAAAAAAAAoi0AAAAAAADCLQAAAAAAAQItAAAAAAABQi0AAAAAAAHiLQAAAAAAAiItAAAAAAAC4i0AAAAAAANCLQAAAAAAAAIxAAAAAAAAIjEAAAAAAABCMQAAAAAAAGIxAAAAAAAAgjEAAAAAAADiMQAAAAAAASIxAAAAAAABIjEAAAAAAAFCMQAAAAAAAaIxAAAAAAACIjEAAAAAAAJiMQAAAAAAAoIxAAAAAAACojEAAAAAAALCMQAAAAAAAyIxAAAAAAAAwjUAAAAAAADiNQAAAAAAAQI1AAAAAAABIjUAAAAAAANCNQAAAAAAA6I1AAAAAAAD4jUAAAAAAAACOQAAAAAAACI5AAAAAAAA4jkAAAAAAAECOQAAAAAAAYI5AAAAAAABwjkAAAAAAALiOQAAAAAAA8I5AAAAAAAAYj0AAAAAAACiPQAAAAAAAeI9AAAAAAACgj0AAAAAAAKiPQAAAAAAAsI9AAAAAAADIj0AAAAAAANCPQAAAAAAA6I9AAAAAAAAgkEAAAAAAACiQQAAAAAAALJBAAAAAAABckEAAAAAAAGCQQAAAAAAAZJBAAAAAAABskEAAAAAAAISQQAAAAAAAtJBAAAAAAADMkEAAAAAAABCRQAAAAAAAHJFAAAAAAAAgkUAAAAAAACSRQAAAAAAARJFAAAAAAABYkUAAAAAAAGiRQAAAAAAAbJFAAAAAAACAkUAAAAAAANyRQAAAAAAA4JFAAAAAAADokUAAAAAAACCSQAAAAAAAJJJAAAAAAAAokkAAAAAAAEySQAAAAAAAeJJAAAAAAACskkAAAAAAAMSSQAAAAAAAyJJAAAAAAAAQk0AAAAAAAJyTQAAAAAAApJNAAAAAAADck0AAAAAAAOCTQAAAAAAADJRAAAAAAAAclEAAAAAAACSUQAAAAAAAKJRAAAAAAABUlEAAAAAAAMiUQAAAAAAAfJVAAAAAAAD0lUA=</data>
					</mzArrayBinary>
					<intenArrayBinary>
						<data precision="64" endian="little" length="262">AAAAAAB+qkAAAAAAAMyxQAAAAAAAVJtAAAAAAAA+p0AAAAAAAEalQAAAAAAAJKZAAAAAAABCokAAAAAAAFakQAAAAAAAIIpAAAAAAAA3uUAAAAAAAOS5QAAAAADA0+RAAAAAAAAltUAAAAAAAFiTQAAAAAAAaJdAAAAAAABohUAAAAAAAFyTQAAAAAAAUqpAAAAAAAColkAAAAAAALyUQAAAAAAAxqxAAAAAAAACuEAAAAAAgPrEQAAAAAAAIJJAAAAAAAA4k0AAAAAAACC9QAAAAAAAebtAAAAAAACDt0AAAAAAAMScQAAAAAAAxJxAAAAAAAAovkAAAAAAAI6vQAAAAAAA+7FAAAAAACC78EAAAAAAgA3EQAAAAAAA6JhAAAAAAABEvEAAAAAAAGG+QAAAAACAedtAAAAAAID1ykAAAAAAALWwQAAAAAAAWI1AAAAAAACImUAAAAAAAKamQAAAAAAAqcJAAAAAAABWrUAAAAAAABidQAAAAAAALr9AAAAAAAA4s0AAAAAAAEK9QAAAAAAAOJJAAAAAAADSvEAAAAAAACKtQAAAAACAv8hAAAAAAIDT10AAAAAAAMKlQAAAAAAAqbhAAAAAAACQv0AAAAAAAKCeQAAAAAAAirNAAAAAAID0xEAAAAAAABnQQAAAAACAKdNAAAAAAABIxEAAAAAAgLnBQAAAAAAAaqNAAAAAAADso0AAAAAAADCGQAAAAAAA4JtAAAAAAAB60EAAAAAAAAy9QAAAAAAA+qlAAAAAAABgp0AAAAAAgKXBQAAAAAAAeehAAAAAAID50EAAAAAAAHi6QAAAAAAA+KVAAAAAAADnskAAAAAAAIaiQAAAAAAAeqFAAAAAAABKs0AAAAAAAKyyQAAAAAAAiIhAAAAAAAALzUAAAAAAAKuzQAAAAAAAQr1AAAAAAABwoEAAAAAAALarQAAAAAAAzLhAAAAAAACOtEAAAAAAAEidQAAAAAAAhKhAAAAAAABqwkAAAAAAAE63QAAAAAAAQbpAAAAAAAADwEAAAAAAAPKlQAAAAAAAzqZAAAAAAADkl0AAAAAAAALHQAAAAAAAdrxAAAAAAABcp0AAAAAAAKyZQAAAAAAAELtAAAAAAMAL1EAAAAAAALCwQAAAAAAAGJ9AAAAAAADom0AAAAAAAAe0QAAAAACQUPNAAAAAAIAY0EAAAAAAAHncQAAAAAAAzqpAAAAAAAB8o0AAAAAAAIazQAAAAAAAQLFAAAAAAADls0AAAAAAAISsQAAAAAAAQIRAAAAAAACwnEAAAAAAAAe1QAAAAAAAucNAAAAAAACQtkAAAAAAADycQAAAAAAAfr1AAAAAAEDE10AAAAAAALSlQAAAAAAAlqFAAAAAAAAowkAAAAAAwN3QQAAAAAAAS7ZAAAAAAACwn0AAAAAAwIbbQAAAAAAAbqZAAAAAAADvzEAAAAAAAJKiQAAAAAAAoqBAAAAAAMB70EAAAAAAAHKpQAAAAAAACJNAAAAAAACUk0AAAAAAACCeQAAAAAAAxJxAAAAAAABOp0AAAAAAABu/QAAAAAAAgJNAAAAAAIBrwEAAAAAAAM+8QAAAAAAAWqhAAAAAAACtsUAAAAAAAAC8QAAAAAAAF7RAAAAAAAB2q0AAAAAAACCjQAAAAAAA5KVAAAAAAICmxUAAAAAAAHCYQAAAAAAAoL1AAAAAAADfyUAAAAAAADq4QAAAAADAFuVAAAAAAAAA1kAAAAAAAICVQAAAAAAAqblAAAAAAAB8kEAAAAAAADySQAAAAAAALJNAAAAAAAAKu0AAAAAAAIiLQAAAAAAAmKNAAAAAAABTskAAAAAAAKiGQAAAAAAAUI5AAAAAAABo3UAAAAAAACq3QAAAAAAAOrxAAAAAAIB3wUAAAAAAAN3CQAAAAADAqtVAAAAAAEAt2UAAAAAAAMS5QAAAAACAosZAAAAAAAAWo0AAAAAAAOyYQAAAAAAAI8BAAAAAAEAN0EAAAAAAAFfBQAAAAAAAfKNAAAAAAABNs0AAAAAAAESWQAAAAADAG95AAAAAAABYwUAAAAAAgCLHQAAAAAAAxqpAAAAAAHAV/kAAAAAAoNfpQAAAAACAIMJAAAAAAAAA8D8AAAAAAIKgQAAAAAAAsI9AAAAAAAC4k0AAAAAAAJO2QAAAAAAAH7BAAAAAAAAwzEAAAAAAgB/AQAAAAAAAfKZAAAAAAAA4nkAAAAAAAFyRQAAAAAAAlL5AAAAAAAAYq0AAAAAAACiUQAAAAAAA6KhAAAAAAID71UAAAAAAAErRQAAAAAAAUJ9AAAAAAACqukAAAAAAAMCXQAAAAAAAFJFAAAAAAADqqEAAAAAAAJqwQAAAAAAAWrRAAAAAAACl50AAAAAAwLrTQAAAAAAAuq9AAAAAAACcpkAAAAAAAASYQAAAAAAAxJJAAAAAAAA2pUAAAAAAADyVQAAAAAAAKKxAAAAAAAB4nkAAAAAAALCOQAAAAAAATKdAAAAAAADMkUAAAAAAAD7LQAAAAAAA8cNAAAAAAAD6rUAAAAAAANCPQAAAAAAAuJVAAAAAAAAokUAAAAAAoPnnQAAAAACA5thAAAAAAID1wEAAAAAAAOiNQAAAAAAAkdNAAAAAAACzukAAAAAAADa1QAAAAAAA/qJAAAAAAAC9sEAAAAAAAGSlQAAAAAAA3qtAAAAAAADoqEAAAAAAADiKQAAAAAAAvK9AAAAAAADewUAAAAAAAMW4QAAAAACAa8xAAAAAAADQnEAAAAAAAJCOQAAAAAAAoIZAAAAAAAB6pUA=</data>
					</intenArrayBinary>
				</spectrum>
				<spectrum id="72">
					<spectrumDesc>
						<spectrumSettings>
							<spectrumInstrument mzRangeStop="1493.0" mzRangeStart="215.0" msLevel="2" />
						</spectrumSettings>
						<precursorList count="1">
							<precursor msLevel="1" spectrumRef="0">
								<ionSelection>
									<cvParam cvLabel="PSI" accession="PSI:1000041" name="ChargeState" value="2" />
									<cvParam cvLabel="PSI" accession="PSI:1000040" name="MassToChargeRatio" value="742" />
								</ionSelection>
								<activation />
							</precursor>
						</precursorList>
						<comments>Not identified</comments>
					</spectrumDesc>
					<mzArrayBinary>
						<data precision="64" endian="little" length="282">AAAAAADgakAAAAAAAMBrQAAAAAAA4GtAAAAAAAAAbUAAAAAAAEByQAAAAAAAwHJAAAAAAAAQdEAAAAAAAIB0QAAAAAAAYHVAAAAAAABwdUAAAAAAAAB2QAAAAAAAwHZAAAAAAABAd0AAAAAAAJB3QAAAAAAA4HdAAAAAAAAweEAAAAAAAEB4QAAAAAAAYHhAAAAAAAAgeUAAAAAAADB5QAAAAAAAQHlAAAAAAACgeUAAAAAAAOB5QAAAAAAA8HlAAAAAAAAQekAAAAAAACB6QAAAAAAAMHpAAAAAAADQekAAAAAAAOB6QAAAAAAAQHtAAAAAAABQe0AAAAAAAHB7QAAAAAAAsHxAAAAAAAAgfUAAAAAAADB9QAAAAAAAoH1AAAAAAADQfUAAAAAAAKB+QAAAAAAA0H5AAAAAAAAwf0AAAAAAAIB/QAAAAAAAgH9AAAAAAACQf0AAAAAAALB/QAAAAAAA4H9AAAAAAADwf0AAAAAAAAiAQAAAAAAAEIBAAAAAAAAggEAAAAAAAGiAQAAAAAAAkIBAAAAAAACYgEAAAAAAAOCAQAAAAAAA+IBAAAAAAAAAgUAAAAAAAEiBQAAAAAAASIFAAAAAAABYgUAAAAAAAHCBQAAAAAAAgIFAAAAAAACIgUAAAAAAAJCBQAAAAAAAoIFAAAAAAADAgUAAAAAAAAiCQAAAAAAAEIJAAAAAAABIgkAAAAAAAFCCQAAAAAAAYIJAAAAAAAB4gkAAAAAAAKCCQAAAAAAA8IJAAAAAAAAIg0AAAAAAABCDQAAAAAAAOINAAAAAAABAg0AAAAAAAEiDQAAAAAAAsINAAAAAAADAg0AAAAAAAOCDQAAAAAAA+INAAAAAAAAYhEAAAAAAACiEQAAAAAAAMIRAAAAAAAA4hEAAAAAAAECEQAAAAAAASIRAAAAAAABQhEAAAAAAAHCEQAAAAAAAgIRAAAAAAACQhEAAAAAAAKCEQAAAAAAAqIRAAAAAAACwhEAAAAAAAMCEQAAAAAAAyIRAAAAAAADQhEAAAAAAAPiEQAAAAAAA+IRAAAAAAAAIhUAAAAAAABCFQAAAAAAAKIVAAAAAAAAwhUAAAAAAADiFQAAAAAAAQIVAAAAAAAB4hUAAAAAAAIiFQAAAAAAAqIVAAAAAAADIhUAAAAAAAOCFQAAAAAAA8IVAAAAAAAAIhkAAAAAAABCGQAAAAAAAGIZAAAAAAAAohkAAAAAAADCGQAAAAAAAOIZAAAAAAABAhkAAAAAAAGCGQAAAAAAAaIZAAAAAAAB4hkAAAAAAAICGQAAAAAAAiIZAAAAAAACQhkAAAAAAAJiGQAAAAAAAoIZAAAAAAACohkAAAAAAALiGQAAAAAAA2IZAAAAAAABoh0AAAAAAAHCHQAAAAAAAiIdAAAAAAACoh0AAAAAAALCHQAAAAAAAyIdAAAAAAADIh0AAAAAAANCHQAAAAAAA8IdAAAAAAAD4h0AAAAAAABiIQAAAAAAAIIhAAAAAAAAoiEAAAAAAADiIQAAAAAAAOIhAAAAAAABAiEAAAAAAAFCIQAAAAAAAWIhAAAAAAABgiEAAAAAAAHCIQAAAAAAAcIhAAAAAAAB4iEAAAAAAAJiIQAAAAAAAoIhAAAAAAAC4iEAAAAAAAOiIQAAAAAAACIlAAAAAAAAQiUAAAAAAACiJQAAAAAAAMIlAAAAAAAA4iUAAAAAAAIiJQAAAAAAAoIlAAAAAAACwiUAAAAAAALiJQAAAAAAA+IlAAAAAAAAIikAAAAAAABCKQAAAAAAAEIpAAAAAAAAgikAAAAAAADCKQAAAAAAAQIpAAAAAAABIikAAAAAAAHiKQAAAAAAAgIpAAAAAAACIikAAAAAAAJiKQAAAAAAAwIpAAAAAAADIikAAAAAAAOCKQAAAAAAASItAAAAAAABwi0AAAAAAAHiLQAAAAAAAkItAAAAAAACYi0AAAAAAANiLQAAAAAAA4ItAAAAAAADoi0AAAAAAAPCLQAAAAAAAAIxAAAAAAAAAjEAAAAAAACCMQAAAAAAAOIxAAAAAAABAjEAAAAAAAEiMQAAAAAAAUIxAAAAAAABYjEAAAAAAAKCMQAAAAAAAqIxAAAAAAAAgjUAAAAAAADCNQAAAAAAAQI1AAAAAAABgjUAAAAAAAICNQAAAAAAAqI1AAAAAAADAjUAAAAAAAMiNQAAAAAAA0I1AAAAAAADgjUAAAAAAAPCNQAAAAAAAEI5AAAAAAAAYjkAAAAAAAGCOQAAAAAAAcI5AAAAAAACAjkAAAAAAAKCOQAAAAAAA0I5AAAAAAADojkAAAAAAAOiOQAAAAAAA+I5AAAAAAAAAj0AAAAAAAAiPQAAAAAAAKI9AAAAAAAA4j0AAAAAAAFiPQAAAAAAAeI9AAAAAAAB4j0AAAAAAAICPQAAAAAAAqI9AAAAAAADIj0AAAAAAAPCPQAAAAAAA+I9AAAAAAAAAkEAAAAAAAASQQAAAAAAADJBAAAAAAAAckEAAAAAAACCQQAAAAAAAJJBAAAAAAAAokEAAAAAAAFiQQAAAAAAAYJBAAAAAAABkkEAAAAAAAGyQQAAAAAAArJBAAAAAAAC8kEAAAAAAAMCQQAAAAAAA4JBAAAAAAADskEAAAAAAAACRQAAAAAAABJFAAAAAAAAIkUAAAAAAABCRQAAAAAAAOJFAAAAAAABAkUAAAAAAAESRQAAAAAAASJFAAAAAAACAkUAAAAAAAISRQAAAAAAAjJFAAAAAAADMkUAAAAAAAPCRQAAAAAAABJJAAAAAAABkkkAAAAAAAGiSQAAAAAAAnJJAAAAAAACwkkAAAAAAAOCSQAAAAAAA+JJAAAAAAAAEk0AAAAAAAAyTQAAAAAAAGJNAAAAAAABIk0AAAAAAAFyTQAAAAAAA8JNAAAAAAAAslEAAAAAAADCUQAAAAAAANJRAAAAAAABolEAAAAAAAMyUQAAAAAAA6JVAAAAAAAA0lkAAAAAAAPCWQAAAAAAAVJdA</data>
					</mzArrayBinary>
					<intenArrayBinary>
						<data precision="64" endian="little" length="282">AAAAAADYrUAAAAAAAEiQQAAAAAAAiIdAAAAAAABwe0AAAAAAABqiQAAAAAAAm7NAAAAAAAAYlkAAAAAAABSqQAAAAACAGtBAAAAAAMA51EAAAAAAAAyrQAAAAAAA3JtAAAAAAABwkUAAAAAAACiSQAAAAAAAWJ9AAAAAAABGpUAAAAAAADybQAAAAAAA+IhAAAAAAACwlEAAAAAAACCjQAAAAAAAoJ9AAAAAAAAAgEAAAAAAAGuwQAAAAAAAfKBAAAAAAADi4EAAAAAAAKCgQAAAAAAATrJAAAAAAAB4k0AAAAAAAEqmQAAAAAAAwIxAAAAAAACUpEAAAAAAAFCiQAAAAACAZ8pAAAAAAAAElUAAAAAAAFiCQAAAAAAA9KZAAAAAAABweUAAAAAAAMivQAAAAAAAlJdAAAAAAAATtUAAAAAAwPfSQAAAAAAA1JFAAAAAAABUl0AAAAAAANq2QAAAAAAA3JpAAAAAAAAou0AAAAAAAFCoQAAAAAAAB7VAAAAAAADXskAAAAAAAIq3QAAAAAAAlL9AAAAAAIBLxEAAAAAAAKKuQAAAAAAA3JNAAAAAAACcrEAAAAAAAJyuQAAAAADA7dpAAAAAAADYmUAAAAAAANCKQAAAAAAAjJZAAAAAAAD74kAAAAAAAKibQAAAAAAALJhAAAAAAABYj0AAAAAAACKgQAAAAAAAP7BAAAAAAADBy0AAAAAAAJCZQAAAAAAA+KxAAAAAAACAnEAAAAAAgPvDQAAAAACAQNRAAAAAAIBq1kAAAAAAAJiiQAAAAAAArKZAAAAAAAD8mkAAAAAAAGyUQAAAAAAAhJ1AAAAAAAA0rUAAAAAAgCTIQAAAAAAA7r9AAAAAAADwi0AAAAAAAFSUQAAAAAAgk+xAAAAAAACAQEAAAAAAAJSRQAAAAAAATLtAAAAAAABoj0AAAAAAAFieQAAAAAAALJNAAAAAAIBtz0AAAAAAAACmQAAAAAAA3KBAAAAAAMCZ0UAAAAAAgJLCQAAAAAAABLFAAAAAAACQkUAAAAAAAPSwQAAAAAAAkLdAAAAAAADImEAAAAAAwMvQQAAAAAAgVPRAAAAAAABkxkAAAAAAAOauQAAAAAAAJJZAAAAAAABSpUAAAAAAAE6tQAAAAACAtcBAAAAAAAAcn0AAAAAAACSWQAAAAAAAP7dAAAAAAACggEAAAAAAgG3NQAAAAAAACIpAAAAAAACcrkAAAAAAwG3cQAAAAAAA4KhAAAAAAAAolEAAAAAAgBbBQAAAAAAAAH5AAAAAAACAm0AAAAAAAJ6jQAAAAAAAYIhAAAAAAAB0nkAAAAAAAICmQAAAAAAA/JJAAAAAAED61EAAAAAAwNPgQAAAAAAAJLFAAAAAAABoiUAAAAAAACCPQAAAAAAAlJ1AAAAAAABQtUAAAAAAACSZQAAAAACA6cpAAAAAAAAA8D8AAAAAANyyQAAAAAAAb9lAAAAAAAC5xkAAAAAAANScQAAAAAAAsIpAAAAAAACYh0AAAAAAwBLWQAAAAAAALb1AAAAAAACp3EAAAAAAAHSzQAAAAAAAprNAAAAAAADMp0AAAAAAAMB2QAAAAAAABrNAAAAAAAD2qEAAAAAAAOCHQAAAAACAdMJAAAAAAAC6oUAAAAAAACSSQAAAAAAAgq1AAAAAAAAMmkAAAAAAQHLwQAAAAACAHMJAAAAAAIC+zkAAAAAAABirQAAAAACAZMJAAAAAAADwn0AAAAAAAHynQAAAAAAAGblAAAAAAAAK0EAAAAAAAFCvQAAAAAAA0bVAAAAAAIDawkAAAAAAAOewQAAAAAAA+b5AAAAAAIAczkAAAAAAANamQAAAAACApepAAAAAAAANvkAAAAAAAPygQAAAAAAAXJJAAAAAAADGtkAAAAAAAHyaQAAAAAAAGIdAAAAAAIDi2EAAAAAAABPHQAAAAAAA6qNAAAAAAAA4nkAAAAAAgGbCQAAAAAAADt9AAAAAAACQikAAAAAAABakQAAAAAAAVqxAAAAAAIDCxkAAAAAAAAbCQAAAAAAAtLJAAAAAAIDL0EAAAAAAgBDeQAAAAAAARrhAAAAAAICPwUAAAAAAAMCJQAAAAAAA2I5AAAAAAADBsUAAAAAAALHZQAAAAACAasFAAAAAAADAsUAAAAAAANa1QAAAAAAAyIxAAAAAAACgikAAAAAAAGalQAAAAAAATbdAAAAAAACwlUAAAAAAAH6kQAAAAAAAKKVAAAAAAADJskAAAAAAABCXQAAAAAAAWqNAAAAAAADYokAAAAAAACyTQAAAAAAA2IhAAAAAAAD4kEAAAAAAoAXiQAAAAACAz8FAAAAAAAD8qkAAAAAAAK6jQAAAAACAUsBAAAAAAADolEAAAAAAgLDAQAAAAAAAYKZAAAAAAAAztkAAAAAAAI29QAAAAAAAnL5AAAAAAACWqkAAAAAAAPSaQAAAAAAAoIpAAAAAAADkv0AAAAAAABa1QAAAAAAAUJlAAAAAAAC1vEAAAAAAABirQAAAAAAgxONAAAAAAIDZwEAAAAAAANapQAAAAACAj8xAAAAAAABMnUAAAAAAAPioQAAAAAAA/JdAAAAAAAADskAAAAAAAKiNQAAAAAAABq1AAAAAAACswEAAAAAAABKsQAAAAAAAiLRAAAAAAAAGrUAAAAAAAHCMQAAAAAAA0rZAAAAAAAAcpUAAAAAAANWxQAAAAAAAx7BAAAAAAICAxEAAAAAAACiOQAAAAAAAw9tAAAAAAAA8lEAAAAAAAGKnQAAAAAAAL7FAAAAAAACeqkAAAAAAgFXCQAAAAAAAQJxAAAAAAAB4mkAAAAAAAJ+4QAAAAAAAmJBAAAAAAABQrkAAAAAAAFvBQAAAAAAAAIJAAAAAAICdwUAAAAAAALyWQAAAAAAAoKNAAAAAAICg10AAAAAAADCQQAAAAAAANJBAAAAAAACKpUAAAAAAAAyxQAAAAAAAwJlAAAAAAADVs0AAAAAAgGHGQAAAAAAACJFA</data>
					</intenArrayBinary>
				</spectrum>
				<spectrum id="73">
					<spectrumDesc>
						<spectrumSettings>
							<spectrumInstrument mzRangeStop="1622.0" mzRangeStart="275.0" msLevel="2" />
						</spectrumSettings>
						<precursorList count="1">
							<precursor msLevel="1" spectrumRef="0">
								<ionSelection>
									<cvParam cvLabel="PSI" accession="PSI:1000041" name="ChargeState" value="2" />
									<cvParam cvLabel="PSI" accession="PSI:1000040" name="MassToChargeRatio" value="898" />
								</ionSelection>
								<activation />
							</precursor>
						</precursorList>
						<comments>Not identified</comments>
					</spectrumDesc>
					<mzArrayBinary>
						<data precision="64" endian="little" length="245">AAAAAAAwcUAAAAAAAOBzQAAAAAAAYHZAAAAAAABQeEAAAAAAAGB4QAAAAAAAIHlAAAAAAAAweUAAAAAAAEB5QAAAAAAAsHlAAAAAAAAQekAAAAAAAHB6QAAAAAAAkHtAAAAAAADwe0AAAAAAAAB8QAAAAAAAgHxAAAAAAABAfkAAAAAAAHB+QAAAAAAAAIFAAAAAAAAIgUAAAAAAABCBQAAAAAAAkIFAAAAAAABYgkAAAAAAAGCCQAAAAAAAaIJAAAAAAABwgkAAAAAAALiCQAAAAAAA2IJAAAAAAAAAg0AAAAAAACCDQAAAAAAAQINAAAAAAABIg0AAAAAAAFiDQAAAAAAAiINAAAAAAACYg0AAAAAAALiDQAAAAAAAyINAAAAAAADQg0AAAAAAACiEQAAAAAAAaIRAAAAAAACQhEAAAAAAAJiEQAAAAAAAoIRAAAAAAACwhEAAAAAAAMCEQAAAAAAA6IRAAAAAAAAQhUAAAAAAABiFQAAAAAAAIIVAAAAAAAAohUAAAAAAAEiFQAAAAAAAeIVAAAAAAACQhUAAAAAAAJiFQAAAAAAAoIVAAAAAAACghUAAAAAAANiFQAAAAAAA4IVAAAAAAADwhUAAAAAAAPiFQAAAAAAAAIZAAAAAAAAghkAAAAAAADCGQAAAAAAAOIZAAAAAAABghkAAAAAAAHCGQAAAAAAA0IZAAAAAAADYhkAAAAAAAOCGQAAAAAAAEIdAAAAAAAAgh0AAAAAAADCHQAAAAAAAWIdAAAAAAABgh0AAAAAAAHiHQAAAAAAAoIdAAAAAAAC4h0AAAAAAAMCHQAAAAAAAyIdAAAAAAAAYiEAAAAAAACiIQAAAAAAAKIhAAAAAAAAwiEAAAAAAADiIQAAAAAAASIhAAAAAAABQiEAAAAAAAFiIQAAAAAAAgIhAAAAAAACYiEAAAAAAAKiIQAAAAAAAsIhAAAAAAAC4iEAAAAAAALiIQAAAAAAAwIhAAAAAAADQiEAAAAAAANiIQAAAAAAAAIlAAAAAAAAQiUAAAAAAABiJQAAAAAAAQIlAAAAAAACAiUAAAAAAAJCJQAAAAAAAoIlAAAAAAADAiUAAAAAAAOCJQAAAAAAA8IlAAAAAAAD4iUAAAAAAAACKQAAAAAAACIpAAAAAAAAQikAAAAAAABiKQAAAAAAAWIpAAAAAAABgikAAAAAAAHCKQAAAAAAAmIpAAAAAAACoikAAAAAAALCKQAAAAAAAwIpAAAAAAADQikAAAAAAAOCKQAAAAAAA6IpAAAAAAAAAi0AAAAAAACiLQAAAAAAAOItAAAAAAABAi0AAAAAAAEiLQAAAAAAAWItAAAAAAABgi0AAAAAAAHCLQAAAAAAAeItAAAAAAACAi0AAAAAAAICLQAAAAAAAiItAAAAAAACgi0AAAAAAALiLQAAAAAAAwItAAAAAAADIi0AAAAAAANCLQAAAAAAA2ItAAAAAAADgi0AAAAAAAEiMQAAAAAAAUIxAAAAAAACIjEAAAAAAAPiMQAAAAAAACI1AAAAAAAAQjUAAAAAAABiNQAAAAAAAkI1AAAAAAACYjUAAAAAAAJiNQAAAAAAA0I1AAAAAAADgjUAAAAAAAOiNQAAAAAAA8I1AAAAAAAAgjkAAAAAAACiOQAAAAAAAQI5AAAAAAABgjkAAAAAAAGiOQAAAAAAAcI5AAAAAAACwjkAAAAAAALiOQAAAAAAAwI5AAAAAAADwjkAAAAAAAPiOQAAAAAAAOI9AAAAAAABAj0AAAAAAAEiPQAAAAAAAUI9AAAAAAABYj0AAAAAAAGCPQAAAAAAAaI9AAAAAAADIj0AAAAAAANCPQAAAAAAA2I9AAAAAAADgj0AAAAAAAASQQAAAAAAAHJBAAAAAAABMkEAAAAAAAFiQQAAAAAAAZJBAAAAAAACYkEAAAAAAALiQQAAAAAAAvJBAAAAAAADEkEAAAAAAANSQQAAAAAAA1JBAAAAAAAD8kEAAAAAAAACRQAAAAAAABJFAAAAAAAAYkUAAAAAAAESRQAAAAAAASJFAAAAAAABUkUAAAAAAAISRQAAAAAAAmJFAAAAAAACckUAAAAAAANCRQAAAAAAA3JFAAAAAAADgkUAAAAAAAOSRQAAAAAAA6JFAAAAAAAAgkkAAAAAAACiSQAAAAAAAMJJAAAAAAABckkAAAAAAAKSSQAAAAAAAqJJAAAAAAADYkkAAAAAAANySQAAAAAAA4JJAAAAAAAD4kkAAAAAAAASTQAAAAAAAPJNAAAAAAABck0AAAAAAALiTQAAAAAAAvJNAAAAAAADMk0AAAAAAANCTQAAAAAAARJRAAAAAAACIlEAAAAAAAKSUQAAAAAAAyJRAAAAAAADMlEAAAAAAANCUQAAAAAAAEJVAAAAAAAAUlUAAAAAAABiVQAAAAAAAIJVAAAAAAABklUAAAAAAAMSVQAAAAAAA9JVAAAAAAAD4lUAAAAAAAESWQAAAAAAAUJZAAAAAAADglkAAAAAAABCXQAAAAAAAeJdAAAAAAAA4mEAAAAAAAHyYQAAAAAAAhJhAAAAAAADAmEAAAAAAAMSYQAAAAAAA5JhAAAAAAABUmUAAAAAAAFiZQA==</data>
					</mzArrayBinary>
					<intenArrayBinary>
						<data precision="64" endian="little" length="245">AAAAAAD4t0AAAAAAAIGwQAAAAAAASstAAAAAAABUwUAAAAAAgAPAQAAAAAAABL9AAAAAAIA310AAAAAAAO++QAAAAAAAC8pAAAAAAAD2vkAAAAAAAIGzQAAAAAAAArNAAAAAAID6+kAAAAAAwJHZQAAAAACAi8JAAAAAAACHskAAAAAAgLLJQAAAAACAl8JAAAAAAAAouEAAAAAAAFSyQAAAAAAAo8BAAAAAAAAUq0AAAAAAAFW6QAAAAACATdJAAAAAAABYpkAAAAAAAKfFQAAAAACAncFAAAAAAAAAokAAAAAAgIfCQAAAAACAg9tAAAAAAADJw0AAAAAAAL+9QAAAAAAAN7FAAAAAAACWrEAAAAAAgBbYQAAAAACwpPBAAAAAAABypEAAAAAAAB7GQAAAAAAAT7BAAAAAAACHs0AAAAAAgKrKQAAAAACA1cdAAAAAAABtt0AAAAAAANLIQAAAAAAAe7ZAAAAAAABKwkAAAAAAAFStQAAAAADA/tdAAAAAAIBuz0AAAAAAAMqzQAAAAADApdRAAAAAACBxBUEAAAAAkDLwQAAAAADgFeJAAAAAAAAAAEAAAAAAgOLOQAAAAADAfNRAAAAAAABmuEAAAAAAAOHEQAAAAAAALbBAAAAAAACyt0AAAAAAgNLBQAAAAAAAttBAAAAAAAAJtEAAAAAAAFOxQAAAAACAIc5AAAAAAAAAEEAAAAAAAO6tQAAAAAAAMqhAAAAAAAByy0AAAAAAAHm2QAAAAACAXdVAAAAAAICf0kAAAAAAgGnEQAAAAAAAfbBAAAAAAIB74kAAAAAAgHfqQAAAAAAAAABAAAAAAIC2yUAAAAAAAEGzQAAAAAAAc7FAAAAAAACy0UAAAAAAAALPQAAAAAD82hpBAAAAAOjsCkEAAAAAoDblQAAAAADgxONAAAAAAAA020AAAAAAgMXNQAAAAAAgp+NAAAAAAAAAAEAAAAAAgMPHQAAAAAAAABhAAAAAAAA7zUAAAAAAwFzcQAAAAAAA071AAAAAAIBLwkAAAAAAANTMQAAAAAAAcrZAAAAAAMCi00AAAAAAACfXQAAAAABALdFAAAAAAIAUyUAAAAAAADK5QAAAAAAA5bRAAAAAAAAA8D8AAAAAwE7VQAAAAACARcxAAAAAAIBz2EAAAAAAABneQAAAAAAAhKRAAAAAAIAE2EAAAAAAQA3VQAAAAAAArLpAAAAAAACAvUAAAAAAAB60QAAAAAAA4bNAAAAAAADyr0AAAAAAwF7dQAAAAAAAccRAAAAAAABOy0AAAAAAAFakQAAAAAAAvrBAAAAAAABv6EAAAAAAAEy1QAAAAACAqMlAAAAAAAAfv0AAAAAAAIizQAAAAAAAoqtAAAAAAPBv80AAAAAAAB7SQAAAAAAAE8ZAAAAAAABYskAAAAAAUBb4QAAAAABA4u5AAAAAAGA45kAAAAAAIL0IQQAAAACgtelAAAAAAGBi4UAAAAAAwITcQAAAAACgieNAAAAAAADyzEAAAAAAwBjTQAAAAACAc9ZAAAAAAIDvwkAAAAAAAI7OQAAAAAAAc7hAAAAAAAC61kAAAAAAAADwPwAAAAAABKZAAAAAAEBe3UAAAAAAABewQAAAAABAINRAAAAAAAA6u0AAAAAAAAOwQAAAAAAATLRAAAAAAADHwkAAAAAAQH/fQAAAAADACdNAAAAAAEDD4UAAAAAAACC5QAAAAAAAjNlAAAAAAIBLxUAAAAAAAFC3QAAAAAAA9b5AAAAAAKBb+0AAAAAAMM/5QAAAAACA4fpAAAAAAMAi7kAAAAAAwLbvQAAAAAAAec9AAAAAAACvvUAAAAAAMLX+QAAAAACQMfZAAAAAAECz2UAAAAAAADfGQAAAAABAV+JAAAAAAIC2w0AAAAAAAJa7QAAAAAAAAcFAAAAAAABnwEAAAAAAALzCQAAAAAAAOrpAAAAAAADozEAAAAAAgNrHQAAAAACALMRAAAAAAEA80UAAAAAAwDTiQAAAAAAASLhAAAAAAABjykAAAAAAYATgQAAAAADgrOpAAAAAAICS10AAAAAAABbCQAAAAACAs89AAAAAAAABvUAAAAAAAE6oQAAAAAAAk9FAAAAAAIARyEAAAAAAgO/MQAAAAAAAZJxAAAAAAAAur0AAAAAAAADXQAAAAAAACrhAAAAAAAB7tEAAAAAAYJngQAAAAAAAQMBAAAAAAMBn1EAAAAAAgDHRQAAAAAAAz+JAAAAAAAD6uEAAAAAAgETBQAAAAACAF8BAAAAAAIBvyEAAAAAAAJ+zQAAAAAAAIstAAAAAAMA61EAAAAAAAADwPwAAAAAA7bdAAAAAAAD2xkAAAAAAABSrQAAAAABg1/FAAAAAAICv1EAAAAAAAKKoQAAAAAAg7uVAAAAAAKDQ50AAAAAAQFTXQAAAAACApsRAAAAAAABzukAAAAAAAPavQAAAAACAiNpAAAAAAICm10AAAAAAgBDBQAAAAAAAxbNAAAAAAADqwkAAAAAAAHzEQAAAAAAA8LZAAAAAAAA00UAAAAAAAIfJQAAAAAAA5sBAAAAAAABAsEAAAAAAwO7VQAAAAAAA48RAAAAAAEDF0UAAAAAAgKHUQA==</data>
					</intenArrayBinary>
				</spectrum>
				<spectrum id="74">
					<spectrumDesc>
						<spectrumSettings>
							<spectrumInstrument mzRangeStop="1780.0" mzRangeStart="276.0" msLevel="2" />
						</spectrumSettings>
						<precursorList count="1">
							<precursor msLevel="1" spectrumRef="0">
								<ionSelection>
									<cvParam cvLabel="PSI" accession="PSI:1000041" name="ChargeState" value="2" />
									<cvParam cvLabel="PSI" accession="PSI:1000040" name="MassToChargeRatio" value="955" />
								</ionSelection>
								<activation />
							</precursor>
						</precursorList>
						<comments>Identified</comments>
					</spectrumDesc>
					<mzArrayBinary>
						<data precision="64" endian="little" length="294">AAAAAABAcUAAAAAAAJBxQAAAAAAAEHNAAAAAAAAwc0AAAAAAAKBzQAAAAAAAQHRAAAAAAADQdEAAAAAAAPB0QAAAAAAAIHVAAAAAAAAwdUAAAAAAAFB1QAAAAAAAgHVAAAAAAACQdUAAAAAAAKB1QAAAAAAAAHZAAAAAAACQdkAAAAAAAKB2QAAAAAAA0HZAAAAAAAAAd0AAAAAAAJB3QAAAAAAAoHdAAAAAAAAAeEAAAAAAACB4QAAAAAAAMHhAAAAAAABQeEAAAAAAANB4QAAAAAAA8HhAAAAAAAAQeUAAAAAAAGB5QAAAAAAAsHlAAAAAAADQeUAAAAAAAPB5QAAAAAAAcHpAAAAAAACQekAAAAAAAKB6QAAAAAAAAHtAAAAAAAAge0AAAAAAADB7QAAAAAAAUHtAAAAAAABwe0AAAAAAAJB7QAAAAAAAsHtAAAAAAADAe0AAAAAAANB7QAAAAAAAUHxAAAAAAABgfEAAAAAAAJB8QAAAAAAA8HxAAAAAAAAAfUAAAAAAAEB9QAAAAAAAgH1AAAAAAAAQfkAAAAAAACB+QAAAAAAAcH5AAAAAAACwfkAAAAAAAMB+QAAAAAAA0H9AAAAAAAAYgEAAAAAAAKiAQAAAAAAA+IBAAAAAAAA4gUAAAAAAAEiBQAAAAAAAkIFAAAAAAADIgUAAAAAAANCBQAAAAAAA2IFAAAAAAADggUAAAAAAAPCBQAAAAAAAAIJAAAAAAAAIgkAAAAAAABiCQAAAAAAAUIJAAAAAAABogkAAAAAAAHCCQAAAAAAAeIJAAAAAAADAgkAAAAAAAMiCQAAAAAAA0IJAAAAAAADYgkAAAAAAABCDQAAAAAAAUINAAAAAAABog0AAAAAAAHiDQAAAAAAAoINAAAAAAACog0AAAAAAAPiDQAAAAAAACIRAAAAAAAAQhEAAAAAAADCEQAAAAAAAOIRAAAAAAABAhEAAAAAAAFCEQAAAAAAAcIRAAAAAAADQhEAAAAAAANiEQAAAAAAA4IRAAAAAAADwhEAAAAAAAPiEQAAAAAAAAIVAAAAAAAAQhUAAAAAAACiFQAAAAAAAQIVAAAAAAABIhUAAAAAAAFCFQAAAAAAAaIVAAAAAAACIhUAAAAAAAJCFQAAAAAAAmIVAAAAAAACghUAAAAAAANCFQAAAAAAA4IVAAAAAAADghUAAAAAAAPCFQAAAAAAA+IVAAAAAAAAYhkAAAAAAAGCGQAAAAAAAaIZAAAAAAABwhkAAAAAAAHiGQAAAAAAAgIZAAAAAAAD4hkAAAAAAAACHQAAAAAAAYIdAAAAAAACAh0AAAAAAAKiHQAAAAAAA8IdAAAAAAAAQiEAAAAAAACiIQAAAAAAAMIhAAAAAAAA4iEAAAAAAAHCIQAAAAAAAeIhAAAAAAACIiEAAAAAAAMiIQAAAAAAA0IhAAAAAAADYiEAAAAAAAPCIQAAAAAAA+IhAAAAAAAAAiUAAAAAAABiJQAAAAAAAIIlAAAAAAABYiUAAAAAAAHCJQAAAAAAAgIlAAAAAAACIiUAAAAAAAJCJQAAAAAAAmIlAAAAAAADAiUAAAAAAAMiJQAAAAAAA2IlAAAAAAADwiUAAAAAAAACKQAAAAAAACIpAAAAAAAAQikAAAAAAACiKQAAAAAAASIpAAAAAAACQikAAAAAAAPCKQAAAAAAA+IpAAAAAAABAi0AAAAAAAFCLQAAAAAAAiItAAAAAAADIi0AAAAAAANCLQAAAAAAA8ItAAAAAAAAQjEAAAAAAABiMQAAAAAAAKIxAAAAAAAAwjEAAAAAAAECMQAAAAAAAeIxAAAAAAACojEAAAAAAALCMQAAAAAAAuIxAAAAAAADgjEAAAAAAAPiMQAAAAAAAAI1AAAAAAABAjUAAAAAAAFCNQAAAAAAAgI1AAAAAAACIjUAAAAAAAJCNQAAAAAAAmI1AAAAAAACgjUAAAAAAABiOQAAAAAAAII5AAAAAAAAojkAAAAAAAECOQAAAAAAACI9AAAAAAADAj0AAAAAAAASQQAAAAAAACJBAAAAAAAAUkEAAAAAAAESQQAAAAAAASJBAAAAAAABUkEAAAAAAAIiQQAAAAAAAjJBAAAAAAACQkEAAAAAAAJSQQAAAAAAAmJBAAAAAAACkkEAAAAAAAMCQQAAAAAAAxJBAAAAAAADQkEAAAAAAANSQQAAAAAAA2JBAAAAAAADokEAAAAAAAASRQAAAAAAAJJFAAAAAAAAokUAAAAAAAESRQAAAAAAASJFAAAAAAABMkUAAAAAAAHCRQAAAAAAAdJFAAAAAAADskUAAAAAAAASSQAAAAAAACJJAAAAAAAAQkkAAAAAAADySQAAAAAAATJJAAAAAAABUkkAAAAAAAFiSQAAAAAAAfJJAAAAAAACAkkAAAAAAAJCSQAAAAAAAlJJAAAAAAACckkAAAAAAAKCSQAAAAAAApJJAAAAAAACokkAAAAAAANiSQAAAAAAA3JJAAAAAAADskkAAAAAAACSTQAAAAAAAOJNAAAAAAABck0AAAAAAAHCTQAAAAAAAdJNAAAAAAACAk0AAAAAAAJSTQAAAAAAApJNAAAAAAAC4k0AAAAAAALyTQAAAAAAAwJNAAAAAAADEk0AAAAAAAMyTQAAAAAAA4JNAAAAAAADok0AAAAAAAOyTQAAAAAAA8JNAAAAAAAAIlEAAAAAAAAyUQAAAAAAAEJRAAAAAAAAUlEAAAAAAACyUQAAAAAAANJRAAAAAAABUlEAAAAAAAFiUQAAAAAAAXJRAAAAAAABglEAAAAAAAJyUQAAAAAAAoJRAAAAAAACklEAAAAAAAKiUQAAAAAAAlJVAAAAAAACYlUAAAAAAAJyVQAAAAAAApJVAAAAAAADclUAAAAAAAOCVQAAAAAAA5JVAAAAAAADolUAAAAAAACSWQAAAAAAAqJdAAAAAAADsl0AAAAAAAPCXQAAAAAAA9JdAAAAAAAD0l0AAAAAAAPiXQAAAAAAALJhAAAAAAAA0mEAAAAAAACiZQAAAAAAAPJlAAAAAAACAmUAAAAAAAISZQAAAAAAAvJlAAAAAAADAmUAAAAAAAMSZQAAAAAAAPJtAAAAAAABEm0AAAAAAAIibQAAAAAAA0JtA</data>
					</mzArrayBinary>
					<intenArrayBinary>
						<data precision="64" endian="little" length="294">AAAAAAC0lEAAAAAAAHPLQAAAAACAZ8BAAAAAAADksUAAAAAAAHTBQAAAAAAARJtAAAAAAAC4lkAAAAAAACXDQAAAAAAAlLVAAAAAAAC8kUAAAAAAAPyXQAAAAAAAa7FAAAAAAADElEAAAAAAAEqkQAAAAAAAdJRAAAAAAADQf0AAAAAAADiqQAAAAAAAcKdAAAAAAACQikAAAAAAAMXmQAAAAAAAxJ5AAAAAAAAsyEAAAAAAgMTYQAAAAAAASIpAAAAAAGBa4kAAAAAAAKCUQAAAAAAAP8VAAAAAAAC8lkAAAAAAABypQAAAAAAANsxAAAAAAAA+oEAAAAAAABSYQAAAAAAA+JdAAAAAAAAftEAAAAAAAOybQAAAAAAAKqhAAAAAAADLskAAAAAAgJvLQAAAAAAAYKpAAAAAAIDoxEAAAAAAADCMQAAAAACARMBAAAAAAABktUAAAAAAAM6iQAAAAAAAsIZAAAAAAACaokAAAAAAAFCiQAAAAAAANKhAAAAAAACIuUAAAAAAAJicQAAAAAAAgqNAAAAAAADojkAAAAAAAGiWQAAAAAAA97FAAAAAAAAuv0AAAAAAgNXAQAAAAAAAAI5AAAAAAABwh0AAAAAAAGS+QAAAAAAA8MVAAAAAACDj5EAAAAAAgFfBQAAAAAAAyqxAAAAAAADgq0AAAAAAAHCKQAAAAAAAgLNAAAAAAABus0AAAAAAADSmQAAAAAAAEKlAAAAAAABopEAAAAAAADSSQAAAAAAAwMFAAAAAANCfA0EAAAAA8AP1QAAAAAAA6KlAAAAAAABQjUAAAAAAAMaiQAAAAAAAhJFAAAAAAACKpkAAAAAAAKCjQAAAAAAA2qBAAAAAAAAImEAAAAAAAJyQQAAAAAAAoJFAAAAAAADsnkAAAAAAAKCJQAAAAAAAwIJAAAAAAACgjEAAAAAAAMTTQAAAAABAV9dAAAAAAAAYn0AAAAAAAMiJQAAAAABA0NNAAAAAAAAMm0AAAAAAANSkQAAAAAAAFqFAAAAAAAColEAAAAAAALW1QAAAAAAAgcxAAAAAAACcpUAAAAAAACSaQAAAAACAGslAAAAAAACElUAAAAAAAPCKQAAAAAAAvMNAAAAAAAB0uUAAAAAAADm6QAAAAAAAJLVAAAAAAABltkAAAAAAANB4QAAAAADAwdlAAAAAAAApu0AAAAAAANTSQAAAAAAAoLxAAAAAAACkpkAAAAAAAKfFQAAAAADAEtNAAAAAAABH00AAAAAAAAizQAAAAADAv9hAAAAAAADYiUAAAAAAAGiDQAAAAAAA9qNAAAAAAADQoUAAAAAAAPG5QAAAAAAAKKVAAAAAAACwqkAAAAAAMIbzQAAAAACA38VAAAAAAAAsn0AAAAAAAKiYQAAAAADAstpAAAAAAADNs0AAAAAAgFDdQAAAAAAAGJhAAAAAAECQ1kAAAAAAAGqkQAAAAAAAAPA/AAAAAABUlEAAAAAAABDQQAAAAAAABcdAAAAAAAC8m0AAAAAAYFrwQAAAAADABOxAAAAAAAAqpkAAAAAAAKSWQAAAAAAADJdAAAAAAEBK2kAAAAAAgPTKQAAAAAAA1qxAAAAAAADWpkAAAAAAAEb5QAAAAAAAj7ZAAAAAAADIkEAAAAAAAAahQAAAAAAAcIxAAAAAAAA+rUAAAAAAAAiQQAAAAAAAYJRAAAAAAAAOokAAAAAAAFu5QAAAAACAPMRAAAAAAACAjkAAAAAAAD6xQAAAAAAAdJNAAAAAAOAG7kAAAAAAAFCYQAAAAAAAe7VAAAAAAADwj0AAAAAAALCQQAAAAAAAPbNAAAAAAACxv0AAAAAAgKbBQAAAAAAAuqJAAAAAAACOtEAAAAAAgPzHQAAAAADgvudAAAAAAABQnkAAAAAAAFqiQAAAAAAAOqtAAAAAAEBl5EAAAAAAIC3lQAAAAAAAScBAAAAAAADMlkAAAAAAgA7yQAAAAAAA7sVAAAAAAABzskAAAAAAADifQAAAAAAAXJtAAAAAAADbsEAAAAAAAPykQAAAAAAAOKxAAAAAAAAyoUAAAAAAALCMQAAAAAAAOKtAAAAAAADInEAAAAAAAGSWQAAAAACAeNVAAAAAAADIrUAAAAAAAADwPwAAAAAAIKFAAAAAAACyokAAAAAAAKyjQAAAAAAAFJJAAAAAAMCK1UAAAAAAMGjwQAAAAACAJc1AAAAAAABMkEAAAAAAAI6qQAAAAAAACJlAAAAAAAB2pUAAAAAAAKXGQAAAAADADtRAAAAAAADDsUAAAAAAAHibQAAAAAAApqJAAAAAAAA8kEAAAAAAAOqgQAAAAAAAFJhAAAAAAAAojUAAAAAAACyaQAAAAAAAsJ9AAAAAAADZvEAAAAAAADCVQAAAAAAAmKJAAAAAAADUnkAAAAAAAMm/QAAAAAAAoLRAAAAAAIgRBkEAAAAAkLTzQAAAAACAbchAAAAAAAD8oUAAAAAA0Az0QAAAAABAGdFAAAAAAABor0AAAAAAAFCKQAAAAAAA2bBAAAAAAIA600AAAAAAAEO2QAAAAAAAZKNAAAAAAACckkAAAAAAANCJQAAAAAAAqJZAAAAAAPBWBEEAAAAAMPvwQAAAAAAAg9BAAAAAAAD4qkAAAAAAAOCXQAAAAAAAqIRAAAAAAABUzkAAAAAAADPpQAAAAAAADLJAAAAAAACWsEAAAAAAAJyRQAAAAAAAYIFAAAAAAAAmqEAAAAAAAGBzQAAAAAAAoqJAAAAAAAAi9kAAAAAAAH7hQAAAAAAAdM1AAAAAAABYgkAAAAAAwEUQQQAAAACQJfZAAAAAAABa2EAAAAAAAMmwQAAAAABgHuFAAAAAAABRtkAAAAAAAPKxQAAAAAAAUKpAAAAAAFBe8EAAAAAAoFjlQAAAAAAA/NxAAAAAAACQgEAAAAAAANCtQAAAAABgsOVAAAAAAGBO50AAAAAAABPIQAAAAAAAAPA/AAAAAICY1UAAAAAAABCQQAAAAAAA7KhAAAAAAAAomkAAAAAAgKDGQAAAAAAAyJ5AAAAAAADQnUAAAAAAAI+8QAAAAAAAHNJAAAAAAMDZ1kAAAAAAANqlQAAAAAAATqNAAAAAAABr2UAAAAAAACCLQAAAAAAAHKhA</data>
					</intenArrayBinary>
				</spectrum>
				<spectrum id="75">
					<spectrumDesc>
						<spectrumSettings>
							<spectrumInstrument mzRangeStop="955.0" mzRangeStart="224.0" msLevel="2" />
						</spectrumSettings>
						<precursorList count="1">
							<precursor msLevel="1" spectrumRef="0">
								<ionSelection>
									<cvParam cvLabel="PSI" accession="PSI:1000041" name="ChargeState" value="1" />
									<cvParam cvLabel="PSI" accession="PSI:1000040" name="MassToChargeRatio" value="519" />
								</ionSelection>
								<activation />
							</precursor>
						</precursorList>
						<comments>Not identified</comments>
					</spectrumDesc>
					<mzArrayBinary>
						<data precision="64" endian="little" length="43">AAAAAAAAbEAAAAAAAKBtQAAAAAAAwG1AAAAAAAAAbkAAAAAAAMBuQAAAAAAAIG9AAAAAAACgcEAAAAAAANBwQAAAAAAAkHFAAAAAAACgcUAAAAAAAMBxQAAAAAAAkHJAAAAAAACgckAAAAAAAMByQAAAAAAAsHNAAAAAAAAQdEAAAAAAAFB1QAAAAAAAgHVAAAAAAABAdkAAAAAAAFB2QAAAAAAAYHZAAAAAAABwdkAAAAAAAAB3QAAAAAAAgHdAAAAAAADgeUAAAAAAABB7QAAAAAAAAHxAAAAAAADQfkAAAAAAAGB/QAAAAAAAYH9AAAAAAACgf0AAAAAAAPB/QAAAAAAAOIBAAAAAAABYgkAAAAAAANCCQAAAAAAA4IJAAAAAAADAg0AAAAAAADCEQAAAAAAAOIRAAAAAAADAhEAAAAAAAMiHQAAAAAAAUIhAAAAAAADYjUA=</data>
					</mzArrayBinary>
					<intenArrayBinary>
						<data precision="64" endian="little" length="43">AAAAAAC3vkAAAAAAgPrAQAAAAAAAuMRAAAAAAADGrkAAAAAAAJbEQAAAAAAAsrNAAAAAAAD+u0AAAAAAgLLAQAAAAAAAiP9AAAAAAOC150AAAAAAAKKtQAAAAAAg+eBAAAAAANCSLEEAAAAAAEC7QAAAAACAfsVAAAAAAADEqkAAAAAAgDbEQAAAAAAA/7JAAAAAAACSuUAAAAAAgKvBQAAAAADApOBAAAAAAAAAAEAAAAAAgF/YQAAAAAAAUKhAAAAAAOCu8kAAAAAAgBbPQAAAAAAAvLVAAAAAAACYn0AAAAAAAMS7QAAAAAA4CxtBAAAAAMCH2EAAAAAAAG6xQAAAAABAeNFAAAAAAADAtkAAAAAAACOzQAAAAAAA7b5AAAAAAAAmpEAAAAAAgDnDQAAAAAAAhrVAAAAAAAC/tUAAAAAAAI3AQAAAAAAADb9AAAAAAAB1ukA=</data>
					</intenArrayBinary>
				</spectrum>
				<spectrum id="76">
					<spectrumDesc>
						<spectrumSettings>
							<spectrumInstrument mzRangeStop="1405.0" mzRangeStart="225.0" msLevel="2" />
						</spectrumSettings>
						<precursorList count="1">
							<precursor msLevel="1" spectrumRef="0">
								<ionSelection>
									<cvParam cvLabel="PSI" accession="PSI:1000041" name="ChargeState" value="3" />
									<cvParam cvLabel="PSI" accession="PSI:1000040" name="MassToChargeRatio" value="738" />
								</ionSelection>
								<activation />
							</precursor>
						</precursorList>
						<comments>Not identified</comments>
					</spectrumDesc>
					<mzArrayBinary>
						<data precision="64" endian="little" length="262">AAAAAAAgbEAAAAAAAKBvQAAAAAAAMHFAAAAAAACwcUAAAAAAAOBxQAAAAAAAAHJAAAAAAAAwckAAAAAAAFByQAAAAAAAoHJAAAAAAACwckAAAAAAAMByQAAAAAAAwHNAAAAAAADQc0AAAAAAAIB0QAAAAAAAQHVAAAAAAABgdUAAAAAAAGB1QAAAAAAAkHVAAAAAAAAwdkAAAAAAAEB2QAAAAAAAQHZAAAAAAABgdkAAAAAAALB2QAAAAAAAwHZAAAAAAADgdkAAAAAAAFB3QAAAAAAA0HdAAAAAAABQeEAAAAAAAMB4QAAAAAAAsHlAAAAAAADAeUAAAAAAANB5QAAAAAAAoHpAAAAAAADQekAAAAAAAOB6QAAAAAAAQHtAAAAAAAAgfEAAAAAAAKB8QAAAAAAAAH1AAAAAAAAQfUAAAAAAACB9QAAAAAAAMH1AAAAAAABAfUAAAAAAAFB9QAAAAAAA8H1AAAAAAAAwfkAAAAAAADB+QAAAAAAA4H5AAAAAAADgfkAAAAAAABB/QAAAAAAAIH9AAAAAAACAf0AAAAAAAACAQAAAAAAAEIBAAAAAAAAYgEAAAAAAACCAQAAAAAAAKIBAAAAAAABogEAAAAAAAJCAQAAAAAAAyIBAAAAAAADQgEAAAAAAAOCAQAAAAAAA8IBAAAAAAAD4gEAAAAAAAFCBQAAAAAAAYIFAAAAAAABwgUAAAAAAAHiBQAAAAAAAiIFAAAAAAACYgUAAAAAAAKCBQAAAAAAA4IFAAAAAAAD4gUAAAAAAABCCQAAAAAAAGIJAAAAAAAAggkAAAAAAACiCQAAAAAAAKIJAAAAAAABAgkAAAAAAAGiCQAAAAAAAkIJAAAAAAACYgkAAAAAAANiCQAAAAAAA8IJAAAAAAADwgkAAAAAAAACDQAAAAAAAQINAAAAAAABYg0AAAAAAAIiDQAAAAAAAqINAAAAAAADIg0AAAAAAAPiDQAAAAAAACIRAAAAAAAAQhEAAAAAAAGCEQAAAAAAAaIRAAAAAAABohEAAAAAAAHCEQAAAAAAAeIRAAAAAAACIhEAAAAAAAKCEQAAAAAAAuIRAAAAAAADIhEAAAAAAANiEQAAAAAAA4IRAAAAAAADwhEAAAAAAAPiEQAAAAAAAAIVAAAAAAAAQhUAAAAAAACCFQAAAAAAAMIVAAAAAAAA4hUAAAAAAAECFQAAAAAAAWIVAAAAAAABohUAAAAAAAHiFQAAAAAAAqIVAAAAAAADYhUAAAAAAAOiFQAAAAAAA8IVAAAAAAAD4hUAAAAAAABCGQAAAAAAAIIZAAAAAAAAohkAAAAAAACiGQAAAAAAAOIZAAAAAAAA4hkAAAAAAAECGQAAAAAAAUIZAAAAAAABghkAAAAAAAGiGQAAAAAAAcIZAAAAAAACAhkAAAAAAAIiGQAAAAAAAkIZAAAAAAACYhkAAAAAAAKCGQAAAAAAAyIZAAAAAAADQhkAAAAAAAOCGQAAAAAAAAIdAAAAAAABAh0AAAAAAAHiHQAAAAAAAiIdAAAAAAACgh0AAAAAAALCHQAAAAAAA4IdAAAAAAAD4h0AAAAAAAAiIQAAAAAAAEIhAAAAAAAAYiEAAAAAAADiIQAAAAAAAYIhAAAAAAABwiEAAAAAAAKCIQAAAAAAAqIhAAAAAAACwiEAAAAAAAMiIQAAAAAAA8IhAAAAAAAD4iEAAAAAAAACJQAAAAAAAMIlAAAAAAAA4iUAAAAAAAECJQAAAAAAAaIlAAAAAAABIikAAAAAAAGCKQAAAAAAAeIpAAAAAAACgikAAAAAAAKiKQAAAAAAAyIpAAAAAAAAoi0AAAAAAADCLQAAAAAAAQItAAAAAAABQi0AAAAAAAHiLQAAAAAAAiItAAAAAAAC4i0AAAAAAANCLQAAAAAAAAIxAAAAAAAAIjEAAAAAAABCMQAAAAAAAGIxAAAAAAAAgjEAAAAAAADiMQAAAAAAASIxAAAAAAABIjEAAAAAAAFCMQAAAAAAAaIxAAAAAAACIjEAAAAAAAJiMQAAAAAAAoIxAAAAAAACojEAAAAAAALCMQAAAAAAAyIxAAAAAAAAwjUAAAAAAADiNQAAAAAAAQI1AAAAAAABIjUAAAAAAANCNQAAAAAAA6I1AAAAAAAD4jUAAAAAAAACOQAAAAAAACI5AAAAAAAA4jkAAAAAAAECOQAAAAAAAYI5AAAAAAABwjkAAAAAAALiOQAAAAAAA8I5AAAAAAAAYj0AAAAAAACiPQAAAAAAAeI9AAAAAAACgj0AAAAAAAKiPQAAAAAAAsI9AAAAAAADIj0AAAAAAANCPQAAAAAAA6I9AAAAAAAAgkEAAAAAAACiQQAAAAAAALJBAAAAAAABckEAAAAAAAGCQQAAAAAAAZJBAAAAAAABskEAAAAAAAISQQAAAAAAAtJBAAAAAAADMkEAAAAAAABCRQAAAAAAAHJFAAAAAAAAgkUAAAAAAACSRQAAAAAAARJFAAAAAAABYkUAAAAAAAGiRQAAAAAAAbJFAAAAAAACAkUAAAAAAANyRQAAAAAAA4JFAAAAAAADokUAAAAAAACCSQAAAAAAAJJJAAAAAAAAokkAAAAAAAEySQAAAAAAAeJJAAAAAAACskkAAAAAAAMSSQAAAAAAAyJJAAAAAAAAQk0AAAAAAAJyTQAAAAAAApJNAAAAAAADck0AAAAAAAOCTQAAAAAAADJRAAAAAAAAclEAAAAAAACSUQAAAAAAAKJRAAAAAAABUlEAAAAAAAMiUQAAAAAAAfJVAAAAAAAD0lUA=</data>
					</mzArrayBinary>
					<intenArrayBinary>
						<data precision="64" endian="little" length="262">AAAAAAB+qkAAAAAAAMyxQAAAAAAAVJtAAAAAAAA+p0AAAAAAAEalQAAAAAAAJKZAAAAAAABCokAAAAAAAFakQAAAAAAAIIpAAAAAAAA3uUAAAAAAAOS5QAAAAADA0+RAAAAAAAAltUAAAAAAAFiTQAAAAAAAaJdAAAAAAABohUAAAAAAAFyTQAAAAAAAUqpAAAAAAAColkAAAAAAALyUQAAAAAAAxqxAAAAAAAACuEAAAAAAgPrEQAAAAAAAIJJAAAAAAAA4k0AAAAAAACC9QAAAAAAAebtAAAAAAACDt0AAAAAAAMScQAAAAAAAxJxAAAAAAAAovkAAAAAAAI6vQAAAAAAA+7FAAAAAACC78EAAAAAAgA3EQAAAAAAA6JhAAAAAAABEvEAAAAAAAGG+QAAAAACAedtAAAAAAID1ykAAAAAAALWwQAAAAAAAWI1AAAAAAACImUAAAAAAAKamQAAAAAAAqcJAAAAAAABWrUAAAAAAABidQAAAAAAALr9AAAAAAAA4s0AAAAAAAEK9QAAAAAAAOJJAAAAAAADSvEAAAAAAACKtQAAAAACAv8hAAAAAAIDT10AAAAAAAMKlQAAAAAAAqbhAAAAAAACQv0AAAAAAAKCeQAAAAAAAirNAAAAAAID0xEAAAAAAABnQQAAAAACAKdNAAAAAAABIxEAAAAAAgLnBQAAAAAAAaqNAAAAAAADso0AAAAAAADCGQAAAAAAA4JtAAAAAAAB60EAAAAAAAAy9QAAAAAAA+qlAAAAAAABgp0AAAAAAgKXBQAAAAAAAeehAAAAAAID50EAAAAAAAHi6QAAAAAAA+KVAAAAAAADnskAAAAAAAIaiQAAAAAAAeqFAAAAAAABKs0AAAAAAAKyyQAAAAAAAiIhAAAAAAAALzUAAAAAAAKuzQAAAAAAAQr1AAAAAAABwoEAAAAAAALarQAAAAAAAzLhAAAAAAACOtEAAAAAAAEidQAAAAAAAhKhAAAAAAABqwkAAAAAAAE63QAAAAAAAQbpAAAAAAAADwEAAAAAAAPKlQAAAAAAAzqZAAAAAAADkl0AAAAAAAALHQAAAAAAAdrxAAAAAAABcp0AAAAAAAKyZQAAAAAAAELtAAAAAAMAL1EAAAAAAALCwQAAAAAAAGJ9AAAAAAADom0AAAAAAAAe0QAAAAACQUPNAAAAAAIAY0EAAAAAAAHncQAAAAAAAzqpAAAAAAAB8o0AAAAAAAIazQAAAAAAAQLFAAAAAAADls0AAAAAAAISsQAAAAAAAQIRAAAAAAACwnEAAAAAAAAe1QAAAAAAAucNAAAAAAACQtkAAAAAAADycQAAAAAAAfr1AAAAAAEDE10AAAAAAALSlQAAAAAAAlqFAAAAAAAAowkAAAAAAwN3QQAAAAAAAS7ZAAAAAAACwn0AAAAAAwIbbQAAAAAAAbqZAAAAAAADvzEAAAAAAAJKiQAAAAAAAoqBAAAAAAMB70EAAAAAAAHKpQAAAAAAACJNAAAAAAACUk0AAAAAAACCeQAAAAAAAxJxAAAAAAABOp0AAAAAAABu/QAAAAAAAgJNAAAAAAIBrwEAAAAAAAM+8QAAAAAAAWqhAAAAAAACtsUAAAAAAAAC8QAAAAAAAF7RAAAAAAAB2q0AAAAAAACCjQAAAAAAA5KVAAAAAAICmxUAAAAAAAHCYQAAAAAAAoL1AAAAAAADfyUAAAAAAADq4QAAAAADAFuVAAAAAAAAA1kAAAAAAAICVQAAAAAAAqblAAAAAAAB8kEAAAAAAADySQAAAAAAALJNAAAAAAAAKu0AAAAAAAIiLQAAAAAAAmKNAAAAAAABTskAAAAAAAKiGQAAAAAAAUI5AAAAAAABo3UAAAAAAACq3QAAAAAAAOrxAAAAAAIB3wUAAAAAAAN3CQAAAAADAqtVAAAAAAEAt2UAAAAAAAMS5QAAAAACAosZAAAAAAAAWo0AAAAAAAOyYQAAAAAAAI8BAAAAAAEAN0EAAAAAAAFfBQAAAAAAAfKNAAAAAAABNs0AAAAAAAESWQAAAAADAG95AAAAAAABYwUAAAAAAgCLHQAAAAAAAxqpAAAAAAHAV/kAAAAAAoNfpQAAAAACAIMJAAAAAAAAA8D8AAAAAAIKgQAAAAAAAsI9AAAAAAAC4k0AAAAAAAJO2QAAAAAAAH7BAAAAAAAAwzEAAAAAAgB/AQAAAAAAAfKZAAAAAAAA4nkAAAAAAAFyRQAAAAAAAlL5AAAAAAAAYq0AAAAAAACiUQAAAAAAA6KhAAAAAAID71UAAAAAAAErRQAAAAAAAUJ9AAAAAAACqukAAAAAAAMCXQAAAAAAAFJFAAAAAAADqqEAAAAAAAJqwQAAAAAAAWrRAAAAAAACl50AAAAAAwLrTQAAAAAAAuq9AAAAAAACcpkAAAAAAAASYQAAAAAAAxJJAAAAAAAA2pUAAAAAAADyVQAAAAAAAKKxAAAAAAAB4nkAAAAAAALCOQAAAAAAATKdAAAAAAADMkUAAAAAAAD7LQAAAAAAA8cNAAAAAAAD6rUAAAAAAANCPQAAAAAAAuJVAAAAAAAAokUAAAAAAoPnnQAAAAACA5thAAAAAAID1wEAAAAAAAOiNQAAAAAAAkdNAAAAAAACzukAAAAAAADa1QAAAAAAA/qJAAAAAAAC9sEAAAAAAAGSlQAAAAAAA3qtAAAAAAADoqEAAAAAAADiKQAAAAAAAvK9AAAAAAADewUAAAAAAAMW4QAAAAACAa8xAAAAAAADQnEAAAAAAAJCOQAAAAAAAoIZAAAAAAAB6pUA=</data>
					</intenArrayBinary>
				</spectrum>
				<spectrum id="77">
					<spectrumDesc>
						<spectrumSettings>
							<spectrumInstrument mzRangeStop="1784.0" mzRangeStart="306.0" msLevel="2" />
						</spectrumSettings>
						<precursorList count="1">
							<precursor msLevel="1" spectrumRef="0">
								<ionSelection>
									<cvParam cvLabel="PSI" accession="PSI:1000041" name="ChargeState" value="2" />
									<cvParam cvLabel="PSI" accession="PSI:1000040" name="MassToChargeRatio" value="965" />
								</ionSelection>
								<activation />
							</precursor>
						</precursorList>
						<comments>Not identified</comments>
					</spectrumDesc>
					<mzArrayBinary>
						<data precision="64" endian="little" length="174">AAAAAAAgc0AAAAAAAKBzQAAAAAAAgHVAAAAAAABAd0AAAAAAAHB3QAAAAAAAkHdAAAAAAACweUAAAAAAANB6QAAAAAAAEHtAAAAAAABge0AAAAAAALB7QAAAAAAAsH1AAAAAAAAgfkAAAAAAAHiAQAAAAAAAqIBAAAAAAACwgEAAAAAAAACBQAAAAAAAyIFAAAAAAADYgUAAAAAAAGiCQAAAAAAAcIJAAAAAAAB4gkAAAAAAAJCCQAAAAAAAuIJAAAAAAADIgkAAAAAAAMiCQAAAAAAAGINAAAAAAAAwhEAAAAAAADiEQAAAAAAAyIRAAAAAAADwhUAAAAAAADiGQAAAAAAAQIZAAAAAAABohkAAAAAAAHCGQAAAAAAAeIZAAAAAAACAhkAAAAAAAMCGQAAAAAAA8IZAAAAAAAAYh0AAAAAAAGCHQAAAAAAAqIdAAAAAAAC4h0AAAAAAAOiHQAAAAAAAAIhAAAAAAABIiEAAAAAAAFiIQAAAAAAAcIhAAAAAAAC4iEAAAAAAAMCIQAAAAAAAEIlAAAAAAAAgiUAAAAAAADiJQAAAAAAASIlAAAAAAAB4iUAAAAAAAOCJQAAAAAAAAIpAAAAAAAAAikAAAAAAABiKQAAAAAAAKIpAAAAAAABgikAAAAAAAHCKQAAAAAAAkIpAAAAAAACgikAAAAAAALCKQAAAAAAAuIpAAAAAAADAikAAAAAAAMiKQAAAAAAAEItAAAAAAAAYi0AAAAAAACCLQAAAAAAAOItAAAAAAABYi0AAAAAAAJiLQAAAAAAAuItAAAAAAADAi0AAAAAAAOCLQAAAAAAA8ItAAAAAAAAgjEAAAAAAACiMQAAAAAAAMIxAAAAAAAA4jEAAAAAAAGCMQAAAAAAAcIxAAAAAAAB4jEAAAAAAAICMQAAAAAAAqIxAAAAAAACwjEAAAAAAAMCMQAAAAAAA0IxAAAAAAADYjEAAAAAAAPCMQAAAAAAAMI1AAAAAAABIjUAAAAAAAHCNQAAAAAAAeI1AAAAAAACAjUAAAAAAAJCNQAAAAAAAmI1AAAAAAACgjUAAAAAAAKiNQAAAAAAA2I1AAAAAAADgjUAAAAAAAACOQAAAAAAAUI5AAAAAAABYjkAAAAAAAMiOQAAAAAAA0I5AAAAAAAAYj0AAAAAAAJCPQAAAAAAA0I9AAAAAAAAIkEAAAAAAACCQQAAAAAAANJBAAAAAAACMkEAAAAAAALCQQAAAAAAAvJBAAAAAAADQkEAAAAAAANSQQAAAAAAA5JBAAAAAAADskEAAAAAAAPiQQAAAAAAAKJFAAAAAAAAskUAAAAAAADCRQAAAAAAATJFAAAAAAAAQkkAAAAAAAGySQAAAAAAAkJJAAAAAAACokkAAAAAAALCSQAAAAAAAtJJAAAAAAADckkAAAAAAAPSSQAAAAAAA+JJAAAAAAAD8kkAAAAAAAEyTQAAAAAAAXJNAAAAAAACAk0AAAAAAAMiTQAAAAAAA8JNAAAAAAAAQlEAAAAAAABSUQAAAAAAANJRAAAAAAAA4lEAAAAAAAESUQAAAAAAASJRAAAAAAABMlEAAAAAAAFiUQAAAAAAAjJRAAAAAAACclEAAAAAAAKCUQAAAAAAArJRAAAAAAAC8lEAAAAAAAPSUQAAAAAAA+JRAAAAAAAD8lEAAAAAAAFyVQAAAAAAA7JVAAAAAAADwlUAAAAAAADyWQAAAAAAAfJZAAAAAAADklkAAAAAAAJiXQAAAAAAAzJdAAAAAAADsl0AAAAAAADyYQAAAAAAARJhAAAAAAABImEAAAAAAAGSYQAAAAAAAgJhAAAAAAACImEAAAAAAAFSZQAAAAAAA4JtA</data>
					</mzArrayBinary>
					<intenArrayBinary>
						<data precision="64" endian="little" length="174">AAAAAAD0nkAAAAAAACB6QAAAAAAAUIdAAAAAAACUk0AAAAAAADSxQAAAAAAACItAAAAAAAA0s0AAAAAAAMSTQAAAAAAAvq5AAAAAAAAMmEAAAAAAAOypQAAAAAAA2KRAAAAAAADEk0AAAAAAAA6pQAAAAAAAiIRAAAAAAAAIo0AAAAAAACSZQAAAAAAAjLFAAAAAAADr0EAAAAAAACy1QAAAAAAAMbxAAAAAAABIj0AAAAAAAJCoQAAAAAAAuJJAAAAAAAD8sEAAAAAAABSWQAAAAAAAFKlAAAAAAADbtUAAAAAAAFahQAAAAAAA2qFAAAAAAABAm0AAAAAAgGHCQAAAAAAAqKdAAAAAAIAPyUAAAAAAABikQAAAAAAAGqFAAAAAAABsmUAAAAAAAEW5QAAAAAAABq1AAAAAAADUo0AAAAAAAB6yQAAAAAAAwJhAAAAAAADsmEAAAAAAAHiEQAAAAAAA2JtAAAAAAAC2v0AAAAAAAEyYQAAAAAAACKdAAAAAAAA6qUAAAAAAAOSqQAAAAAAA+qtAAAAAAACck0AAAAAAAJiSQAAAAAAAcqBAAAAAAACmokAAAAAAAByeQAAAAAAAcMVAAAAAAADcokAAAAAAAKqxQAAAAAAAicdAAAAAAACQrkAAAAAAADKpQAAAAAAACJhAAAAAAABLuUAAAAAAAOq2QAAAAAAAuJ5AAAAAAACfsUAAAAAAAAu/QAAAAAAAcHtAAAAAAAAAjEAAAAAAAHjIQAAAAACAiMNAAAAAAACgnkAAAAAAAMaoQAAAAAAACJVAAAAAAADYokAAAAAAAGK3QAAAAACAWcBAAAAAAAAUoUAAAAAAgOXAQAAAAACA+ttAAAAAAAAA8D8AAAAAAPqmQAAAAAAAjqpAAAAAAABgpUAAAAAAAIK7QAAAAACAW8VAAAAAAAAA8D8AAAAAAGzHQAAAAAAAEIpAAAAAAACol0AAAAAAALSyQAAAAAAAvrBAAAAAAAAAg0AAAAAAAAazQAAAAAAAvJ1AAAAAAIBeykAAAAAAABy+QAAAAAAAgKlAAAAAAICayEAAAAAAgOLBQAAAAAAA2IxAAAAAAACkpUAAAAAAADSUQAAAAAAAUKpAAAAAAABWq0AAAAAAABKiQAAAAAAAHJ9AAAAAAAD6qkAAAAAAAMCoQAAAAAAAUIVAAAAAAAB0kUAAAAAAAHicQAAAAAAAEqZAAAAAAAACpUAAAAAAAECUQAAAAAAAMLhAAAAAAAB0nkAAAAAAAKCKQAAAAAAAmJVAAAAAAABQlkAAAAAAAFSqQAAAAAAAVrpAAAAAAADclUAAAAAAAPyQQAAAAAAAIJdAAAAAAAAYrkAAAAAAADm+QAAAAAAADK5AAAAAAADLtEAAAAAAAOHIQAAAAAAAjrNAAAAAAADIh0AAAAAAAG6uQAAAAAAAgJhAAAAAAAAkpUAAAAAAAJKiQAAAAAAAeq9AAAAAAACwt0AAAAAAAKO/QAAAAAAASrZAAAAAAEAw00AAAAAAAGXUQAAAAAAAZJpAAAAAAAAYm0AAAAAAAIewQAAAAAAAwLVAAAAAAACIoEAAAAAAgP/AQAAAAAAA2qNAAAAAAABIjUAAAAAAAEi7QAAAAAAAoHJAAAAAAAD8l0AAAAAAgGnPQAAAAAAAqqZAAAAAAAAMr0AAAAAAAMSgQAAAAAAAaqFAAAAAAACiw0AAAAAAANi4QAAAAAAAjq5AAAAAAACOrEAAAAAAAOShQAAAAAAAYIVAAAAAAACJu0AAAAAAAFe1QAAAAAAAh81AAAAAAADSr0AAAAAAAAu3QAAAAAAAmJ1AAAAAAABUnkAAAAAAAPOzQAAAAAAACIxA</data>
					</intenArrayBinary>
				</spectrum>
				<spectrum id="78">
					<spectrumDesc>
						<spectrumSettings>
							<spectrumInstrument mzRangeStop="1637.0" mzRangeStart="610.0" msLevel="2" />
						</spectrumSettings>
						<precursorList count="1">
							<precursor msLevel="1" spectrumRef="0">
								<ionSelection>
									<cvParam cvLabel="PSI" accession="PSI:1000041" name="ChargeState" value="1" />
									<cvParam cvLabel="PSI" accession="PSI:1000040" name="MassToChargeRatio" value="981" />
								</ionSelection>
								<activation />
							</precursor>
						</precursorList>
						<comments>Not identified</comments>
					</spectrumDesc>
					<mzArrayBinary>
						<data precision="64" endian="little" length="21">AAAAAAAQg0AAAAAAAECKQAAAAAAAII1AAAAAAAAojUAAAAAAAGiNQAAAAAAAcI1AAAAAAAB4jUAAAAAAAKCNQAAAAAAA0I1AAAAAAABYjkAAAAAAAHCOQAAAAAAAZJBAAAAAAACgkUAAAAAAACSUQAAAAAAAwJRAAAAAAAAQlUAAAAAAAOyWQAAAAAAAmJdAAAAAAAAkmUAAAAAAAHCZQAAAAAAAlJlA</data>
					</mzArrayBinary>
					<intenArrayBinary>
						<data precision="64" endian="little" length="21">AAAAAMC900AAAAAAAILIQAAAAAAAvbpAAAAAAOC34kAAAAAAe6o7QQAAAABguO1AAAAAAAAACEAAAAAA4CXmQAAAAABAn9NAAAAAAEC60EAAAAAAwDPgQAAAAAAAltlAAAAAAAA5yEAAAAAAgPPbQAAAAABAJ9FAAAAAAAAYvUAAAAAAABq/QAAAAABAy+VAAAAAAADrw0AAAAAAAFHOQAAAAAAAM8lA</data>
					</intenArrayBinary>
				</spectrum>
				<spectrum id="79">
					<spectrumDesc>
						<spectrumSettings>
							<spectrumInstrument mzRangeStop="1054.0" mzRangeStart="221.0" msLevel="2" />
						</spectrumSettings>
						<precursorList count="1">
							<precursor msLevel="1" spectrumRef="0">
								<ionSelection>
									<cvParam cvLabel="PSI" accession="PSI:1000041" name="ChargeState" value="2" />
									<cvParam cvLabel="PSI" accession="PSI:1000040" name="MassToChargeRatio" value="594" />
								</ionSelection>
								<activation />
							</precursor>
						</precursorList>
						<comments>Not identified</comments>
					</spectrumDesc>
					<mzArrayBinary>
						<data precision="64" endian="little" length="104">AAAAAACga0AAAAAAAGBsQAAAAAAA4G1AAAAAAABAbkAAAAAAAIBwQAAAAAAAoHBAAAAAAACwcEAAAAAAANBwQAAAAAAAsHFAAAAAAADAcUAAAAAAAOBxQAAAAAAAQHJAAAAAAACgckAAAAAAAKByQAAAAAAAcHRAAAAAAACAdUAAAAAAADB2QAAAAAAAQHZAAAAAAABgdkAAAAAAANB2QAAAAAAAIHdAAAAAAAAwd0AAAAAAAEB3QAAAAAAAUHdAAAAAAACQd0AAAAAAAMB3QAAAAAAA4HdAAAAAAABAekAAAAAAACB7QAAAAAAAoHtAAAAAAAAQfEAAAAAAACB8QAAAAAAAYHxAAAAAAACQfEAAAAAAAKB8QAAAAAAA4HxAAAAAAACgfUAAAAAAAPB9QAAAAAAAAH5AAAAAAAAQfkAAAAAAAIB+QAAAAAAAkH5AAAAAAACgfkAAAAAAAAB/QAAAAAAAIH9AAAAAAAAgf0AAAAAAAGB/QAAAAAAAIIBAAAAAAABAgEAAAAAAAFiAQAAAAAAAiIBAAAAAAACYgEAAAAAAAOCAQAAAAAAACIFAAAAAAAAYgUAAAAAAACCBQAAAAAAAMIFAAAAAAABggUAAAAAAAIiBQAAAAAAAkIFAAAAAAACggUAAAAAAAMCBQAAAAAAA0IFAAAAAAADYgUAAAAAAAPiBQAAAAAAAAIJAAAAAAAAAgkAAAAAAAAiCQAAAAAAAOIJAAAAAAABYgkAAAAAAAICCQAAAAAAAkIJAAAAAAACYgkAAAAAAACiDQAAAAAAAMINAAAAAAABYg0AAAAAAAMCDQAAAAAAAyINAAAAAAAA4hEAAAAAAAFiEQAAAAAAA0IRAAAAAAADwhEAAAAAAAACFQAAAAAAAeIVAAAAAAAD4hUAAAAAAALCGQAAAAAAA2IZAAAAAAABwh0AAAAAAAOCHQAAAAAAA6IdAAAAAAAAIiEAAAAAAABiIQAAAAAAAeIhAAAAAAACYiEAAAAAAAACKQAAAAAAACIpAAAAAAAC4i0AAAAAAABiMQAAAAAAAeIxAAAAAAADIjEAAAAAAAACNQAAAAAAAmI9AAAAAAAC4j0AAAAAAAHiQQA==</data>
					</mzArrayBinary>
					<intenArrayBinary>
						<data precision="64" endian="little" length="104">AAAAAACIlUAAAAAAANB7QAAAAAAAMIBAAAAAAACIkEAAAAAAABe5QAAAAAAAzKFAAAAAAABntEAAAAAAAFDKQAAAAAAAMJxAAAAAAPDD8UAAAAAAAIKnQAAAAAAAqqVAAAAAAABivkAAAAAAAOm4QAAAAAAAgKNAAAAAAACYiEAAAAAArEsSQQAAAACg4OVAAAAAAAAohEAAAAAAAFiNQAAAAABAceJAAAAAAACBu0AAAAAAAKCrQAAAAAAASI5AAAAAAAA2sEAAAAAAABStQAAAAAAAVJJAAAAAAADwikAAAAAAADqlQAAAAAAAuIpAAAAAAADorkAAAAAAAF3DQAAAAAAA17FAAAAAAAAEkkAAAAAAAJ6mQAAAAAAAaKhAAAAAAADIkUAAAAAAAGiJQAAAAAAAbqtAAAAAAABIjEAAAAAAAEiIQAAAAAAAyJlAAAAAAABEtUAAAAAAAMKpQAAAAAAAQKRAAAAAAAAEl0AAAAAAALSsQAAAAACAeMBAAAAAAABsn0AAAAAAAFKwQAAAAAAAz7NAAAAAAAAUykAAAAAAAF+yQAAAAAAAIKhAAAAAAADErUAAAAAAAFCGQAAAAAAAG7JAAAAAAABQuEAAAAAAAKK/QAAAAAAAYJpAAAAAAAAys0AAAAAAAD6lQAAAAAAAGs5AAAAAAIC0wkAAAAAAAAa2QAAAAAAAAbNAAAAAAIDQ0EAAAAAAAJ7JQAAAAAAALqZAAAAAAACGuUAAAAAAAAiFQAAAAAAAlqhAAAAAAABMl0AAAAAAAKvAQAAAAAAArJhAAAAAAAAIkUAAAAAAADW5QAAAAAAAQJ1AAAAAAABQmEAAAAAAAH+5QAAAAAAAJqFAAAAAAAAkn0AAAAAAAAiRQAAAAAAAM7VAAAAAAACQjkAAAAAAADyaQAAAAAAAvJRAAAAAAABogkAAAAAAAMykQAAAAAAAiIZAAAAAAABMlUAAAAAAADCfQAAAAAAAPJtAAAAAAABcnkAAAAAAABCOQAAAAAAARqZAAAAAAAC8nEAAAAAAAJ/OQAAAAAAAQ7NAAAAAAAD6oUAAAAAAADqsQAAAAAAA7bBAAAAAAACclUAAAAAAABSTQA==</data>
					</intenArrayBinary>
				</spectrum>
				<spectrum id="80">
					<spectrumDesc>
						<spectrumSettings>
							<spectrumInstrument mzRangeStop="937.0" mzRangeStart="199.0" msLevel="2" />
						</spectrumSettings>
						<precursorList count="1">
							<precursor msLevel="1" spectrumRef="0">
								<ionSelection>
									<cvParam cvLabel="PSI" accession="PSI:1000041" name="ChargeState" value="1" />
									<cvParam cvLabel="PSI" accession="PSI:1000040" name="MassToChargeRatio" value="536" />
								</ionSelection>
								<activation />
							</precursor>
						</precursorList>
						<comments>Not identified</comments>
					</spectrumDesc>
					<mzArrayBinary>
						<data precision="64" endian="little" length="68">AAAAAADgaEAAAAAAAMBpQAAAAAAA4GtAAAAAAABAbEAAAAAAAMBtQAAAAAAA4G5AAAAAAACQcEAAAAAAABBxQAAAAAAAkHFAAAAAAACQcUAAAAAAAKBxQAAAAAAAIHJAAAAAAACAckAAAAAAAJByQAAAAAAAoHJAAAAAAACwckAAAAAAANBzQAAAAAAA4HRAAAAAAAAgdUAAAAAAAFB1QAAAAAAAYHZAAAAAAABgdkAAAAAAAHB2QAAAAAAAEHdAAAAAAAAAeEAAAAAAAHB4QAAAAAAA4HlAAAAAAADweUAAAAAAAKB6QAAAAAAAwHpAAAAAAAAwe0AAAAAAAHB7QAAAAAAAgHtAAAAAAAAAfEAAAAAAAAB9QAAAAAAAoH1AAAAAAADAfUAAAAAAAMB+QAAAAAAA4H5AAAAAAABgf0AAAAAAAGB/QAAAAAAAcH9AAAAAAADgf0AAAAAAAACAQAAAAAAACIBAAAAAAAAggEAAAAAAADCAQAAAAAAAMIBAAAAAAAA4gEAAAAAAAEiAQAAAAAAAYIBAAAAAAACIgEAAAAAAALCAQAAAAAAAwIBAAAAAAADIgEAAAAAAAEiBQAAAAAAAcIJAAAAAAABog0AAAAAAAIiDQAAAAAAACIRAAAAAAABghEAAAAAAAHCEQAAAAAAAQIVAAAAAAAAQhkAAAAAAAGCGQAAAAAAAyIhAAAAAAAAAiUAAAAAAAEiNQA==</data>
					</mzArrayBinary>
					<intenArrayBinary>
						<data precision="64" endian="little" length="68">AAAAAADUmUAAAAAAAPSXQAAAAAAAyqFAAAAAAABYmUAAAAAAAIvAQAAAAAAAnqFAAAAAAAAop0AAAAAAAESsQAAAAAAwxfFAAAAAAAAA8D8AAAAAgJXOQAAAAAAAiqJAAAAAAMDz00AAAAAAAKfGQAAAAAAU2x9BAAAAAAAHskAAAAAAAIyXQAAAAAAA4KJAAAAAAAAEk0AAAAAAAJ6pQAAAAAAA37tAAAAAAAAf20AAAAAAAOiHQAAAAAAA8JdAAAAAAADgmkAAAAAAAASVQAAAAACAYdpAAAAAAACAlUAAAAAAACChQAAAAAAAIqhAAAAAAACcoEAAAAAAAF+7QAAAAAAAEJ1AAAAAAAAgl0AAAAAAAAyaQAAAAAAAgKJAAAAAAABGq0AAAAAAgCDEQAAAAAAAH7ZAAAAAAACCqUAAAAAAdBwXQQAAAAAAKrxAAAAAAAA8k0AAAAAAADewQAAAAAAAAMtAAAAAAACskkAAAAAAAJDDQAAAAADwCA1BAAAAAABB3EAAAAAAALCkQAAAAAAAIIZAAAAAAADQlUAAAAAAQA/UQAAAAACAZNFAAAAAAAACo0AAAAAAAOKhQAAAAAAAd7FAAAAAAAD6pEAAAAAAAISoQAAAAAAARJ5AAAAAAABwmUAAAAAAAMyZQAAAAAAADK9AAAAAAACyoUAAAAAAACCQQAAAAAAAzJJAAAAAAABKskAAAAAAAM6jQA==</data>
					</intenArrayBinary>
				</spectrum>
				<spectrum id="81">
					<spectrumDesc>
						<spectrumSettings>
							<spectrumInstrument mzRangeStop="1036.0" mzRangeStart="209.0" msLevel="2" />
						</spectrumSettings>
						<precursorList count="1">
							<precursor msLevel="1" spectrumRef="0">
								<ionSelection>
									<cvParam cvLabel="PSI" accession="PSI:1000041" name="ChargeState" value="2" />
									<cvParam cvLabel="PSI" accession="PSI:1000040" name="MassToChargeRatio" value="593" />
								</ionSelection>
								<activation />
							</precursor>
						</precursorList>
						<comments>Not identified</comments>
					</spectrumDesc>
					<mzArrayBinary>
						<data precision="64" endian="little" length="101">AAAAAAAgakAAAAAAAABrQAAAAAAAIG5AAAAAAAAgb0AAAAAAALBwQAAAAAAA0HBAAAAAAACAcUAAAAAAAKBxQAAAAAAAoHFAAAAAAADAcUAAAAAAALByQAAAAAAAoHNAAAAAAACQdEAAAAAAADB1QAAAAAAAIHZAAAAAAAAwdkAAAAAAAIB2QAAAAAAA4HZAAAAAAAAgd0AAAAAAAFB3QAAAAAAA4HdAAAAAAADweUAAAAAAAJB6QAAAAAAAwHpAAAAAAADQekAAAAAAAEB7QAAAAAAAkHtAAAAAAADAe0AAAAAAANB7QAAAAAAA8HtAAAAAAAAwfEAAAAAAAJB8QAAAAAAAMH1AAAAAAADgfUAAAAAAAPB9QAAAAAAAIH5AAAAAAABAfkAAAAAAAHB+QAAAAAAA0H5AAAAAAAAAf0AAAAAAADB/QAAAAAAAYH9AAAAAAABwf0AAAAAAAHB/QAAAAAAA4H9AAAAAAAAIgEAAAAAAADCAQAAAAAAASIBAAAAAAABogEAAAAAAAKCAQAAAAAAAyIBAAAAAAAAAgUAAAAAAAAiBQAAAAAAAKIFAAAAAAAA4gUAAAAAAAEiBQAAAAAAAUIFAAAAAAABggUAAAAAAAHiBQAAAAAAAiIFAAAAAAACYgUAAAAAAAKiBQAAAAAAAsIFAAAAAAADYgUAAAAAAAPiBQAAAAAAAAIJAAAAAAAAwgkAAAAAAAFCCQAAAAAAAeIJAAAAAAACQgkAAAAAAAGCFQAAAAAAAsIVAAAAAAABQhkAAAAAAAIiHQAAAAAAA4IdAAAAAAACIiEAAAAAAAJCIQAAAAAAAoIhAAAAAAADgiEAAAAAAAOiIQAAAAAAAUIlAAAAAAABYiUAAAAAAAKiJQAAAAAAAEIpAAAAAAAAwikAAAAAAAECKQAAAAAAAWIpAAAAAAADIikAAAAAAACCLQAAAAAAAUIxAAAAAAABwjEAAAAAAAKCMQAAAAAAA2IxAAAAAAABIjUAAAAAAAKiNQAAAAAAAwI5AAAAAAADQjkAAAAAAALCPQAAAAAAAuI9AAAAAAADQj0AAAAAAADCQQA==</data>
					</mzArrayBinary>
					<intenArrayBinary>
						<data precision="64" endian="little" length="101">AAAAAAAcmEAAAAAAAGiWQAAAAAAArKBAAAAAAADEmkAAAAAAAC+3QAAAAAAAQKNAAAAAAACAbEAAAAAAAPycQAAAAAAA4ItAAAAAAACAvEAAAAAAANCdQAAAAAAAUIZAAAAAAAAQnUAAAAAAANiLQAAAAAAAoIFAAAAAAOBP5EAAAAAAAEiFQAAAAAAAMIlAAAAAAABwpkAAAAAAAPiwQAAAAAAASKFAAAAAAAA4hEAAAAAAAH3DQAAAAAAAgqRAAAAAAAD4gEAAAAAAAFSeQAAAAAAAmIBAAAAAAABYn0AAAAAAAASvQAAAAAAAMI9AAAAAAACgvUAAAAAAAIidQAAAAAAAuI9AAAAAAADSrEAAAAAAAKOxQAAAAAAAQqNAAAAAAIBbwkAAAAAAAOidQAAAAAAAlbFAAAAAAABmqEAAAAAAAFCGQAAAAAAAUJNAAAAAAAAooEAAAAAAAOiUQAAAAAAAgJFAAAAAAADImkAAAAAAAGquQAAAAAAAYI9AAAAAAAAolEAAAAAAAEiwQAAAAAAA7J1AAAAAAACvvkAAAAAAADbCQAAAAAAAFJpAAAAAAABmskAAAAAAAGSpQAAAAAAAeJtAAAAAAAB2rkAAAAAAAOarQAAAAAAAzJVAAAAAAADEqEAAAAAAAH6hQAAAAAAAtJZAAAAAAAAztEAAAAAAAIe0QAAAAAAAoJFAAAAAAAA9sEAAAAAAAPSWQAAAAAAARJdAAAAAAAD6qkAAAAAAAJCGQAAAAAAAwrBAAAAAAABInEAAAAAAACiwQAAAAAAAnqZAAAAAAABUl0AAAAAAAGyXQAAAAAAANqBAAAAAAABOpEAAAAAAAA6mQAAAAAAASJ9AAAAAAAAInUAAAAAAAAiVQAAAAAAAvJNAAAAAAACUl0AAAAAAAHaxQAAAAAAAwJxAAAAAAAD0mkAAAAAAAEisQAAAAAAAqJJAAAAAAACImEAAAAAAAMKnQAAAAAAAiJpAAAAAAADIikAAAAAAAHyRQAAAAAAAGLBAAAAAAADWpUAAAAAAAJiRQAAAAAAA5J1AAAAAAADcnkAAAAAAADqiQA==</data>
					</intenArrayBinary>
				</spectrum>
				<spectrum id="82">
					<spectrumDesc>
						<spectrumSettings>
							<spectrumInstrument mzRangeStop="1282.0" mzRangeStart="273.0" msLevel="2" />
						</spectrumSettings>
						<precursorList count="1">
							<precursor msLevel="1" spectrumRef="0">
								<ionSelection>
									<cvParam cvLabel="PSI" accession="PSI:1000041" name="ChargeState" value="2" />
									<cvParam cvLabel="PSI" accession="PSI:1000040" name="MassToChargeRatio" value="706" />
								</ionSelection>
								<activation />
							</precursor>
						</precursorList>
						<comments>Not identified</comments>
					</spectrumDesc>
					<mzArrayBinary>
						<data precision="64" endian="little" length="174">AAAAAAAQcUAAAAAAAJBxQAAAAAAAIHJAAAAAAACgckAAAAAAAOByQAAAAAAAkHNAAAAAAACQdEAAAAAAACB1QAAAAAAAIHVAAAAAAACAdUAAAAAAADB2QAAAAAAAUHZAAAAAAABgd0AAAAAAAHB3QAAAAAAAkHhAAAAAAACgeEAAAAAAALB4QAAAAAAAsHlAAAAAAADAeUAAAAAAAPB5QAAAAAAAUHpAAAAAAABgekAAAAAAAHB7QAAAAAAAsHtAAAAAAABQfEAAAAAAAKB8QAAAAAAA0HxAAAAAAACgfUAAAAAAAOB9QAAAAAAAAH5AAAAAAAAwfkAAAAAAAGB+QAAAAAAAgH5AAAAAAAAgf0AAAAAAAKB/QAAAAAAAwH9AAAAAAABQgEAAAAAAAFiAQAAAAAAAYIBAAAAAAABogEAAAAAAAJiAQAAAAAAAsIBAAAAAAAC4gEAAAAAAAMCAQAAAAAAA8IBAAAAAAAAogUAAAAAAADCBQAAAAAAAQIFAAAAAAABAgUAAAAAAAFCBQAAAAAAAYIFAAAAAAACYgUAAAAAAALiBQAAAAAAAWIJAAAAAAACwgkAAAAAAAOCCQAAAAAAA8IJAAAAAAAD4gkAAAAAAAACDQAAAAAAAEINAAAAAAACQg0AAAAAAAJiDQAAAAAAAsINAAAAAAAC4g0AAAAAAAMCDQAAAAAAAyINAAAAAAADYg0AAAAAAAOCDQAAAAAAA8INAAAAAAAAYhEAAAAAAACCEQAAAAAAAOIRAAAAAAABAhEAAAAAAAFCEQAAAAAAAaIRAAAAAAABwhEAAAAAAAHiEQAAAAAAAgIRAAAAAAACohEAAAAAAALCEQAAAAAAAuIRAAAAAAADIhEAAAAAAANCEQAAAAAAA8IRAAAAAAAD4hEAAAAAAAACFQAAAAAAACIVAAAAAAAA4hUAAAAAAAEiFQAAAAAAAUIVAAAAAAABYhUAAAAAAAFiFQAAAAAAAgIVAAAAAAACIhUAAAAAAAIiFQAAAAAAAmIVAAAAAAACwhUAAAAAAALiFQAAAAAAAuIVAAAAAAADIhUAAAAAAANCFQAAAAAAA2IVAAAAAAADohUAAAAAAAECGQAAAAAAASIZAAAAAAABQhkAAAAAAAICGQAAAAAAAiIZAAAAAAACQhkAAAAAAAJiGQAAAAAAAoIdAAAAAAACgh0AAAAAAAKiHQAAAAAAA8IhAAAAAAACYiUAAAAAAAOiJQAAAAAAASIpAAAAAAABQikAAAAAAALiKQAAAAAAA2IpAAAAAAADgikAAAAAAAOiKQAAAAAAAIItAAAAAAAAoi0AAAAAAADCLQAAAAAAAOItAAAAAAABAi0AAAAAAAEiLQAAAAAAAsItAAAAAAAAIjEAAAAAAAJCMQAAAAAAA2I1AAAAAAAAojkAAAAAAAGCOQAAAAAAAaI5AAAAAAABwjkAAAAAAALCOQAAAAAAAOI9AAAAAAABAj0AAAAAAAEiPQAAAAAAAUI9AAAAAAAC4j0AAAAAAABSQQAAAAAAAaJBAAAAAAACIkEAAAAAAAJSQQAAAAAAAtJBAAAAAAADEkEAAAAAAAMiQQAAAAAAAyJBAAAAAAADMkEAAAAAAAByRQAAAAAAAZJFAAAAAAABokUAAAAAAACySQAAAAAAAVJJAAAAAAABYkkAAAAAAAFySQAAAAAAAYJJAAAAAAAB4kkAAAAAAAJySQAAAAAAAoJJAAAAAAACkkkAAAAAAAKiSQAAAAAAA5JJAAAAAAADokkAAAAAAACyTQAAAAAAAfJNAAAAAAACEk0AAAAAAAMCTQAAAAAAAxJNAAAAAAADIk0AAAAAAAMyTQAAAAAAACJRA</data>
					</mzArrayBinary>
					<intenArrayBinary>
						<data precision="64" endian="little" length="174">AAAAAAAkoEAAAAAAAF7HQAAAAAAAKJ1AAAAAAEBY2UAAAAAAgMHMQAAAAAAAIJxAAAAAAAAEokAAAAAAgPbGQAAAAAAABKlAAAAAAACeqUAAAAAAANa+QAAAAAAAjbFAAAAAAABnsEAAAAAAAMe7QAAAAABAftdAAAAAAAAAqEAAAAAAAGmyQAAAAABARtZAAAAAAADJuEAAAAAAAA21QAAAAAAAKs5AAAAAAABqs0AAAAAAAKq8QAAAAAAAeKJAAAAAAAC1uEAAAAAAAIW9QAAAAAAA5r1AAAAAAAA4qUAAAAAAANKxQAAAAAAARKlAAAAAAAA7vUAAAAAAAKCYQAAAAAAAG7VAAAAAAADds0AAAAAAAIu8QAAAAAAAJKJAAAAAAAC810AAAAAAAHCaQAAAAACAKMFAAAAAAAByokAAAAAAAIatQAAAAACAWvZAAAAAAAAz0UAAAAAAAFu9QAAAAAAAn8FAAAAAAAAer0AAAAAAAHa+QAAAAADAIPFAAAAAAAAAEEAAAAAAAISsQAAAAAAAW7FAAAAAAADfsEAAAAAAwB3TQAAAAAAAf9BAAAAAAACIqEAAAAAAAFidQAAAAAAAFKhAAAAAAIAxxUAAAAAAAAW4QAAAAAAAiJdAAAAAAABwsEAAAAAAACqqQAAAAAAA+7lAAAAAAADSxEAAAAAAAByvQAAAAAAACJ1AAAAAAADssUAAAAAAAIOxQAAAAACAld5AAAAAAADUqEAAAAAAANCwQAAAAAAAfLlAAAAAAABkm0AAAAAAAESmQAAAAAAAirRAAAAAAID6yEAAAAAAwGDcQAAAAAAAGLBAAAAAAAANvUAAAAAAgLrBQAAAAAAAmqNAAAAAAABssEAAAAAAAFqwQAAAAAAAIKFAAAAAAKCi4kAAAAAAAHm7QAAAAAAAhrNAAAAAAABxv0AAAAAAQAPmQAAAAAAATLlAAAAAAADPukAAAAAAAADwPwAAAADg+/BAAAAAAABUzUAAAAAAAL+/QAAAAACAJsdAAAAAAIB1wEAAAAAAAMnEQAAAAAAAqdJAAAAAAABYuEAAAAAAABzEQAAAAACAr9dAAAAAAAANtUAAAAAAEM3yQAAAAAAAJMJAAAAAAEAo2EAAAAAAAPyuQAAAAABA+N1AAAAAACA/4kAAAAAAAOSyQAAAAAAAXMlAAAAAAAAA8D8AAAAAAEWxQAAAAAAAVKlAAAAAAADEpEAAAAAAABSyQAAAAAAArb9AAAAAAADkl0AAAAAAAEu+QAAAAAAAwfxAAAAAAABy5EAAAAAAgIPNQAAAAAAA47hAAAAAAABPtUAAAAAAACSsQAAAAABADdlAAAAAAEAA0EAAAAAAAADwPwAAAAAASqpAAAAAAAArsEAAAAAAAFi6QAAAAACA4cFAAAAAAAC6tkAAAAAAgFDDQAAAAAAAmLhAAAAAAABSp0AAAAAAACLNQAAAAAAAjqRAAAAAAIDV3EAAAAAAgNrMQAAAAAAAM89AAAAAAACorEAAAAAAANW1QAAAAAAA0qRAAAAAAAB4jkAAAAAAACiWQAAAAAAAgb9AAAAAAACHwkAAAAAAgAzLQAAAAAAAAPA/AAAAAADcokAAAAAAgPvVQAAAAAAgzuBAAAAAAIDOzUAAAAAAAOS1QAAAAAAALMFAAAAAAIBc2UAAAAAAAADwPwAAAAAADqpAAAAAAAA6tUAAAAAAAP2/QAAAAAAAlNhAAAAAAACQtkAAAAAAANCdQAAAAACApMFAAAAAAIBgwUAAAAAAgMrGQAAAAAAAMrFAAAAAAABNskAAAAAAAKqyQAAAAAAAWKZAAAAAAAB/tkAAAAAAAJCiQAAAAACAusBA</data>
					</intenArrayBinary>
				</spectrum>
				<spectrum id="83">
					<spectrumDesc>
						<spectrumSettings>
							<spectrumInstrument mzRangeStop="1263.0" mzRangeStart="239.0" msLevel="2" />
						</spectrumSettings>
						<precursorList count="1">
							<precursor msLevel="1" spectrumRef="0">
								<ionSelection>
									<cvParam cvLabel="PSI" accession="PSI:1000041" name="ChargeState" value="3" />
									<cvParam cvLabel="PSI" accession="PSI:1000040" name="MassToChargeRatio" value="637" />
								</ionSelection>
								<activation />
							</precursor>
						</precursorList>
						<comments>Identified</comments>
					</spectrumDesc>
					<mzArrayBinary>
						<data precision="64" endian="little" length="146">AAAAAADgbUAAAAAAACBwQAAAAAAAQHBAAAAAAABQcEAAAAAAAHByQAAAAAAAgHVAAAAAAADwdUAAAAAAAJB3QAAAAAAAMHhAAAAAAACQekAAAAAAALB6QAAAAAAAsHtAAAAAAAAwfEAAAAAAALB8QAAAAAAA0HxAAAAAAAAAfUAAAAAAAJB9QAAAAAAAkH1AAAAAAAAgfkAAAAAAADB+QAAAAAAAYH5AAAAAAACwfkAAAAAAAMB+QAAAAAAAAH9AAAAAAABQf0AAAAAAAGiAQAAAAAAAkIBAAAAAAACggEAAAAAAANiAQAAAAAAA4IBAAAAAAAAAgUAAAAAAAAiBQAAAAAAAKIFAAAAAAABIgUAAAAAAAFCBQAAAAAAAWIFAAAAAAADYgUAAAAAAAOCBQAAAAAAA6IFAAAAAAAAggkAAAAAAADiCQAAAAAAAUIJAAAAAAABogkAAAAAAAHCCQAAAAAAAcIJAAAAAAACAgkAAAAAAAJCCQAAAAAAAmIJAAAAAAACggkAAAAAAAKiCQAAAAAAAwIJAAAAAAADIgkAAAAAAANCCQAAAAAAA2IJAAAAAAADggkAAAAAAAOiCQAAAAAAA8IJAAAAAAAAAg0AAAAAAAICDQAAAAAAAiINAAAAAAACwg0AAAAAAAMCDQAAAAAAA4INAAAAAAAAQhEAAAAAAABiEQAAAAAAAMIRAAAAAAAAwhEAAAAAAADiEQAAAAAAAUIRAAAAAAABYhEAAAAAAAGCEQAAAAAAAaIRAAAAAAABohEAAAAAAAKCEQAAAAAAAqIRAAAAAAACwhEAAAAAAAGiFQAAAAAAAcIVAAAAAAACYhUAAAAAAAKCFQAAAAAAA4IVAAAAAAADohUAAAAAAAPCFQAAAAAAA+IVAAAAAAAAAhkAAAAAAAPiHQAAAAAAAAIhAAAAAAAAIiEAAAAAAABCIQAAAAAAAGIhAAAAAAAAwiEAAAAAAAOiIQAAAAAAA8IhAAAAAAAAYiUAAAAAAACCJQAAAAAAAKIlAAAAAAAAwiUAAAAAAAHiJQAAAAAAAgIlAAAAAAACAiUAAAAAAAIiJQAAAAAAAwIlAAAAAAADIiUAAAAAAAPiJQAAAAAAAAIpAAAAAAAAIikAAAAAAACiKQAAAAAAAYIpAAAAAAACIikAAAAAAAJiKQAAAAAAAuIpAAAAAAADAikAAAAAAACiLQAAAAAAAgItAAAAAAADIi0AAAAAAABCMQAAAAAAAKIxAAAAAAAAwjEAAAAAAAPiMQAAAAAAAAI1AAAAAAAAIjUAAAAAAAIiNQAAAAAAAkI1AAAAAAACYjUAAAAAAAKCNQAAAAAAA8I1AAAAAAAAYjkAAAAAAACCOQAAAAAAA+I5AAAAAAAAAj0AAAAAAAAiPQAAAAAAAkI9AAAAAAACoj0AAAAAAAEiQQAAAAAAAlJBAAAAAAADIkEAAAAAAANCQQAAAAAAA1JBAAAAAAADgkEAAAAAAAESRQAAAAAAA3JFAAAAAAABIkkAAAAAAAJCSQAAAAAAAlJJAAAAAAADgkkAAAAAAALyTQA==</data>
					</mzArrayBinary>
					<intenArrayBinary>
						<data precision="64" endian="little" length="146">AAAAACCW60AAAAAAwAbqQAAAAADgiw5BAAAAAAAA8D8AAAAAQEbhQAAAAABAPuBAAAAAAIAm/UAAAAAAgGTjQAAAAADA2+RAAAAAAGA++UAAAAAAEJvyQAAAAAA40wFBAAAAAECO2EAAAAAAcAjwQAAAAADgSOJAAAAAAPCT9kAAAAAAIEUXQQAAAAAQufBAAAAAAPz0FEEAAAAA8D71QAAAAABIJABBAAAAAICm2kAAAAAAoGvgQAAAAABgvv9AAAAAAMCG4EAAAAAAYJDxQAAAAACQMfBAAAAAAEBV5kAAAAAATNMYQQAAAAAwo/9AAAAAAPgBD0EAAAAAQNgGQQAAAAD4kAxBAAAAAJBr/0AAAAAAoNfhQAAAAAAwRfBAAAAAAAAH4EAAAAAAeJgCQQAAAACg0+VAAAAAAID43kAAAAAAwKb8QAAAAABA4whBAAAAAC9BRkEAAAAA2qgrQQAAAADYgwxBAAAAANC8DUEAAAAA8ys2QQAAAADsYBpBAAAAAAAAJEAAAAAAOGgJQQAAAAC0oThBAAAAAFDAA0EAAAAAoIbnQAAAAABMGhNBAAAAAAAAKEAAAAAAADsDQQAAAAAAqeJAAAAAACCd90AAAAAAANr3QAAAAAAAABRAAAAAABDIBUEAAAAA4LzoQAAAAAAAT89AAAAAAKjrDkEAAAAA6GsBQQAAAABg5fFAAAAAADAKFEEAAAAAcKUAQQAAAACkQBxBAAAAAHyhOUEAAAAA+J8SQQAAAABoDBJBAAAAAAAAEEAAAAAA0Ms1QQAAAAD4EQlBAAAAAIBH+EAAAAAAAPLeQAAAAACQzfJAAAAAAPCV+UAAAAAAAAAIQAAAAACg4/NAAAAAAAAAP0AAAAAAhHIeQQAAAADgsuBAAAAAAMBb4kAAAAAAcDbwQAAAAABgQeBAAAAAAORTEUEAAAAAAAAQQAAAAAAAdgBBAAAAAHwOEEEAAAAAwJXWQAAAAACwcgdBAAAAABKoM0EAAAAAtLQaQQAAAAAwq/JAAAAAALAH/EAAAAAAiCQJQQAAAACAouBAAAAAAIA22kAAAAAAAArXQAAAAABjFzVBAAAAAPyqEEEAAAAAUIMCQQAAAACIHRVBAAAAAMCr6kAAAAAAcPzwQAAAAABAieRAAAAAACjoC0EAAAAAuOoFQQAAAABAe9pAAAAAACBm6kAAAAAAAIvnQAAAAAAgTfdAAAAAAOBO7EAAAAAASCIAQQAAAACgguxAAAAAAJAU80AAAAAAAPz1QAAAAADw3fRAAAAAAAAO60AAAAAA2NECQQAAAABcWxFBAAAAAEhiBkEAAAAA4K/oQAAAAADQnAFBAAAAAMxQF0EAAAAAcBYNQQAAAACgPvdAAAAAAMAM7EAAAAAAEAv+QAAAAACYOwdBAAAAAKAT7UAAAAAAAIfdQAAAAABgMe1AAAAAAEDB50AAAAAAaBkCQQAAAABwkvRAAAAAAGCY5kAAAAAAgFbvQAAAAABgOuxAAAAAAGAw4EAAAAAAoPP7QAAAAAAgXPdAAAAAAKCd70AAAAAAoI/oQA==</data>
					</intenArrayBinary>
				</spectrum>
				<spectrum id="84">
					<spectrumDesc>
						<spectrumSettings>
							<spectrumInstrument mzRangeStop="1864.0" mzRangeStart="306.0" msLevel="2" />
						</spectrumSettings>
						<precursorList count="1">
							<precursor msLevel="1" spectrumRef="0">
								<ionSelection>
									<cvParam cvLabel="PSI" accession="PSI:1000041" name="ChargeState" value="2" />
									<cvParam cvLabel="PSI" accession="PSI:1000040" name="MassToChargeRatio" value="992" />
								</ionSelection>
								<activation />
							</precursor>
						</precursorList>
						<comments>Not identified</comments>
					</spectrumDesc>
					<mzArrayBinary>
						<data precision="64" endian="little" length="129">AAAAAAAgc0AAAAAAAFB0QAAAAAAAcHZAAAAAAAAAeEAAAAAAACB/QAAAAAAA2IBAAAAAAAAIgkAAAAAAABiDQAAAAAAAIINAAAAAAACAg0AAAAAAAMiDQAAAAAAAAIRAAAAAAAAwhEAAAAAAAHCEQAAAAAAAwIRAAAAAAADghEAAAAAAAACFQAAAAAAAUIVAAAAAAADQhUAAAAAAAHiGQAAAAAAAwIZAAAAAAADghkAAAAAAABCHQAAAAAAAWIdAAAAAAAB4h0AAAAAAAJCHQAAAAAAAwIdAAAAAAAAAiEAAAAAAAAiIQAAAAAAAaIhAAAAAAACIiEAAAAAAALiIQAAAAAAAuIhAAAAAAADwiEAAAAAAABiJQAAAAAAAeIlAAAAAAACwiUAAAAAAAPCJQAAAAAAAGIpAAAAAAAA4ikAAAAAAAEiKQAAAAAAAUIpAAAAAAABYikAAAAAAAGiKQAAAAAAAcIpAAAAAAACAikAAAAAAAKiKQAAAAAAA4IpAAAAAAAAIi0AAAAAAABCLQAAAAAAAIItAAAAAAABoi0AAAAAAAHCLQAAAAAAAeItAAAAAAACoi0AAAAAAALCLQAAAAAAAwItAAAAAAADoi0AAAAAAAPCLQAAAAAAAEIxAAAAAAAAojEAAAAAAADiMQAAAAAAAUIxAAAAAAABYjEAAAAAAAGCMQAAAAAAAcIxAAAAAAACAjEAAAAAAAJiMQAAAAAAAmIxAAAAAAAC4jEAAAAAAAMCMQAAAAAAA0IxAAAAAAADgjEAAAAAAAAiNQAAAAAAAEI1AAAAAAAAojUAAAAAAAEiNQAAAAAAAUI1AAAAAAABYjUAAAAAAAGCNQAAAAAAAaI1AAAAAAABwjUAAAAAAAIiNQAAAAAAAmI1AAAAAAACgjUAAAAAAAKiNQAAAAAAAwI1AAAAAAADIjUAAAAAAAAiOQAAAAAAACI5AAAAAAAAYjkAAAAAAACCOQAAAAAAAKI5AAAAAAAAwjkAAAAAAAECOQAAAAAAAUI5AAAAAAABQjkAAAAAAAFiOQAAAAAAAaI5AAAAAAABwjkAAAAAAAHCOQAAAAAAAeI5AAAAAAABAj0AAAAAAALCPQAAAAAAAyI9AAAAAAADYj0AAAAAAADCQQAAAAAAAYJBAAAAAAACwkEAAAAAAALyQQAAAAAAAoJFAAAAAAADYkUAAAAAAAOSRQAAAAAAAEJJAAAAAAAC0kkAAAAAAANSSQAAAAAAA6JJAAAAAAAAok0AAAAAAAGSTQAAAAAAA0JNAAAAAAAA4lEAAAAAAAFSUQAAAAAAAWJRAAAAAAAC4lEAAAAAAAOyWQAAAAAAA8JZAAAAAAABkl0AAAAAAAHyYQAAAAAAAIJ1A</data>
					</mzArrayBinary>
					<intenArrayBinary>
						<data precision="64" endian="little" length="129">AAAAAABwkkAAAAAAALqlQAAAAAAA8HxAAAAAAAC+rUAAAAAAAM2zQAAAAAAAjJlAAAAAAABcl0AAAAAAALCQQAAAAAAAfJZAAAAAAADsl0AAAAAAAMSfQAAAAAAANJNAAAAAAAAYgUAAAAAAAOiXQAAAAAAAkI1AAAAAAACSqEAAAAAAANiJQAAAAAAASqNAAAAAAACqrUAAAAAAAEiNQAAAAAAAfqhAAAAAAAC4i0AAAAAAAMSQQAAAAAAAyIlAAAAAAACMlkAAAAAAAB6uQAAAAAAAfJ1AAAAAAABCpUAAAAAAAOSYQAAAAAAAdrFAAAAAAADKoUAAAAAAAN6nQAAAAAAAEItAAAAAAAC4oUAAAAAAAFCGQAAAAAAAtJtAAAAAAACWpkAAAAAAAASfQAAAAAAAyI1AAAAAAAD4sEAAAAAAABKiQAAAAAAA2qtAAAAAAAAohUAAAAAAAPy9QAAAAAAAvJpAAAAAAAAAjkAAAAAAAKi+QAAAAAAAVJhAAAAAAACkpUAAAAAAAFidQAAAAAAALJFAAAAAAABEl0AAAAAAAEiJQAAAAAAAYJVAAAAAAACYoEAAAAAAAJagQAAAAAAA3bJAAAAAAAD8m0AAAAAAANyiQAAAAAAAG7JAAAAAAAAkrkAAAAAAANm/QAAAAAAAwqhAAAAAAABSqEAAAAAAAKamQAAAAAAAr7pAAAAAAAAYk0AAAAAAAHK/QAAAAAAAuI5AAAAAAABHxUAAAAAAAKBxQAAAAAAAQIRAAAAAAACAs0AAAAAAAJq7QAAAAAAAvr9AAAAAAABIikAAAAAAAFDFQAAAAAAAubZAAAAAAACco0AAAAAAALCUQAAAAAAA/qpAAAAAAACYj0AAAAAAAIahQAAAAACACsFAAAAAAAC7skAAAAAAAAyqQAAAAAAAjJBAAAAAAACIjEAAAAAAAJamQAAAAAAAYcZAAAAAAAAMmkAAAAAAADWzQAAAAACAdsJAAAAAAAAdt0AAAAAAALiSQAAAAAAA3slAAAAAAACzuUAAAAAAACmxQAAAAAAAWIRAAAAAAACKr0AAAAAAAO20QAAAAAAAnJhAAAAAAACuqkAAAAAAAFqpQAAAAAAAAbhAAAAAAAAOqkAAAAAAAGiWQAAAAAAA9KtAAAAAAAA8skAAAAAAADB+QAAAAAAAOKFAAAAAAACSr0AAAAAAAOqtQAAAAAAAxLJAAAAAAACAs0AAAAAAAOylQAAAAAAApJdAAAAAAAB4pkAAAAAAAACOQAAAAAAA2JtAAAAAAABMmkAAAAAAALyWQAAAAAAA8H5AAAAAAAA4r0AAAAAAgDDAQAAAAAAAQIFAAAAAAAAMlEAAAAAAAOCuQAAAAAAAMJdA</data>
					</intenArrayBinary>
				</spectrum>
				<spectrum id="85">
					<spectrumDesc>
						<spectrumSettings>
							<spectrumInstrument mzRangeStop="1465.0" mzRangeStart="218.0" msLevel="2" />
						</spectrumSettings>
						<precursorList count="1">
							<precursor msLevel="1" spectrumRef="0">
								<ionSelection>
									<cvParam cvLabel="PSI" accession="PSI:1000041" name="ChargeState" value="2" />
									<cvParam cvLabel="PSI" accession="PSI:1000040" name="MassToChargeRatio" value="738" />
								</ionSelection>
								<activation />
							</precursor>
						</precursorList>
						<comments>Not identified</comments>
					</spectrumDesc>
					<mzArrayBinary>
						<data precision="64" endian="little" length="283">AAAAAABAa0AAAAAAAEBuQAAAAAAAkHBAAAAAAACgcUAAAAAAALBxQAAAAAAAwHFAAAAAAAAQckAAAAAAABByQAAAAAAA4HJAAAAAAABgc0AAAAAAAPBzQAAAAAAAEHRAAAAAAACAdEAAAAAAAHB1QAAAAAAA4HZAAAAAAAAAd0AAAAAAAEB3QAAAAAAA0HdAAAAAAAAgeEAAAAAAADB4QAAAAAAAUHhAAAAAAAAweUAAAAAAAEB5QAAAAAAAgHlAAAAAAADgeUAAAAAAAPB5QAAAAAAAkHpAAAAAAADgekAAAAAAAGB7QAAAAAAAgHtAAAAAAACQe0AAAAAAAKB7QAAAAAAAAHxAAAAAAADwfEAAAAAAAJB9QAAAAAAAoH1AAAAAAAAQfkAAAAAAACB+QAAAAAAAMH5AAAAAAACAfkAAAAAAAPB+QAAAAAAAAH9AAAAAAAAwf0AAAAAAAEB/QAAAAAAAYH9AAAAAAACAf0AAAAAAANB/QAAAAAAA8H9AAAAAAAAQgEAAAAAAACCAQAAAAAAAKIBAAAAAAAAwgEAAAAAAAFCAQAAAAAAAWIBAAAAAAACQgEAAAAAAAKCAQAAAAAAAyIBAAAAAAADQgEAAAAAAANiAQAAAAAAAAIFAAAAAAAAQgUAAAAAAABCBQAAAAAAAGIFAAAAAAAAwgUAAAAAAAEiBQAAAAAAAeIFAAAAAAACIgUAAAAAAAIiBQAAAAAAAuIFAAAAAAADggUAAAAAAAPiBQAAAAAAACIJAAAAAAAAogkAAAAAAAEiCQAAAAAAAWIJAAAAAAABogkAAAAAAAHiCQAAAAAAAiIJAAAAAAADQgkAAAAAAABiDQAAAAAAAGINAAAAAAABYg0AAAAAAAMCDQAAAAAAA6INAAAAAAADog0AAAAAAAPCDQAAAAAAAMIRAAAAAAAA4hEAAAAAAAECEQAAAAAAASIRAAAAAAACQhEAAAAAAAJiEQAAAAAAAqIRAAAAAAAC4hEAAAAAAAMCEQAAAAAAA2IRAAAAAAADwhEAAAAAAAPiEQAAAAAAAEIVAAAAAAAAYhUAAAAAAAFiFQAAAAAAAYIVAAAAAAAB4hUAAAAAAAIiFQAAAAAAAsIVAAAAAAADAhUAAAAAAAPCFQAAAAAAAMIZAAAAAAAA4hkAAAAAAAECGQAAAAAAAgIZAAAAAAACwhkAAAAAAALiGQAAAAAAAuIZAAAAAAADIhkAAAAAAAOCGQAAAAAAA6IZAAAAAAADohkAAAAAAABiHQAAAAAAAUIdAAAAAAABgh0AAAAAAAJiHQAAAAAAAoIdAAAAAAACoh0AAAAAAAPCHQAAAAAAA+IdAAAAAAAAgiEAAAAAAACiIQAAAAAAAMIhAAAAAAAA4iEAAAAAAAECIQAAAAAAAQIhAAAAAAABYiEAAAAAAAGCIQAAAAAAAaIhAAAAAAAB4iEAAAAAAAHiIQAAAAAAAuIhAAAAAAADAiEAAAAAAAMiIQAAAAAAA2IhAAAAAAAAoiUAAAAAAAFiJQAAAAAAAkIlAAAAAAACwiUAAAAAAANCJQAAAAAAA+IlAAAAAAAAAikAAAAAAABCKQAAAAAAAOIpAAAAAAAA4ikAAAAAAAEiKQAAAAAAAcIpAAAAAAACAikAAAAAAAIiKQAAAAAAAkIpAAAAAAAC4ikAAAAAAAMCKQAAAAAAA0IpAAAAAAADoikAAAAAAAPCKQAAAAAAA8IpAAAAAAAAAi0AAAAAAAAiLQAAAAAAAMItAAAAAAABQi0AAAAAAAHCLQAAAAAAAeItAAAAAAACAi0AAAAAAAJCLQAAAAAAAwItAAAAAAADQi0AAAAAAAOCLQAAAAAAA+ItAAAAAAAAAjEAAAAAAACCMQAAAAAAAMIxAAAAAAAA4jEAAAAAAADiMQAAAAAAAQIxAAAAAAABIjEAAAAAAAFCMQAAAAAAAkIxAAAAAAACYjEAAAAAAAKCMQAAAAAAAwIxAAAAAAADIjEAAAAAAAPiMQAAAAAAAAI1AAAAAAAAYjUAAAAAAACCNQAAAAAAAMI1AAAAAAABAjUAAAAAAAFiNQAAAAAAAiI1AAAAAAACQjUAAAAAAAKCNQAAAAAAAuI1AAAAAAADIjUAAAAAAABCOQAAAAAAAGI5AAAAAAAAYjkAAAAAAADCOQAAAAAAAQI5AAAAAAACojkAAAAAAANiOQAAAAAAA4I5AAAAAAADojkAAAAAAAPCOQAAAAAAA+I5AAAAAAAAAj0AAAAAAAAiPQAAAAAAACI9AAAAAAAAQj0AAAAAAADCPQAAAAAAAMI9AAAAAAABAj0AAAAAAAHiPQAAAAAAAwI9AAAAAAADIj0AAAAAAANCPQAAAAAAA8I9AAAAAAAAAkEAAAAAAAASQQAAAAAAAJJBAAAAAAAAokEAAAAAAACyQQAAAAAAASJBAAAAAAABgkEAAAAAAAGSQQAAAAAAAhJBAAAAAAACEkEAAAAAAAIyQQAAAAAAApJBAAAAAAAC4kEAAAAAAAMiQQAAAAAAAzJBAAAAAAADQkEAAAAAAANyQQAAAAAAADJFAAAAAAAAQkUAAAAAAABSRQAAAAAAAGJFAAAAAAAA8kUAAAAAAAICRQAAAAAAAhJFAAAAAAACIkUAAAAAAAMyRQAAAAAAA5JFAAAAAAAAokkAAAAAAAECSQAAAAAAARJJAAAAAAABkkkAAAAAAAGSSQAAAAAAAbJJAAAAAAACokkAAAAAAAMySQAAAAAAA0JJAAAAAAADUkkAAAAAAAOiSQAAAAAAA/JJAAAAAAAAQk0AAAAAAABSTQAAAAAAAFJNAAAAAAAAYk0AAAAAAADiTQAAAAAAAPJNAAAAAAABEk0AAAAAAAMyTQAAAAAAA2JNAAAAAAADkk0AAAAAAAOiTQAAAAAAALJRAAAAAAABQlEAAAAAAAIiUQAAAAAAAmJRAAAAAAADolEAAAAAAAJCVQAAAAAAAzJVAAAAAAAAwlkAAAAAAADSWQAAAAAAAbJZAAAAAAADklkA=</data>
					</mzArrayBinary>
					<intenArrayBinary>
						<data precision="64" endian="little" length="283">AAAAAED60UAAAAAAgKHIQAAAAAAAcrFAAAAAAMAA1UAAAAAAAOS5QAAAAAAAh9RAAAAAAIC/wUAAAAAAgN3IQAAAAACAt9pAAAAAAACdtUAAAAAAAIPMQAAAAAAADtZAAAAAAADpu0AAAAAAgNvHQAAAAAAAB8VAAAAAAAAfxkAAAAAAANG2QAAAAAAAatBAAAAAAAD910AAAAAAgHzEQAAAAAAAHsBAAAAAAJiBAUEAAAAAINDqQAAAAACAns5AAAAAAAA2yEAAAAAAAKK2QAAAAABAkOlAAAAAAADevUAAAAAAAJ6uQAAAAAAAdqFAAAAAAACU00AAAAAAAAAUQAAAAABA1dZAAAAAAIByxEAAAAAAgM3CQAAAAACAu9BAAAAAAABEv0AAAAAAQJniQAAAAACA/u5AAAAAAIDPzkAAAAAAAIuyQAAAAAAAeL1AAAAAAAAjykAAAAAAgCzHQAAAAAAAF7FAAAAAAGC240AAAAAAwA3RQAAAAAAAuLNAAAAAAICY1EAAAAAA8On0QAAAAADQRfFAAAAAAAAAEEAAAAAAAIbDQAAAAACAkshAAAAAAAAjzEAAAAAAAPKzQAAAAACAxN5AAAAAAACZuUAAAAAAgAPHQAAAAAAA8MdAAAAAAAAkrUAAAAAAUBPwQAAAAAAAAPA/AAAAAADdt0AAAAAAAGm7QAAAAAAAgqtAAAAAAODU9UAAAAAAAADwPwAAAACAAsFAAAAAAACE0EAAAAAAAOfOQAAAAACAAcVAAAAAAMCq3kAAAAAAgFnQQAAAAAAA+7ZAAAAAAOCI5kAAAAAAAKOzQAAAAAAAgMpAAAAAAIAN00AAAAAAAJzpQAAAAACANdtAAAAAAADqsUAAAAAAgAbHQAAAAAAA2q9AAAAAAADaukAAAAAAAFC1QAAAAABgKedAAAAAAKAC5UAAAAAAQKvTQAAAAACgSeBAAAAAAEAt40AAAAAAAAAAQAAAAAAAQbpAAAAAAKikAUEAAAAA4LbkQAAAAACATOhAAAAAAABcskAAAAAAQFTTQAAAAABAW9FAAAAAAACJxkAAAAAAAFHQQAAAAAAAC9NAAAAAAMAN2kAAAAAAgLrZQAAAAACAEMJAAAAAAAA2vUAAAAAAgGLgQAAAAAAQsfVAAAAAAJAHAEEAAAAAAAAQQAAAAAAAX7lAAAAAAJB6+0AAAAAAAADwPwAAAAAAjsZAAAAAAEDS20AAAAAA4A3mQAAAAAAA3tFAAAAAAADWzEAAAAAAALm7QAAAAAAAUK9AAAAAAIC80EAAAAAAAAi1QAAAAAAAucdAAAAAAMDN5kAAAAAAgNruQAAAAAAA1bpAAAAAAACWtUAAAAAAAGDUQAAAAACAuddAAAAAAMCK6EAAAAAAQCfSQAAAAAAArcZAAAAAAICF3kAAAAAAgILNQAAAAACAD9tAAAAAAABQ2UAAAAAAgD7QQAAAAABgzgBBAAAAABBg9EAAAAAAQAnfQAAAAAAAiKJAAAAAAMDz1EAAAAAAAAzHQAAAAACAJ8JAAAAAAADlv0AAAAAAAHivQAAAAACAFdxAAAAAAADq3UAAAAAAIFnjQAAAAACAh9RAAAAAALCT8EAAAAAAgBzcQAAAAACA/MRAAAAAADAoCUEAAAAAAOC2QAAAAACAXNJAAAAAAIDXx0AAAAAAAATCQAAAAACAD8ZAAAAAAGDL4EAAAAAAAN7UQAAAAAAAdJpAAAAAAIBuwUAAAAAAAPieQAAAAAAANKZAAAAAAODY4UAAAAAAIFsDQQAAAACIkQ5BAAAAAAC0nEAAAAAAgG7XQAAAAABAXddAAAAAAOC14UAAAAAAgNDBQAAAAACATMNAAAAAAGBj/EAAAAAAQNzQQAAAAACAe9lAAAAAAIDdxkAAAAAAAHi5QAAAAAAATApBAAAAAAA6CUEAAAAAAAAAQAAAAAAA+cZAAAAAAMA31EAAAAAAAOrVQAAAAADAbvpAAAAAAMB03UAAAAAAAG7QQAAAAAAA6L5AAAAAAAA1vEAAAAAAAPS8QAAAAAAArrhAAAAAAEAM30AAAAAAAJ7aQAAAAACA6dpAAAAAAEBQ00AAAAAAABvGQAAAAAAAh75AAAAAACC+4EAAAAAAQLYDQQAAAACA0MFAAAAAAIABy0AAAAAAACCtQAAAAAAAIq1AAAAAAMAw0EAAAAAAwDvZQAAAAABAEtRAAAAAAIAk1kAAAAAAwKXfQAAAAAAgmflAAAAAAMCO7kAAAAAAgOHNQAAAAACAfspAAAAAAAAAEEAAAAAAsDgGQQAAAAAAAChAAAAAAEBo6UAAAAAAAAK+QAAAAABgfOhAAAAAAIAS5EAAAAAA4OniQAAAAAAAQrJAAAAAAGAn6UAAAAAAoG7rQAAAAAAo1gxBAAAAAEAi/kAAAAAAIJrsQAAAAAAAYNNAAAAAAMAs50AAAAAAANC+QAAAAABgPOJAAAAAAAAAGEAAAAAAgD3GQAAAAAAAqrNAAAAAAADdsUAAAAAAgMrFQAAAAAAAAuxAAAAAAAAAAEAAAAAAAJidQAAAAABAvPBAAAAAABCw9kAAAAAAwADQQAAAAAAACMVAAAAAAICMyUAAAAAAYGTmQAAAAABA7ehAAAAAAABirkAAAAAAAM/CQAAAAAAA+MdAAAAAAED14EAAAAAAAHHAQAAAAAAA+dhAAAAAAACd1EAAAAAAgH3EQAAAAAAAn7NAAAAAAABYyEAAAAAAQDLjQAAAAAAgBOpAAAAAAAC7yUAAAAAAANLFQAAAAAAAkL5AAAAAAIBMzEAAAAAAQAnlQAAAAAAAAPA/AAAAAACkt0AAAAAAABm5QAAAAAAA68tAAAAAAMDB0EAAAAAAAFy8QAAAAAAA6bRAAAAAAIBY1kAAAAAAAG/SQAAAAAAAgtFAAAAAAADlwkAAAAAAAJewQAAAAADAgOJAAAAAAACwuUAAAAAAADy9QAAAAAAA7LZAAAAAAACSrUAAAAAAIAjiQAAAAAAATNBAAAAAAMD/0UA=</data>
					</intenArrayBinary>
				</spectrum>
				<spectrum id="86">
					<spectrumDesc>
						<spectrumSettings>
							<spectrumInstrument mzRangeStop="1014.0" mzRangeStart="192.0" msLevel="2" />
						</spectrumSettings>
						<precursorList count="1">
							<precursor msLevel="1" spectrumRef="0">
								<ionSelection>
									<cvParam cvLabel="PSI" accession="PSI:1000041" name="ChargeState" value="1" />
									<cvParam cvLabel="PSI" accession="PSI:1000040" name="MassToChargeRatio" value="611" />
								</ionSelection>
								<activation />
							</precursor>
						</precursorList>
						<comments>Not identified</comments>
					</spectrumDesc>
					<mzArrayBinary>
						<data precision="64" endian="little" length="104">AAAAAAAAaEAAAAAAAKBrQAAAAAAAoGtAAAAAAADAbUAAAAAAAOBtQAAAAAAAIG5AAAAAAABAbkAAAAAAAGBvQAAAAAAAsHBAAAAAAADQcEAAAAAAAIBxQAAAAAAAkHFAAAAAAACwcUAAAAAAAMBxQAAAAAAA0HFAAAAAAADgcUAAAAAAAIByQAAAAAAAoHJAAAAAAACwckAAAAAAAMByQAAAAAAAUHRAAAAAAADgdEAAAAAAACB2QAAAAAAAQHZAAAAAAABQdkAAAAAAANB2QAAAAAAAIHdAAAAAAABAd0AAAAAAAFB3QAAAAAAAUHdAAAAAAABgd0AAAAAAAHB4QAAAAAAAsHhAAAAAAAAQeUAAAAAAADB5QAAAAAAA8HlAAAAAAAAwekAAAAAAADB8QAAAAAAAgHxAAAAAAACgfUAAAAAAANB9QAAAAAAAAH5AAAAAAABAfkAAAAAAAIB+QAAAAAAAkH5AAAAAAACgfkAAAAAAANB+QAAAAAAAYH9AAAAAAABwf0AAAAAAAMB/QAAAAAAA0H9AAAAAAABAgEAAAAAAAEiAQAAAAAAAYIBAAAAAAACggEAAAAAAACCBQAAAAAAAoIFAAAAAAADAgUAAAAAAAMiBQAAAAAAA2IFAAAAAAADwgUAAAAAAAPiBQAAAAAAACIJAAAAAAAAIgkAAAAAAABCCQAAAAAAAGIJAAAAAAAAggkAAAAAAAFiCQAAAAAAAYIJAAAAAAACIgkAAAAAAAJCCQAAAAAAAmIJAAAAAAACggkAAAAAAALCCQAAAAAAAuIJAAAAAAADIgkAAAAAAAOCCQAAAAAAA6IJAAAAAAAAYg0AAAAAAACCDQAAAAAAAYINAAAAAAAB4g0AAAAAAAJCDQAAAAAAAsINAAAAAAAAQhEAAAAAAAHCEQAAAAAAAuIRAAAAAAABohUAAAAAAAHCFQAAAAAAAqIVAAAAAAAAohkAAAAAAAFCGQAAAAAAAqIZAAAAAAADohkAAAAAAAGCHQAAAAAAAcIdAAAAAAAD4h0AAAAAAAPiJQAAAAAAAAIpAAAAAAABYikAAAAAAADiNQAAAAAAAcI1AAAAAAACoj0AAAAAAALCPQA==</data>
					</mzArrayBinary>
					<intenArrayBinary>
						<data precision="64" endian="little" length="104">AAAAAADEmkAAAAAAANKhQAAAAAAAFKdAAAAAAEDI1kAAAAAAAG+yQAAAAAAAULxAAAAAAADcokAAAAAAABSnQAAAAACAadxAAAAAAICA0EAAAAAAAHCZQAAAAAAAy71AAAAAAABiuUAAAAAAoGz7QAAAAADA3NNAAAAAAAAYrkAAAAAAAEGzQAAAAACgWeRAAAAAAABqzUAAAAAAAFLDQAAAAAAAjq5AAAAAAABgnUAAAAAApJYTQQAAAAAgsflAAAAAAKAg5EAAAAAAADyfQAAAAAAAC8lAAAAAAIC8y0AAAAAAgHnOQAAAAAAAv79AAAAAAADYi0AAAAAAAEqhQAAAAAAA8rhAAAAAAAD4g0AAAAAAANmwQAAAAAAAUJpAAAAAAABdtUAAAAAAAICTQAAAAAAAFJlAAAAAAABSqEAAAAAAANSWQAAAAAAA4JpAAAAAAACslkAAAAAAAI+3QAAAAAAAMsFAAAAAAAD6p0AAAAAAAH+xQAAAAAAAcI5AAAAAAABpt0AAAAAAAASgQAAAAAAAyKRAAAAAAABoj0AAAAAAABKhQAAAAAAA+KFAAAAAAABoh0AAAAAAAASdQAAAAAAApKBAAAAAAAAzs0AAAAAAAESQQAAAAAAAtJBAAAAAAACoqUAAAAAAAMSzQAAAAACARcJAAAAAAAAooEAAAAAAAAfHQAAAAAAAoJZAAAAAAACwmEAAAAAAAAqxQAAAAACAzMJAAAAAAAB9sEAAAAAAAMCaQAAAAAAAnJpAAAAAAADEoUAAAAAAACaoQAAAAAAAGJpAAAAAAADYlEAAAAAAAAClQAAAAAAAnLZAAAAAAACmwkAAAAAAANCEQAAAAAAAiKRAAAAAAAAHu0AAAAAAAMqiQAAAAAAAeJBAAAAAAAD2ukAAAAAAACCKQAAAAAAAdJxAAAAAAADrt0AAAAAAAPSkQAAAAAAAhKJAAAAAAAA+pEAAAAAAAFCRQAAAAACAG8NAAAAAAAAspUAAAAAAAJiKQAAAAAAAYLZAAAAAAACYp0AAAAAAAGCQQAAAAAAA0LpAAAAAAADQjUAAAAAAAPB+QAAAAAAAVJZAAAAAAACok0AAAAAAAHSWQA==</data>
					</intenArrayBinary>
				</spectrum>
				<spectrum id="87">
					<spectrumDesc>
						<spectrumSettings>
							<spectrumInstrument mzRangeStop="1271.0" mzRangeStart="232.0" msLevel="2" />
						</spectrumSettings>
						<precursorList count="1">
							<precursor msLevel="1" spectrumRef="0">
								<ionSelection>
									<cvParam cvLabel="PSI" accession="PSI:1000041" name="ChargeState" value="2" />
									<cvParam cvLabel="PSI" accession="PSI:1000040" name="MassToChargeRatio" value="637" />
								</ionSelection>
								<activation />
							</precursor>
						</precursorList>
						<comments>Identified</comments>
					</spectrumDesc>
					<mzArrayBinary>
						<data precision="64" endian="little" length="153">AAAAAAAAbUAAAAAAAOBtQAAAAAAAQHBAAAAAAABQcEAAAAAAAHByQAAAAAAAgHNAAAAAAACwdUAAAAAAAOB1QAAAAAAAMHdAAAAAAACQd0AAAAAAAKB3QAAAAAAAcHhAAAAAAACQeEAAAAAAAMB6QAAAAAAAcHxAAAAAAACwfEAAAAAAAPB8QAAAAAAAAH1AAAAAAAAAfUAAAAAAAJB9QAAAAAAAIH5AAAAAAAAwfkAAAAAAAEB+QAAAAAAAUH5AAAAAAABgfkAAAAAAAOB+QAAAAAAAAH9AAAAAAAAQf0AAAAAAALB/QAAAAAAAAIBAAAAAAACQgEAAAAAAAMCAQAAAAAAA0IBAAAAAAADogEAAAAAAAACBQAAAAAAAGIFAAAAAAAAogUAAAAAAAEiBQAAAAAAAUIFAAAAAAABggUAAAAAAANiBQAAAAAAA4IFAAAAAAAAogkAAAAAAAECCQAAAAAAASIJAAAAAAABQgkAAAAAAAGiCQAAAAAAAcIJAAAAAAAB4gkAAAAAAAICCQAAAAAAAkIJAAAAAAACYgkAAAAAAAKCCQAAAAAAAqIJAAAAAAACwgkAAAAAAALiCQAAAAAAAwIJAAAAAAADIgkAAAAAAANiCQAAAAAAA6IJAAAAAAADwgkAAAAAAADiDQAAAAAAAGIRAAAAAAAAwhEAAAAAAADiEQAAAAAAAQIRAAAAAAABYhEAAAAAAAGCEQAAAAAAAaIRAAAAAAACAhEAAAAAAAJCEQAAAAAAAoIRAAAAAAACohEAAAAAAAGCFQAAAAAAA6IVAAAAAAADwhUAAAAAAAPiFQAAAAAAAeIZAAAAAAAAAh0AAAAAAALiHQAAAAAAAyIdAAAAAAAAIiEAAAAAAABCIQAAAAAAAGIhAAAAAAAAwiEAAAAAAADiIQAAAAAAAUIhAAAAAAADoiEAAAAAAAOiIQAAAAAAAGIlAAAAAAAAgiUAAAAAAACiJQAAAAAAAMIlAAAAAAABwiUAAAAAAAHiJQAAAAAAAgIlAAAAAAACIiUAAAAAAAMCJQAAAAAAAyIlAAAAAAADQiUAAAAAAAACKQAAAAAAACIpAAAAAAAAQikAAAAAAACiKQAAAAAAAKIpAAAAAAAAwikAAAAAAADiKQAAAAAAAWIpAAAAAAABoikAAAAAAAHCKQAAAAAAAsIpAAAAAAADAikAAAAAAAAiLQAAAAAAAQItAAAAAAABIi0AAAAAAAHiLQAAAAAAAiItAAAAAAACgi0AAAAAAAKiLQAAAAAAAyItAAAAAAADQi0AAAAAAABCMQAAAAAAAEIxAAAAAAAAojEAAAAAAAPiMQAAAAAAAAI1AAAAAAABojUAAAAAAAHiNQAAAAAAAiI1AAAAAAACQjUAAAAAAAJiNQAAAAAAAoI1AAAAAAAAYjkAAAAAAACCOQAAAAAAAQI5AAAAAAABIjkAAAAAAAHiOQAAAAAAAyI5AAAAAAAAIj0AAAAAAAFiPQAAAAAAAsI9AAAAAAAAQkEAAAAAAABSQQAAAAAAA0JBAAAAAAADckEAAAAAAAFCSQAAAAAAAkJJAAAAAAADUkkAAAAAAANiSQAAAAAAA4JJAAAAAAADokkAAAAAAAAiTQAAAAAAA3JNA</data>
					</mzArrayBinary>
					<intenArrayBinary>
						<data precision="64" endian="little" length="153">AAAAAMCHFUEAAAAA2DgRQQAAAABooCJBAAAAAAAAFEAAAAAAoBYQQQAAAACgYQtBAAAAABBE8kAAAAAASK8TQQAAAAAoqg1BAAAAADSaJkEAAAAAsEb3QAAAAADQ7whBAAAAAMCiGEEAAAAAIArzQAAAAABoaxBBAAAAACDHHUEAAAAAjEMbQQAAAABQMQVBAAAAAPjDF0EAAAAA9mMhQQAAAADU/jBBAAAAAPowKUEAAAAAkPj/QAAAAABorRBBAAAAAAAAUEAAAAAAwBP6QAAAAADwrhNBAAAAABjFBEEAAAAA1GUaQQAAAAAaNyFBAAAAAKiwCkEAAAAAYP/8QAAAAAByrCVBAAAAAGwYFEEAAAAAMOkpQQAAAADguRlBAAAAAPPaMUEAAAAAGD4vQQAAAACA1fdAAAAAACCJAkEAAAAAuKkVQQAAAAA44ghBAAAAABASAEEAAAAAdJkfQQAAAABw0hRBAAAAALibBUEAAADA7X1lQQAAAIBpokVBAAAAAEpdIUEAAAAAhx41QQAAAICRU0BBAAAAAPhyRkEAAAAAQC0WQQAAAADI7BRBAAAAAOgOCEEAAAAAoDryQAAAAIA7BlZBAAAAAHgqJEEAAAAAWKsEQQAAAADwPfxAAAAAABwIJUEAAAAAEPoGQQAAAADA8xFBAAAAAD34QUEAAAAAQDEPQQAAAADA4d1AAAAAgFwXQUEAAACAG7dOQQAAAAAAgElAAAAAAKjuD0EAAAAA0D/3QAAAAIC0S0ZBAAAAAED67UAAAAAAOPEGQQAAAADgFwNBAAAAgElyQkEAAAAAwKXiQAAAAAAwmAZBAAAAAIisBEEAAAAAGAMJQQAAAADUuB1BAAAAACYvOUEAAAAAFHYbQQAAAAAAACpAAAAAAJimDUEAAAAAAABEQAAAAACwAhdBAAAAAHx/EEEAAAAAAIBHQAAAAICqfkxBAAAAAMu5PEEAAAAARDYaQQAAAADQgPpAAAAAAP7TIUEAAAAAZP8YQQAAAAAYvCJBAAAAAIyyIEEAAAAAwDVgQQAAAAAJazRBAAAAAAAAYEAAAAAA6GEiQQAAAADcqBpBAAAAAECD+UAAAAAAKD4PQQAAAABKISBBAAAAANhXEEEAAAAAoP77QAAAAADoqQZBAAAAAAQRJEEAAAAA8AAEQQAAAABISxBBAAAAADxDFUEAAAAA3JIXQQAAAAA2hSBBAAAAAMjXFkEAAAAAwBoAQQAAAACwuhpBAAAAADSRFUEAAAAAKNIFQQAAAACDpDBBAAAAACDWCUEAAAAASGwIQQAAAAAQ4v5AAAAAAGDXCEEAAAAA5sgrQQAAAAD0ohVBAAAAAJjvCkEAAAAALEQVQQAAAAAUuC5BAAAAAJXjNUEAAAAAAAAqQAAAAAAQk/tAAAAAAODa60AAAAAAsO36QAAAAABA8PZAAAAAABDsEUEAAAAAAJD2QAAAAACEXBJBAAAAADC8/EAAAAAAOFEFQQAAAAAQbvRAAAAAAGC1A0EAAAAAJDASQQAAAABg1f1AAAAAAHCcDEEAAAAAxDQQQQAAAAD8hRVBAAAAABB99UAAAAAAMOsTQQAAAADYQBFBAAAAAHheCEEAAAAAoDEKQQAAAAAkChBB</data>
					</intenArrayBinary>
				</spectrum>
				<spectrum id="88">
					<spectrumDesc>
						<spectrumSettings>
							<spectrumInstrument mzRangeStop="1064.0" mzRangeStart="167.0" msLevel="2" />
						</spectrumSettings>
						<precursorList count="1">
							<precursor msLevel="1" spectrumRef="0">
								<ionSelection>
									<cvParam cvLabel="PSI" accession="PSI:1000041" name="ChargeState" value="3" />
									<cvParam cvLabel="PSI" accession="PSI:1000040" name="MassToChargeRatio" value="588" />
								</ionSelection>
								<activation />
							</precursor>
						</precursorList>
						<comments>Not identified</comments>
					</spectrumDesc>
					<mzArrayBinary>
						<data precision="64" endian="little" length="140">AAAAAADgZEAAAAAAAABlQAAAAAAAoGhAAAAAAACgaEAAAAAAAGBqQAAAAAAAoGpAAAAAAABAa0AAAAAAAMBrQAAAAAAAIGxAAAAAAABAbEAAAAAAAOBsQAAAAAAAYG5AAAAAAACAbkAAAAAAAKBuQAAAAAAAAG9AAAAAAACgcEAAAAAAAEBxQAAAAAAAsHFAAAAAAACAckAAAAAAABBzQAAAAAAAoHNAAAAAAACAdEAAAAAAADB1QAAAAAAAMHVAAAAAAABAdUAAAAAAAFB1QAAAAAAAoHVAAAAAAABQdkAAAAAAAGB2QAAAAAAAcHZAAAAAAADQdkAAAAAAAOB2QAAAAAAAkHdAAAAAAACQd0AAAAAAALB3QAAAAAAA8HhAAAAAAABgeUAAAAAAAMB5QAAAAAAA4HlAAAAAAADweUAAAAAAAHB6QAAAAAAAkHpAAAAAAABwe0AAAAAAALB7QAAAAAAAMHxAAAAAAACgfEAAAAAAAMB8QAAAAAAAQH1AAAAAAABQfUAAAAAAALB9QAAAAAAAwH1AAAAAAADQfUAAAAAAADB+QAAAAAAAQH5AAAAAAADAfkAAAAAAAOB+QAAAAAAA4H5AAAAAAADAf0AAAAAAAOB/QAAAAAAAEIBAAAAAAAB4gEAAAAAAAKCAQAAAAAAAsIBAAAAAAAC4gEAAAAAAAMCAQAAAAAAA6IBAAAAAAAAIgUAAAAAAAEiBQAAAAAAAUIFAAAAAAADIgUAAAAAAANiBQAAAAAAA2IFAAAAAAADwgUAAAAAAAPiBQAAAAAAAGIJAAAAAAAAggkAAAAAAACCCQAAAAAAAKIJAAAAAAAAwgkAAAAAAAJCCQAAAAAAAmIJAAAAAAACggkAAAAAAAPiCQAAAAAAAcINAAAAAAACIg0AAAAAAAJiDQAAAAAAAcIRAAAAAAADAhEAAAAAAAMiEQAAAAAAAyIRAAAAAAABIhUAAAAAAAFCFQAAAAAAAWIVAAAAAAABghUAAAAAAAIiFQAAAAAAAkIVAAAAAAAAghkAAAAAAACiGQAAAAAAAMIZAAAAAAAAgh0AAAAAAAECIQAAAAAAAcIhAAAAAAADIiEAAAAAAAOiIQAAAAAAAWIlAAAAAAABgiUAAAAAAAJiJQAAAAAAAKIpAAAAAAAAwikAAAAAAADiKQAAAAAAAkIpAAAAAAAAIjEAAAAAAAJiMQAAAAAAAoIxAAAAAAACwjEAAAAAAACCNQAAAAAAAKI1AAAAAAAAwjUAAAAAAAGiNQAAAAAAAeI1AAAAAAACwjUAAAAAAALiNQAAAAAAAwI1AAAAAAADIjUAAAAAAAPCNQAAAAAAA+I1AAAAAAAAgjkAAAAAAACiOQAAAAAAAEI9AAAAAAABIj0AAAAAAAKCPQAAAAAAAEJBAAAAAAAAUkEAAAAAAABiQQAAAAAAAHJBAAAAAAAAckEAAAAAAAFSQQAAAAAAAWJBAAAAAAACYkEAAAAAAAKCQQA==</data>
					</mzArrayBinary>
					<intenArrayBinary>
						<data precision="64" endian="little" length="140">AAAAAMDF00AAAAAAwMHhQAAAAAAwvfBAAAAAAMDw10AAAAAAwBrbQAAAAABAKeRAAAAAAIBdyUAAAAAAoG3iQAAAAACgM/RAAAAAAAAz1EAAAAAAAFzEQAAAAABAgd9AAAAAAGDx4UAAAAAAAIbIQAAAAACA68NAAAAAAIDBxEAAAAAAgMLOQAAAAAAADslAAAAAACDr40AAAAAAgDLHQAAAAACgsepAAAAAAADnvEAAAAAAAP7pQAAAAAAgVuFAAAAAAAAAAEAAAAAAwBvoQAAAAAAAybFAAAAAAGB37UAAAAAAgCzqQAAAAAAAsMVAAAAAAGB38UAAAAAAAJzCQAAAAAC4DhRBAAAAAAAAKEAAAAAAwC7QQAAAAACAx9hAAAAAAABUwUAAAAAAgDjCQAAAAACAEcJAAAAAAAAOzUAAAAAAAJbDQAAAAABQOvNAAAAAAADTzEAAAAAAKGULQQAAAACAAcFAAAAAAEAq1EAAAAAAYJThQAAAAACw2PlAAAAAAFBA80AAAAAAAK7FQAAAAADAdORAAAAAAAC4vUAAAAAAwOTeQAAAAAAAAAhAAAAAAECx0EAAAAAAcJLzQAAAAAAAAPA/AAAAAACsrUAAAAAAgKLOQAAAAAAATq9AAAAAAAC0pUAAAAAAQBbnQAAAAACAPcFAAAAAAACGt0AAAAAAAI22QAAAAAAAy9ZAAAAAAICdyEAAAAAAwA3lQAAAAAAAbLpAAAAAAGBF4kAAAAAAkO0TQQAAAAAAAAhAAAAAAADwuEAAAAAAgKLDQAAAAAAARNtAAAAAAGDL6kAAAAAAAEqwQAAAAADAvehAAAAAAEAb0EAAAAAAAG/eQAAAAABI2gVBAAAAAMDu7kAAAAAAANi9QAAAAAAAX7pAAAAAAEAb0kAAAAAAAMW6QAAAAAAAQ8xAAAAAAMA24EAAAAAAINPqQAAAAAAAAAhAAAAAAAAGoUAAAAAAAJSqQAAAAACAYcdAAAAAAEAD50AAAAAAACWwQAAAAAAAaqVAAAAAAGAr9UAAAAAAIMACQQAAAADAQdJAAAAAAMB93kAAAAAAQJPQQAAAAABATNpAAAAAAACwv0AAAAAAADjJQAAAAAAAqNFAAAAAAAD+ykAAAAAAgGPdQAAAAADgi+xAAAAAAOCg4UAAAAAAgOPKQAAAAAAAhbxAAAAAAADgxUAAAAAAgKPbQAAAAAAA2LpAAAAAAADg1EAAAAAAAJXHQAAAAAAgqvFAAAAAAOCQ50AAAAAAANSsQAAAAAAA6cpAAAAAAABjz0AAAAAAwF8eQQAAAADYUAtBAAAAALh/A0EAAAAAwHfkQAAAAADg2OpAAAAAAAA0zkAAAAAAwOjYQAAAAAAAwdVAAAAAAADlykAAAAAAAKi+QAAAAAAA3rFAAAAAAMAC2kAAAAAAgFDVQAAAAACAw9xAAAAAAAAA8D8AAAAAwAraQAAAAAAAisdAAAAAACA87kAAAAAAoFThQA==</data>
					</intenArrayBinary>
				</spectrum>
				<spectrum id="89">
					<spectrumDesc>
						<spectrumSettings>
							<spectrumInstrument mzRangeStop="1250.0" mzRangeStart="239.0" msLevel="2" />
						</spectrumSettings>
						<precursorList count="1">
							<precursor msLevel="1" spectrumRef="0">
								<ionSelection>
									<cvParam cvLabel="PSI" accession="PSI:1000041" name="ChargeState" value="3" />
									<cvParam cvLabel="PSI" accession="PSI:1000040" name="MassToChargeRatio" value="724" />
								</ionSelection>
								<activation />
							</precursor>
						</precursorList>
						<comments>Not identified</comments>
					</spectrumDesc>
					<mzArrayBinary>
						<data precision="64" endian="little" length="105">AAAAAADgbUAAAAAAACBvQAAAAAAA4G9AAAAAAADQcEAAAAAAAABzQAAAAAAAMHNAAAAAAAAgdUAAAAAAAEB1QAAAAAAAUHVAAAAAAABgdkAAAAAAABB3QAAAAAAA4HdAAAAAAAAweEAAAAAAAAB6QAAAAAAAwHpAAAAAAAAwe0AAAAAAAFB7QAAAAAAAcHtAAAAAAADgfEAAAAAAAHB9QAAAAAAAEH5AAAAAAAAwfkAAAAAAAKB+QAAAAAAAgH9AAAAAAABIgEAAAAAAANiAQAAAAAAA8IBAAAAAAABggUAAAAAAAHCBQAAAAAAAsIFAAAAAAADQgUAAAAAAAOCBQAAAAAAA8IFAAAAAAABQgkAAAAAAAGCCQAAAAAAAaIJAAAAAAACogkAAAAAAALCCQAAAAAAAuIJAAAAAAADggkAAAAAAAAiDQAAAAAAAQINAAAAAAABYg0AAAAAAAICDQAAAAAAAoINAAAAAAADIg0AAAAAAAMiDQAAAAAAA2INAAAAAAAAQhEAAAAAAADCEQAAAAAAAWIRAAAAAAABohEAAAAAAAHCEQAAAAAAAiIRAAAAAAACohEAAAAAAAPCEQAAAAAAAMIVAAAAAAABghUAAAAAAAICFQAAAAAAAiIVAAAAAAACghUAAAAAAAOiFQAAAAAAAGIZAAAAAAABQhkAAAAAAAACHQAAAAAAAEIdAAAAAAABQh0AAAAAAAMiHQAAAAAAA+IdAAAAAAABQiEAAAAAAAFiIQAAAAAAAkIhAAAAAAABwiUAAAAAAAGCKQAAAAAAAkIpAAAAAAADYikAAAAAAABiLQAAAAAAAOItAAAAAAABgi0AAAAAAANiLQAAAAAAA4ItAAAAAAACIjEAAAAAAAMCMQAAAAAAA+IxAAAAAAACojUAAAAAAACiOQAAAAAAAcI5AAAAAAABwjkAAAAAAAPCOQAAAAAAAAI9AAAAAAAAIj0AAAAAAAFCPQAAAAAAAYI9AAAAAAACIj0AAAAAAAEyQQAAAAAAAUJBAAAAAAABYkEAAAAAAAHSQQAAAAAAA4JBAAAAAAAAMkkAAAAAAAKCSQAAAAAAANJNAAAAAAAA8k0AAAAAAAISTQAAAAAAAiJNA</data>
					</mzArrayBinary>
					<intenArrayBinary>
						<data precision="64" endian="little" length="105">AAAAAADGtEAAAAAAAIifQAAAAAAAYqNAAAAAAACclEAAAAAAgBfCQAAAAAAABJlAAAAAAACwikAAAAAAAByeQAAAAAAAiJZAAAAAAAAsm0AAAAAAAACNQAAAAAAAtJtAAAAAAAB2pkAAAAAAAHrKQAAAAAAA0HtAAAAAAADCp0AAAAAAAB6vQAAAAAAAVJhAAAAAAACIkkAAAAAAABCUQAAAAAAAkH9AAAAAAABglkAAAAAAACSUQAAAAAAA4q9AAAAAAABggUAAAAAAAGi5QAAAAAAAmI9AAAAAAACIiUAAAAAAADCbQAAAAAAA4HpAAAAAAAAaoEAAAAAAAMiGQAAAAAAAQJpAAAAAAACwlUAAAAAAAI6mQAAAAAAApJBAAAAAAAAgo0AAAAAAAEiUQAAAAAAAnLRAAAAAAACgg0AAAAAAAKiHQAAAAAAACJlAAAAAAACGqkAAAAAAgHjRQAAAAAAAWLxAAAAAAACQhkAAAAAAALKiQAAAAAAAaKxAAAAAAMAr0kAAAAAAAKKzQAAAAACA/MdAAAAAAAAHuUAAAAAAgNrBQAAAAAAAkJtAAAAAAACgq0AAAAAAQCPQQAAAAAAAKJFAAAAAAAATsUAAAAAAACahQAAAAAAARLtAAAAAAAAbtkAAAAAAAKitQAAAAAAAWq9AAAAAAAA0k0AAAAAAAOu5QAAAAAAA2ItAAAAAAADElkAAAAAAAICOQAAAAAAA7JRAAAAAAIAj6EAAAAAAwJzUQAAAAAAAFLZAAAAAAABZuUAAAAAAAECsQAAAAAAAF8VAAAAAAADEnkAAAAAAALqoQAAAAAAAIq1AAAAAAACMlUAAAAAAwAfTQAAAAAAAK7hAAAAAAACXs0AAAAAAAAyQQAAAAAAAIIxAAAAAAAAL1UAAAAAAANiBQAAAAAAAoJ5AAAAAAABYl0AAAAAAAFiMQAAAAACAOMZAAAAAAAAUsEAAAAAAAHCMQAAAAAAA67JAAAAAAADAmUAAAAAAAGqmQAAAAAAAcJRAAAAAAABUtUAAAAAAgNXEQAAAAACAi+lAAAAAAAAokUAAAAAAAJCCQAAAAAAAfKFAAAAAAACGpUAAAAAAAPG6QAAAAAAAx8FA</data>
					</intenArrayBinary>
				</spectrum>
				<spectrum id="90">
					<spectrumDesc>
						<spectrumSettings>
							<spectrumInstrument mzRangeStop="1630.0" mzRangeStart="322.0" msLevel="2" />
						</spectrumSettings>
						<precursorList count="1">
							<precursor msLevel="1" spectrumRef="0">
								<ionSelection>
									<cvParam cvLabel="PSI" accession="PSI:1000041" name="ChargeState" value="2" />
									<cvParam cvLabel="PSI" accession="PSI:1000040" name="MassToChargeRatio" value="937" />
								</ionSelection>
								<activation />
							</precursor>
						</precursorList>
						<comments>Not identified</comments>
					</spectrumDesc>
					<mzArrayBinary>
						<data precision="64" endian="little" length="82">AAAAAAAgdEAAAAAAAPB3QAAAAAAAUHlAAAAAAADAe0AAAAAAAFB9QAAAAAAAYH1AAAAAAABwfUAAAAAAADB+QAAAAAAAoH9AAAAAAACwf0AAAAAAAFiAQAAAAAAAYIBAAAAAAABAgUAAAAAAAEiBQAAAAAAAUIFAAAAAAABQgUAAAAAAAMiBQAAAAAAAyIJAAAAAAAD4gkAAAAAAACiDQAAAAAAAaINAAAAAAAD4g0AAAAAAANiEQAAAAAAAUIVAAAAAAACYhUAAAAAAAKCFQAAAAAAAqIVAAAAAAAAwhkAAAAAAACiHQAAAAAAAMIdAAAAAAACAh0AAAAAAACiJQAAAAAAAMIlAAAAAAAA4iUAAAAAAAICJQAAAAAAAuIlAAAAAAADAiUAAAAAAAMiJQAAAAAAAKIpAAAAAAABQikAAAAAAAPiKQAAAAAAAeItAAAAAAACAi0AAAAAAAOCLQAAAAAAAUIxAAAAAAADYjEAAAAAAAOCMQAAAAAAAoI1AAAAAAACojUAAAAAAALCNQAAAAAAAZJBAAAAAAABokEAAAAAAAGyQQAAAAAAAcJBAAAAAAADAkUAAAAAAAOCRQAAAAAAAKJJAAAAAAAAskkAAAAAAADCSQAAAAAAARJNAAAAAAABIk0AAAAAAAFSTQAAAAAAAEJRAAAAAAABYlEAAAAAAAKCUQAAAAAAApJRAAAAAAAColEAAAAAAAKyUQAAAAAAAWJVAAAAAAAAsl0AAAAAAAOSXQAAAAAAA7JdAAAAAAAAAmUAAAAAAACiZQAAAAAAALJlAAAAAAAAwmUAAAAAAAEiZQAAAAAAATJlAAAAAAABQmUAAAAAAAHCZQAAAAAAAdJlAAAAAAAB4mUA=</data>
					</mzArrayBinary>
					<intenArrayBinary>
						<data precision="64" endian="little" length="82">AAAAAICRzkAAAAAAgCDVQAAAAACAWN9AAAAAAICIzkAAAAAAUD7yQAAAAABA4eZAAAAAAAAS4kAAAAAAAG+6QAAAAAAAG8RAAAAAAAA8u0AAAAAAgMfEQAAAAABgROFAAAAAAKjjFEEAAAAAwCHfQAAAAACgQ+RAAAAAAAAACEAAAAAAALbAQAAAAABAZOBAAAAAAADqyUAAAAAAgHzPQAAAAAAAwsFAAAAAAICC+0AAAAAAwPjSQAAAAACAUthAAAAAAJC+80AAAAAAYPvpQAAAAAAgWedAAAAAAMA37kAAAAAAgKzUQAAAAACAUshAAAAAAIAs40AAAAAAQBjuQAAAAAAAM9VAAAAAAAB23EAAAAAAAHLIQAAAAADo6hpBAAAAAPA38kAAAAAAYErxQAAAAADAG+ZAAAAAAEBf0kAAAAAAIJf0QAAAAAAAOspAAAAAAICH5EAAAAAAgGzUQAAAAADwEvBAAAAAAAA87EAAAAAAgHzhQAAAAADycyZBAAAAAMyAEUEAAAAAwMH2QAAAAABICCZBAAAAAOTFEUEAAAAAiPIPQQAAAAAAAC5AAAAAAACix0AAAAAAIMvsQAAAAAAw1vtAAAAAAABo/0AAAAAAAAAQQAAAAACAXPBAAAAAAIBAykAAAAAAAO/VQAAAAACAvMRAAAAAAIB/xUAAAAAAXBkQQQAAAABA7A1BAAAAALCU8UAAAAAAAAAwQAAAAAAAeeBAAAAAAIDI1kAAAAAA0DvxQAAAAAAA5bpAAAAAAMA43EAAAAAAwKfoQAAAAAAAABRAAAAAAIBUzEAAAAAAeGACQQAAAAAA9/lAAAAAAOCk70AAAAAAPHIXQQAAAADgrglBAAAAAJhtBkE=</data>
					</intenArrayBinary>
				</spectrum>
				<spectrum id="91">
					<spectrumDesc>
						<spectrumSettings>
							<spectrumInstrument mzRangeStop="1118.0" mzRangeStart="176.0" msLevel="2" />
						</spectrumSettings>
						<precursorList count="1">
							<precursor msLevel="1" spectrumRef="0">
								<ionSelection>
									<cvParam cvLabel="PSI" accession="PSI:1000041" name="ChargeState" value="1" />
									<cvParam cvLabel="PSI" accession="PSI:1000040" name="MassToChargeRatio" value="608" />
								</ionSelection>
								<activation />
							</precursor>
						</precursorList>
						<comments>Not identified</comments>
					</spectrumDesc>
					<mzArrayBinary>
						<data precision="64" endian="little" length="95">AAAAAAAAZkAAAAAAAGBmQAAAAAAAIGpAAAAAAABAa0AAAAAAAIBrQAAAAAAAoGtAAAAAAADAbUAAAAAAAJBwQAAAAAAAkHBAAAAAAACgcEAAAAAAAMBwQAAAAAAAoHFAAAAAAACwcUAAAAAAAFBzQAAAAAAAcHRAAAAAAADAdUAAAAAAAAB2QAAAAAAAEHZAAAAAAAAgdkAAAAAAACB2QAAAAAAAIHdAAAAAAAAwd0AAAAAAAMB4QAAAAAAA0HhAAAAAAADgeEAAAAAAAPB4QAAAAAAAAHpAAAAAAABQe0AAAAAAAIB7QAAAAAAAkHtAAAAAAADAe0AAAAAAAFB8QAAAAAAAsHxAAAAAAABgfUAAAAAAALB9QAAAAAAAMH5AAAAAAABQfkAAAAAAAFB+QAAAAAAAsH5AAAAAAABwf0AAAAAAAIB/QAAAAAAAKIBAAAAAAAB4gEAAAAAAAJCAQAAAAAAAsIBAAAAAAAD4gEAAAAAAABiBQAAAAAAAGIFAAAAAAABIgUAAAAAAAICBQAAAAAAAoIFAAAAAAADogUAAAAAAAOiBQAAAAAAACIJAAAAAAAAQgkAAAAAAADiCQAAAAAAASIJAAAAAAABYgkAAAAAAAGCCQAAAAAAAaIJAAAAAAABwgkAAAAAAAHiCQAAAAAAAgIJAAAAAAACIgkAAAAAAAJiCQAAAAAAAoIJAAAAAAACogkAAAAAAANCCQAAAAAAAoIRAAAAAAADIhEAAAAAAAJiFQAAAAAAAUIZAAAAAAABYhkAAAAAAAJiGQAAAAAAAqIZAAAAAAADAhkAAAAAAAFCHQAAAAAAAyIdAAAAAAADwh0AAAAAAADiIQAAAAAAAsIhAAAAAAADIiEAAAAAAABCJQAAAAAAAWIlAAAAAAAB4iUAAAAAAANiKQAAAAAAASItAAAAAAABgi0AAAAAAALCLQAAAAAAA2IxAAAAAAACgjUAAAAAAAMCNQAAAAAAAUJBAAAAAAABokUAAAAAAAHiRQA==</data>
					</mzArrayBinary>
					<intenArrayBinary>
						<data precision="64" endian="little" length="95">AAAAAACHy0AAAAAAAHCxQAAAAAAAILRAAAAAAABJyEAAAAAAAOndQAAAAAAAo7NAAAAAAAAsq0AAAAAAoI3qQAAAAAAAAPA/AAAAAADMokAAAAAAgOnCQAAAAAAAPrlAAAAAAABApkAAAAAAAAjWQAAAAACA08BAAAAAAABwoEAAAAAAAMi6QAAAAACgffJAAAAAAICv0UAAAAAAgDjOQAAAAAAAnqtAAAAAAAA5wEAAAAAAgG3YQAAAAACgT+JAAAAAAAAwoEAAAAAAAN6yQAAAAAAAUqBAAAAAAACAokAAAAAAAHqiQAAAAACAOtZAAAAAAADsqUAAAAAAAI+8QAAAAADAp9ZAAAAAAAB8mkAAAAAAgIPAQAAAAAAArLBAAAAAAABL1UAAAAAAABq+QAAAAAAAMbNAAAAAACA07kAAAAAAAJuzQAAAAAAAH79AAAAAAAB+oEAAAAAAgHDKQAAAAAAA3JZAAAAAAAB8kkAAAAAAABnhQAAAAAAAkqRAAAAAAAA9sUAAAAAAANTIQAAAAAAANKJAAAAAAICK3kAAAAAAAHyfQAAAAAAA7KxAAAAAAABis0AAAAAAgCXDQAAAAACA1MFAAAAAAAB7tEAAAAAAAIi5QAAAAADAwtBAAAAAAOBR8EAAAAAAVjw4QQAAAADscxVBAAAAAAAA8D8AAAAAgKLbQAAAAAAA8rRAAAAAAAAkyUAAAAAAgKfIQAAAAAAAgJ1AAAAAAMAB1EAAAAAAAH6mQAAAAAAA1LRAAAAAAAC9skAAAAAAADywQAAAAADAk9pAAAAAAMDY0EAAAAAAAEimQAAAAAAAIcBAAAAAAAAQwUAAAAAAgKPBQAAAAACARcJAAAAAAAC1vEAAAAAAAGy8QAAAAAAAOrFAAAAAAAAsk0AAAAAAAHKwQAAAAAAAzLFAAAAAAADNvkAAAAAAANCyQAAAAAAAsqNAAAAAAACJs0AAAAAAAKqwQAAAAAAAwqZAAAAAAAA0s0AAAAAAgLrDQA==</data>
					</intenArrayBinary>
				</spectrum>
				<spectrum id="92">
					<spectrumDesc>
						<spectrumSettings>
							<spectrumInstrument mzRangeStop="850.0" mzRangeStart="674.0" msLevel="2" />
						</spectrumSettings>
						<precursorList count="1">
							<precursor msLevel="1" spectrumRef="0">
								<ionSelection>
									<cvParam cvLabel="PSI" accession="PSI:1000041" name="ChargeState" value="1" />
									<cvParam cvLabel="PSI" accession="PSI:1000040" name="MassToChargeRatio" value="815" />
								</ionSelection>
								<activation />
							</precursor>
						</precursorList>
						<comments>Not identified</comments>
					</spectrumDesc>
					<mzArrayBinary>
						<data precision="64" endian="little" length="13">AAAAAAAQhUAAAAAAAHiFQAAAAAAA4IVAAAAAAABQhkAAAAAAAICGQAAAAAAA+IZAAAAAAAAgh0AAAAAAAOCHQAAAAAAA4IhAAAAAAADoiEAAAAAAACCJQAAAAAAAcIlAAAAAAACQikA=</data>
					</mzArrayBinary>
					<intenArrayBinary>
						<data precision="64" endian="little" length="13">AAAAAABsl0AAAAAAAJiWQAAAAAAAB7RAAAAAAADuokAAAAAAAN3AQAAAAAAAYKVAAAAAAADKpUAAAAAAAJCPQAAAAAAAwIBAAAAAAAC4s0AAAAAAALiBQAAAAAAAMIRAAAAAAACYkkA=</data>
					</intenArrayBinary>
				</spectrum>
				<spectrum id="93">
					<spectrumDesc>
						<spectrumSettings>
							<spectrumInstrument mzRangeStop="1631.0" mzRangeStart="324.0" msLevel="2" />
						</spectrumSettings>
						<precursorList count="1">
							<precursor msLevel="1" spectrumRef="0">
								<ionSelection>
									<cvParam cvLabel="PSI" accession="PSI:1000041" name="ChargeState" value="2" />
									<cvParam cvLabel="PSI" accession="PSI:1000040" name="MassToChargeRatio" value="937" />
								</ionSelection>
								<activation />
							</precursor>
						</precursorList>
						<comments>Not identified</comments>
					</spectrumDesc>
					<mzArrayBinary>
						<data precision="64" endian="little" length="88">AAAAAABAdEAAAAAAAFB5QAAAAAAAoHtAAAAAAACwe0AAAAAAADB8QAAAAAAAQHxAAAAAAABgfUAAAAAAAHB9QAAAAAAAEH9AAAAAAACIgEAAAAAAAMCAQAAAAAAAEIFAAAAAAABAgUAAAAAAAEiBQAAAAAAAUIFAAAAAAADQgUAAAAAAAACCQAAAAAAAEINAAAAAAABog0AAAAAAAHCDQAAAAAAAuINAAAAAAAD4g0AAAAAAAACEQAAAAAAAoIVAAAAAAACohUAAAAAAAAiGQAAAAAAAMIZAAAAAAABYhkAAAAAAAACHQAAAAAAAEIdAAAAAAAAoh0AAAAAAAOiHQAAAAAAACIhAAAAAAAAYiEAAAAAAAEiIQAAAAAAAUIhAAAAAAACoiEAAAAAAANCIQAAAAAAAKIlAAAAAAAAwiUAAAAAAALiJQAAAAAAAwIlAAAAAAADIiUAAAAAAAJiKQAAAAAAAyItAAAAAAAAAjEAAAAAAADCMQAAAAAAAUIxAAAAAAABYjEAAAAAAAMiMQAAAAAAA4IxAAAAAAADojEAAAAAAAKCNQAAAAAAAqI1AAAAAAACwjUAAAAAAAFiPQAAAAAAAHJBAAAAAAAA8kEAAAAAAAGSQQAAAAAAAaJBAAAAAAABskEAAAAAAANiQQAAAAAAAKJJAAAAAAAAskkAAAAAAAESTQAAAAAAASJNAAAAAAABMk0AAAAAAAFSUQAAAAAAAXJRAAAAAAABglEAAAAAAAKCUQAAAAAAApJRAAAAAAAColEAAAAAAADSVQAAAAAAA8JZAAAAAAACcl0AAAAAAAKCXQAAAAAAA5JdAAAAAAADol0AAAAAAACyZQAAAAAAAMJlAAAAAAABImUAAAAAAAEyZQAAAAAAAUJlAAAAAAABwmUAAAAAAAHSZQAAAAAAAeJlAAAAAAAB8mUA=</data>
					</mzArrayBinary>
					<intenArrayBinary>
						<data precision="64" endian="little" length="88">AAAAAICywEAAAAAAAFC/QAAAAAAAh7BAAAAAAADsq0AAAAAAAKffQAAAAAAAmbdAAAAAAMAN00AAAAAAIDjqQAAAAAAAE7xAAAAAAMDF1kAAAAAAAKqjQAAAAAAAaJlAAAAAALDa/EAAAAAAgInQQAAAAAAAfKpAAAAAAAAcpkAAAAAAgJ/UQAAAAAAAzLBAAAAAAAAqtkAAAAAAANaoQAAAAAAAvJdAAAAAAIBJ1EAAAAAAADqrQAAAAABwN/JAAAAAAABaxUAAAAAAgOXHQAAAAACAEPBAAAAAAIChw0AAAAAAwFjWQAAAAACA4slAAAAAAAA4qUAAAAAAgNLPQAAAAAAAGbZAAAAAAFAB+kAAAAAAAATWQAAAAAAAQJ9AAAAAAAC1tUAAAAAAANCjQAAAAACgJe5AAAAAAAAMykAAAAAAMB8UQQAAAABAGNBAAAAAAEA400AAAAAAAF6pQAAAAAAAtK1AAAAAAABIpUAAAAAAgBbCQAAAAACAMexAAAAAAMB27EAAAAAAANK2QAAAAABIMQNBAAAAAADe1EAAAAAA2EgTQQAAAADgS+VAAAAAAACJ/kAAAAAAgPnCQAAAAAAAJcVAAAAAAADAqEAAAAAAlPAWQQAAAADA+/dAAAAAAAAD2kAAAAAAAKqgQAAAAAAgpOpAAAAAAJBT8EAAAAAAgAfcQAAAAAAA17pAAAAAAAA3tUAAAAAAAMqqQAAAAAAAc7BAAAAAAACAnEAAAAAAMOgMQQAAAACAyO5AAAAAAMDW0UAAAAAAAIKvQAAAAAAAVq9AAAAAAMBH6EAAAAAA4NzoQAAAAAAAtLpAAAAAAADeuEAAAAAAAJK1QAAAAACA9chAAAAAAEAz0UAAAAAAIOfsQAAAAACAu+BAAAAAAHBF9EAAAAAAYA37QAAAAABQ3flAAAAAAAAA8D8=</data>
					</intenArrayBinary>
				</spectrum>
				<spectrum id="94">
					<spectrumDesc>
						<spectrumSettings>
							<spectrumInstrument mzRangeStop="1518.0" mzRangeStart="365.0" msLevel="2" />
						</spectrumSettings>
						<precursorList count="1">
							<precursor msLevel="1" spectrumRef="0">
								<ionSelection>
									<cvParam cvLabel="PSI" accession="PSI:1000041" name="ChargeState" value="2" />
									<cvParam cvLabel="PSI" accession="PSI:1000040" name="MassToChargeRatio" value="1130" />
								</ionSelection>
								<activation />
							</precursor>
						</precursorList>
						<comments>Not identified</comments>
					</spectrumDesc>
					<mzArrayBinary>
						<data precision="64" endian="little" length="36">AAAAAADQdkAAAAAAALB6QAAAAAAAsIBAAAAAAACAgUAAAAAAAEiFQAAAAAAAyIdAAAAAAAAIiUAAAAAAAJiJQAAAAAAAeIpAAAAAAADIjEAAAAAAABCNQAAAAAAAUI1AAAAAAAAIjkAAAAAAAGCOQAAAAAAAcI5AAAAAAADojkAAAAAAAEiPQAAAAAAAUI9AAAAAAACIj0AAAAAAAKCPQAAAAAAABJBAAAAAAAAkkEAAAAAAAGSQQAAAAAAApJBAAAAAAAC0kEAAAAAAALiQQAAAAAAA0JBAAAAAAAAEkUAAAAAAACiRQAAAAAAAYJFAAAAAAABAkkAAAAAAAPSSQAAAAAAA+JNAAAAAAAAAlUAAAAAAALSVQAAAAAAAuJdA</data>
					</mzArrayBinary>
					<intenArrayBinary>
						<data precision="64" endian="little" length="36">AAAAAADQkUAAAAAAAPiXQAAAAAAAUI1AAAAAAADyo0AAAAAAALCdQAAAAAAA0JpAAAAAAAC8oUAAAAAAAPq0QAAAAAAA0qFAAAAAAAC4hkAAAAAAAD21QAAAAAAAlqBAAAAAAAAAo0AAAAAAACyQQAAAAAAAQJ1AAAAAAAAQfUAAAAAAAMqlQAAAAAAAbJBAAAAAAACkkUAAAAAAAF6kQAAAAAAABqhAAAAAAACKoEAAAAAAAH6nQAAAAAAArJpAAAAAAAAsokAAAAAAAAuxQAAAAAAAe8NAAAAAAAAcu0AAAAAAAPiPQAAAAAAAWIlAAAAAAAAAi0AAAAAAAByQQAAAAAAAIqBAAAAAAIA1wEAAAAAAAByrQAAAAAAA6rJA</data>
					</intenArrayBinary>
				</spectrum>
				<spectrum id="95">
					<spectrumDesc>
						<spectrumSettings>
							<spectrumInstrument mzRangeStop="1117.0" mzRangeStart="764.0" msLevel="2" />
						</spectrumSettings>
						<precursorList count="1">
							<precursor msLevel="1" spectrumRef="0">
								<ionSelection>
									<cvParam cvLabel="PSI" accession="PSI:1000041" name="ChargeState" value="2" />
									<cvParam cvLabel="PSI" accession="PSI:1000040" name="MassToChargeRatio" value="1012" />
								</ionSelection>
								<activation />
							</precursor>
						</precursorList>
						<comments>Not identified</comments>
					</spectrumDesc>
					<mzArrayBinary>
						<data precision="64" endian="little" length="9">AAAAAADgh0AAAAAAAHiKQAAAAAAAkI1AAAAAAADIjUAAAAAAANCPQAAAAAAAXJBAAAAAAAB8kEAAAAAAAKiQQAAAAAAAdJFA</data>
					</mzArrayBinary>
					<intenArrayBinary>
						<data precision="64" endian="little" length="9">AAAAAAA+q0AAAAAAABSWQAAAAAAACqNAAAAAAADQjkAAAAAAACCSQAAAAAAAzKFAAAAAAAA8kEAAAAAAADSRQAAAAAAAWJ5A</data>
					</intenArrayBinary>
				</spectrum>
				<spectrum id="96">
					<spectrumDesc>
						<spectrumSettings>
							<spectrumInstrument mzRangeStop="1283.0" mzRangeStart="212.0" msLevel="2" />
						</spectrumSettings>
						<precursorList count="1">
							<precursor msLevel="1" spectrumRef="0">
								<ionSelection>
									<cvParam cvLabel="PSI" accession="PSI:1000041" name="ChargeState" value="3" />
									<cvParam cvLabel="PSI" accession="PSI:1000040" name="MassToChargeRatio" value="726" />
								</ionSelection>
								<activation />
							</precursor>
						</precursorList>
						<comments>Not identified</comments>
					</spectrumDesc>
					<mzArrayBinary>
						<data precision="64" endian="little" length="120">AAAAAACAakAAAAAAAABvQAAAAAAAAHFAAAAAAAAgcUAAAAAAAPBzQAAAAAAAMHRAAAAAAABwdEAAAAAAANB0QAAAAAAAgHZAAAAAAAAgd0AAAAAAADB4QAAAAAAAUHhAAAAAAABgeEAAAAAAAAB6QAAAAAAAEHpAAAAAAAAwe0AAAAAAADB7QAAAAAAAQHtAAAAAAABQfEAAAAAAAGB8QAAAAAAAcHxAAAAAAADwfEAAAAAAADB9QAAAAAAAkH1AAAAAAAAQfkAAAAAAAJB+QAAAAAAA0H5AAAAAAAAAf0AAAAAAAEB/QAAAAAAASIFAAAAAAAB4gUAAAAAAANiBQAAAAAAAAIJAAAAAAAAwgkAAAAAAAHCCQAAAAAAAeIJAAAAAAAAQg0AAAAAAAGCDQAAAAAAAaINAAAAAAABog0AAAAAAAHCDQAAAAAAAgINAAAAAAADAg0AAAAAAAPiDQAAAAAAAAIRAAAAAAAAQhEAAAAAAACiEQAAAAAAAUIRAAAAAAABwhEAAAAAAAHiEQAAAAAAAoIRAAAAAAADAhEAAAAAAAOiEQAAAAAAAWIVAAAAAAABohUAAAAAAAHCFQAAAAAAAsIVAAAAAAAAohkAAAAAAADCGQAAAAAAAaIZAAAAAAABwhkAAAAAAAHiGQAAAAAAA8IdAAAAAAAD4h0AAAAAAAACIQAAAAAAACIhAAAAAAAAwiEAAAAAAAGiIQAAAAAAA2IhAAAAAAAAYiUAAAAAAAGiJQAAAAAAAcIlAAAAAAAB4iUAAAAAAAICJQAAAAAAAAItAAAAAAAAQi0AAAAAAAECLQAAAAAAAiItAAAAAAADgi0AAAAAAAFiMQAAAAAAA8IxAAAAAAAAwjUAAAAAAAEiNQAAAAAAAwI1AAAAAAADIjUAAAAAAAACOQAAAAAAACI5AAAAAAAAQjkAAAAAAALCOQAAAAAAA+I5AAAAAAABAj0AAAAAAAEiPQAAAAAAAUI9AAAAAAADIj0AAAAAAANCPQAAAAAAA2I9AAAAAAADoj0AAAAAAAOiPQAAAAAAAXJBAAAAAAABgkEAAAAAAAKSQQAAAAAAApJBAAAAAAACokEAAAAAAAKyQQAAAAAAAOJFAAAAAAADckUAAAAAAANyRQAAAAAAA4JFAAAAAAAAkkkAAAAAAADCSQAAAAAAAaJJAAAAAAABskkAAAAAAAHCSQAAAAAAAdJJAAAAAAAB4kkAAAAAAAJySQAAAAAAAuJNAAAAAAAD0k0AAAAAAAPiTQAAAAAAADJRA</data>
					</mzArrayBinary>
					<intenArrayBinary>
						<data precision="64" endian="little" length="120">AAAAAABQqkAAAAAAAAvBQAAAAAAAheFAAAAAAADYt0AAAAAAADewQAAAAACAZchAAAAAAAC0rUAAAAAAAFqwQAAAAAAAgq1AAAAAAADotUAAAAAAgGnlQAAAAACAUtdAAAAAAAAIiEAAAAAAAImxQAAAAAAAp71AAAAAAACQ9kAAAAAAAAAAQAAAAAAAdbpAAAAAAADWwUAAAAAAAJ+3QAAAAACAi8NAAAAAAAD4q0AAAAAAgLnFQAAAAAAAtb1AAAAAAACQwkAAAAAAAKy8QAAAAAAADMpAAAAAAICBwkAAAAAAQH/dQAAAAACAd8ZAAAAAAAAdw0AAAAAAQA7gQAAAAAAAfs1AAAAAAIC9wUAAAAAAAE75QAAAAAAAaLdAAAAAAAAatEAAAAAAgPvKQAAAAACAgsJAAAAAAABVsUAAAAAAAIW7QAAAAAAActlAAAAAAIAXzkAAAAAAwArgQAAAAAAAAedAAAAAAICjx0AAAAAAAIStQAAAAAAAbK1AAAAAAAAOuEAAAAAAADjIQAAAAAAA3bxAAAAAAEAW0EAAAAAAAAyxQAAAAAAAwK1AAAAAACCd5UAAAAAAAP+0QAAAAABAF9FAAAAAAICu00AAAAAAAIPFQAAAAADg9+FAAAAAAEBS5kAAAAAAAAAQQAAAAAAArMxAAAAAAAAQ1UAAAAAAAGq6QAAAAACAOdJAAAAAAODS5UAAAAAAAL/EQAAAAAAANKtAAAAAAACWrkAAAAAAYDjlQAAAAACAZ9RAAAAAAEDt0kAAAAAAwHrSQAAAAACAl8NAAAAAAAC4o0AAAAAAAMrSQAAAAACA19BAAAAAAIBW00AAAAAAwAjSQAAAAAAAJL1AAAAAAADrukAAAAAAABzFQAAAAABAVuRAAAAAAICpw0AAAAAAAFznQAAAAAAgQeJAAAAAAACqtkAAAAAAAKCkQAAAAAAAvdFAAAAAAAA+tkAAAAAAAJfMQAAAAACAjMhAAAAAAPAgBUEAAAAAkHsAQQAAAACA+8VAAAAAAIDc3kAAAAAAAAAQQAAAAAAAe8NAAAAAAACm2kAAAAAAgBfdQAAAAABA8O9AAAAAAEC+1kAAAAAAgCzBQAAAAAAAF8BAAAAAAABfzkAAAAAAgMDWQAAAAAAAAPA/AAAAAIBryUAAAAAAAJzPQAAAAABAjedAAAAAAGCZ50AAAAAAQALpQAAAAACA+d9AAAAAAICsy0AAAAAAABm8QAAAAACAa8tAAAAAAKC/4UAAAAAAAHbIQAAAAACAdsBA</data>
					</intenArrayBinary>
				</spectrum>
				<spectrum id="97">
					<spectrumDesc>
						<spectrumSettings>
							<spectrumInstrument mzRangeStop="1871.0" mzRangeStart="404.0" msLevel="2" />
						</spectrumSettings>
						<precursorList count="1">
							<precursor msLevel="1" spectrumRef="0">
								<ionSelection>
									<cvParam cvLabel="PSI" accession="PSI:1000041" name="ChargeState" value="2" />
									<cvParam cvLabel="PSI" accession="PSI:1000040" name="MassToChargeRatio" value="1088" />
								</ionSelection>
								<activation />
							</precursor>
						</precursorList>
						<comments>Not identified</comments>
					</spectrumDesc>
					<mzArrayBinary>
						<data precision="64" endian="little" length="39">AAAAAABAeUAAAAAAAEB9QAAAAAAA6IFAAAAAAABgg0AAAAAAAGiEQAAAAAAA0IRAAAAAAADAhUAAAAAAAIiGQAAAAAAAMIlAAAAAAAD4i0AAAAAAABCMQAAAAAAAEI1AAAAAAAAgjUAAAAAAAGCNQAAAAAAAuI1AAAAAAADgjUAAAAAAALCOQAAAAAAA2I5AAAAAAADwjkAAAAAAAECPQAAAAAAASI9AAAAAAACQj0AAAAAAAASQQAAAAAAAKJBAAAAAAABQkEAAAAAAAICQQAAAAAAAjJBAAAAAAAC8kEAAAAAAAMCQQAAAAAAAJJJAAAAAAAAsk0AAAAAAAESTQAAAAAAAnJNAAAAAAAC4lEAAAAAAAMSUQAAAAAAApJVAAAAAAAAAlkAAAAAAAFSXQAAAAAAAPJ1A</data>
					</mzArrayBinary>
					<intenArrayBinary>
						<data precision="64" endian="little" length="39">AAAAAAAAkUAAAAAAAAiVQAAAAAAA1qRAAAAAAADEnUAAAAAAAMySQAAAAAAA1JFAAAAAAADUmEAAAAAAALyYQAAAAAAA6qlAAAAAAABMrkAAAAAAAMixQAAAAAAAqJ1AAAAAAAC8k0AAAAAAABLDQAAAAAAA0qRAAAAAAADwgEAAAAAAACSXQAAAAAAApr9AAAAAAACgnkAAAAAAABB8QAAAAAAAvJpAAAAAAABUlkAAAAAAAIi4QAAAAAAA971AAAAAAABkpEAAAAAAAPiSQAAAAAAA1bBAAAAAAAAEpEAAAAAAAOCfQAAAAAAAvJFAAAAAAABoh0AAAAAAACawQAAAAAAAEHpAAAAAAADIkUAAAAAAAEiQQAAAAAAA37ZAAAAAAABMlUAAAAAAAJ+6QAAAAAAA+IpA</data>
					</intenArrayBinary>
				</spectrum>
				<spectrum id="98">
					<spectrumDesc>
						<spectrumSettings>
							<spectrumInstrument mzRangeStop="723.0" mzRangeStart="155.0" msLevel="2" />
						</spectrumSettings>
						<precursorList count="1">
							<precursor msLevel="1" spectrumRef="0">
								<ionSelection>
									<cvParam cvLabel="PSI" accession="PSI:1000041" name="ChargeState" value="1" />
									<cvParam cvLabel="PSI" accession="PSI:1000040" name="MassToChargeRatio" value="462" />
								</ionSelection>
								<activation />
							</precursor>
						</precursorList>
						<comments>Not identified</comments>
					</spectrumDesc>
					<mzArrayBinary>
						<data precision="64" endian="little" length="49">AAAAAABgY0AAAAAAACBlQAAAAAAAAGlAAAAAAACAa0AAAAAAAMBtQAAAAAAA4G9AAAAAAADAc0AAAAAAABB0QAAAAAAAcHRAAAAAAACAdEAAAAAAADB1QAAAAAAAUHVAAAAAAABgdkAAAAAAANB3QAAAAAAAEHhAAAAAAAAgeEAAAAAAAHB4QAAAAAAAMHlAAAAAAABAeUAAAAAAAJB5QAAAAAAAMHpAAAAAAACgekAAAAAAAMB6QAAAAAAA4HpAAAAAAAAAe0AAAAAAACB7QAAAAAAAQHtAAAAAAABwe0AAAAAAAIB7QAAAAAAAsHtAAAAAAACwe0AAAAAAAMB7QAAAAAAA0HtAAAAAAADwe0AAAAAAACB8QAAAAAAAUHxAAAAAAABgfEAAAAAAAIB8QAAAAAAAwHxAAAAAAADQfEAAAAAAAPB8QAAAAAAA4H1AAAAAAABwf0AAAAAAAACCQAAAAAAAoINAAAAAAABQhEAAAAAAACiFQAAAAAAAkIZAAAAAAACYhkA=</data>
					</mzArrayBinary>
					<intenArrayBinary>
						<data precision="64" endian="little" length="49">AAAAAADQlUAAAAAAAKCmQAAAAAAApJtAAAAAAAAYjEAAAAAAALSrQAAAAAAAtJhAAAAAAADwuEAAAAAAAESaQAAAAAAA0qBAAAAAAAAMmUAAAAAAAKiHQAAAAAAAXJVAAAAAAADwkEAAAAAAAMCnQAAAAAAA+IBAAAAAAABYoEAAAAAAALyWQAAAAAAAObBAAAAAAACkmUAAAAAAALyVQAAAAAAAdKxAAAAAAAD8rUAAAAAAwLXXQAAAAAAAsIFAAAAAAABMpEAAAAAAAKCLQAAAAAAASI9AAAAAAIAUwEAAAAAAAIqtQAAAAACAltZAAAAAAAATuUAAAAAAlE4dQQAAAACg+exAAAAAAAB3v0AAAAAAACiOQAAAAAAAb7dAAAAAAAAIn0AAAAAAALy3QAAAAAAAMHdAAAAAAABclUAAAAAAAPKzQAAAAAAAEIBAAAAAAABImUAAAAAAANiGQAAAAAAAnq1AAAAAAABQo0AAAAAAAJiSQAAAAAAAXLBAAAAAAAAQkUA=</data>
					</intenArrayBinary>
				</spectrum>
				<spectrum id="99">
					<spectrumDesc>
						<spectrumSettings>
							<spectrumInstrument mzRangeStop="1209.0" mzRangeStart="209.0" msLevel="2" />
						</spectrumSettings>
						<precursorList count="1">
							<precursor msLevel="1" spectrumRef="0">
								<ionSelection>
									<cvParam cvLabel="PSI" accession="PSI:1000041" name="ChargeState" value="2" />
									<cvParam cvLabel="PSI" accession="PSI:1000040" name="MassToChargeRatio" value="636" />
								</ionSelection>
								<activation />
							</precursor>
						</precursorList>
						<comments>Identified</comments>
					</spectrumDesc>
					<mzArrayBinary>
						<data precision="64" endian="little" length="179">AAAAAAAgakAAAAAAACBsQAAAAAAAIG1AAAAAAABAbUAAAAAAAGBuQAAAAAAAwG5AAAAAAABAcEAAAAAAALBwQAAAAAAAIHFAAAAAAABAcUAAAAAAAHByQAAAAAAAkHRAAAAAAABwdUAAAAAAAFB2QAAAAAAAoHZAAAAAAACgd0AAAAAAAJB4QAAAAAAAoHhAAAAAAAAgeUAAAAAAACB6QAAAAAAAcHpAAAAAAACAekAAAAAAAMB6QAAAAAAAUHtAAAAAAACwe0AAAAAAAAB8QAAAAAAAIHxAAAAAAAAwfEAAAAAAALB8QAAAAAAAwHxAAAAAAADgfEAAAAAAAAB9QAAAAAAAgH1AAAAAAACQfUAAAAAAACB+QAAAAAAAMH5AAAAAAABAfkAAAAAAAFB+QAAAAAAAkH5AAAAAAADAfkAAAAAAAAB/QAAAAAAAcH9AAAAAAACwf0AAAAAAAFCAQAAAAAAAkIBAAAAAAACQgEAAAAAAAKCAQAAAAAAAyIBAAAAAAADYgEAAAAAAANiAQAAAAAAA4IBAAAAAAADogEAAAAAAAACBQAAAAAAAKIFAAAAAAABIgUAAAAAAAFCBQAAAAAAAWIFAAAAAAABwgUAAAAAAAHiBQAAAAAAAoIFAAAAAAADYgUAAAAAAAOCBQAAAAAAA+IFAAAAAAAAYgkAAAAAAADiCQAAAAAAAUIJAAAAAAABYgkAAAAAAAGiCQAAAAAAAcIJAAAAAAAB4gkAAAAAAAICCQAAAAAAAkIJAAAAAAACYgkAAAAAAAJiCQAAAAAAAsIJAAAAAAADAgkAAAAAAAMiCQAAAAAAA2IJAAAAAAADggkAAAAAAAPCCQAAAAAAA8IJAAAAAAAAAg0AAAAAAAAiDQAAAAAAAGINAAAAAAAA4g0AAAAAAAGCDQAAAAAAAqINAAAAAAAAQhEAAAAAAABiEQAAAAAAAGIRAAAAAAAAohEAAAAAAADCEQAAAAAAAOIRAAAAAAABYhEAAAAAAAGCEQAAAAAAAYIRAAAAAAACghEAAAAAAALCEQAAAAAAAuIRAAAAAAADIhEAAAAAAAJCFQAAAAAAA4IVAAAAAAADohUAAAAAAAPCFQAAAAAAA+IVAAAAAAAAAhkAAAAAAACiGQAAAAAAAOIZAAAAAAAB4hkAAAAAAAIiGQAAAAAAASIdAAAAAAACQh0AAAAAAAPiHQAAAAAAAEIhAAAAAAAAQiEAAAAAAADCIQAAAAAAAWIhAAAAAAACAiEAAAAAAAPCIQAAAAAAA+IhAAAAAAAAYiUAAAAAAACCJQAAAAAAAKIlAAAAAAABwiUAAAAAAAHiJQAAAAAAAgIlAAAAAAACIiUAAAAAAAJiJQAAAAAAAwIlAAAAAAADIiUAAAAAAANCJQAAAAAAAAIpAAAAAAAAIikAAAAAAABCKQAAAAAAAMIpAAAAAAABIikAAAAAAALCKQAAAAAAA+IpAAAAAAAAAi0AAAAAAAJiLQAAAAAAAEIxAAAAAAAAojEAAAAAAAPiMQAAAAAAAAI1AAAAAAAAIjUAAAAAAAIiNQAAAAAAAkI1AAAAAAACYjUAAAAAAABCOQAAAAAAAGI5AAAAAAAAojkAAAAAAAEiOQAAAAAAAgI5AAAAAAADgjkAAAAAAAACPQAAAAAAAAI9AAAAAAAAIj0AAAAAAAEiPQAAAAAAAWI9AAAAAAAAUkEAAAAAAAFyQQAAAAAAAkJBAAAAAAADMkEAAAAAAANCQQAAAAAAA1JBAAAAAAAAkkUAAAAAAAESRQAAAAAAARJFAAAAAAABskUAAAAAAAMSRQAAAAAAA6JFAAAAAAAAIkkAAAAAAAEiSQAAAAAAAlJJAAAAAAACUkkAAAAAAAJySQAAAAAAA3JJAAAAAAADgkkAAAAAAAOSSQA==</data>
					</mzArrayBinary>
					<intenArrayBinary>
						<data precision="64" endian="little" length="179">AAAAAEC53UAAAAAAAPatQAAAAAAAyNJAAAAAAADDvUAAAAAAAGHHQAAAAAAA8sJAAAAAAICn10AAAAAAQD/XQAAAAACAHcFAAAAAAAC60EAAAAAAgBrOQAAAAAAARcNAAAAAAAD8pEAAAAAAgFjgQAAAAAAAqtBAAAAAAADotkAAAAAAAEPMQAAAAACAzNtAAAAAAMC11EAAAAAAAJ/WQAAAAAAAGbdAAAAAAIB9xUAAAAAAIO/jQAAAAAAAib5AAAAAAMCY2kAAAAAAQDDVQAAAAACA1NNAAAAAAABzuUAAAAAAwHrmQAAAAAAAtdNAAAAAAIBpwUAAAAAA4LjwQAAAAAAAf7BAAAAAAIAKwUAAAAAA0IT1QAAAAAAgVeRAAAAAAIBZ2UAAAAAAAKSRQAAAAAAAqMRAAAAAAGBV4EAAAAAAIGDiQAAAAAAAY9hAAAAAAAB2oUAAAAAAADG7QAAAAACgHOxAAAAAAACzuEAAAAAAAH/RQAAAAAAQefRAAAAAAIDy8EAAAAAAAP3LQAAAAAAAAABAAAAAAOCE4UAAAAAAAHTkQAAAAADQC/BAAAAAABivAUEAAAAAAN/TQAAAAAAAz7pAAAAAAIDH0UAAAAAAAAAkQAAAAACAFcJAAAAAAAAZw0AAAAAAAH63QAAAAAAAP71AAAAAAACxxUAAAAAAgIbAQAAAAAAA1slAAAAAAABwvEAAAAAA4sYlQQAAAADAlvNAAAAAAODJ/EAAAAAAgCLEQAAAAAD4KwFBAAAAAADy4UAAAAAAAADwPwAAAACA0dVAAAAAAPiVDkEAAAAAAGraQAAAAAAAnsZAAAAAANDc80AAAAAAIBnxQAAAAABAdtNAAAAAAADuwkAAAAAAYG/nQAAAAABA/uZAAAAAAECj50AAAAAAAD3CQAAAAACAQMZAAAAAAAAMz0AAAAAAAKLXQAAAAAAQ2vlAAAAAAAAvt0AAAAAAWFIHQQAAAABARuJAAAAAAJA19EAAAAAAeJ8GQQAAAACAEOBAAAAAAPBZEkEAAAAAgFvCQAAAAACAm89AAAAAAABb2EAAAAAAAEfLQAAAAACAQt1AAAAAAIDrzEAAAAAACOcDQQAAAABA3NJAAAAAAMBE3EAAAAAAALrOQAAAAAAANbNAAAAAAAAjvkAAAAAAAMnRQAAAAACAsNhAAAAAAADwqkAAAAAAgI3CQAAAAABA5ABBAAAAAMCg0UAAAAAAAIHHQAAAAABg8eFAAAAAAAAY00AAAAAA4AHwQAAAAAAAgbpAAAAAAIDjC0EAAAAAIOT/QAAAAAAAMK9AAAAAAABmokAAAAAAYLTiQAAAAACAGdxAAAAAAEC60EAAAAAAAIOwQAAAAAD4LRVBAAAAAMh4AUEAAAAAoBDhQAAAAADgywBBAAAAAAA41EAAAAAAADfEQAAAAAAA1NZAAAAAAAAk1EAAAAAAAH21QAAAAAAAcNNAAAAAAIDRwUAAAAAAALu6QAAAAACAnMZAAAAAAABvyEAAAAAAABv2QAAAAABABtJAAAAAAABxskAAAAAAkC3/QAAAAAAAAABAAAAAAACgy0AAAAAAgCfHQAAAAADgsO1AAAAAAKBc4UAAAAAAQLPUQAAAAAAAhLpAAAAAAADWr0AAAAAAwIzUQAAAAAAAAPA/AAAAAABYy0AAAAAAwMzbQAAAAAAA2LlAAAAAAMDJ2kAAAAAAABq6QAAAAAAAArNAAAAAAABjsUAAAAAAAJiyQAAAAAAAv99AAAAAAMB/0UAAAAAAwKDSQAAAAAAAGqJAAAAAAICUyEAAAAAAwGXUQAAAAAAAVNpAAAAAAAAtu0AAAAAAAIzNQAAAAAAA1eZAAAAAAAAc1EAAAAAAAFm2QAAAAAAAH85AAAAAAAAawEAAAAAAgMrQQA==</data>
					</intenArrayBinary>
				</spectrum>
				<spectrum id="100">
					<spectrumDesc>
						<spectrumSettings>
							<spectrumInstrument mzRangeStop="1209.0" mzRangeStart="209.0" msLevel="2" />
						</spectrumSettings>
						<precursorList count="1">
							<precursor msLevel="1" spectrumRef="0">
								<ionSelection>
									<cvParam cvLabel="PSI" accession="PSI:1000041" name="ChargeState" value="3" />
									<cvParam cvLabel="PSI" accession="PSI:1000040" name="MassToChargeRatio" value="636" />
								</ionSelection>
								<activation />
							</precursor>
						</precursorList>
						<comments>Identified</comments>
					</spectrumDesc>
					<mzArrayBinary>
						<data precision="64" endian="little" length="179">AAAAAAAgakAAAAAAACBsQAAAAAAAIG1AAAAAAABAbUAAAAAAAGBuQAAAAAAAwG5AAAAAAABAcEAAAAAAALBwQAAAAAAAIHFAAAAAAABAcUAAAAAAAHByQAAAAAAAkHRAAAAAAABwdUAAAAAAAFB2QAAAAAAAoHZAAAAAAACgd0AAAAAAAJB4QAAAAAAAoHhAAAAAAAAgeUAAAAAAACB6QAAAAAAAcHpAAAAAAACAekAAAAAAAMB6QAAAAAAAUHtAAAAAAACwe0AAAAAAAAB8QAAAAAAAIHxAAAAAAAAwfEAAAAAAALB8QAAAAAAAwHxAAAAAAADgfEAAAAAAAAB9QAAAAAAAgH1AAAAAAACQfUAAAAAAACB+QAAAAAAAMH5AAAAAAABAfkAAAAAAAFB+QAAAAAAAkH5AAAAAAADAfkAAAAAAAAB/QAAAAAAAcH9AAAAAAACwf0AAAAAAAFCAQAAAAAAAkIBAAAAAAACQgEAAAAAAAKCAQAAAAAAAyIBAAAAAAADYgEAAAAAAANiAQAAAAAAA4IBAAAAAAADogEAAAAAAAACBQAAAAAAAKIFAAAAAAABIgUAAAAAAAFCBQAAAAAAAWIFAAAAAAABwgUAAAAAAAHiBQAAAAAAAoIFAAAAAAADYgUAAAAAAAOCBQAAAAAAA+IFAAAAAAAAYgkAAAAAAADiCQAAAAAAAUIJAAAAAAABYgkAAAAAAAGiCQAAAAAAAcIJAAAAAAAB4gkAAAAAAAICCQAAAAAAAkIJAAAAAAACYgkAAAAAAAJiCQAAAAAAAsIJAAAAAAADAgkAAAAAAAMiCQAAAAAAA2IJAAAAAAADggkAAAAAAAPCCQAAAAAAA8IJAAAAAAAAAg0AAAAAAAAiDQAAAAAAAGINAAAAAAAA4g0AAAAAAAGCDQAAAAAAAqINAAAAAAAAQhEAAAAAAABiEQAAAAAAAGIRAAAAAAAAohEAAAAAAADCEQAAAAAAAOIRAAAAAAABYhEAAAAAAAGCEQAAAAAAAYIRAAAAAAACghEAAAAAAALCEQAAAAAAAuIRAAAAAAADIhEAAAAAAAJCFQAAAAAAA4IVAAAAAAADohUAAAAAAAPCFQAAAAAAA+IVAAAAAAAAAhkAAAAAAACiGQAAAAAAAOIZAAAAAAAB4hkAAAAAAAIiGQAAAAAAASIdAAAAAAACQh0AAAAAAAPiHQAAAAAAAEIhAAAAAAAAQiEAAAAAAADCIQAAAAAAAWIhAAAAAAACAiEAAAAAAAPCIQAAAAAAA+IhAAAAAAAAYiUAAAAAAACCJQAAAAAAAKIlAAAAAAABwiUAAAAAAAHiJQAAAAAAAgIlAAAAAAACIiUAAAAAAAJiJQAAAAAAAwIlAAAAAAADIiUAAAAAAANCJQAAAAAAAAIpAAAAAAAAIikAAAAAAABCKQAAAAAAAMIpAAAAAAABIikAAAAAAALCKQAAAAAAA+IpAAAAAAAAAi0AAAAAAAJiLQAAAAAAAEIxAAAAAAAAojEAAAAAAAPiMQAAAAAAAAI1AAAAAAAAIjUAAAAAAAIiNQAAAAAAAkI1AAAAAAACYjUAAAAAAABCOQAAAAAAAGI5AAAAAAAAojkAAAAAAAEiOQAAAAAAAgI5AAAAAAADgjkAAAAAAAACPQAAAAAAAAI9AAAAAAAAIj0AAAAAAAEiPQAAAAAAAWI9AAAAAAAAUkEAAAAAAAFyQQAAAAAAAkJBAAAAAAADMkEAAAAAAANCQQAAAAAAA1JBAAAAAAAAkkUAAAAAAAESRQAAAAAAARJFAAAAAAABskUAAAAAAAMSRQAAAAAAA6JFAAAAAAAAIkkAAAAAAAEiSQAAAAAAAlJJAAAAAAACUkkAAAAAAAJySQAAAAAAA3JJAAAAAAADgkkAAAAAAAOSSQA==</data>
					</mzArrayBinary>
					<intenArrayBinary>
						<data precision="64" endian="little" length="179">AAAAAEC53UAAAAAAAPatQAAAAAAAyNJAAAAAAADDvUAAAAAAAGHHQAAAAAAA8sJAAAAAAICn10AAAAAAQD/XQAAAAACAHcFAAAAAAAC60EAAAAAAgBrOQAAAAAAARcNAAAAAAAD8pEAAAAAAgFjgQAAAAAAAqtBAAAAAAADotkAAAAAAAEPMQAAAAACAzNtAAAAAAMC11EAAAAAAAJ/WQAAAAAAAGbdAAAAAAIB9xUAAAAAAIO/jQAAAAAAAib5AAAAAAMCY2kAAAAAAQDDVQAAAAACA1NNAAAAAAABzuUAAAAAAwHrmQAAAAAAAtdNAAAAAAIBpwUAAAAAA4LjwQAAAAAAAf7BAAAAAAIAKwUAAAAAA0IT1QAAAAAAgVeRAAAAAAIBZ2UAAAAAAAKSRQAAAAAAAqMRAAAAAAGBV4EAAAAAAIGDiQAAAAAAAY9hAAAAAAAB2oUAAAAAAADG7QAAAAACgHOxAAAAAAACzuEAAAAAAAH/RQAAAAAAQefRAAAAAAIDy8EAAAAAAAP3LQAAAAAAAAABAAAAAAOCE4UAAAAAAAHTkQAAAAADQC/BAAAAAABivAUEAAAAAAN/TQAAAAAAAz7pAAAAAAIDH0UAAAAAAAAAkQAAAAACAFcJAAAAAAAAZw0AAAAAAAH63QAAAAAAAP71AAAAAAACxxUAAAAAAgIbAQAAAAAAA1slAAAAAAABwvEAAAAAA4sYlQQAAAADAlvNAAAAAAODJ/EAAAAAAgCLEQAAAAAD4KwFBAAAAAADy4UAAAAAAAADwPwAAAACA0dVAAAAAAPiVDkEAAAAAAGraQAAAAAAAnsZAAAAAANDc80AAAAAAIBnxQAAAAABAdtNAAAAAAADuwkAAAAAAYG/nQAAAAABA/uZAAAAAAECj50AAAAAAAD3CQAAAAACAQMZAAAAAAAAMz0AAAAAAAKLXQAAAAAAQ2vlAAAAAAAAvt0AAAAAAWFIHQQAAAABARuJAAAAAAJA19EAAAAAAeJ8GQQAAAACAEOBAAAAAAPBZEkEAAAAAgFvCQAAAAACAm89AAAAAAABb2EAAAAAAAEfLQAAAAACAQt1AAAAAAIDrzEAAAAAACOcDQQAAAABA3NJAAAAAAMBE3EAAAAAAALrOQAAAAAAANbNAAAAAAAAjvkAAAAAAAMnRQAAAAACAsNhAAAAAAADwqkAAAAAAgI3CQAAAAABA5ABBAAAAAMCg0UAAAAAAAIHHQAAAAABg8eFAAAAAAAAY00AAAAAA4AHwQAAAAAAAgbpAAAAAAIDjC0EAAAAAIOT/QAAAAAAAMK9AAAAAAABmokAAAAAAYLTiQAAAAACAGdxAAAAAAEC60EAAAAAAAIOwQAAAAAD4LRVBAAAAAMh4AUEAAAAAoBDhQAAAAADgywBBAAAAAAA41EAAAAAAADfEQAAAAAAA1NZAAAAAAAAk1EAAAAAAAH21QAAAAAAAcNNAAAAAAIDRwUAAAAAAALu6QAAAAACAnMZAAAAAAABvyEAAAAAAABv2QAAAAABABtJAAAAAAABxskAAAAAAkC3/QAAAAAAAAABAAAAAAACgy0AAAAAAgCfHQAAAAADgsO1AAAAAAKBc4UAAAAAAQLPUQAAAAAAAhLpAAAAAAADWr0AAAAAAwIzUQAAAAAAAAPA/AAAAAABYy0AAAAAAwMzbQAAAAAAA2LlAAAAAAMDJ2kAAAAAAABq6QAAAAAAAArNAAAAAAABjsUAAAAAAAJiyQAAAAAAAv99AAAAAAMB/0UAAAAAAwKDSQAAAAAAAGqJAAAAAAICUyEAAAAAAwGXUQAAAAAAAVNpAAAAAAAAtu0AAAAAAAIzNQAAAAAAA1eZAAAAAAAAc1EAAAAAAAFm2QAAAAAAAH85AAAAAAAAawEAAAAAAgMrQQA==</data>
					</intenArrayBinary>
				</spectrum>
			</spectrumList>
		</mzData>
		<GelFreeIdentification>
			<Accession>P02769</Accession>
			<Database>swissprot</Database>
			<PeptideItem>
				<Sequence>LFTFHADICTLPDTEK</Sequence>
				<Start>529</Start>
				<End>544</End>
				<SpectrumReference>83</SpectrumReference>
				<ModificationItem>
					<ModLocation>9</ModLocation>
					<ModAccession>MOD:01214</ModAccession>
					<ModDatabase>MOD</ModDatabase>
					<ModMonoDelta>57.021464</ModMonoDelta>
					<additional>
						<cvParam cvLabel="MOD" accession="MOD:01214" name="iodoacetamide -site C" value="57.021464" />
					</additional>
				</ModificationItem>
				<FragmentIon>
					<cvParam cvLabel="PRIDE" accession="PRIDE:0000204" name="product ion charge" value="1" />
					<cvParam cvLabel="PRIDE" accession="PRIDE:0000194" name="b ion" value="1" />
					<cvParam cvLabel="PRIDE" accession="PRIDE:0000188" name="product ion m/z" value="260.0" />
					<cvParam cvLabel="PRIDE" accession="PRIDE:0000189" name="product ion intensity" value="250236.0" />
					<cvParam cvLabel="PRIDE" accession="PRIDE:0000190" name="product ion mass error" value="-0.36" />
				</FragmentIon>
				<FragmentIon>
					<cvParam cvLabel="PRIDE" accession="PRIDE:0000204" name="product ion charge" value="1" />
					<cvParam cvLabel="PRIDE" accession="PRIDE:0000194" name="b ion" value="4" />
					<cvParam cvLabel="PRIDE" accession="PRIDE:0000188" name="product ion m/z" value="646.0" />
					<cvParam cvLabel="PRIDE" accession="PRIDE:0000189" name="product ion intensity" value="328332.0" />
					<cvParam cvLabel="PRIDE" accession="PRIDE:0000190" name="product ion mass error" value="0.365" />
				</FragmentIon>
				<FragmentIon>
					<cvParam cvLabel="PRIDE" accession="PRIDE:0000204" name="product ion charge" value="1" />
					<cvParam cvLabel="PRIDE" accession="PRIDE:0000194" name="b ion" value="6" />
					<cvParam cvLabel="PRIDE" accession="PRIDE:0000188" name="product ion m/z" value="832.0" />
					<cvParam cvLabel="PRIDE" accession="PRIDE:0000189" name="product ion intensity" value="345954.0" />
					<cvParam cvLabel="PRIDE" accession="PRIDE:0000190" name="product ion mass error" value="0.0010" />
				</FragmentIon>
				<FragmentIon>
					<cvParam cvLabel="PRIDE" accession="PRIDE:0000204" name="product ion charge" value="1" />
					<cvParam cvLabel="PRIDE" accession="PRIDE:0000194" name="b ion" value="7" />
					<cvParam cvLabel="PRIDE" accession="PRIDE:0000188" name="product ion m/z" value="945.0" />
					<cvParam cvLabel="PRIDE" accession="PRIDE:0000189" name="product ion intensity" value="154171.0" />
					<cvParam cvLabel="PRIDE" accession="PRIDE:0000190" name="product ion mass error" value="0.017" />
				</FragmentIon>
				<FragmentIon>
					<cvParam cvLabel="PRIDE" accession="PRIDE:0000204" name="product ion charge" value="1" />
					<cvParam cvLabel="PRIDE" accession="PRIDE:0000194" name="b ion" value="8" />
					<cvParam cvLabel="PRIDE" accession="PRIDE:0000188" name="product ion m/z" value="1105.0" />
					<cvParam cvLabel="PRIDE" accession="PRIDE:0000189" name="product ion intensity" value="64180.0" />
					<cvParam cvLabel="PRIDE" accession="PRIDE:0000190" name="product ion mass error" value="-0.212" />
				</FragmentIon>
				<FragmentIon>
					<cvParam cvLabel="PRIDE" accession="PRIDE:0000204" name="product ion charge" value="1" />
					<cvParam cvLabel="PRIDE" accession="PRIDE:0000193" name="y ion" value="2" />
					<cvParam cvLabel="PRIDE" accession="PRIDE:0000188" name="product ion m/z" value="377.0" />
					<cvParam cvLabel="PRIDE" accession="PRIDE:0000189" name="product ion intensity" value="39716.0" />
					<cvParam cvLabel="PRIDE" accession="PRIDE:0000190" name="product ion mass error" value="0.196" />
				</FragmentIon>
				<FragmentIon>
					<cvParam cvLabel="PRIDE" accession="PRIDE:0000204" name="product ion charge" value="1" />
					<cvParam cvLabel="PRIDE" accession="PRIDE:0000193" name="y ion" value="4" />
					<cvParam cvLabel="PRIDE" accession="PRIDE:0000188" name="product ion m/z" value="589.0" />
					<cvParam cvLabel="PRIDE" accession="PRIDE:0000189" name="product ion intensity" value="2916958.0" />
					<cvParam cvLabel="PRIDE" accession="PRIDE:0000190" name="product ion mass error" value="0.016" />
				</FragmentIon>
				<FragmentIon>
					<cvParam cvLabel="PRIDE" accession="PRIDE:0000204" name="product ion charge" value="1" />
					<cvParam cvLabel="PRIDE" accession="PRIDE:0000193" name="y ion" value="5" />
					<cvParam cvLabel="PRIDE" accession="PRIDE:0000188" name="product ion m/z" value="702.0" />
					<cvParam cvLabel="PRIDE" accession="PRIDE:0000189" name="product ion intensity" value="498849.0" />
					<cvParam cvLabel="PRIDE" accession="PRIDE:0000190" name="product ion mass error" value="-0.168" />
				</FragmentIon>
				<FragmentIon>
					<cvParam cvLabel="PRIDE" accession="PRIDE:0000204" name="product ion charge" value="1" />
					<cvParam cvLabel="PRIDE" accession="PRIDE:0000193" name="y ion" value="6" />
					<cvParam cvLabel="PRIDE" accession="PRIDE:0000188" name="product ion m/z" value="803.0" />
					<cvParam cvLabel="PRIDE" accession="PRIDE:0000189" name="product ion intensity" value="1288210.0" />
					<cvParam cvLabel="PRIDE" accession="PRIDE:0000190" name="product ion mass error" value="-0.216" />
				</FragmentIon>
				<FragmentIon>
					<cvParam cvLabel="PRIDE" accession="PRIDE:0000204" name="product ion charge" value="1" />
					<cvParam cvLabel="PRIDE" accession="PRIDE:0000193" name="y ion" value="7" />
					<cvParam cvLabel="PRIDE" accession="PRIDE:0000188" name="product ion m/z" value="963.0" />
					<cvParam cvLabel="PRIDE" accession="PRIDE:0000189" name="product ion intensity" value="382003.0" />
					<cvParam cvLabel="PRIDE" accession="PRIDE:0000190" name="product ion mass error" value="0.055" />
				</FragmentIon>
				<FragmentIon>
					<cvParam cvLabel="PRIDE" accession="PRIDE:0000204" name="product ion charge" value="1" />
					<cvParam cvLabel="PRIDE" accession="PRIDE:0000193" name="y ion" value="8" />
					<cvParam cvLabel="PRIDE" accession="PRIDE:0000188" name="product ion m/z" value="1076.0" />
					<cvParam cvLabel="PRIDE" accession="PRIDE:0000189" name="product ion intensity" value="148269.0" />
					<cvParam cvLabel="PRIDE" accession="PRIDE:0000190" name="product ion mass error" value="-0.029" />
				</FragmentIon>
				<FragmentIon>
					<cvParam cvLabel="PRIDE" accession="PRIDE:0000204" name="product ion charge" value="2" />
					<cvParam cvLabel="PRIDE" accession="PRIDE:0000194" name="b ion" value="7" />
					<cvParam cvLabel="PRIDE" accession="PRIDE:0000188" name="product ion m/z" value="473.0" />
					<cvParam cvLabel="PRIDE" accession="PRIDE:0000189" name="product ion intensity" value="381256.0" />
					<cvParam cvLabel="PRIDE" accession="PRIDE:0000190" name="product ion mass error" value="-0.24" />
				</FragmentIon>
				<FragmentIon>
					<cvParam cvLabel="PRIDE" accession="PRIDE:0000204" name="product ion charge" value="2" />
					<cvParam cvLabel="PRIDE" accession="PRIDE:0000194" name="b ion" value="10" />
					<cvParam cvLabel="PRIDE" accession="PRIDE:0000188" name="product ion m/z" value="660.0" />
					<cvParam cvLabel="PRIDE" accession="PRIDE:0000189" name="product ion intensity" value="1428432.0" />
					<cvParam cvLabel="PRIDE" accession="PRIDE:0000190" name="product ion mass error" value="0.08" />
				</FragmentIon>
				<FragmentIon>
					<cvParam cvLabel="PRIDE" accession="PRIDE:0000204" name="product ion charge" value="2" />
					<cvParam cvLabel="PRIDE" accession="PRIDE:0000193" name="y ion" value="4" />
					<cvParam cvLabel="PRIDE" accession="PRIDE:0000188" name="product ion m/z" value="295.0" />
					<cvParam cvLabel="PRIDE" accession="PRIDE:0000189" name="product ion intensity" value="35378.0" />
					<cvParam cvLabel="PRIDE" accession="PRIDE:0000190" name="product ion mass error" value="0.06" />
				</FragmentIon>
				<FragmentIon>
					<cvParam cvLabel="PRIDE" accession="PRIDE:0000204" name="product ion charge" value="2" />
					<cvParam cvLabel="PRIDE" accession="PRIDE:0000193" name="y ion" value="5" />
					<cvParam cvLabel="PRIDE" accession="PRIDE:0000188" name="product ion m/z" value="351.0" />
					<cvParam cvLabel="PRIDE" accession="PRIDE:0000189" name="product ion intensity" value="119400.0" />
					<cvParam cvLabel="PRIDE" accession="PRIDE:0000190" name="product ion mass error" value="0.118" />
				</FragmentIon>
				<FragmentIon>
					<cvParam cvLabel="PRIDE" accession="PRIDE:0000204" name="product ion charge" value="2" />
					<cvParam cvLabel="PRIDE" accession="PRIDE:0000193" name="y ion" value="7" />
					<cvParam cvLabel="PRIDE" accession="PRIDE:0000188" name="product ion m/z" value="482.0" />
					<cvParam cvLabel="PRIDE" accession="PRIDE:0000189" name="product ion intensity" value="343359.0" />
					<cvParam cvLabel="PRIDE" accession="PRIDE:0000190" name="product ion mass error" value="-0.02" />
				</FragmentIon>
				<FragmentIon>
					<cvParam cvLabel="PRIDE" accession="PRIDE:0000204" name="product ion charge" value="2" />
					<cvParam cvLabel="PRIDE" accession="PRIDE:0000193" name="y ion" value="8" />
					<cvParam cvLabel="PRIDE" accession="PRIDE:0000188" name="product ion m/z" value="539.0" />
					<cvParam cvLabel="PRIDE" accession="PRIDE:0000189" name="product ion intensity" value="406739.0" />
					<cvParam cvLabel="PRIDE" accession="PRIDE:0000190" name="product ion mass error" value="0.538" />
				</FragmentIon>
				<FragmentIon>
					<cvParam cvLabel="PRIDE" accession="PRIDE:0000204" name="product ion charge" value="2" />
					<cvParam cvLabel="PRIDE" accession="PRIDE:0000193" name="y ion" value="11" />
					<cvParam cvLabel="PRIDE" accession="PRIDE:0000188" name="product ion m/z" value="700.0" />
					<cvParam cvLabel="PRIDE" accession="PRIDE:0000189" name="product ion intensity" value="81466.0" />
					<cvParam cvLabel="PRIDE" accession="PRIDE:0000190" name="product ion mass error" value="0.578" />
				</FragmentIon>
				<FragmentIon>
					<cvParam cvLabel="PRIDE" accession="PRIDE:0000204" name="product ion charge" value="2" />
					<cvParam cvLabel="PRIDE" accession="PRIDE:0000193" name="y ion" value="13" />
					<cvParam cvLabel="PRIDE" accession="PRIDE:0000188" name="product ion m/z" value="824.0" />
					<cvParam cvLabel="PRIDE" accession="PRIDE:0000189" name="product ion intensity" value="1382243.0" />
					<cvParam cvLabel="PRIDE" accession="PRIDE:0000190" name="product ion mass error" value="0.22" />
				</FragmentIon>
				<FragmentIon>
					<cvParam cvLabel="PRIDE" accession="PRIDE:0000204" name="product ion charge" value="2" />
					<cvParam cvLabel="PRIDE" accession="PRIDE:0000193" name="y ion" value="14" />
					<cvParam cvLabel="PRIDE" accession="PRIDE:0000188" name="product ion m/z" value="898.0" />
					<cvParam cvLabel="PRIDE" accession="PRIDE:0000189" name="product ion intensity" value="132169.0" />
					<cvParam cvLabel="PRIDE" accession="PRIDE:0000190" name="product ion mass error" value="0.586" />
				</FragmentIon>
				<additional>
					<cvParam cvLabel="PRIDE" accession="PRIDE:0000185" name="OMSSA E-value" value="1.67202225564315E-5" />
					<cvParam cvLabel="PRIDE" accession="PRIDE:0000186" name="OMSSA P-value" value="1.49688653146208E-8" />
					<cvParam cvLabel="PRIDE" accession="PRIDE:0000065" name="Upstream flanking sequence" value="Q" />
					<cvParam cvLabel="PRIDE" accession="PRIDE:0000066" name="Downstream flanking sequence" value="K" />
				</additional>
			</PeptideItem>
			<PeptideItem>
				<Sequence>TVMENFVAFVDK</Sequence>
				<Start>569</Start>
				<End>580</End>
				<SpectrumReference>18</SpectrumReference>
				<ModificationItem>
					<ModLocation>3</ModLocation>
					<ModAccession>MOD:00425</ModAccession>
					<ModDatabase>MOD</ModDatabase>
					<ModMonoDelta>16.0</ModMonoDelta>
					<additional>
						<cvParam cvLabel="MOD" accession="MOD:00425" name="monohydroxylated residue" value="15.994915" />
					</additional>
				</ModificationItem>
				<FragmentIon>
					<cvParam cvLabel="PRIDE" accession="PRIDE:0000204" name="product ion charge" value="1" />
					<cvParam cvLabel="PRIDE" accession="PRIDE:0000194" name="b ion" value="1" />
					<cvParam cvLabel="PRIDE" accession="PRIDE:0000188" name="product ion m/z" value="201.0" />
					<cvParam cvLabel="PRIDE" accession="PRIDE:0000189" name="product ion intensity" value="32120.0" />
					<cvParam cvLabel="PRIDE" accession="PRIDE:0000190" name="product ion mass error" value="-0.124" />
				</FragmentIon>
				<FragmentIon>
					<cvParam cvLabel="PRIDE" accession="PRIDE:0000204" name="product ion charge" value="1" />
					<cvParam cvLabel="PRIDE" accession="PRIDE:0000194" name="b ion" value="2" />
					<cvParam cvLabel="PRIDE" accession="PRIDE:0000188" name="product ion m/z" value="348.0" />
					<cvParam cvLabel="PRIDE" accession="PRIDE:0000189" name="product ion intensity" value="95457.0" />
					<cvParam cvLabel="PRIDE" accession="PRIDE:0000190" name="product ion mass error" value="0.036" />
				</FragmentIon>
				<FragmentIon>
					<cvParam cvLabel="PRIDE" accession="PRIDE:0000204" name="product ion charge" value="1" />
					<cvParam cvLabel="PRIDE" accession="PRIDE:0000194" name="b ion" value="3" />
					<cvParam cvLabel="PRIDE" accession="PRIDE:0000188" name="product ion m/z" value="477.0" />
					<cvParam cvLabel="PRIDE" accession="PRIDE:0000189" name="product ion intensity" value="31527.0" />
					<cvParam cvLabel="PRIDE" accession="PRIDE:0000190" name="product ion mass error" value="0.493" />
				</FragmentIon>
				<FragmentIon>
					<cvParam cvLabel="PRIDE" accession="PRIDE:0000204" name="product ion charge" value="1" />
					<cvParam cvLabel="PRIDE" accession="PRIDE:0000194" name="b ion" value="5" />
					<cvParam cvLabel="PRIDE" accession="PRIDE:0000188" name="product ion m/z" value="738.0" />
					<cvParam cvLabel="PRIDE" accession="PRIDE:0000189" name="product ion intensity" value="29734.0" />
					<cvParam cvLabel="PRIDE" accession="PRIDE:0000190" name="product ion mass error" value="-0.118" />
				</FragmentIon>
				<FragmentIon>
					<cvParam cvLabel="PRIDE" accession="PRIDE:0000204" name="product ion charge" value="1" />
					<cvParam cvLabel="PRIDE" accession="PRIDE:0000194" name="b ion" value="7" />
					<cvParam cvLabel="PRIDE" accession="PRIDE:0000188" name="product ion m/z" value="908.0" />
					<cvParam cvLabel="PRIDE" accession="PRIDE:0000189" name="product ion intensity" value="33663.0" />
					<cvParam cvLabel="PRIDE" accession="PRIDE:0000190" name="product ion mass error" value="-0.323" />
				</FragmentIon>
				<FragmentIon>
					<cvParam cvLabel="PRIDE" accession="PRIDE:0000204" name="product ion charge" value="1" />
					<cvParam cvLabel="PRIDE" accession="PRIDE:0000194" name="b ion" value="8" />
					<cvParam cvLabel="PRIDE" accession="PRIDE:0000188" name="product ion m/z" value="1055.0" />
					<cvParam cvLabel="PRIDE" accession="PRIDE:0000189" name="product ion intensity" value="85629.0" />
					<cvParam cvLabel="PRIDE" accession="PRIDE:0000190" name="product ion mass error" value="0.0090" />
				</FragmentIon>
				<FragmentIon>
					<cvParam cvLabel="PRIDE" accession="PRIDE:0000204" name="product ion charge" value="1" />
					<cvParam cvLabel="PRIDE" accession="PRIDE:0000193" name="y ion" value="1" />
					<cvParam cvLabel="PRIDE" accession="PRIDE:0000188" name="product ion m/z" value="262.0" />
					<cvParam cvLabel="PRIDE" accession="PRIDE:0000189" name="product ion intensity" value="38415.0" />
					<cvParam cvLabel="PRIDE" accession="PRIDE:0000190" name="product ion mass error" value="0.06" />
				</FragmentIon>
				<FragmentIon>
					<cvParam cvLabel="PRIDE" accession="PRIDE:0000204" name="product ion charge" value="1" />
					<cvParam cvLabel="PRIDE" accession="PRIDE:0000193" name="y ion" value="2" />
					<cvParam cvLabel="PRIDE" accession="PRIDE:0000188" name="product ion m/z" value="361.0" />
					<cvParam cvLabel="PRIDE" accession="PRIDE:0000189" name="product ion intensity" value="268541.0" />
					<cvParam cvLabel="PRIDE" accession="PRIDE:0000190" name="product ion mass error" value="-0.108" />
				</FragmentIon>
				<FragmentIon>
					<cvParam cvLabel="PRIDE" accession="PRIDE:0000204" name="product ion charge" value="1" />
					<cvParam cvLabel="PRIDE" accession="PRIDE:0000193" name="y ion" value="3" />
					<cvParam cvLabel="PRIDE" accession="PRIDE:0000188" name="product ion m/z" value="508.0" />
					<cvParam cvLabel="PRIDE" accession="PRIDE:0000189" name="product ion intensity" value="292168.0" />
					<cvParam cvLabel="PRIDE" accession="PRIDE:0000190" name="product ion mass error" value="-0.176" />
				</FragmentIon>
				<FragmentIon>
					<cvParam cvLabel="PRIDE" accession="PRIDE:0000204" name="product ion charge" value="1" />
					<cvParam cvLabel="PRIDE" accession="PRIDE:0000193" name="y ion" value="4" />
					<cvParam cvLabel="PRIDE" accession="PRIDE:0000188" name="product ion m/z" value="579.0" />
					<cvParam cvLabel="PRIDE" accession="PRIDE:0000189" name="product ion intensity" value="369377.0" />
					<cvParam cvLabel="PRIDE" accession="PRIDE:0000190" name="product ion mass error" value="-0.013" />
				</FragmentIon>
				<FragmentIon>
					<cvParam cvLabel="PRIDE" accession="PRIDE:0000204" name="product ion charge" value="1" />
					<cvParam cvLabel="PRIDE" accession="PRIDE:0000193" name="y ion" value="5" />
					<cvParam cvLabel="PRIDE" accession="PRIDE:0000188" name="product ion m/z" value="678.0" />
					<cvParam cvLabel="PRIDE" accession="PRIDE:0000189" name="product ion intensity" value="191734.0" />
					<cvParam cvLabel="PRIDE" accession="PRIDE:0000190" name="product ion mass error" value="-0.081" />
				</FragmentIon>
				<FragmentIon>
					<cvParam cvLabel="PRIDE" accession="PRIDE:0000204" name="product ion charge" value="1" />
					<cvParam cvLabel="PRIDE" accession="PRIDE:0000193" name="y ion" value="6" />
					<cvParam cvLabel="PRIDE" accession="PRIDE:0000188" name="product ion m/z" value="825.0" />
					<cvParam cvLabel="PRIDE" accession="PRIDE:0000189" name="product ion intensity" value="63043.0" />
					<cvParam cvLabel="PRIDE" accession="PRIDE:0000190" name="product ion mass error" value="0.051" />
				</FragmentIon>
				<FragmentIon>
					<cvParam cvLabel="PRIDE" accession="PRIDE:0000204" name="product ion charge" value="1" />
					<cvParam cvLabel="PRIDE" accession="PRIDE:0000193" name="y ion" value="7" />
					<cvParam cvLabel="PRIDE" accession="PRIDE:0000188" name="product ion m/z" value="940.0" />
					<cvParam cvLabel="PRIDE" accession="PRIDE:0000189" name="product ion intensity" value="92005.0" />
					<cvParam cvLabel="PRIDE" accession="PRIDE:0000190" name="product ion mass error" value="0.608" />
				</FragmentIon>
				<FragmentIon>
					<cvParam cvLabel="PRIDE" accession="PRIDE:0000204" name="product ion charge" value="1" />
					<cvParam cvLabel="PRIDE" accession="PRIDE:0000193" name="y ion" value="8" />
					<cvParam cvLabel="PRIDE" accession="PRIDE:0000188" name="product ion m/z" value="1068.0" />
					<cvParam cvLabel="PRIDE" accession="PRIDE:0000189" name="product ion intensity" value="363409.0" />
					<cvParam cvLabel="PRIDE" accession="PRIDE:0000190" name="product ion mass error" value="-0.135" />
				</FragmentIon>
				<FragmentIon>
					<cvParam cvLabel="PRIDE" accession="PRIDE:0000204" name="product ion charge" value="1" />
					<cvParam cvLabel="PRIDE" accession="PRIDE:0000193" name="y ion" value="9" />
					<cvParam cvLabel="PRIDE" accession="PRIDE:0000188" name="product ion m/z" value="1216.0" />
					<cvParam cvLabel="PRIDE" accession="PRIDE:0000189" name="product ion intensity" value="278476.0" />
					<cvParam cvLabel="PRIDE" accession="PRIDE:0000190" name="product ion mass error" value="0.725" />
				</FragmentIon>
				<additional>
					<cvParam cvLabel="PRIDE" accession="PRIDE:0000185" name="OMSSA E-value" value="8.78799360461808E-4" />
					<cvParam cvLabel="PRIDE" accession="PRIDE:0000186" name="OMSSA P-value" value="8.35360608804E-7" />
					<cvParam cvLabel="PRIDE" accession="PRIDE:0000065" name="Upstream flanking sequence" value="C" />
					<cvParam cvLabel="PRIDE" accession="PRIDE:0000066" name="Downstream flanking sequence" value="K" />
				</additional>
			</PeptideItem>
			<PeptideItem>
				<Sequence>LFTFHADICTLPDTEK</Sequence>
				<Start>529</Start>
				<End>544</End>
				<SpectrumReference>41</SpectrumReference>
				<ModificationItem>
					<ModLocation>9</ModLocation>
					<ModAccession>MOD:01214</ModAccession>
					<ModDatabase>MOD</ModDatabase>
					<ModMonoDelta>57.021464</ModMonoDelta>
					<additional>
						<cvParam cvLabel="MOD" accession="MOD:01214" name="iodoacetamide -site C" value="57.021464" />
					</additional>
				</ModificationItem>
				<FragmentIon>
					<cvParam cvLabel="PRIDE" accession="PRIDE:0000204" name="product ion charge" value="1" />
					<cvParam cvLabel="PRIDE" accession="PRIDE:0000194" name="b ion" value="1" />
					<cvParam cvLabel="PRIDE" accession="PRIDE:0000188" name="product ion m/z" value="260.0" />
					<cvParam cvLabel="PRIDE" accession="PRIDE:0000189" name="product ion intensity" value="96639.0" />
					<cvParam cvLabel="PRIDE" accession="PRIDE:0000190" name="product ion mass error" value="-0.26" />
				</FragmentIon>
				<FragmentIon>
					<cvParam cvLabel="PRIDE" accession="PRIDE:0000204" name="product ion charge" value="1" />
					<cvParam cvLabel="PRIDE" accession="PRIDE:0000194" name="b ion" value="4" />
					<cvParam cvLabel="PRIDE" accession="PRIDE:0000188" name="product ion m/z" value="646.0" />
					<cvParam cvLabel="PRIDE" accession="PRIDE:0000189" name="product ion intensity" value="464438.0" />
					<cvParam cvLabel="PRIDE" accession="PRIDE:0000190" name="product ion mass error" value="-0.135" />
				</FragmentIon>
				<FragmentIon>
					<cvParam cvLabel="PRIDE" accession="PRIDE:0000204" name="product ion charge" value="1" />
					<cvParam cvLabel="PRIDE" accession="PRIDE:0000194" name="b ion" value="6" />
					<cvParam cvLabel="PRIDE" accession="PRIDE:0000188" name="product ion m/z" value="832.0" />
					<cvParam cvLabel="PRIDE" accession="PRIDE:0000189" name="product ion intensity" value="143096.0" />
					<cvParam cvLabel="PRIDE" accession="PRIDE:0000190" name="product ion mass error" value="0.0010" />
				</FragmentIon>
				<FragmentIon>
					<cvParam cvLabel="PRIDE" accession="PRIDE:0000204" name="product ion charge" value="1" />
					<cvParam cvLabel="PRIDE" accession="PRIDE:0000194" name="b ion" value="7" />
					<cvParam cvLabel="PRIDE" accession="PRIDE:0000188" name="product ion m/z" value="945.0" />
					<cvParam cvLabel="PRIDE" accession="PRIDE:0000189" name="product ion intensity" value="494270.0" />
					<cvParam cvLabel="PRIDE" accession="PRIDE:0000190" name="product ion mass error" value="-0.083" />
				</FragmentIon>
				<FragmentIon>
					<cvParam cvLabel="PRIDE" accession="PRIDE:0000204" name="product ion charge" value="1" />
					<cvParam cvLabel="PRIDE" accession="PRIDE:0000194" name="b ion" value="8" />
					<cvParam cvLabel="PRIDE" accession="PRIDE:0000188" name="product ion m/z" value="1105.0" />
					<cvParam cvLabel="PRIDE" accession="PRIDE:0000189" name="product ion intensity" value="129689.0" />
					<cvParam cvLabel="PRIDE" accession="PRIDE:0000190" name="product ion mass error" value="-0.312" />
				</FragmentIon>
				<FragmentIon>
					<cvParam cvLabel="PRIDE" accession="PRIDE:0000204" name="product ion charge" value="1" />
					<cvParam cvLabel="PRIDE" accession="PRIDE:0000194" name="b ion" value="9" />
					<cvParam cvLabel="PRIDE" accession="PRIDE:0000188" name="product ion m/z" value="1206.0" />
					<cvParam cvLabel="PRIDE" accession="PRIDE:0000189" name="product ion intensity" value="256606.0" />
					<cvParam cvLabel="PRIDE" accession="PRIDE:0000190" name="product ion mass error" value="-0.06" />
				</FragmentIon>
				<FragmentIon>
					<cvParam cvLabel="PRIDE" accession="PRIDE:0000204" name="product ion charge" value="1" />
					<cvParam cvLabel="PRIDE" accession="PRIDE:0000193" name="y ion" value="1" />
					<cvParam cvLabel="PRIDE" accession="PRIDE:0000188" name="product ion m/z" value="276.0" />
					<cvParam cvLabel="PRIDE" accession="PRIDE:0000189" name="product ion intensity" value="31727.0" />
					<cvParam cvLabel="PRIDE" accession="PRIDE:0000190" name="product ion mass error" value="0.044" />
				</FragmentIon>
				<FragmentIon>
					<cvParam cvLabel="PRIDE" accession="PRIDE:0000204" name="product ion charge" value="1" />
					<cvParam cvLabel="PRIDE" accession="PRIDE:0000193" name="y ion" value="2" />
					<cvParam cvLabel="PRIDE" accession="PRIDE:0000188" name="product ion m/z" value="377.0" />
					<cvParam cvLabel="PRIDE" accession="PRIDE:0000189" name="product ion intensity" value="93326.0" />
					<cvParam cvLabel="PRIDE" accession="PRIDE:0000190" name="product ion mass error" value="0.196" />
				</FragmentIon>
				<FragmentIon>
					<cvParam cvLabel="PRIDE" accession="PRIDE:0000204" name="product ion charge" value="1" />
					<cvParam cvLabel="PRIDE" accession="PRIDE:0000193" name="y ion" value="4" />
					<cvParam cvLabel="PRIDE" accession="PRIDE:0000188" name="product ion m/z" value="589.0" />
					<cvParam cvLabel="PRIDE" accession="PRIDE:0000189" name="product ion intensity" value="4093054.0" />
					<cvParam cvLabel="PRIDE" accession="PRIDE:0000190" name="product ion mass error" value="0.016" />
				</FragmentIon>
				<FragmentIon>
					<cvParam cvLabel="PRIDE" accession="PRIDE:0000204" name="product ion charge" value="1" />
					<cvParam cvLabel="PRIDE" accession="PRIDE:0000193" name="y ion" value="5" />
					<cvParam cvLabel="PRIDE" accession="PRIDE:0000188" name="product ion m/z" value="702.0" />
					<cvParam cvLabel="PRIDE" accession="PRIDE:0000189" name="product ion intensity" value="388454.0" />
					<cvParam cvLabel="PRIDE" accession="PRIDE:0000190" name="product ion mass error" value="0.132" />
				</FragmentIon>
				<FragmentIon>
					<cvParam cvLabel="PRIDE" accession="PRIDE:0000204" name="product ion charge" value="1" />
					<cvParam cvLabel="PRIDE" accession="PRIDE:0000193" name="y ion" value="6" />
					<cvParam cvLabel="PRIDE" accession="PRIDE:0000188" name="product ion m/z" value="803.0" />
					<cvParam cvLabel="PRIDE" accession="PRIDE:0000189" name="product ion intensity" value="1214025.0" />
					<cvParam cvLabel="PRIDE" accession="PRIDE:0000190" name="product ion mass error" value="-0.016" />
				</FragmentIon>
				<FragmentIon>
					<cvParam cvLabel="PRIDE" accession="PRIDE:0000204" name="product ion charge" value="1" />
					<cvParam cvLabel="PRIDE" accession="PRIDE:0000193" name="y ion" value="7" />
					<cvParam cvLabel="PRIDE" accession="PRIDE:0000188" name="product ion m/z" value="963.0" />
					<cvParam cvLabel="PRIDE" accession="PRIDE:0000189" name="product ion intensity" value="181328.0" />
					<cvParam cvLabel="PRIDE" accession="PRIDE:0000190" name="product ion mass error" value="0.055" />
				</FragmentIon>
				<FragmentIon>
					<cvParam cvLabel="PRIDE" accession="PRIDE:0000204" name="product ion charge" value="2" />
					<cvParam cvLabel="PRIDE" accession="PRIDE:0000194" name="b ion" value="7" />
					<cvParam cvLabel="PRIDE" accession="PRIDE:0000188" name="product ion m/z" value="473.0" />
					<cvParam cvLabel="PRIDE" accession="PRIDE:0000189" name="product ion intensity" value="156143.0" />
					<cvParam cvLabel="PRIDE" accession="PRIDE:0000190" name="product ion mass error" value="0.26" />
				</FragmentIon>
				<FragmentIon>
					<cvParam cvLabel="PRIDE" accession="PRIDE:0000204" name="product ion charge" value="2" />
					<cvParam cvLabel="PRIDE" accession="PRIDE:0000194" name="b ion" value="10" />
					<cvParam cvLabel="PRIDE" accession="PRIDE:0000188" name="product ion m/z" value="660.0" />
					<cvParam cvLabel="PRIDE" accession="PRIDE:0000189" name="product ion intensity" value="1027631.0" />
					<cvParam cvLabel="PRIDE" accession="PRIDE:0000190" name="product ion mass error" value="0.18" />
				</FragmentIon>
				<FragmentIon>
					<cvParam cvLabel="PRIDE" accession="PRIDE:0000204" name="product ion charge" value="2" />
					<cvParam cvLabel="PRIDE" accession="PRIDE:0000194" name="b ion" value="13" />
					<cvParam cvLabel="PRIDE" accession="PRIDE:0000188" name="product ion m/z" value="816.0" />
					<cvParam cvLabel="PRIDE" accession="PRIDE:0000189" name="product ion intensity" value="169890.0" />
					<cvParam cvLabel="PRIDE" accession="PRIDE:0000190" name="product ion mass error" value="-0.683" />
				</FragmentIon>
				<FragmentIon>
					<cvParam cvLabel="PRIDE" accession="PRIDE:0000204" name="product ion charge" value="2" />
					<cvParam cvLabel="PRIDE" accession="PRIDE:0000193" name="y ion" value="3" />
					<cvParam cvLabel="PRIDE" accession="PRIDE:0000188" name="product ion m/z" value="246.0" />
					<cvParam cvLabel="PRIDE" accession="PRIDE:0000189" name="product ion intensity" value="29273.0" />
					<cvParam cvLabel="PRIDE" accession="PRIDE:0000190" name="product ion mass error" value="-0.514" />
				</FragmentIon>
				<FragmentIon>
					<cvParam cvLabel="PRIDE" accession="PRIDE:0000204" name="product ion charge" value="2" />
					<cvParam cvLabel="PRIDE" accession="PRIDE:0000193" name="y ion" value="4" />
					<cvParam cvLabel="PRIDE" accession="PRIDE:0000188" name="product ion m/z" value="295.0" />
					<cvParam cvLabel="PRIDE" accession="PRIDE:0000189" name="product ion intensity" value="184659.0" />
					<cvParam cvLabel="PRIDE" accession="PRIDE:0000190" name="product ion mass error" value="-0.14" />
				</FragmentIon>
				<FragmentIon>
					<cvParam cvLabel="PRIDE" accession="PRIDE:0000204" name="product ion charge" value="2" />
					<cvParam cvLabel="PRIDE" accession="PRIDE:0000193" name="y ion" value="5" />
					<cvParam cvLabel="PRIDE" accession="PRIDE:0000188" name="product ion m/z" value="352.0" />
					<cvParam cvLabel="PRIDE" accession="PRIDE:0000189" name="product ion intensity" value="35910.0" />
					<cvParam cvLabel="PRIDE" accession="PRIDE:0000190" name="product ion mass error" value="0.318" />
				</FragmentIon>
				<FragmentIon>
					<cvParam cvLabel="PRIDE" accession="PRIDE:0000204" name="product ion charge" value="2" />
					<cvParam cvLabel="PRIDE" accession="PRIDE:0000193" name="y ion" value="7" />
					<cvParam cvLabel="PRIDE" accession="PRIDE:0000188" name="product ion m/z" value="482.0" />
					<cvParam cvLabel="PRIDE" accession="PRIDE:0000189" name="product ion intensity" value="257469.0" />
					<cvParam cvLabel="PRIDE" accession="PRIDE:0000190" name="product ion mass error" value="0.28" />
				</FragmentIon>
				<FragmentIon>
					<cvParam cvLabel="PRIDE" accession="PRIDE:0000204" name="product ion charge" value="2" />
					<cvParam cvLabel="PRIDE" accession="PRIDE:0000193" name="y ion" value="11" />
					<cvParam cvLabel="PRIDE" accession="PRIDE:0000188" name="product ion m/z" value="700.0" />
					<cvParam cvLabel="PRIDE" accession="PRIDE:0000189" name="product ion intensity" value="90867.0" />
					<cvParam cvLabel="PRIDE" accession="PRIDE:0000190" name="product ion mass error" value="0.278" />
				</FragmentIon>
				<FragmentIon>
					<cvParam cvLabel="PRIDE" accession="PRIDE:0000204" name="product ion charge" value="2" />
					<cvParam cvLabel="PRIDE" accession="PRIDE:0000193" name="y ion" value="12" />
					<cvParam cvLabel="PRIDE" accession="PRIDE:0000188" name="product ion m/z" value="774.0" />
					<cvParam cvLabel="PRIDE" accession="PRIDE:0000189" name="product ion intensity" value="26963.0" />
					<cvParam cvLabel="PRIDE" accession="PRIDE:0000190" name="product ion mass error" value="0.344" />
				</FragmentIon>
				<FragmentIon>
					<cvParam cvLabel="PRIDE" accession="PRIDE:0000204" name="product ion charge" value="2" />
					<cvParam cvLabel="PRIDE" accession="PRIDE:0000193" name="y ion" value="13" />
					<cvParam cvLabel="PRIDE" accession="PRIDE:0000188" name="product ion m/z" value="824.0" />
					<cvParam cvLabel="PRIDE" accession="PRIDE:0000189" name="product ion intensity" value="2269730.0" />
					<cvParam cvLabel="PRIDE" accession="PRIDE:0000190" name="product ion mass error" value="0.02" />
				</FragmentIon>
				<FragmentIon>
					<cvParam cvLabel="PRIDE" accession="PRIDE:0000204" name="product ion charge" value="2" />
					<cvParam cvLabel="PRIDE" accession="PRIDE:0000193" name="y ion" value="14" />
					<cvParam cvLabel="PRIDE" accession="PRIDE:0000188" name="product ion m/z" value="898.0" />
					<cvParam cvLabel="PRIDE" accession="PRIDE:0000189" name="product ion intensity" value="107115.0" />
					<cvParam cvLabel="PRIDE" accession="PRIDE:0000190" name="product ion mass error" value="0.386" />
				</FragmentIon>
				<additional>
					<cvParam cvLabel="PRIDE" accession="PRIDE:0000185" name="OMSSA E-value" value="1.06097629474637E-5" />
					<cvParam cvLabel="PRIDE" accession="PRIDE:0000186" name="OMSSA P-value" value="9.57559832803586E-9" />
					<cvParam cvLabel="PRIDE" accession="PRIDE:0000065" name="Upstream flanking sequence" value="Q" />
					<cvParam cvLabel="PRIDE" accession="PRIDE:0000066" name="Downstream flanking sequence" value="K" />
				</additional>
			</PeptideItem>
			<PeptideItem>
				<Sequence>TVMENFVAFVDK</Sequence>
				<Start>569</Start>
				<End>580</End>
				<SpectrumReference>23</SpectrumReference>
				<ModificationItem>
					<ModLocation>3</ModLocation>
					<ModAccession>MOD:00425</ModAccession>
					<ModDatabase>MOD</ModDatabase>
					<ModMonoDelta>16.0</ModMonoDelta>
					<additional>
						<cvParam cvLabel="MOD" accession="MOD:00425" name="monohydroxylated residue" value="15.994915" />
					</additional>
				</ModificationItem>
				<FragmentIon>
					<cvParam cvLabel="PRIDE" accession="PRIDE:0000204" name="product ion charge" value="1" />
					<cvParam cvLabel="PRIDE" accession="PRIDE:0000194" name="b ion" value="1" />
					<cvParam cvLabel="PRIDE" accession="PRIDE:0000188" name="product ion m/z" value="201.0" />
					<cvParam cvLabel="PRIDE" accession="PRIDE:0000189" name="product ion intensity" value="72993.0" />
					<cvParam cvLabel="PRIDE" accession="PRIDE:0000190" name="product ion mass error" value="0.076" />
				</FragmentIon>
				<FragmentIon>
					<cvParam cvLabel="PRIDE" accession="PRIDE:0000204" name="product ion charge" value="1" />
					<cvParam cvLabel="PRIDE" accession="PRIDE:0000194" name="b ion" value="3" />
					<cvParam cvLabel="PRIDE" accession="PRIDE:0000188" name="product ion m/z" value="476.0" />
					<cvParam cvLabel="PRIDE" accession="PRIDE:0000189" name="product ion intensity" value="23264.0" />
					<cvParam cvLabel="PRIDE" accession="PRIDE:0000190" name="product ion mass error" value="-0.507" />
				</FragmentIon>
				<FragmentIon>
					<cvParam cvLabel="PRIDE" accession="PRIDE:0000204" name="product ion charge" value="1" />
					<cvParam cvLabel="PRIDE" accession="PRIDE:0000194" name="b ion" value="4" />
					<cvParam cvLabel="PRIDE" accession="PRIDE:0000188" name="product ion m/z" value="590.0" />
					<cvParam cvLabel="PRIDE" accession="PRIDE:0000189" name="product ion intensity" value="363101.0" />
					<cvParam cvLabel="PRIDE" accession="PRIDE:0000190" name="product ion mass error" value="-0.45" />
				</FragmentIon>
				<FragmentIon>
					<cvParam cvLabel="PRIDE" accession="PRIDE:0000204" name="product ion charge" value="1" />
					<cvParam cvLabel="PRIDE" accession="PRIDE:0000194" name="b ion" value="5" />
					<cvParam cvLabel="PRIDE" accession="PRIDE:0000188" name="product ion m/z" value="738.0" />
					<cvParam cvLabel="PRIDE" accession="PRIDE:0000189" name="product ion intensity" value="150967.0" />
					<cvParam cvLabel="PRIDE" accession="PRIDE:0000190" name="product ion mass error" value="-0.018" />
				</FragmentIon>
				<FragmentIon>
					<cvParam cvLabel="PRIDE" accession="PRIDE:0000204" name="product ion charge" value="1" />
					<cvParam cvLabel="PRIDE" accession="PRIDE:0000194" name="b ion" value="6" />
					<cvParam cvLabel="PRIDE" accession="PRIDE:0000188" name="product ion m/z" value="837.0" />
					<cvParam cvLabel="PRIDE" accession="PRIDE:0000189" name="product ion intensity" value="349783.0" />
					<cvParam cvLabel="PRIDE" accession="PRIDE:0000190" name="product ion mass error" value="-0.286" />
				</FragmentIon>
				<FragmentIon>
					<cvParam cvLabel="PRIDE" accession="PRIDE:0000204" name="product ion charge" value="1" />
					<cvParam cvLabel="PRIDE" accession="PRIDE:0000194" name="b ion" value="7" />
					<cvParam cvLabel="PRIDE" accession="PRIDE:0000188" name="product ion m/z" value="908.0" />
					<cvParam cvLabel="PRIDE" accession="PRIDE:0000189" name="product ion intensity" value="97967.0" />
					<cvParam cvLabel="PRIDE" accession="PRIDE:0000190" name="product ion mass error" value="-0.023" />
				</FragmentIon>
				<FragmentIon>
					<cvParam cvLabel="PRIDE" accession="PRIDE:0000204" name="product ion charge" value="1" />
					<cvParam cvLabel="PRIDE" accession="PRIDE:0000194" name="b ion" value="8" />
					<cvParam cvLabel="PRIDE" accession="PRIDE:0000188" name="product ion m/z" value="1055.0" />
					<cvParam cvLabel="PRIDE" accession="PRIDE:0000189" name="product ion intensity" value="191153.0" />
					<cvParam cvLabel="PRIDE" accession="PRIDE:0000190" name="product ion mass error" value="-0.091" />
				</FragmentIon>
				<FragmentIon>
					<cvParam cvLabel="PRIDE" accession="PRIDE:0000204" name="product ion charge" value="1" />
					<cvParam cvLabel="PRIDE" accession="PRIDE:0000194" name="b ion" value="9" />
					<cvParam cvLabel="PRIDE" accession="PRIDE:0000188" name="product ion m/z" value="1154.0" />
					<cvParam cvLabel="PRIDE" accession="PRIDE:0000189" name="product ion intensity" value="155235.0" />
					<cvParam cvLabel="PRIDE" accession="PRIDE:0000190" name="product ion mass error" value="-0.459" />
				</FragmentIon>
				<FragmentIon>
					<cvParam cvLabel="PRIDE" accession="PRIDE:0000204" name="product ion charge" value="1" />
					<cvParam cvLabel="PRIDE" accession="PRIDE:0000194" name="b ion" value="10" />
					<cvParam cvLabel="PRIDE" accession="PRIDE:0000188" name="product ion m/z" value="1270.0" />
					<cvParam cvLabel="PRIDE" accession="PRIDE:0000189" name="product ion intensity" value="259866.0" />
					<cvParam cvLabel="PRIDE" accession="PRIDE:0000190" name="product ion mass error" value="0.714" />
				</FragmentIon>
				<FragmentIon>
					<cvParam cvLabel="PRIDE" accession="PRIDE:0000204" name="product ion charge" value="1" />
					<cvParam cvLabel="PRIDE" accession="PRIDE:0000193" name="y ion" value="1" />
					<cvParam cvLabel="PRIDE" accession="PRIDE:0000188" name="product ion m/z" value="262.0" />
					<cvParam cvLabel="PRIDE" accession="PRIDE:0000189" name="product ion intensity" value="137596.0" />
					<cvParam cvLabel="PRIDE" accession="PRIDE:0000190" name="product ion mass error" value="-0.04" />
				</FragmentIon>
				<FragmentIon>
					<cvParam cvLabel="PRIDE" accession="PRIDE:0000204" name="product ion charge" value="1" />
					<cvParam cvLabel="PRIDE" accession="PRIDE:0000193" name="y ion" value="2" />
					<cvParam cvLabel="PRIDE" accession="PRIDE:0000188" name="product ion m/z" value="361.0" />
					<cvParam cvLabel="PRIDE" accession="PRIDE:0000189" name="product ion intensity" value="469520.0" />
					<cvParam cvLabel="PRIDE" accession="PRIDE:0000190" name="product ion mass error" value="0.092" />
				</FragmentIon>
				<FragmentIon>
					<cvParam cvLabel="PRIDE" accession="PRIDE:0000204" name="product ion charge" value="1" />
					<cvParam cvLabel="PRIDE" accession="PRIDE:0000193" name="y ion" value="3" />
					<cvParam cvLabel="PRIDE" accession="PRIDE:0000188" name="product ion m/z" value="508.0" />
					<cvParam cvLabel="PRIDE" accession="PRIDE:0000189" name="product ion intensity" value="349061.0" />
					<cvParam cvLabel="PRIDE" accession="PRIDE:0000190" name="product ion mass error" value="0.024" />
				</FragmentIon>
				<FragmentIon>
					<cvParam cvLabel="PRIDE" accession="PRIDE:0000204" name="product ion charge" value="1" />
					<cvParam cvLabel="PRIDE" accession="PRIDE:0000193" name="y ion" value="4" />
					<cvParam cvLabel="PRIDE" accession="PRIDE:0000188" name="product ion m/z" value="579.0" />
					<cvParam cvLabel="PRIDE" accession="PRIDE:0000189" name="product ion intensity" value="555879.0" />
					<cvParam cvLabel="PRIDE" accession="PRIDE:0000190" name="product ion mass error" value="-0.013" />
				</FragmentIon>
				<FragmentIon>
					<cvParam cvLabel="PRIDE" accession="PRIDE:0000204" name="product ion charge" value="1" />
					<cvParam cvLabel="PRIDE" accession="PRIDE:0000193" name="y ion" value="5" />
					<cvParam cvLabel="PRIDE" accession="PRIDE:0000188" name="product ion m/z" value="678.0" />
					<cvParam cvLabel="PRIDE" accession="PRIDE:0000189" name="product ion intensity" value="320894.0" />
					<cvParam cvLabel="PRIDE" accession="PRIDE:0000190" name="product ion mass error" value="0.119" />
				</FragmentIon>
				<FragmentIon>
					<cvParam cvLabel="PRIDE" accession="PRIDE:0000204" name="product ion charge" value="1" />
					<cvParam cvLabel="PRIDE" accession="PRIDE:0000193" name="y ion" value="6" />
					<cvParam cvLabel="PRIDE" accession="PRIDE:0000188" name="product ion m/z" value="825.0" />
					<cvParam cvLabel="PRIDE" accession="PRIDE:0000189" name="product ion intensity" value="774945.0" />
					<cvParam cvLabel="PRIDE" accession="PRIDE:0000190" name="product ion mass error" value="-0.149" />
				</FragmentIon>
				<FragmentIon>
					<cvParam cvLabel="PRIDE" accession="PRIDE:0000204" name="product ion charge" value="1" />
					<cvParam cvLabel="PRIDE" accession="PRIDE:0000193" name="y ion" value="7" />
					<cvParam cvLabel="PRIDE" accession="PRIDE:0000188" name="product ion m/z" value="939.0" />
					<cvParam cvLabel="PRIDE" accession="PRIDE:0000189" name="product ion intensity" value="370208.0" />
					<cvParam cvLabel="PRIDE" accession="PRIDE:0000190" name="product ion mass error" value="0.0080" />
				</FragmentIon>
				<FragmentIon>
					<cvParam cvLabel="PRIDE" accession="PRIDE:0000204" name="product ion charge" value="1" />
					<cvParam cvLabel="PRIDE" accession="PRIDE:0000193" name="y ion" value="8" />
					<cvParam cvLabel="PRIDE" accession="PRIDE:0000188" name="product ion m/z" value="1068.0" />
					<cvParam cvLabel="PRIDE" accession="PRIDE:0000189" name="product ion intensity" value="787571.0" />
					<cvParam cvLabel="PRIDE" accession="PRIDE:0000190" name="product ion mass error" value="-0.035" />
				</FragmentIon>
				<FragmentIon>
					<cvParam cvLabel="PRIDE" accession="PRIDE:0000204" name="product ion charge" value="1" />
					<cvParam cvLabel="PRIDE" accession="PRIDE:0000193" name="y ion" value="9" />
					<cvParam cvLabel="PRIDE" accession="PRIDE:0000188" name="product ion m/z" value="1215.0" />
					<cvParam cvLabel="PRIDE" accession="PRIDE:0000189" name="product ion intensity" value="874990.0" />
					<cvParam cvLabel="PRIDE" accession="PRIDE:0000190" name="product ion mass error" value="-0.075" />
				</FragmentIon>
				<additional>
					<cvParam cvLabel="PRIDE" accession="PRIDE:0000185" name="OMSSA E-value" value="7.128970769168E-7" />
					<cvParam cvLabel="PRIDE" accession="PRIDE:0000186" name="OMSSA P-value" value="6.88789446296425E-10" />
					<cvParam cvLabel="PRIDE" accession="PRIDE:0000065" name="Upstream flanking sequence" value="C" />
					<cvParam cvLabel="PRIDE" accession="PRIDE:0000066" name="Downstream flanking sequence" value="K" />
				</additional>
			</PeptideItem>
			<PeptideItem>
				<Sequence>LFTFHADICTLPDTEK</Sequence>
				<Start>529</Start>
				<End>544</End>
				<SpectrumReference>14</SpectrumReference>
				<ModificationItem>
					<ModLocation>9</ModLocation>
					<ModAccession>MOD:01214</ModAccession>
					<ModDatabase>MOD</ModDatabase>
					<ModMonoDelta>57.021464</ModMonoDelta>
					<additional>
						<cvParam cvLabel="MOD" accession="MOD:01214" name="iodoacetamide -site C" value="57.021464" />
					</additional>
				</ModificationItem>
				<FragmentIon>
					<cvParam cvLabel="PRIDE" accession="PRIDE:0000204" name="product ion charge" value="1" />
					<cvParam cvLabel="PRIDE" accession="PRIDE:0000194" name="b ion" value="4" />
					<cvParam cvLabel="PRIDE" accession="PRIDE:0000188" name="product ion m/z" value="646.0" />
					<cvParam cvLabel="PRIDE" accession="PRIDE:0000189" name="product ion intensity" value="73617.0" />
					<cvParam cvLabel="PRIDE" accession="PRIDE:0000190" name="product ion mass error" value="0.065" />
				</FragmentIon>
				<FragmentIon>
					<cvParam cvLabel="PRIDE" accession="PRIDE:0000204" name="product ion charge" value="1" />
					<cvParam cvLabel="PRIDE" accession="PRIDE:0000194" name="b ion" value="5" />
					<cvParam cvLabel="PRIDE" accession="PRIDE:0000188" name="product ion m/z" value="717.0" />
					<cvParam cvLabel="PRIDE" accession="PRIDE:0000189" name="product ion intensity" value="175633.0" />
					<cvParam cvLabel="PRIDE" accession="PRIDE:0000190" name="product ion mass error" value="0.028" />
				</FragmentIon>
				<FragmentIon>
					<cvParam cvLabel="PRIDE" accession="PRIDE:0000204" name="product ion charge" value="1" />
					<cvParam cvLabel="PRIDE" accession="PRIDE:0000194" name="b ion" value="6" />
					<cvParam cvLabel="PRIDE" accession="PRIDE:0000188" name="product ion m/z" value="832.0" />
					<cvParam cvLabel="PRIDE" accession="PRIDE:0000189" name="product ion intensity" value="260007.0" />
					<cvParam cvLabel="PRIDE" accession="PRIDE:0000190" name="product ion mass error" value="-0.099" />
				</FragmentIon>
				<FragmentIon>
					<cvParam cvLabel="PRIDE" accession="PRIDE:0000204" name="product ion charge" value="1" />
					<cvParam cvLabel="PRIDE" accession="PRIDE:0000194" name="b ion" value="7" />
					<cvParam cvLabel="PRIDE" accession="PRIDE:0000188" name="product ion m/z" value="945.0" />
					<cvParam cvLabel="PRIDE" accession="PRIDE:0000189" name="product ion intensity" value="306909.0" />
					<cvParam cvLabel="PRIDE" accession="PRIDE:0000190" name="product ion mass error" value="-0.283" />
				</FragmentIon>
				<FragmentIon>
					<cvParam cvLabel="PRIDE" accession="PRIDE:0000204" name="product ion charge" value="1" />
					<cvParam cvLabel="PRIDE" accession="PRIDE:0000194" name="b ion" value="8" />
					<cvParam cvLabel="PRIDE" accession="PRIDE:0000188" name="product ion m/z" value="1105.0" />
					<cvParam cvLabel="PRIDE" accession="PRIDE:0000189" name="product ion intensity" value="58897.0" />
					<cvParam cvLabel="PRIDE" accession="PRIDE:0000190" name="product ion mass error" value="-0.012" />
				</FragmentIon>
				<FragmentIon>
					<cvParam cvLabel="PRIDE" accession="PRIDE:0000204" name="product ion charge" value="1" />
					<cvParam cvLabel="PRIDE" accession="PRIDE:0000194" name="b ion" value="10" />
					<cvParam cvLabel="PRIDE" accession="PRIDE:0000188" name="product ion m/z" value="1319.0" />
					<cvParam cvLabel="PRIDE" accession="PRIDE:0000189" name="product ion intensity" value="733119.0" />
					<cvParam cvLabel="PRIDE" accession="PRIDE:0000190" name="product ion mass error" value="-0.044" />
				</FragmentIon>
				<FragmentIon>
					<cvParam cvLabel="PRIDE" accession="PRIDE:0000204" name="product ion charge" value="1" />
					<cvParam cvLabel="PRIDE" accession="PRIDE:0000194" name="b ion" value="12" />
					<cvParam cvLabel="PRIDE" accession="PRIDE:0000188" name="product ion m/z" value="1531.0" />
					<cvParam cvLabel="PRIDE" accession="PRIDE:0000189" name="product ion intensity" value="152243.0" />
					<cvParam cvLabel="PRIDE" accession="PRIDE:0000190" name="product ion mass error" value="-0.124" />
				</FragmentIon>
				<FragmentIon>
					<cvParam cvLabel="PRIDE" accession="PRIDE:0000204" name="product ion charge" value="1" />
					<cvParam cvLabel="PRIDE" accession="PRIDE:0000193" name="y ion" value="2" />
					<cvParam cvLabel="PRIDE" accession="PRIDE:0000188" name="product ion m/z" value="377.0" />
					<cvParam cvLabel="PRIDE" accession="PRIDE:0000189" name="product ion intensity" value="158060.0" />
					<cvParam cvLabel="PRIDE" accession="PRIDE:0000190" name="product ion mass error" value="0.096" />
				</FragmentIon>
				<FragmentIon>
					<cvParam cvLabel="PRIDE" accession="PRIDE:0000204" name="product ion charge" value="1" />
					<cvParam cvLabel="PRIDE" accession="PRIDE:0000193" name="y ion" value="4" />
					<cvParam cvLabel="PRIDE" accession="PRIDE:0000188" name="product ion m/z" value="589.0" />
					<cvParam cvLabel="PRIDE" accession="PRIDE:0000189" name="product ion intensity" value="1098937.0" />
					<cvParam cvLabel="PRIDE" accession="PRIDE:0000190" name="product ion mass error" value="0.016" />
				</FragmentIon>
				<FragmentIon>
					<cvParam cvLabel="PRIDE" accession="PRIDE:0000204" name="product ion charge" value="1" />
					<cvParam cvLabel="PRIDE" accession="PRIDE:0000193" name="y ion" value="7" />
					<cvParam cvLabel="PRIDE" accession="PRIDE:0000188" name="product ion m/z" value="963.0" />
					<cvParam cvLabel="PRIDE" accession="PRIDE:0000189" name="product ion intensity" value="348724.0" />
					<cvParam cvLabel="PRIDE" accession="PRIDE:0000190" name="product ion mass error" value="0.255" />
				</FragmentIon>
				<FragmentIon>
					<cvParam cvLabel="PRIDE" accession="PRIDE:0000204" name="product ion charge" value="1" />
					<cvParam cvLabel="PRIDE" accession="PRIDE:0000193" name="y ion" value="8" />
					<cvParam cvLabel="PRIDE" accession="PRIDE:0000188" name="product ion m/z" value="1076.0" />
					<cvParam cvLabel="PRIDE" accession="PRIDE:0000189" name="product ion intensity" value="470263.0" />
					<cvParam cvLabel="PRIDE" accession="PRIDE:0000190" name="product ion mass error" value="-0.029" />
				</FragmentIon>
				<FragmentIon>
					<cvParam cvLabel="PRIDE" accession="PRIDE:0000204" name="product ion charge" value="1" />
					<cvParam cvLabel="PRIDE" accession="PRIDE:0000193" name="y ion" value="9" />
					<cvParam cvLabel="PRIDE" accession="PRIDE:0000188" name="product ion m/z" value="1191.0" />
					<cvParam cvLabel="PRIDE" accession="PRIDE:0000189" name="product ion intensity" value="712813.0" />
					<cvParam cvLabel="PRIDE" accession="PRIDE:0000190" name="product ion mass error" value="0.044" />
				</FragmentIon>
				<FragmentIon>
					<cvParam cvLabel="PRIDE" accession="PRIDE:0000204" name="product ion charge" value="1" />
					<cvParam cvLabel="PRIDE" accession="PRIDE:0000193" name="y ion" value="10" />
					<cvParam cvLabel="PRIDE" accession="PRIDE:0000188" name="product ion m/z" value="1262.0" />
					<cvParam cvLabel="PRIDE" accession="PRIDE:0000189" name="product ion intensity" value="712150.0" />
					<cvParam cvLabel="PRIDE" accession="PRIDE:0000190" name="product ion mass error" value="-0.093" />
				</FragmentIon>
				<FragmentIon>
					<cvParam cvLabel="PRIDE" accession="PRIDE:0000204" name="product ion charge" value="1" />
					<cvParam cvLabel="PRIDE" accession="PRIDE:0000193" name="y ion" value="11" />
					<cvParam cvLabel="PRIDE" accession="PRIDE:0000188" name="product ion m/z" value="1399.0" />
					<cvParam cvLabel="PRIDE" accession="PRIDE:0000189" name="product ion intensity" value="83834.0" />
					<cvParam cvLabel="PRIDE" accession="PRIDE:0000190" name="product ion mass error" value="-0.352" />
				</FragmentIon>
				<FragmentIon>
					<cvParam cvLabel="PRIDE" accession="PRIDE:0000204" name="product ion charge" value="1" />
					<cvParam cvLabel="PRIDE" accession="PRIDE:0000193" name="y ion" value="12" />
					<cvParam cvLabel="PRIDE" accession="PRIDE:0000188" name="product ion m/z" value="1546.0" />
					<cvParam cvLabel="PRIDE" accession="PRIDE:0000189" name="product ion intensity" value="57838.0" />
					<cvParam cvLabel="PRIDE" accession="PRIDE:0000190" name="product ion mass error" value="-0.32" />
				</FragmentIon>
				<additional>
					<cvParam cvLabel="PRIDE" accession="PRIDE:0000185" name="OMSSA E-value" value="5.66401130353636E-4" />
					<cvParam cvLabel="PRIDE" accession="PRIDE:0000186" name="OMSSA P-value" value="7.68522564930306E-7" />
					<cvParam cvLabel="PRIDE" accession="PRIDE:0000065" name="Upstream flanking sequence" value="Q" />
					<cvParam cvLabel="PRIDE" accession="PRIDE:0000066" name="Downstream flanking sequence" value="K" />
				</additional>
			</PeptideItem>
			<PeptideItem>
				<Sequence>TVMENFVAFVDK</Sequence>
				<Start>569</Start>
				<End>580</End>
				<SpectrumReference>62</SpectrumReference>
				<ModificationItem>
					<ModLocation>3</ModLocation>
					<ModAccession>MOD:00425</ModAccession>
					<ModDatabase>MOD</ModDatabase>
					<ModMonoDelta>16.0</ModMonoDelta>
					<additional>
						<cvParam cvLabel="MOD" accession="MOD:00425" name="monohydroxylated residue" value="15.994915" />
					</additional>
				</ModificationItem>
				<FragmentIon>
					<cvParam cvLabel="PRIDE" accession="PRIDE:0000204" name="product ion charge" value="1" />
					<cvParam cvLabel="PRIDE" accession="PRIDE:0000194" name="b ion" value="1" />
					<cvParam cvLabel="PRIDE" accession="PRIDE:0000188" name="product ion m/z" value="201.0" />
					<cvParam cvLabel="PRIDE" accession="PRIDE:0000189" name="product ion intensity" value="72993.0" />
					<cvParam cvLabel="PRIDE" accession="PRIDE:0000190" name="product ion mass error" value="0.076" />
				</FragmentIon>
				<FragmentIon>
					<cvParam cvLabel="PRIDE" accession="PRIDE:0000204" name="product ion charge" value="1" />
					<cvParam cvLabel="PRIDE" accession="PRIDE:0000194" name="b ion" value="3" />
					<cvParam cvLabel="PRIDE" accession="PRIDE:0000188" name="product ion m/z" value="476.0" />
					<cvParam cvLabel="PRIDE" accession="PRIDE:0000189" name="product ion intensity" value="23264.0" />
					<cvParam cvLabel="PRIDE" accession="PRIDE:0000190" name="product ion mass error" value="-0.507" />
				</FragmentIon>
				<FragmentIon>
					<cvParam cvLabel="PRIDE" accession="PRIDE:0000204" name="product ion charge" value="1" />
					<cvParam cvLabel="PRIDE" accession="PRIDE:0000194" name="b ion" value="4" />
					<cvParam cvLabel="PRIDE" accession="PRIDE:0000188" name="product ion m/z" value="590.0" />
					<cvParam cvLabel="PRIDE" accession="PRIDE:0000189" name="product ion intensity" value="363101.0" />
					<cvParam cvLabel="PRIDE" accession="PRIDE:0000190" name="product ion mass error" value="-0.45" />
				</FragmentIon>
				<FragmentIon>
					<cvParam cvLabel="PRIDE" accession="PRIDE:0000204" name="product ion charge" value="1" />
					<cvParam cvLabel="PRIDE" accession="PRIDE:0000194" name="b ion" value="5" />
					<cvParam cvLabel="PRIDE" accession="PRIDE:0000188" name="product ion m/z" value="738.0" />
					<cvParam cvLabel="PRIDE" accession="PRIDE:0000189" name="product ion intensity" value="150967.0" />
					<cvParam cvLabel="PRIDE" accession="PRIDE:0000190" name="product ion mass error" value="-0.018" />
				</FragmentIon>
				<FragmentIon>
					<cvParam cvLabel="PRIDE" accession="PRIDE:0000204" name="product ion charge" value="1" />
					<cvParam cvLabel="PRIDE" accession="PRIDE:0000194" name="b ion" value="6" />
					<cvParam cvLabel="PRIDE" accession="PRIDE:0000188" name="product ion m/z" value="837.0" />
					<cvParam cvLabel="PRIDE" accession="PRIDE:0000189" name="product ion intensity" value="349783.0" />
					<cvParam cvLabel="PRIDE" accession="PRIDE:0000190" name="product ion mass error" value="-0.286" />
				</FragmentIon>
				<FragmentIon>
					<cvParam cvLabel="PRIDE" accession="PRIDE:0000204" name="product ion charge" value="1" />
					<cvParam cvLabel="PRIDE" accession="PRIDE:0000194" name="b ion" value="7" />
					<cvParam cvLabel="PRIDE" accession="PRIDE:0000188" name="product ion m/z" value="908.0" />
					<cvParam cvLabel="PRIDE" accession="PRIDE:0000189" name="product ion intensity" value="97967.0" />
					<cvParam cvLabel="PRIDE" accession="PRIDE:0000190" name="product ion mass error" value="-0.023" />
				</FragmentIon>
				<FragmentIon>
					<cvParam cvLabel="PRIDE" accession="PRIDE:0000204" name="product ion charge" value="1" />
					<cvParam cvLabel="PRIDE" accession="PRIDE:0000194" name="b ion" value="8" />
					<cvParam cvLabel="PRIDE" accession="PRIDE:0000188" name="product ion m/z" value="1055.0" />
					<cvParam cvLabel="PRIDE" accession="PRIDE:0000189" name="product ion intensity" value="191153.0" />
					<cvParam cvLabel="PRIDE" accession="PRIDE:0000190" name="product ion mass error" value="-0.091" />
				</FragmentIon>
				<FragmentIon>
					<cvParam cvLabel="PRIDE" accession="PRIDE:0000204" name="product ion charge" value="1" />
					<cvParam cvLabel="PRIDE" accession="PRIDE:0000194" name="b ion" value="9" />
					<cvParam cvLabel="PRIDE" accession="PRIDE:0000188" name="product ion m/z" value="1154.0" />
					<cvParam cvLabel="PRIDE" accession="PRIDE:0000189" name="product ion intensity" value="155235.0" />
					<cvParam cvLabel="PRIDE" accession="PRIDE:0000190" name="product ion mass error" value="-0.459" />
				</FragmentIon>
				<FragmentIon>
					<cvParam cvLabel="PRIDE" accession="PRIDE:0000204" name="product ion charge" value="1" />
					<cvParam cvLabel="PRIDE" accession="PRIDE:0000194" name="b ion" value="10" />
					<cvParam cvLabel="PRIDE" accession="PRIDE:0000188" name="product ion m/z" value="1270.0" />
					<cvParam cvLabel="PRIDE" accession="PRIDE:0000189" name="product ion intensity" value="259866.0" />
					<cvParam cvLabel="PRIDE" accession="PRIDE:0000190" name="product ion mass error" value="0.714" />
				</FragmentIon>
				<FragmentIon>
					<cvParam cvLabel="PRIDE" accession="PRIDE:0000204" name="product ion charge" value="1" />
					<cvParam cvLabel="PRIDE" accession="PRIDE:0000193" name="y ion" value="1" />
					<cvParam cvLabel="PRIDE" accession="PRIDE:0000188" name="product ion m/z" value="262.0" />
					<cvParam cvLabel="PRIDE" accession="PRIDE:0000189" name="product ion intensity" value="137596.0" />
					<cvParam cvLabel="PRIDE" accession="PRIDE:0000190" name="product ion mass error" value="-0.04" />
				</FragmentIon>
				<FragmentIon>
					<cvParam cvLabel="PRIDE" accession="PRIDE:0000204" name="product ion charge" value="1" />
					<cvParam cvLabel="PRIDE" accession="PRIDE:0000193" name="y ion" value="2" />
					<cvParam cvLabel="PRIDE" accession="PRIDE:0000188" name="product ion m/z" value="361.0" />
					<cvParam cvLabel="PRIDE" accession="PRIDE:0000189" name="product ion intensity" value="469520.0" />
					<cvParam cvLabel="PRIDE" accession="PRIDE:0000190" name="product ion mass error" value="0.092" />
				</FragmentIon>
				<FragmentIon>
					<cvParam cvLabel="PRIDE" accession="PRIDE:0000204" name="product ion charge" value="1" />
					<cvParam cvLabel="PRIDE" accession="PRIDE:0000193" name="y ion" value="3" />
					<cvParam cvLabel="PRIDE" accession="PRIDE:0000188" name="product ion m/z" value="508.0" />
					<cvParam cvLabel="PRIDE" accession="PRIDE:0000189" name="product ion intensity" value="349061.0" />
					<cvParam cvLabel="PRIDE" accession="PRIDE:0000190" name="product ion mass error" value="0.024" />
				</FragmentIon>
				<FragmentIon>
					<cvParam cvLabel="PRIDE" accession="PRIDE:0000204" name="product ion charge" value="1" />
					<cvParam cvLabel="PRIDE" accession="PRIDE:0000193" name="y ion" value="4" />
					<cvParam cvLabel="PRIDE" accession="PRIDE:0000188" name="product ion m/z" value="579.0" />
					<cvParam cvLabel="PRIDE" accession="PRIDE:0000189" name="product ion intensity" value="555879.0" />
					<cvParam cvLabel="PRIDE" accession="PRIDE:0000190" name="product ion mass error" value="-0.013" />
				</FragmentIon>
				<FragmentIon>
					<cvParam cvLabel="PRIDE" accession="PRIDE:0000204" name="product ion charge" value="1" />
					<cvParam cvLabel="PRIDE" accession="PRIDE:0000193" name="y ion" value="5" />
					<cvParam cvLabel="PRIDE" accession="PRIDE:0000188" name="product ion m/z" value="678.0" />
					<cvParam cvLabel="PRIDE" accession="PRIDE:0000189" name="product ion intensity" value="320894.0" />
					<cvParam cvLabel="PRIDE" accession="PRIDE:0000190" name="product ion mass error" value="0.119" />
				</FragmentIon>
				<FragmentIon>
					<cvParam cvLabel="PRIDE" accession="PRIDE:0000204" name="product ion charge" value="1" />
					<cvParam cvLabel="PRIDE" accession="PRIDE:0000193" name="y ion" value="6" />
					<cvParam cvLabel="PRIDE" accession="PRIDE:0000188" name="product ion m/z" value="825.0" />
					<cvParam cvLabel="PRIDE" accession="PRIDE:0000189" name="product ion intensity" value="774945.0" />
					<cvParam cvLabel="PRIDE" accession="PRIDE:0000190" name="product ion mass error" value="-0.149" />
				</FragmentIon>
				<FragmentIon>
					<cvParam cvLabel="PRIDE" accession="PRIDE:0000204" name="product ion charge" value="1" />
					<cvParam cvLabel="PRIDE" accession="PRIDE:0000193" name="y ion" value="7" />
					<cvParam cvLabel="PRIDE" accession="PRIDE:0000188" name="product ion m/z" value="939.0" />
					<cvParam cvLabel="PRIDE" accession="PRIDE:0000189" name="product ion intensity" value="370208.0" />
					<cvParam cvLabel="PRIDE" accession="PRIDE:0000190" name="product ion mass error" value="0.0080" />
				</FragmentIon>
				<FragmentIon>
					<cvParam cvLabel="PRIDE" accession="PRIDE:0000204" name="product ion charge" value="1" />
					<cvParam cvLabel="PRIDE" accession="PRIDE:0000193" name="y ion" value="8" />
					<cvParam cvLabel="PRIDE" accession="PRIDE:0000188" name="product ion m/z" value="1068.0" />
					<cvParam cvLabel="PRIDE" accession="PRIDE:0000189" name="product ion intensity" value="787571.0" />
					<cvParam cvLabel="PRIDE" accession="PRIDE:0000190" name="product ion mass error" value="-0.035" />
				</FragmentIon>
				<FragmentIon>
					<cvParam cvLabel="PRIDE" accession="PRIDE:0000204" name="product ion charge" value="1" />
					<cvParam cvLabel="PRIDE" accession="PRIDE:0000193" name="y ion" value="9" />
					<cvParam cvLabel="PRIDE" accession="PRIDE:0000188" name="product ion m/z" value="1215.0" />
					<cvParam cvLabel="PRIDE" accession="PRIDE:0000189" name="product ion intensity" value="874990.0" />
					<cvParam cvLabel="PRIDE" accession="PRIDE:0000190" name="product ion mass error" value="-0.075" />
				</FragmentIon>
				<additional>
					<cvParam cvLabel="PRIDE" accession="PRIDE:0000185" name="OMSSA E-value" value="7.12901069502159E-7" />
					<cvParam cvLabel="PRIDE" accession="PRIDE:0000186" name="OMSSA P-value" value="6.8879330386682E-10" />
					<cvParam cvLabel="PRIDE" accession="PRIDE:0000065" name="Upstream flanking sequence" value="C" />
					<cvParam cvLabel="PRIDE" accession="PRIDE:0000066" name="Downstream flanking sequence" value="K" />
				</additional>
			</PeptideItem>
			<PeptideItem>
				<Sequence>LFTFHADICTLPDTEK</Sequence>
				<Start>529</Start>
				<End>544</End>
				<SpectrumReference>36</SpectrumReference>
				<ModificationItem>
					<ModLocation>9</ModLocation>
					<ModAccession>MOD:01214</ModAccession>
					<ModDatabase>MOD</ModDatabase>
					<ModMonoDelta>57.021464</ModMonoDelta>
					<additional>
						<cvParam cvLabel="MOD" accession="MOD:01214" name="iodoacetamide -site C" value="57.021464" />
					</additional>
				</ModificationItem>
				<FragmentIon>
					<cvParam cvLabel="PRIDE" accession="PRIDE:0000204" name="product ion charge" value="1" />
					<cvParam cvLabel="PRIDE" accession="PRIDE:0000194" name="b ion" value="1" />
					<cvParam cvLabel="PRIDE" accession="PRIDE:0000188" name="product ion m/z" value="260.0" />
					<cvParam cvLabel="PRIDE" accession="PRIDE:0000189" name="product ion intensity" value="610356.0" />
					<cvParam cvLabel="PRIDE" accession="PRIDE:0000190" name="product ion mass error" value="-0.26" />
				</FragmentIon>
				<FragmentIon>
					<cvParam cvLabel="PRIDE" accession="PRIDE:0000204" name="product ion charge" value="1" />
					<cvParam cvLabel="PRIDE" accession="PRIDE:0000194" name="b ion" value="4" />
					<cvParam cvLabel="PRIDE" accession="PRIDE:0000188" name="product ion m/z" value="646.0" />
					<cvParam cvLabel="PRIDE" accession="PRIDE:0000189" name="product ion intensity" value="2355322.0" />
					<cvParam cvLabel="PRIDE" accession="PRIDE:0000190" name="product ion mass error" value="0.065" />
				</FragmentIon>
				<FragmentIon>
					<cvParam cvLabel="PRIDE" accession="PRIDE:0000204" name="product ion charge" value="1" />
					<cvParam cvLabel="PRIDE" accession="PRIDE:0000194" name="b ion" value="7" />
					<cvParam cvLabel="PRIDE" accession="PRIDE:0000188" name="product ion m/z" value="945.0" />
					<cvParam cvLabel="PRIDE" accession="PRIDE:0000189" name="product ion intensity" value="1006602.0" />
					<cvParam cvLabel="PRIDE" accession="PRIDE:0000190" name="product ion mass error" value="-0.083" />
				</FragmentIon>
				<FragmentIon>
					<cvParam cvLabel="PRIDE" accession="PRIDE:0000204" name="product ion charge" value="1" />
					<cvParam cvLabel="PRIDE" accession="PRIDE:0000194" name="b ion" value="9" />
					<cvParam cvLabel="PRIDE" accession="PRIDE:0000188" name="product ion m/z" value="1206.0" />
					<cvParam cvLabel="PRIDE" accession="PRIDE:0000189" name="product ion intensity" value="326348.0" />
					<cvParam cvLabel="PRIDE" accession="PRIDE:0000190" name="product ion mass error" value="-0.16" />
				</FragmentIon>
				<FragmentIon>
					<cvParam cvLabel="PRIDE" accession="PRIDE:0000204" name="product ion charge" value="1" />
					<cvParam cvLabel="PRIDE" accession="PRIDE:0000193" name="y ion" value="2" />
					<cvParam cvLabel="PRIDE" accession="PRIDE:0000188" name="product ion m/z" value="377.0" />
					<cvParam cvLabel="PRIDE" accession="PRIDE:0000189" name="product ion intensity" value="740634.0" />
					<cvParam cvLabel="PRIDE" accession="PRIDE:0000190" name="product ion mass error" value="0.096" />
				</FragmentIon>
				<FragmentIon>
					<cvParam cvLabel="PRIDE" accession="PRIDE:0000204" name="product ion charge" value="1" />
					<cvParam cvLabel="PRIDE" accession="PRIDE:0000193" name="y ion" value="4" />
					<cvParam cvLabel="PRIDE" accession="PRIDE:0000188" name="product ion m/z" value="589.0" />
					<cvParam cvLabel="PRIDE" accession="PRIDE:0000189" name="product ion intensity" value="1.126795E7" />
					<cvParam cvLabel="PRIDE" accession="PRIDE:0000190" name="product ion mass error" value="-0.084" />
				</FragmentIon>
				<FragmentIon>
					<cvParam cvLabel="PRIDE" accession="PRIDE:0000204" name="product ion charge" value="1" />
					<cvParam cvLabel="PRIDE" accession="PRIDE:0000193" name="y ion" value="5" />
					<cvParam cvLabel="PRIDE" accession="PRIDE:0000188" name="product ion m/z" value="702.0" />
					<cvParam cvLabel="PRIDE" accession="PRIDE:0000189" name="product ion intensity" value="2417811.0" />
					<cvParam cvLabel="PRIDE" accession="PRIDE:0000190" name="product ion mass error" value="-0.068" />
				</FragmentIon>
				<FragmentIon>
					<cvParam cvLabel="PRIDE" accession="PRIDE:0000204" name="product ion charge" value="1" />
					<cvParam cvLabel="PRIDE" accession="PRIDE:0000193" name="y ion" value="6" />
					<cvParam cvLabel="PRIDE" accession="PRIDE:0000188" name="product ion m/z" value="803.0" />
					<cvParam cvLabel="PRIDE" accession="PRIDE:0000189" name="product ion intensity" value="3734869.0" />
					<cvParam cvLabel="PRIDE" accession="PRIDE:0000190" name="product ion mass error" value="-0.116" />
				</FragmentIon>
				<FragmentIon>
					<cvParam cvLabel="PRIDE" accession="PRIDE:0000204" name="product ion charge" value="1" />
					<cvParam cvLabel="PRIDE" accession="PRIDE:0000193" name="y ion" value="8" />
					<cvParam cvLabel="PRIDE" accession="PRIDE:0000188" name="product ion m/z" value="1076.0" />
					<cvParam cvLabel="PRIDE" accession="PRIDE:0000189" name="product ion intensity" value="122198.0" />
					<cvParam cvLabel="PRIDE" accession="PRIDE:0000190" name="product ion mass error" value="-0.329" />
				</FragmentIon>
				<FragmentIon>
					<cvParam cvLabel="PRIDE" accession="PRIDE:0000204" name="product ion charge" value="2" />
					<cvParam cvLabel="PRIDE" accession="PRIDE:0000194" name="b ion" value="7" />
					<cvParam cvLabel="PRIDE" accession="PRIDE:0000188" name="product ion m/z" value="473.0" />
					<cvParam cvLabel="PRIDE" accession="PRIDE:0000189" name="product ion intensity" value="569851.0" />
					<cvParam cvLabel="PRIDE" accession="PRIDE:0000190" name="product ion mass error" value="0.56" />
				</FragmentIon>
				<FragmentIon>
					<cvParam cvLabel="PRIDE" accession="PRIDE:0000204" name="product ion charge" value="2" />
					<cvParam cvLabel="PRIDE" accession="PRIDE:0000194" name="b ion" value="8" />
					<cvParam cvLabel="PRIDE" accession="PRIDE:0000188" name="product ion m/z" value="553.0" />
					<cvParam cvLabel="PRIDE" accession="PRIDE:0000189" name="product ion intensity" value="1023756.0" />
					<cvParam cvLabel="PRIDE" accession="PRIDE:0000190" name="product ion mass error" value="0.546" />
				</FragmentIon>
				<FragmentIon>
					<cvParam cvLabel="PRIDE" accession="PRIDE:0000204" name="product ion charge" value="2" />
					<cvParam cvLabel="PRIDE" accession="PRIDE:0000194" name="b ion" value="10" />
					<cvParam cvLabel="PRIDE" accession="PRIDE:0000188" name="product ion m/z" value="660.0" />
					<cvParam cvLabel="PRIDE" accession="PRIDE:0000189" name="product ion intensity" value="2922345.0" />
					<cvParam cvLabel="PRIDE" accession="PRIDE:0000190" name="product ion mass error" value="-0.12" />
				</FragmentIon>
				<FragmentIon>
					<cvParam cvLabel="PRIDE" accession="PRIDE:0000204" name="product ion charge" value="2" />
					<cvParam cvLabel="PRIDE" accession="PRIDE:0000194" name="b ion" value="13" />
					<cvParam cvLabel="PRIDE" accession="PRIDE:0000188" name="product ion m/z" value="816.0" />
					<cvParam cvLabel="PRIDE" accession="PRIDE:0000189" name="product ion intensity" value="613900.0" />
					<cvParam cvLabel="PRIDE" accession="PRIDE:0000190" name="product ion mass error" value="-0.583" />
				</FragmentIon>
				<FragmentIon>
					<cvParam cvLabel="PRIDE" accession="PRIDE:0000204" name="product ion charge" value="2" />
					<cvParam cvLabel="PRIDE" accession="PRIDE:0000194" name="b ion" value="14" />
					<cvParam cvLabel="PRIDE" accession="PRIDE:0000188" name="product ion m/z" value="881.0" />
					<cvParam cvLabel="PRIDE" accession="PRIDE:0000189" name="product ion intensity" value="437932.0" />
					<cvParam cvLabel="PRIDE" accession="PRIDE:0000190" name="product ion mass error" value="-0.304" />
				</FragmentIon>
				<FragmentIon>
					<cvParam cvLabel="PRIDE" accession="PRIDE:0000204" name="product ion charge" value="2" />
					<cvParam cvLabel="PRIDE" accession="PRIDE:0000193" name="y ion" value="4" />
					<cvParam cvLabel="PRIDE" accession="PRIDE:0000188" name="product ion m/z" value="295.0" />
					<cvParam cvLabel="PRIDE" accession="PRIDE:0000189" name="product ion intensity" value="263592.0" />
					<cvParam cvLabel="PRIDE" accession="PRIDE:0000190" name="product ion mass error" value="0.76" />
				</FragmentIon>
				<FragmentIon>
					<cvParam cvLabel="PRIDE" accession="PRIDE:0000204" name="product ion charge" value="2" />
					<cvParam cvLabel="PRIDE" accession="PRIDE:0000193" name="y ion" value="7" />
					<cvParam cvLabel="PRIDE" accession="PRIDE:0000188" name="product ion m/z" value="482.0" />
					<cvParam cvLabel="PRIDE" accession="PRIDE:0000189" name="product ion intensity" value="1113812.0" />
					<cvParam cvLabel="PRIDE" accession="PRIDE:0000190" name="product ion mass error" value="-0.12" />
				</FragmentIon>
				<FragmentIon>
					<cvParam cvLabel="PRIDE" accession="PRIDE:0000204" name="product ion charge" value="2" />
					<cvParam cvLabel="PRIDE" accession="PRIDE:0000193" name="y ion" value="13" />
					<cvParam cvLabel="PRIDE" accession="PRIDE:0000188" name="product ion m/z" value="824.0" />
					<cvParam cvLabel="PRIDE" accession="PRIDE:0000189" name="product ion intensity" value="8498688.0" />
					<cvParam cvLabel="PRIDE" accession="PRIDE:0000190" name="product ion mass error" value="0.42" />
				</FragmentIon>
				<additional>
					<cvParam cvLabel="PRIDE" accession="PRIDE:0000185" name="OMSSA E-value" value="0.00493895989258915" />
					<cvParam cvLabel="PRIDE" accession="PRIDE:0000186" name="OMSSA P-value" value="4.42162926820873E-6" />
					<cvParam cvLabel="PRIDE" accession="PRIDE:0000065" name="Upstream flanking sequence" value="Q" />
					<cvParam cvLabel="PRIDE" accession="PRIDE:0000066" name="Downstream flanking sequence" value="K" />
				</additional>
			</PeptideItem>
			<PeptideItem>
				<Sequence>LFTFHADICTLPDTEK</Sequence>
				<Start>529</Start>
				<End>544</End>
				<SpectrumReference>49</SpectrumReference>
				<ModificationItem>
					<ModLocation>9</ModLocation>
					<ModAccession>MOD:01214</ModAccession>
					<ModDatabase>MOD</ModDatabase>
					<ModMonoDelta>57.021464</ModMonoDelta>
					<additional>
						<cvParam cvLabel="MOD" accession="MOD:01214" name="iodoacetamide -site C" value="57.021464" />
					</additional>
				</ModificationItem>
				<FragmentIon>
					<cvParam cvLabel="PRIDE" accession="PRIDE:0000204" name="product ion charge" value="1" />
					<cvParam cvLabel="PRIDE" accession="PRIDE:0000194" name="b ion" value="4" />
					<cvParam cvLabel="PRIDE" accession="PRIDE:0000188" name="product ion m/z" value="646.0" />
					<cvParam cvLabel="PRIDE" accession="PRIDE:0000189" name="product ion intensity" value="22590.0" />
					<cvParam cvLabel="PRIDE" accession="PRIDE:0000190" name="product ion mass error" value="0.065" />
				</FragmentIon>
				<FragmentIon>
					<cvParam cvLabel="PRIDE" accession="PRIDE:0000204" name="product ion charge" value="1" />
					<cvParam cvLabel="PRIDE" accession="PRIDE:0000194" name="b ion" value="5" />
					<cvParam cvLabel="PRIDE" accession="PRIDE:0000188" name="product ion m/z" value="717.0" />
					<cvParam cvLabel="PRIDE" accession="PRIDE:0000189" name="product ion intensity" value="45158.0" />
					<cvParam cvLabel="PRIDE" accession="PRIDE:0000190" name="product ion mass error" value="0.028" />
				</FragmentIon>
				<FragmentIon>
					<cvParam cvLabel="PRIDE" accession="PRIDE:0000204" name="product ion charge" value="1" />
					<cvParam cvLabel="PRIDE" accession="PRIDE:0000194" name="b ion" value="6" />
					<cvParam cvLabel="PRIDE" accession="PRIDE:0000188" name="product ion m/z" value="832.0" />
					<cvParam cvLabel="PRIDE" accession="PRIDE:0000189" name="product ion intensity" value="72908.0" />
					<cvParam cvLabel="PRIDE" accession="PRIDE:0000190" name="product ion mass error" value="0.101" />
				</FragmentIon>
				<FragmentIon>
					<cvParam cvLabel="PRIDE" accession="PRIDE:0000204" name="product ion charge" value="1" />
					<cvParam cvLabel="PRIDE" accession="PRIDE:0000194" name="b ion" value="7" />
					<cvParam cvLabel="PRIDE" accession="PRIDE:0000188" name="product ion m/z" value="945.0" />
					<cvParam cvLabel="PRIDE" accession="PRIDE:0000189" name="product ion intensity" value="42259.0" />
					<cvParam cvLabel="PRIDE" accession="PRIDE:0000190" name="product ion mass error" value="-0.183" />
				</FragmentIon>
				<FragmentIon>
					<cvParam cvLabel="PRIDE" accession="PRIDE:0000204" name="product ion charge" value="1" />
					<cvParam cvLabel="PRIDE" accession="PRIDE:0000194" name="b ion" value="10" />
					<cvParam cvLabel="PRIDE" accession="PRIDE:0000188" name="product ion m/z" value="1319.0" />
					<cvParam cvLabel="PRIDE" accession="PRIDE:0000189" name="product ion intensity" value="120733.0" />
					<cvParam cvLabel="PRIDE" accession="PRIDE:0000190" name="product ion mass error" value="-0.144" />
				</FragmentIon>
				<FragmentIon>
					<cvParam cvLabel="PRIDE" accession="PRIDE:0000204" name="product ion charge" value="1" />
					<cvParam cvLabel="PRIDE" accession="PRIDE:0000194" name="b ion" value="12" />
					<cvParam cvLabel="PRIDE" accession="PRIDE:0000188" name="product ion m/z" value="1531.0" />
					<cvParam cvLabel="PRIDE" accession="PRIDE:0000189" name="product ion intensity" value="10435.0" />
					<cvParam cvLabel="PRIDE" accession="PRIDE:0000190" name="product ion mass error" value="-0.224" />
				</FragmentIon>
				<FragmentIon>
					<cvParam cvLabel="PRIDE" accession="PRIDE:0000204" name="product ion charge" value="1" />
					<cvParam cvLabel="PRIDE" accession="PRIDE:0000194" name="b ion" value="13" />
					<cvParam cvLabel="PRIDE" accession="PRIDE:0000188" name="product ion m/z" value="1633.0" />
					<cvParam cvLabel="PRIDE" accession="PRIDE:0000189" name="product ion intensity" value="6993.0" />
					<cvParam cvLabel="PRIDE" accession="PRIDE:0000190" name="product ion mass error" value="0.728" />
				</FragmentIon>
				<FragmentIon>
					<cvParam cvLabel="PRIDE" accession="PRIDE:0000204" name="product ion charge" value="1" />
					<cvParam cvLabel="PRIDE" accession="PRIDE:0000194" name="b ion" value="14" />
					<cvParam cvLabel="PRIDE" accession="PRIDE:0000188" name="product ion m/z" value="1761.0" />
					<cvParam cvLabel="PRIDE" accession="PRIDE:0000189" name="product ion intensity" value="30340.0" />
					<cvParam cvLabel="PRIDE" accession="PRIDE:0000190" name="product ion mass error" value="-0.315" />
				</FragmentIon>
				<FragmentIon>
					<cvParam cvLabel="PRIDE" accession="PRIDE:0000204" name="product ion charge" value="1" />
					<cvParam cvLabel="PRIDE" accession="PRIDE:0000193" name="y ion" value="2" />
					<cvParam cvLabel="PRIDE" accession="PRIDE:0000188" name="product ion m/z" value="377.0" />
					<cvParam cvLabel="PRIDE" accession="PRIDE:0000189" name="product ion intensity" value="22195.0" />
					<cvParam cvLabel="PRIDE" accession="PRIDE:0000190" name="product ion mass error" value="0.096" />
				</FragmentIon>
				<FragmentIon>
					<cvParam cvLabel="PRIDE" accession="PRIDE:0000204" name="product ion charge" value="1" />
					<cvParam cvLabel="PRIDE" accession="PRIDE:0000193" name="y ion" value="4" />
					<cvParam cvLabel="PRIDE" accession="PRIDE:0000188" name="product ion m/z" value="589.0" />
					<cvParam cvLabel="PRIDE" accession="PRIDE:0000189" name="product ion intensity" value="237766.0" />
					<cvParam cvLabel="PRIDE" accession="PRIDE:0000190" name="product ion mass error" value="-0.084" />
				</FragmentIon>
				<FragmentIon>
					<cvParam cvLabel="PRIDE" accession="PRIDE:0000204" name="product ion charge" value="1" />
					<cvParam cvLabel="PRIDE" accession="PRIDE:0000193" name="y ion" value="6" />
					<cvParam cvLabel="PRIDE" accession="PRIDE:0000188" name="product ion m/z" value="803.0" />
					<cvParam cvLabel="PRIDE" accession="PRIDE:0000189" name="product ion intensity" value="36957.0" />
					<cvParam cvLabel="PRIDE" accession="PRIDE:0000190" name="product ion mass error" value="-0.116" />
				</FragmentIon>
				<FragmentIon>
					<cvParam cvLabel="PRIDE" accession="PRIDE:0000204" name="product ion charge" value="1" />
					<cvParam cvLabel="PRIDE" accession="PRIDE:0000193" name="y ion" value="7" />
					<cvParam cvLabel="PRIDE" accession="PRIDE:0000188" name="product ion m/z" value="963.0" />
					<cvParam cvLabel="PRIDE" accession="PRIDE:0000189" name="product ion intensity" value="112190.0" />
					<cvParam cvLabel="PRIDE" accession="PRIDE:0000190" name="product ion mass error" value="-0.045" />
				</FragmentIon>
				<FragmentIon>
					<cvParam cvLabel="PRIDE" accession="PRIDE:0000204" name="product ion charge" value="1" />
					<cvParam cvLabel="PRIDE" accession="PRIDE:0000193" name="y ion" value="8" />
					<cvParam cvLabel="PRIDE" accession="PRIDE:0000188" name="product ion m/z" value="1076.0" />
					<cvParam cvLabel="PRIDE" accession="PRIDE:0000189" name="product ion intensity" value="88224.0" />
					<cvParam cvLabel="PRIDE" accession="PRIDE:0000190" name="product ion mass error" value="-0.029" />
				</FragmentIon>
				<FragmentIon>
					<cvParam cvLabel="PRIDE" accession="PRIDE:0000204" name="product ion charge" value="1" />
					<cvParam cvLabel="PRIDE" accession="PRIDE:0000193" name="y ion" value="9" />
					<cvParam cvLabel="PRIDE" accession="PRIDE:0000188" name="product ion m/z" value="1191.0" />
					<cvParam cvLabel="PRIDE" accession="PRIDE:0000189" name="product ion intensity" value="65665.0" />
					<cvParam cvLabel="PRIDE" accession="PRIDE:0000190" name="product ion mass error" value="0.044" />
				</FragmentIon>
				<FragmentIon>
					<cvParam cvLabel="PRIDE" accession="PRIDE:0000204" name="product ion charge" value="1" />
					<cvParam cvLabel="PRIDE" accession="PRIDE:0000193" name="y ion" value="10" />
					<cvParam cvLabel="PRIDE" accession="PRIDE:0000188" name="product ion m/z" value="1262.0" />
					<cvParam cvLabel="PRIDE" accession="PRIDE:0000189" name="product ion intensity" value="156304.0" />
					<cvParam cvLabel="PRIDE" accession="PRIDE:0000190" name="product ion mass error" value="-0.193" />
				</FragmentIon>
				<FragmentIon>
					<cvParam cvLabel="PRIDE" accession="PRIDE:0000204" name="product ion charge" value="1" />
					<cvParam cvLabel="PRIDE" accession="PRIDE:0000193" name="y ion" value="11" />
					<cvParam cvLabel="PRIDE" accession="PRIDE:0000188" name="product ion m/z" value="1399.0" />
					<cvParam cvLabel="PRIDE" accession="PRIDE:0000189" name="product ion intensity" value="150987.0" />
					<cvParam cvLabel="PRIDE" accession="PRIDE:0000190" name="product ion mass error" value="-0.052" />
				</FragmentIon>
				<FragmentIon>
					<cvParam cvLabel="PRIDE" accession="PRIDE:0000204" name="product ion charge" value="1" />
					<cvParam cvLabel="PRIDE" accession="PRIDE:0000193" name="y ion" value="12" />
					<cvParam cvLabel="PRIDE" accession="PRIDE:0000188" name="product ion m/z" value="1546.0" />
					<cvParam cvLabel="PRIDE" accession="PRIDE:0000189" name="product ion intensity" value="27265.0" />
					<cvParam cvLabel="PRIDE" accession="PRIDE:0000190" name="product ion mass error" value="-0.22" />
				</FragmentIon>
				<FragmentIon>
					<cvParam cvLabel="PRIDE" accession="PRIDE:0000204" name="product ion charge" value="1" />
					<cvParam cvLabel="PRIDE" accession="PRIDE:0000193" name="y ion" value="13" />
					<cvParam cvLabel="PRIDE" accession="PRIDE:0000188" name="product ion m/z" value="1647.0" />
					<cvParam cvLabel="PRIDE" accession="PRIDE:0000189" name="product ion intensity" value="5111.0" />
					<cvParam cvLabel="PRIDE" accession="PRIDE:0000190" name="product ion mass error" value="-0.368" />
				</FragmentIon>
				<additional>
					<cvParam cvLabel="PRIDE" accession="PRIDE:0000185" name="OMSSA E-value" value="3.95569513003838E-6" />
					<cvParam cvLabel="PRIDE" accession="PRIDE:0000186" name="OMSSA P-value" value="5.34553395951132E-9" />
					<cvParam cvLabel="PRIDE" accession="PRIDE:0000065" name="Upstream flanking sequence" value="Q" />
					<cvParam cvLabel="PRIDE" accession="PRIDE:0000066" name="Downstream flanking sequence" value="K" />
				</additional>
			</PeptideItem>
			<PeptideItem>
				<Sequence>LFTFHADICTLPDTEK</Sequence>
				<Start>529</Start>
				<End>544</End>
				<SpectrumReference>11</SpectrumReference>
				<ModificationItem>
					<ModLocation>9</ModLocation>
					<ModAccession>MOD:01214</ModAccession>
					<ModDatabase>MOD</ModDatabase>
					<ModMonoDelta>57.021464</ModMonoDelta>
					<additional>
						<cvParam cvLabel="MOD" accession="MOD:01214" name="iodoacetamide -site C" value="57.021464" />
					</additional>
				</ModificationItem>
				<FragmentIon>
					<cvParam cvLabel="PRIDE" accession="PRIDE:0000204" name="product ion charge" value="1" />
					<cvParam cvLabel="PRIDE" accession="PRIDE:0000194" name="b ion" value="1" />
					<cvParam cvLabel="PRIDE" accession="PRIDE:0000188" name="product ion m/z" value="260.0" />
					<cvParam cvLabel="PRIDE" accession="PRIDE:0000189" name="product ion intensity" value="250236.0" />
					<cvParam cvLabel="PRIDE" accession="PRIDE:0000190" name="product ion mass error" value="-0.36" />
				</FragmentIon>
				<FragmentIon>
					<cvParam cvLabel="PRIDE" accession="PRIDE:0000204" name="product ion charge" value="1" />
					<cvParam cvLabel="PRIDE" accession="PRIDE:0000194" name="b ion" value="4" />
					<cvParam cvLabel="PRIDE" accession="PRIDE:0000188" name="product ion m/z" value="646.0" />
					<cvParam cvLabel="PRIDE" accession="PRIDE:0000189" name="product ion intensity" value="328332.0" />
					<cvParam cvLabel="PRIDE" accession="PRIDE:0000190" name="product ion mass error" value="0.365" />
				</FragmentIon>
				<FragmentIon>
					<cvParam cvLabel="PRIDE" accession="PRIDE:0000204" name="product ion charge" value="1" />
					<cvParam cvLabel="PRIDE" accession="PRIDE:0000194" name="b ion" value="6" />
					<cvParam cvLabel="PRIDE" accession="PRIDE:0000188" name="product ion m/z" value="832.0" />
					<cvParam cvLabel="PRIDE" accession="PRIDE:0000189" name="product ion intensity" value="345954.0" />
					<cvParam cvLabel="PRIDE" accession="PRIDE:0000190" name="product ion mass error" value="0.0010" />
				</FragmentIon>
				<FragmentIon>
					<cvParam cvLabel="PRIDE" accession="PRIDE:0000204" name="product ion charge" value="1" />
					<cvParam cvLabel="PRIDE" accession="PRIDE:0000194" name="b ion" value="7" />
					<cvParam cvLabel="PRIDE" accession="PRIDE:0000188" name="product ion m/z" value="945.0" />
					<cvParam cvLabel="PRIDE" accession="PRIDE:0000189" name="product ion intensity" value="154171.0" />
					<cvParam cvLabel="PRIDE" accession="PRIDE:0000190" name="product ion mass error" value="0.017" />
				</FragmentIon>
				<FragmentIon>
					<cvParam cvLabel="PRIDE" accession="PRIDE:0000204" name="product ion charge" value="1" />
					<cvParam cvLabel="PRIDE" accession="PRIDE:0000194" name="b ion" value="8" />
					<cvParam cvLabel="PRIDE" accession="PRIDE:0000188" name="product ion m/z" value="1105.0" />
					<cvParam cvLabel="PRIDE" accession="PRIDE:0000189" name="product ion intensity" value="64180.0" />
					<cvParam cvLabel="PRIDE" accession="PRIDE:0000190" name="product ion mass error" value="-0.212" />
				</FragmentIon>
				<FragmentIon>
					<cvParam cvLabel="PRIDE" accession="PRIDE:0000204" name="product ion charge" value="1" />
					<cvParam cvLabel="PRIDE" accession="PRIDE:0000193" name="y ion" value="2" />
					<cvParam cvLabel="PRIDE" accession="PRIDE:0000188" name="product ion m/z" value="377.0" />
					<cvParam cvLabel="PRIDE" accession="PRIDE:0000189" name="product ion intensity" value="39716.0" />
					<cvParam cvLabel="PRIDE" accession="PRIDE:0000190" name="product ion mass error" value="0.196" />
				</FragmentIon>
				<FragmentIon>
					<cvParam cvLabel="PRIDE" accession="PRIDE:0000204" name="product ion charge" value="1" />
					<cvParam cvLabel="PRIDE" accession="PRIDE:0000193" name="y ion" value="4" />
					<cvParam cvLabel="PRIDE" accession="PRIDE:0000188" name="product ion m/z" value="589.0" />
					<cvParam cvLabel="PRIDE" accession="PRIDE:0000189" name="product ion intensity" value="2916958.0" />
					<cvParam cvLabel="PRIDE" accession="PRIDE:0000190" name="product ion mass error" value="0.016" />
				</FragmentIon>
				<FragmentIon>
					<cvParam cvLabel="PRIDE" accession="PRIDE:0000204" name="product ion charge" value="1" />
					<cvParam cvLabel="PRIDE" accession="PRIDE:0000193" name="y ion" value="5" />
					<cvParam cvLabel="PRIDE" accession="PRIDE:0000188" name="product ion m/z" value="702.0" />
					<cvParam cvLabel="PRIDE" accession="PRIDE:0000189" name="product ion intensity" value="498849.0" />
					<cvParam cvLabel="PRIDE" accession="PRIDE:0000190" name="product ion mass error" value="-0.168" />
				</FragmentIon>
				<FragmentIon>
					<cvParam cvLabel="PRIDE" accession="PRIDE:0000204" name="product ion charge" value="1" />
					<cvParam cvLabel="PRIDE" accession="PRIDE:0000193" name="y ion" value="6" />
					<cvParam cvLabel="PRIDE" accession="PRIDE:0000188" name="product ion m/z" value="803.0" />
					<cvParam cvLabel="PRIDE" accession="PRIDE:0000189" name="product ion intensity" value="1288210.0" />
					<cvParam cvLabel="PRIDE" accession="PRIDE:0000190" name="product ion mass error" value="-0.216" />
				</FragmentIon>
				<FragmentIon>
					<cvParam cvLabel="PRIDE" accession="PRIDE:0000204" name="product ion charge" value="1" />
					<cvParam cvLabel="PRIDE" accession="PRIDE:0000193" name="y ion" value="7" />
					<cvParam cvLabel="PRIDE" accession="PRIDE:0000188" name="product ion m/z" value="963.0" />
					<cvParam cvLabel="PRIDE" accession="PRIDE:0000189" name="product ion intensity" value="382003.0" />
					<cvParam cvLabel="PRIDE" accession="PRIDE:0000190" name="product ion mass error" value="0.055" />
				</FragmentIon>
				<FragmentIon>
					<cvParam cvLabel="PRIDE" accession="PRIDE:0000204" name="product ion charge" value="1" />
					<cvParam cvLabel="PRIDE" accession="PRIDE:0000193" name="y ion" value="8" />
					<cvParam cvLabel="PRIDE" accession="PRIDE:0000188" name="product ion m/z" value="1076.0" />
					<cvParam cvLabel="PRIDE" accession="PRIDE:0000189" name="product ion intensity" value="148269.0" />
					<cvParam cvLabel="PRIDE" accession="PRIDE:0000190" name="product ion mass error" value="-0.029" />
				</FragmentIon>
				<FragmentIon>
					<cvParam cvLabel="PRIDE" accession="PRIDE:0000204" name="product ion charge" value="2" />
					<cvParam cvLabel="PRIDE" accession="PRIDE:0000194" name="b ion" value="7" />
					<cvParam cvLabel="PRIDE" accession="PRIDE:0000188" name="product ion m/z" value="473.0" />
					<cvParam cvLabel="PRIDE" accession="PRIDE:0000189" name="product ion intensity" value="381256.0" />
					<cvParam cvLabel="PRIDE" accession="PRIDE:0000190" name="product ion mass error" value="-0.24" />
				</FragmentIon>
				<FragmentIon>
					<cvParam cvLabel="PRIDE" accession="PRIDE:0000204" name="product ion charge" value="2" />
					<cvParam cvLabel="PRIDE" accession="PRIDE:0000194" name="b ion" value="10" />
					<cvParam cvLabel="PRIDE" accession="PRIDE:0000188" name="product ion m/z" value="660.0" />
					<cvParam cvLabel="PRIDE" accession="PRIDE:0000189" name="product ion intensity" value="1428432.0" />
					<cvParam cvLabel="PRIDE" accession="PRIDE:0000190" name="product ion mass error" value="0.08" />
				</FragmentIon>
				<FragmentIon>
					<cvParam cvLabel="PRIDE" accession="PRIDE:0000204" name="product ion charge" value="2" />
					<cvParam cvLabel="PRIDE" accession="PRIDE:0000193" name="y ion" value="4" />
					<cvParam cvLabel="PRIDE" accession="PRIDE:0000188" name="product ion m/z" value="295.0" />
					<cvParam cvLabel="PRIDE" accession="PRIDE:0000189" name="product ion intensity" value="35378.0" />
					<cvParam cvLabel="PRIDE" accession="PRIDE:0000190" name="product ion mass error" value="0.06" />
				</FragmentIon>
				<FragmentIon>
					<cvParam cvLabel="PRIDE" accession="PRIDE:0000204" name="product ion charge" value="2" />
					<cvParam cvLabel="PRIDE" accession="PRIDE:0000193" name="y ion" value="5" />
					<cvParam cvLabel="PRIDE" accession="PRIDE:0000188" name="product ion m/z" value="351.0" />
					<cvParam cvLabel="PRIDE" accession="PRIDE:0000189" name="product ion intensity" value="119400.0" />
					<cvParam cvLabel="PRIDE" accession="PRIDE:0000190" name="product ion mass error" value="0.118" />
				</FragmentIon>
				<FragmentIon>
					<cvParam cvLabel="PRIDE" accession="PRIDE:0000204" name="product ion charge" value="2" />
					<cvParam cvLabel="PRIDE" accession="PRIDE:0000193" name="y ion" value="7" />
					<cvParam cvLabel="PRIDE" accession="PRIDE:0000188" name="product ion m/z" value="482.0" />
					<cvParam cvLabel="PRIDE" accession="PRIDE:0000189" name="product ion intensity" value="343359.0" />
					<cvParam cvLabel="PRIDE" accession="PRIDE:0000190" name="product ion mass error" value="-0.02" />
				</FragmentIon>
				<FragmentIon>
					<cvParam cvLabel="PRIDE" accession="PRIDE:0000204" name="product ion charge" value="2" />
					<cvParam cvLabel="PRIDE" accession="PRIDE:0000193" name="y ion" value="8" />
					<cvParam cvLabel="PRIDE" accession="PRIDE:0000188" name="product ion m/z" value="539.0" />
					<cvParam cvLabel="PRIDE" accession="PRIDE:0000189" name="product ion intensity" value="406739.0" />
					<cvParam cvLabel="PRIDE" accession="PRIDE:0000190" name="product ion mass error" value="0.538" />
				</FragmentIon>
				<FragmentIon>
					<cvParam cvLabel="PRIDE" accession="PRIDE:0000204" name="product ion charge" value="2" />
					<cvParam cvLabel="PRIDE" accession="PRIDE:0000193" name="y ion" value="11" />
					<cvParam cvLabel="PRIDE" accession="PRIDE:0000188" name="product ion m/z" value="700.0" />
					<cvParam cvLabel="PRIDE" accession="PRIDE:0000189" name="product ion intensity" value="81466.0" />
					<cvParam cvLabel="PRIDE" accession="PRIDE:0000190" name="product ion mass error" value="0.578" />
				</FragmentIon>
				<FragmentIon>
					<cvParam cvLabel="PRIDE" accession="PRIDE:0000204" name="product ion charge" value="2" />
					<cvParam cvLabel="PRIDE" accession="PRIDE:0000193" name="y ion" value="13" />
					<cvParam cvLabel="PRIDE" accession="PRIDE:0000188" name="product ion m/z" value="824.0" />
					<cvParam cvLabel="PRIDE" accession="PRIDE:0000189" name="product ion intensity" value="1382243.0" />
					<cvParam cvLabel="PRIDE" accession="PRIDE:0000190" name="product ion mass error" value="0.22" />
				</FragmentIon>
				<FragmentIon>
					<cvParam cvLabel="PRIDE" accession="PRIDE:0000204" name="product ion charge" value="2" />
					<cvParam cvLabel="PRIDE" accession="PRIDE:0000193" name="y ion" value="14" />
					<cvParam cvLabel="PRIDE" accession="PRIDE:0000188" name="product ion m/z" value="898.0" />
					<cvParam cvLabel="PRIDE" accession="PRIDE:0000189" name="product ion intensity" value="132169.0" />
					<cvParam cvLabel="PRIDE" accession="PRIDE:0000190" name="product ion mass error" value="0.586" />
				</FragmentIon>
				<additional>
					<cvParam cvLabel="PRIDE" accession="PRIDE:0000185" name="OMSSA E-value" value="1.67205519028812E-5" />
					<cvParam cvLabel="PRIDE" accession="PRIDE:0000186" name="OMSSA P-value" value="1.49691601637253E-8" />
					<cvParam cvLabel="PRIDE" accession="PRIDE:0000065" name="Upstream flanking sequence" value="Q" />
					<cvParam cvLabel="PRIDE" accession="PRIDE:0000066" name="Downstream flanking sequence" value="K" />
				</additional>
			</PeptideItem>
			<PeptideItem>
				<Sequence>LFTFHADICTLPDTEK</Sequence>
				<Start>529</Start>
				<End>544</End>
				<SpectrumReference>63</SpectrumReference>
				<ModificationItem>
					<ModLocation>9</ModLocation>
					<ModAccession>MOD:01214</ModAccession>
					<ModDatabase>MOD</ModDatabase>
					<ModMonoDelta>57.021464</ModMonoDelta>
					<additional>
						<cvParam cvLabel="MOD" accession="MOD:01214" name="iodoacetamide -site C" value="57.021464" />
					</additional>
				</ModificationItem>
				<FragmentIon>
					<cvParam cvLabel="PRIDE" accession="PRIDE:0000204" name="product ion charge" value="1" />
					<cvParam cvLabel="PRIDE" accession="PRIDE:0000194" name="b ion" value="1" />
					<cvParam cvLabel="PRIDE" accession="PRIDE:0000188" name="product ion m/z" value="260.0" />
					<cvParam cvLabel="PRIDE" accession="PRIDE:0000189" name="product ion intensity" value="96639.0" />
					<cvParam cvLabel="PRIDE" accession="PRIDE:0000190" name="product ion mass error" value="-0.26" />
				</FragmentIon>
				<FragmentIon>
					<cvParam cvLabel="PRIDE" accession="PRIDE:0000204" name="product ion charge" value="1" />
					<cvParam cvLabel="PRIDE" accession="PRIDE:0000194" name="b ion" value="4" />
					<cvParam cvLabel="PRIDE" accession="PRIDE:0000188" name="product ion m/z" value="646.0" />
					<cvParam cvLabel="PRIDE" accession="PRIDE:0000189" name="product ion intensity" value="464438.0" />
					<cvParam cvLabel="PRIDE" accession="PRIDE:0000190" name="product ion mass error" value="-0.135" />
				</FragmentIon>
				<FragmentIon>
					<cvParam cvLabel="PRIDE" accession="PRIDE:0000204" name="product ion charge" value="1" />
					<cvParam cvLabel="PRIDE" accession="PRIDE:0000194" name="b ion" value="6" />
					<cvParam cvLabel="PRIDE" accession="PRIDE:0000188" name="product ion m/z" value="832.0" />
					<cvParam cvLabel="PRIDE" accession="PRIDE:0000189" name="product ion intensity" value="143096.0" />
					<cvParam cvLabel="PRIDE" accession="PRIDE:0000190" name="product ion mass error" value="0.0010" />
				</FragmentIon>
				<FragmentIon>
					<cvParam cvLabel="PRIDE" accession="PRIDE:0000204" name="product ion charge" value="1" />
					<cvParam cvLabel="PRIDE" accession="PRIDE:0000194" name="b ion" value="7" />
					<cvParam cvLabel="PRIDE" accession="PRIDE:0000188" name="product ion m/z" value="945.0" />
					<cvParam cvLabel="PRIDE" accession="PRIDE:0000189" name="product ion intensity" value="494270.0" />
					<cvParam cvLabel="PRIDE" accession="PRIDE:0000190" name="product ion mass error" value="-0.083" />
				</FragmentIon>
				<FragmentIon>
					<cvParam cvLabel="PRIDE" accession="PRIDE:0000204" name="product ion charge" value="1" />
					<cvParam cvLabel="PRIDE" accession="PRIDE:0000194" name="b ion" value="8" />
					<cvParam cvLabel="PRIDE" accession="PRIDE:0000188" name="product ion m/z" value="1105.0" />
					<cvParam cvLabel="PRIDE" accession="PRIDE:0000189" name="product ion intensity" value="129689.0" />
					<cvParam cvLabel="PRIDE" accession="PRIDE:0000190" name="product ion mass error" value="-0.312" />
				</FragmentIon>
				<FragmentIon>
					<cvParam cvLabel="PRIDE" accession="PRIDE:0000204" name="product ion charge" value="1" />
					<cvParam cvLabel="PRIDE" accession="PRIDE:0000194" name="b ion" value="9" />
					<cvParam cvLabel="PRIDE" accession="PRIDE:0000188" name="product ion m/z" value="1206.0" />
					<cvParam cvLabel="PRIDE" accession="PRIDE:0000189" name="product ion intensity" value="256606.0" />
					<cvParam cvLabel="PRIDE" accession="PRIDE:0000190" name="product ion mass error" value="-0.06" />
				</FragmentIon>
				<FragmentIon>
					<cvParam cvLabel="PRIDE" accession="PRIDE:0000204" name="product ion charge" value="1" />
					<cvParam cvLabel="PRIDE" accession="PRIDE:0000193" name="y ion" value="1" />
					<cvParam cvLabel="PRIDE" accession="PRIDE:0000188" name="product ion m/z" value="276.0" />
					<cvParam cvLabel="PRIDE" accession="PRIDE:0000189" name="product ion intensity" value="31727.0" />
					<cvParam cvLabel="PRIDE" accession="PRIDE:0000190" name="product ion mass error" value="0.044" />
				</FragmentIon>
				<FragmentIon>
					<cvParam cvLabel="PRIDE" accession="PRIDE:0000204" name="product ion charge" value="1" />
					<cvParam cvLabel="PRIDE" accession="PRIDE:0000193" name="y ion" value="2" />
					<cvParam cvLabel="PRIDE" accession="PRIDE:0000188" name="product ion m/z" value="377.0" />
					<cvParam cvLabel="PRIDE" accession="PRIDE:0000189" name="product ion intensity" value="93326.0" />
					<cvParam cvLabel="PRIDE" accession="PRIDE:0000190" name="product ion mass error" value="0.196" />
				</FragmentIon>
				<FragmentIon>
					<cvParam cvLabel="PRIDE" accession="PRIDE:0000204" name="product ion charge" value="1" />
					<cvParam cvLabel="PRIDE" accession="PRIDE:0000193" name="y ion" value="4" />
					<cvParam cvLabel="PRIDE" accession="PRIDE:0000188" name="product ion m/z" value="589.0" />
					<cvParam cvLabel="PRIDE" accession="PRIDE:0000189" name="product ion intensity" value="4093054.0" />
					<cvParam cvLabel="PRIDE" accession="PRIDE:0000190" name="product ion mass error" value="0.016" />
				</FragmentIon>
				<FragmentIon>
					<cvParam cvLabel="PRIDE" accession="PRIDE:0000204" name="product ion charge" value="1" />
					<cvParam cvLabel="PRIDE" accession="PRIDE:0000193" name="y ion" value="5" />
					<cvParam cvLabel="PRIDE" accession="PRIDE:0000188" name="product ion m/z" value="702.0" />
					<cvParam cvLabel="PRIDE" accession="PRIDE:0000189" name="product ion intensity" value="388454.0" />
					<cvParam cvLabel="PRIDE" accession="PRIDE:0000190" name="product ion mass error" value="0.132" />
				</FragmentIon>
				<FragmentIon>
					<cvParam cvLabel="PRIDE" accession="PRIDE:0000204" name="product ion charge" value="1" />
					<cvParam cvLabel="PRIDE" accession="PRIDE:0000193" name="y ion" value="6" />
					<cvParam cvLabel="PRIDE" accession="PRIDE:0000188" name="product ion m/z" value="803.0" />
					<cvParam cvLabel="PRIDE" accession="PRIDE:0000189" name="product ion intensity" value="1214025.0" />
					<cvParam cvLabel="PRIDE" accession="PRIDE:0000190" name="product ion mass error" value="-0.016" />
				</FragmentIon>
				<FragmentIon>
					<cvParam cvLabel="PRIDE" accession="PRIDE:0000204" name="product ion charge" value="1" />
					<cvParam cvLabel="PRIDE" accession="PRIDE:0000193" name="y ion" value="7" />
					<cvParam cvLabel="PRIDE" accession="PRIDE:0000188" name="product ion m/z" value="963.0" />
					<cvParam cvLabel="PRIDE" accession="PRIDE:0000189" name="product ion intensity" value="181328.0" />
					<cvParam cvLabel="PRIDE" accession="PRIDE:0000190" name="product ion mass error" value="0.055" />
				</FragmentIon>
				<FragmentIon>
					<cvParam cvLabel="PRIDE" accession="PRIDE:0000204" name="product ion charge" value="2" />
					<cvParam cvLabel="PRIDE" accession="PRIDE:0000194" name="b ion" value="7" />
					<cvParam cvLabel="PRIDE" accession="PRIDE:0000188" name="product ion m/z" value="473.0" />
					<cvParam cvLabel="PRIDE" accession="PRIDE:0000189" name="product ion intensity" value="156143.0" />
					<cvParam cvLabel="PRIDE" accession="PRIDE:0000190" name="product ion mass error" value="0.26" />
				</FragmentIon>
				<FragmentIon>
					<cvParam cvLabel="PRIDE" accession="PRIDE:0000204" name="product ion charge" value="2" />
					<cvParam cvLabel="PRIDE" accession="PRIDE:0000194" name="b ion" value="10" />
					<cvParam cvLabel="PRIDE" accession="PRIDE:0000188" name="product ion m/z" value="660.0" />
					<cvParam cvLabel="PRIDE" accession="PRIDE:0000189" name="product ion intensity" value="1027631.0" />
					<cvParam cvLabel="PRIDE" accession="PRIDE:0000190" name="product ion mass error" value="0.18" />
				</FragmentIon>
				<FragmentIon>
					<cvParam cvLabel="PRIDE" accession="PRIDE:0000204" name="product ion charge" value="2" />
					<cvParam cvLabel="PRIDE" accession="PRIDE:0000194" name="b ion" value="13" />
					<cvParam cvLabel="PRIDE" accession="PRIDE:0000188" name="product ion m/z" value="816.0" />
					<cvParam cvLabel="PRIDE" accession="PRIDE:0000189" name="product ion intensity" value="169890.0" />
					<cvParam cvLabel="PRIDE" accession="PRIDE:0000190" name="product ion mass error" value="-0.683" />
				</FragmentIon>
				<FragmentIon>
					<cvParam cvLabel="PRIDE" accession="PRIDE:0000204" name="product ion charge" value="2" />
					<cvParam cvLabel="PRIDE" accession="PRIDE:0000193" name="y ion" value="3" />
					<cvParam cvLabel="PRIDE" accession="PRIDE:0000188" name="product ion m/z" value="246.0" />
					<cvParam cvLabel="PRIDE" accession="PRIDE:0000189" name="product ion intensity" value="29273.0" />
					<cvParam cvLabel="PRIDE" accession="PRIDE:0000190" name="product ion mass error" value="-0.514" />
				</FragmentIon>
				<FragmentIon>
					<cvParam cvLabel="PRIDE" accession="PRIDE:0000204" name="product ion charge" value="2" />
					<cvParam cvLabel="PRIDE" accession="PRIDE:0000193" name="y ion" value="4" />
					<cvParam cvLabel="PRIDE" accession="PRIDE:0000188" name="product ion m/z" value="295.0" />
					<cvParam cvLabel="PRIDE" accession="PRIDE:0000189" name="product ion intensity" value="184659.0" />
					<cvParam cvLabel="PRIDE" accession="PRIDE:0000190" name="product ion mass error" value="-0.14" />
				</FragmentIon>
				<FragmentIon>
					<cvParam cvLabel="PRIDE" accession="PRIDE:0000204" name="product ion charge" value="2" />
					<cvParam cvLabel="PRIDE" accession="PRIDE:0000193" name="y ion" value="5" />
					<cvParam cvLabel="PRIDE" accession="PRIDE:0000188" name="product ion m/z" value="352.0" />
					<cvParam cvLabel="PRIDE" accession="PRIDE:0000189" name="product ion intensity" value="35910.0" />
					<cvParam cvLabel="PRIDE" accession="PRIDE:0000190" name="product ion mass error" value="0.318" />
				</FragmentIon>
				<FragmentIon>
					<cvParam cvLabel="PRIDE" accession="PRIDE:0000204" name="product ion charge" value="2" />
					<cvParam cvLabel="PRIDE" accession="PRIDE:0000193" name="y ion" value="7" />
					<cvParam cvLabel="PRIDE" accession="PRIDE:0000188" name="product ion m/z" value="482.0" />
					<cvParam cvLabel="PRIDE" accession="PRIDE:0000189" name="product ion intensity" value="257469.0" />
					<cvParam cvLabel="PRIDE" accession="PRIDE:0000190" name="product ion mass error" value="0.28" />
				</FragmentIon>
				<FragmentIon>
					<cvParam cvLabel="PRIDE" accession="PRIDE:0000204" name="product ion charge" value="2" />
					<cvParam cvLabel="PRIDE" accession="PRIDE:0000193" name="y ion" value="11" />
					<cvParam cvLabel="PRIDE" accession="PRIDE:0000188" name="product ion m/z" value="700.0" />
					<cvParam cvLabel="PRIDE" accession="PRIDE:0000189" name="product ion intensity" value="90867.0" />
					<cvParam cvLabel="PRIDE" accession="PRIDE:0000190" name="product ion mass error" value="0.278" />
				</FragmentIon>
				<FragmentIon>
					<cvParam cvLabel="PRIDE" accession="PRIDE:0000204" name="product ion charge" value="2" />
					<cvParam cvLabel="PRIDE" accession="PRIDE:0000193" name="y ion" value="12" />
					<cvParam cvLabel="PRIDE" accession="PRIDE:0000188" name="product ion m/z" value="774.0" />
					<cvParam cvLabel="PRIDE" accession="PRIDE:0000189" name="product ion intensity" value="26963.0" />
					<cvParam cvLabel="PRIDE" accession="PRIDE:0000190" name="product ion mass error" value="0.344" />
				</FragmentIon>
				<FragmentIon>
					<cvParam cvLabel="PRIDE" accession="PRIDE:0000204" name="product ion charge" value="2" />
					<cvParam cvLabel="PRIDE" accession="PRIDE:0000193" name="y ion" value="13" />
					<cvParam cvLabel="PRIDE" accession="PRIDE:0000188" name="product ion m/z" value="824.0" />
					<cvParam cvLabel="PRIDE" accession="PRIDE:0000189" name="product ion intensity" value="2269730.0" />
					<cvParam cvLabel="PRIDE" accession="PRIDE:0000190" name="product ion mass error" value="0.02" />
				</FragmentIon>
				<FragmentIon>
					<cvParam cvLabel="PRIDE" accession="PRIDE:0000204" name="product ion charge" value="2" />
					<cvParam cvLabel="PRIDE" accession="PRIDE:0000193" name="y ion" value="14" />
					<cvParam cvLabel="PRIDE" accession="PRIDE:0000188" name="product ion m/z" value="898.0" />
					<cvParam cvLabel="PRIDE" accession="PRIDE:0000189" name="product ion intensity" value="107115.0" />
					<cvParam cvLabel="PRIDE" accession="PRIDE:0000190" name="product ion mass error" value="0.386" />
				</FragmentIon>
				<additional>
					<cvParam cvLabel="PRIDE" accession="PRIDE:0000185" name="OMSSA E-value" value="1.06096212231851E-5" />
					<cvParam cvLabel="PRIDE" accession="PRIDE:0000186" name="OMSSA P-value" value="9.57547041803709E-9" />
					<cvParam cvLabel="PRIDE" accession="PRIDE:0000065" name="Upstream flanking sequence" value="Q" />
					<cvParam cvLabel="PRIDE" accession="PRIDE:0000066" name="Downstream flanking sequence" value="K" />
				</additional>
			</PeptideItem>
			<PeptideItem>
				<Sequence>LFTFHADICTLPDTEK</Sequence>
				<Start>529</Start>
				<End>544</End>
				<SpectrumReference>100</SpectrumReference>
				<ModificationItem>
					<ModLocation>9</ModLocation>
					<ModAccession>MOD:01214</ModAccession>
					<ModDatabase>MOD</ModDatabase>
					<ModMonoDelta>57.021464</ModMonoDelta>
					<additional>
						<cvParam cvLabel="MOD" accession="MOD:01214" name="iodoacetamide -site C" value="57.021464" />
					</additional>
				</ModificationItem>
				<FragmentIon>
					<cvParam cvLabel="PRIDE" accession="PRIDE:0000204" name="product ion charge" value="1" />
					<cvParam cvLabel="PRIDE" accession="PRIDE:0000194" name="b ion" value="1" />
					<cvParam cvLabel="PRIDE" accession="PRIDE:0000188" name="product ion m/z" value="260.0" />
					<cvParam cvLabel="PRIDE" accession="PRIDE:0000189" name="product ion intensity" value="24222.0" />
					<cvParam cvLabel="PRIDE" accession="PRIDE:0000190" name="product ion mass error" value="-0.26" />
				</FragmentIon>
				<FragmentIon>
					<cvParam cvLabel="PRIDE" accession="PRIDE:0000204" name="product ion charge" value="1" />
					<cvParam cvLabel="PRIDE" accession="PRIDE:0000194" name="b ion" value="2" />
					<cvParam cvLabel="PRIDE" accession="PRIDE:0000188" name="product ion m/z" value="362.0" />
					<cvParam cvLabel="PRIDE" accession="PRIDE:0000189" name="product ion intensity" value="17064.0" />
					<cvParam cvLabel="PRIDE" accession="PRIDE:0000190" name="product ion mass error" value="-0.108" />
				</FragmentIon>
				<FragmentIon>
					<cvParam cvLabel="PRIDE" accession="PRIDE:0000204" name="product ion charge" value="1" />
					<cvParam cvLabel="PRIDE" accession="PRIDE:0000194" name="b ion" value="4" />
					<cvParam cvLabel="PRIDE" accession="PRIDE:0000188" name="product ion m/z" value="646.0" />
					<cvParam cvLabel="PRIDE" accession="PRIDE:0000189" name="product ion intensity" value="191051.0" />
					<cvParam cvLabel="PRIDE" accession="PRIDE:0000190" name="product ion mass error" value="0.465" />
				</FragmentIon>
				<FragmentIon>
					<cvParam cvLabel="PRIDE" accession="PRIDE:0000204" name="product ion charge" value="1" />
					<cvParam cvLabel="PRIDE" accession="PRIDE:0000194" name="b ion" value="6" />
					<cvParam cvLabel="PRIDE" accession="PRIDE:0000188" name="product ion m/z" value="832.0" />
					<cvParam cvLabel="PRIDE" accession="PRIDE:0000189" name="product ion intensity" value="137596.0" />
					<cvParam cvLabel="PRIDE" accession="PRIDE:0000190" name="product ion mass error" value="0.0010" />
				</FragmentIon>
				<FragmentIon>
					<cvParam cvLabel="PRIDE" accession="PRIDE:0000204" name="product ion charge" value="1" />
					<cvParam cvLabel="PRIDE" accession="PRIDE:0000194" name="b ion" value="7" />
					<cvParam cvLabel="PRIDE" accession="PRIDE:0000188" name="product ion m/z" value="945.0" />
					<cvParam cvLabel="PRIDE" accession="PRIDE:0000189" name="product ion intensity" value="127705.0" />
					<cvParam cvLabel="PRIDE" accession="PRIDE:0000190" name="product ion mass error" value="0.017" />
				</FragmentIon>
				<FragmentIon>
					<cvParam cvLabel="PRIDE" accession="PRIDE:0000204" name="product ion charge" value="1" />
					<cvParam cvLabel="PRIDE" accession="PRIDE:0000194" name="b ion" value="8" />
					<cvParam cvLabel="PRIDE" accession="PRIDE:0000188" name="product ion m/z" value="1105.0" />
					<cvParam cvLabel="PRIDE" accession="PRIDE:0000189" name="product ion intensity" value="19075.0" />
					<cvParam cvLabel="PRIDE" accession="PRIDE:0000190" name="product ion mass error" value="-0.512" />
				</FragmentIon>
				<FragmentIon>
					<cvParam cvLabel="PRIDE" accession="PRIDE:0000204" name="product ion charge" value="1" />
					<cvParam cvLabel="PRIDE" accession="PRIDE:0000193" name="y ion" value="1" />
					<cvParam cvLabel="PRIDE" accession="PRIDE:0000188" name="product ion m/z" value="276.0" />
					<cvParam cvLabel="PRIDE" accession="PRIDE:0000189" name="product ion intensity" value="17128.0" />
					<cvParam cvLabel="PRIDE" accession="PRIDE:0000190" name="product ion mass error" value="0.244" />
				</FragmentIon>
				<FragmentIon>
					<cvParam cvLabel="PRIDE" accession="PRIDE:0000204" name="product ion charge" value="1" />
					<cvParam cvLabel="PRIDE" accession="PRIDE:0000193" name="y ion" value="3" />
					<cvParam cvLabel="PRIDE" accession="PRIDE:0000188" name="product ion m/z" value="492.0" />
					<cvParam cvLabel="PRIDE" accession="PRIDE:0000189" name="product ion intensity" value="33451.0" />
					<cvParam cvLabel="PRIDE" accession="PRIDE:0000190" name="product ion mass error" value="0.069" />
				</FragmentIon>
				<FragmentIon>
					<cvParam cvLabel="PRIDE" accession="PRIDE:0000204" name="product ion charge" value="1" />
					<cvParam cvLabel="PRIDE" accession="PRIDE:0000193" name="y ion" value="4" />
					<cvParam cvLabel="PRIDE" accession="PRIDE:0000188" name="product ion m/z" value="589.0" />
					<cvParam cvLabel="PRIDE" accession="PRIDE:0000189" name="product ion intensity" value="713585.0" />
					<cvParam cvLabel="PRIDE" accession="PRIDE:0000190" name="product ion mass error" value="0.016" />
				</FragmentIon>
				<FragmentIon>
					<cvParam cvLabel="PRIDE" accession="PRIDE:0000204" name="product ion charge" value="1" />
					<cvParam cvLabel="PRIDE" accession="PRIDE:0000193" name="y ion" value="5" />
					<cvParam cvLabel="PRIDE" accession="PRIDE:0000188" name="product ion m/z" value="702.0" />
					<cvParam cvLabel="PRIDE" accession="PRIDE:0000189" name="product ion intensity" value="163041.0" />
					<cvParam cvLabel="PRIDE" accession="PRIDE:0000190" name="product ion mass error" value="-0.068" />
				</FragmentIon>
				<FragmentIon>
					<cvParam cvLabel="PRIDE" accession="PRIDE:0000204" name="product ion charge" value="1" />
					<cvParam cvLabel="PRIDE" accession="PRIDE:0000193" name="y ion" value="6" />
					<cvParam cvLabel="PRIDE" accession="PRIDE:0000188" name="product ion m/z" value="803.0" />
					<cvParam cvLabel="PRIDE" accession="PRIDE:0000189" name="product ion intensity" value="228464.0" />
					<cvParam cvLabel="PRIDE" accession="PRIDE:0000190" name="product ion mass error" value="-0.116" />
				</FragmentIon>
				<FragmentIon>
					<cvParam cvLabel="PRIDE" accession="PRIDE:0000204" name="product ion charge" value="1" />
					<cvParam cvLabel="PRIDE" accession="PRIDE:0000193" name="y ion" value="7" />
					<cvParam cvLabel="PRIDE" accession="PRIDE:0000188" name="product ion m/z" value="963.0" />
					<cvParam cvLabel="PRIDE" accession="PRIDE:0000189" name="product ion intensity" value="60807.0" />
					<cvParam cvLabel="PRIDE" accession="PRIDE:0000190" name="product ion mass error" value="0.055" />
				</FragmentIon>
				<FragmentIon>
					<cvParam cvLabel="PRIDE" accession="PRIDE:0000204" name="product ion charge" value="1" />
					<cvParam cvLabel="PRIDE" accession="PRIDE:0000193" name="y ion" value="8" />
					<cvParam cvLabel="PRIDE" accession="PRIDE:0000188" name="product ion m/z" value="1077.0" />
					<cvParam cvLabel="PRIDE" accession="PRIDE:0000189" name="product ion intensity" value="32508.0" />
					<cvParam cvLabel="PRIDE" accession="PRIDE:0000190" name="product ion mass error" value="0.671" />
				</FragmentIon>
				<FragmentIon>
					<cvParam cvLabel="PRIDE" accession="PRIDE:0000204" name="product ion charge" value="2" />
					<cvParam cvLabel="PRIDE" accession="PRIDE:0000194" name="b ion" value="8" />
					<cvParam cvLabel="PRIDE" accession="PRIDE:0000188" name="product ion m/z" value="553.0" />
					<cvParam cvLabel="PRIDE" accession="PRIDE:0000189" name="product ion intensity" value="144867.0" />
					<cvParam cvLabel="PRIDE" accession="PRIDE:0000190" name="product ion mass error" value="0.446" />
				</FragmentIon>
				<FragmentIon>
					<cvParam cvLabel="PRIDE" accession="PRIDE:0000204" name="product ion charge" value="2" />
					<cvParam cvLabel="PRIDE" accession="PRIDE:0000194" name="b ion" value="9" />
					<cvParam cvLabel="PRIDE" accession="PRIDE:0000188" name="product ion m/z" value="604.0" />
					<cvParam cvLabel="PRIDE" accession="PRIDE:0000189" name="product ion intensity" value="81357.0" />
					<cvParam cvLabel="PRIDE" accession="PRIDE:0000190" name="product ion mass error" value="0.422" />
				</FragmentIon>
				<FragmentIon>
					<cvParam cvLabel="PRIDE" accession="PRIDE:0000204" name="product ion charge" value="2" />
					<cvParam cvLabel="PRIDE" accession="PRIDE:0000194" name="b ion" value="10" />
					<cvParam cvLabel="PRIDE" accession="PRIDE:0000188" name="product ion m/z" value="660.0" />
					<cvParam cvLabel="PRIDE" accession="PRIDE:0000189" name="product ion intensity" value="300668.0" />
					<cvParam cvLabel="PRIDE" accession="PRIDE:0000190" name="product ion mass error" value="0.48" />
				</FragmentIon>
				<FragmentIon>
					<cvParam cvLabel="PRIDE" accession="PRIDE:0000204" name="product ion charge" value="2" />
					<cvParam cvLabel="PRIDE" accession="PRIDE:0000193" name="y ion" value="4" />
					<cvParam cvLabel="PRIDE" accession="PRIDE:0000188" name="product ion m/z" value="295.0" />
					<cvParam cvLabel="PRIDE" accession="PRIDE:0000189" name="product ion intensity" value="15413.0" />
					<cvParam cvLabel="PRIDE" accession="PRIDE:0000190" name="product ion mass error" value="0.66" />
				</FragmentIon>
				<FragmentIon>
					<cvParam cvLabel="PRIDE" accession="PRIDE:0000204" name="product ion charge" value="2" />
					<cvParam cvLabel="PRIDE" accession="PRIDE:0000193" name="y ion" value="6" />
					<cvParam cvLabel="PRIDE" accession="PRIDE:0000188" name="product ion m/z" value="402.0" />
					<cvParam cvLabel="PRIDE" accession="PRIDE:0000189" name="product ion intensity" value="21207.0" />
					<cvParam cvLabel="PRIDE" accession="PRIDE:0000190" name="product ion mass error" value="-0.206" />
				</FragmentIon>
				<FragmentIon>
					<cvParam cvLabel="PRIDE" accession="PRIDE:0000204" name="product ion charge" value="2" />
					<cvParam cvLabel="PRIDE" accession="PRIDE:0000193" name="y ion" value="7" />
					<cvParam cvLabel="PRIDE" accession="PRIDE:0000188" name="product ion m/z" value="482.0" />
					<cvParam cvLabel="PRIDE" accession="PRIDE:0000189" name="product ion intensity" value="88141.0" />
					<cvParam cvLabel="PRIDE" accession="PRIDE:0000190" name="product ion mass error" value="0.18" />
				</FragmentIon>
				<FragmentIon>
					<cvParam cvLabel="PRIDE" accession="PRIDE:0000204" name="product ion charge" value="2" />
					<cvParam cvLabel="PRIDE" accession="PRIDE:0000193" name="y ion" value="11" />
					<cvParam cvLabel="PRIDE" accession="PRIDE:0000188" name="product ion m/z" value="700.0" />
					<cvParam cvLabel="PRIDE" accession="PRIDE:0000189" name="product ion intensity" value="29962.0" />
					<cvParam cvLabel="PRIDE" accession="PRIDE:0000190" name="product ion mass error" value="-0.122" />
				</FragmentIon>
				<FragmentIon>
					<cvParam cvLabel="PRIDE" accession="PRIDE:0000204" name="product ion charge" value="2" />
					<cvParam cvLabel="PRIDE" accession="PRIDE:0000193" name="y ion" value="12" />
					<cvParam cvLabel="PRIDE" accession="PRIDE:0000188" name="product ion m/z" value="774.0" />
					<cvParam cvLabel="PRIDE" accession="PRIDE:0000189" name="product ion intensity" value="12034.0" />
					<cvParam cvLabel="PRIDE" accession="PRIDE:0000190" name="product ion mass error" value="0.444" />
				</FragmentIon>
				<FragmentIon>
					<cvParam cvLabel="PRIDE" accession="PRIDE:0000204" name="product ion charge" value="2" />
					<cvParam cvLabel="PRIDE" accession="PRIDE:0000193" name="y ion" value="13" />
					<cvParam cvLabel="PRIDE" accession="PRIDE:0000188" name="product ion m/z" value="824.0" />
					<cvParam cvLabel="PRIDE" accession="PRIDE:0000189" name="product ion intensity" value="347006.0" />
					<cvParam cvLabel="PRIDE" accession="PRIDE:0000190" name="product ion mass error" value="0.22" />
				</FragmentIon>
				<FragmentIon>
					<cvParam cvLabel="PRIDE" accession="PRIDE:0000204" name="product ion charge" value="2" />
					<cvParam cvLabel="PRIDE" accession="PRIDE:0000193" name="y ion" value="14" />
					<cvParam cvLabel="PRIDE" accession="PRIDE:0000188" name="product ion m/z" value="898.0" />
					<cvParam cvLabel="PRIDE" accession="PRIDE:0000189" name="product ion intensity" value="11577.0" />
					<cvParam cvLabel="PRIDE" accession="PRIDE:0000190" name="product ion mass error" value="0.486" />
				</FragmentIon>
				<additional>
					<cvParam cvLabel="PRIDE" accession="PRIDE:0000185" name="OMSSA E-value" value="2.11893626647476E-5" />
					<cvParam cvLabel="PRIDE" accession="PRIDE:0000186" name="OMSSA P-value" value="1.86362028713699E-8" />
					<cvParam cvLabel="PRIDE" accession="PRIDE:0000065" name="Upstream flanking sequence" value="Q" />
					<cvParam cvLabel="PRIDE" accession="PRIDE:0000066" name="Downstream flanking sequence" value="K" />
				</additional>
			</PeptideItem>
			<PeptideItem>
				<Sequence>LFTFHADICTLPDTEK</Sequence>
				<Start>529</Start>
				<End>544</End>
				<SpectrumReference>74</SpectrumReference>
				<ModificationItem>
					<ModLocation>9</ModLocation>
					<ModAccession>MOD:01214</ModAccession>
					<ModDatabase>MOD</ModDatabase>
					<ModMonoDelta>57.021464</ModMonoDelta>
					<additional>
						<cvParam cvLabel="MOD" accession="MOD:01214" name="iodoacetamide -site C" value="57.021464" />
					</additional>
				</ModificationItem>
				<FragmentIon>
					<cvParam cvLabel="PRIDE" accession="PRIDE:0000204" name="product ion charge" value="1" />
					<cvParam cvLabel="PRIDE" accession="PRIDE:0000194" name="b ion" value="4" />
					<cvParam cvLabel="PRIDE" accession="PRIDE:0000188" name="product ion m/z" value="646.0" />
					<cvParam cvLabel="PRIDE" accession="PRIDE:0000189" name="product ion intensity" value="20240.0" />
					<cvParam cvLabel="PRIDE" accession="PRIDE:0000190" name="product ion mass error" value="-0.135" />
				</FragmentIon>
				<FragmentIon>
					<cvParam cvLabel="PRIDE" accession="PRIDE:0000204" name="product ion charge" value="1" />
					<cvParam cvLabel="PRIDE" accession="PRIDE:0000194" name="b ion" value="6" />
					<cvParam cvLabel="PRIDE" accession="PRIDE:0000188" name="product ion m/z" value="832.0" />
					<cvParam cvLabel="PRIDE" accession="PRIDE:0000189" name="product ion intensity" value="103520.0" />
					<cvParam cvLabel="PRIDE" accession="PRIDE:0000190" name="product ion mass error" value="-0.099" />
				</FragmentIon>
				<FragmentIon>
					<cvParam cvLabel="PRIDE" accession="PRIDE:0000204" name="product ion charge" value="1" />
					<cvParam cvLabel="PRIDE" accession="PRIDE:0000194" name="b ion" value="7" />
					<cvParam cvLabel="PRIDE" accession="PRIDE:0000188" name="product ion m/z" value="945.0" />
					<cvParam cvLabel="PRIDE" accession="PRIDE:0000189" name="product ion intensity" value="41770.0" />
					<cvParam cvLabel="PRIDE" accession="PRIDE:0000190" name="product ion mass error" value="0.317" />
				</FragmentIon>
				<FragmentIon>
					<cvParam cvLabel="PRIDE" accession="PRIDE:0000204" name="product ion charge" value="1" />
					<cvParam cvLabel="PRIDE" accession="PRIDE:0000194" name="b ion" value="8" />
					<cvParam cvLabel="PRIDE" accession="PRIDE:0000188" name="product ion m/z" value="1105.0" />
					<cvParam cvLabel="PRIDE" accession="PRIDE:0000189" name="product ion intensity" value="11594.0" />
					<cvParam cvLabel="PRIDE" accession="PRIDE:0000190" name="product ion mass error" value="-0.012" />
				</FragmentIon>
				<FragmentIon>
					<cvParam cvLabel="PRIDE" accession="PRIDE:0000204" name="product ion charge" value="1" />
					<cvParam cvLabel="PRIDE" accession="PRIDE:0000194" name="b ion" value="9" />
					<cvParam cvLabel="PRIDE" accession="PRIDE:0000188" name="product ion m/z" value="1206.0" />
					<cvParam cvLabel="PRIDE" accession="PRIDE:0000189" name="product ion intensity" value="82125.0" />
					<cvParam cvLabel="PRIDE" accession="PRIDE:0000190" name="product ion mass error" value="0.04" />
				</FragmentIon>
				<FragmentIon>
					<cvParam cvLabel="PRIDE" accession="PRIDE:0000204" name="product ion charge" value="1" />
					<cvParam cvLabel="PRIDE" accession="PRIDE:0000194" name="b ion" value="10" />
					<cvParam cvLabel="PRIDE" accession="PRIDE:0000188" name="product ion m/z" value="1319.0" />
					<cvParam cvLabel="PRIDE" accession="PRIDE:0000189" name="product ion intensity" value="266608.0" />
					<cvParam cvLabel="PRIDE" accession="PRIDE:0000190" name="product ion mass error" value="0.056" />
				</FragmentIon>
				<FragmentIon>
					<cvParam cvLabel="PRIDE" accession="PRIDE:0000204" name="product ion charge" value="1" />
					<cvParam cvLabel="PRIDE" accession="PRIDE:0000194" name="b ion" value="11" />
					<cvParam cvLabel="PRIDE" accession="PRIDE:0000188" name="product ion m/z" value="1417.0" />
					<cvParam cvLabel="PRIDE" accession="PRIDE:0000189" name="product ion intensity" value="3816.0" />
					<cvParam cvLabel="PRIDE" accession="PRIDE:0000190" name="product ion mass error" value="0.703" />
				</FragmentIon>
				<FragmentIon>
					<cvParam cvLabel="PRIDE" accession="PRIDE:0000204" name="product ion charge" value="1" />
					<cvParam cvLabel="PRIDE" accession="PRIDE:0000194" name="b ion" value="12" />
					<cvParam cvLabel="PRIDE" accession="PRIDE:0000188" name="product ion m/z" value="1531.0" />
					<cvParam cvLabel="PRIDE" accession="PRIDE:0000189" name="product ion intensity" value="47731.0" />
					<cvParam cvLabel="PRIDE" accession="PRIDE:0000190" name="product ion mass error" value="-0.324" />
				</FragmentIon>
				<FragmentIon>
					<cvParam cvLabel="PRIDE" accession="PRIDE:0000204" name="product ion charge" value="1" />
					<cvParam cvLabel="PRIDE" accession="PRIDE:0000194" name="b ion" value="13" />
					<cvParam cvLabel="PRIDE" accession="PRIDE:0000188" name="product ion m/z" value="1632.0" />
					<cvParam cvLabel="PRIDE" accession="PRIDE:0000189" name="product ion intensity" value="1908.0" />
					<cvParam cvLabel="PRIDE" accession="PRIDE:0000190" name="product ion mass error" value="-0.272" />
				</FragmentIon>
				<FragmentIon>
					<cvParam cvLabel="PRIDE" accession="PRIDE:0000204" name="product ion charge" value="1" />
					<cvParam cvLabel="PRIDE" accession="PRIDE:0000193" name="y ion" value="1" />
					<cvParam cvLabel="PRIDE" accession="PRIDE:0000188" name="product ion m/z" value="276.0" />
					<cvParam cvLabel="PRIDE" accession="PRIDE:0000189" name="product ion intensity" value="1325.0" />
					<cvParam cvLabel="PRIDE" accession="PRIDE:0000190" name="product ion mass error" value="0.244" />
				</FragmentIon>
				<FragmentIon>
					<cvParam cvLabel="PRIDE" accession="PRIDE:0000204" name="product ion charge" value="1" />
					<cvParam cvLabel="PRIDE" accession="PRIDE:0000193" name="y ion" value="2" />
					<cvParam cvLabel="PRIDE" accession="PRIDE:0000188" name="product ion m/z" value="377.0" />
					<cvParam cvLabel="PRIDE" accession="PRIDE:0000189" name="product ion intensity" value="46632.0" />
					<cvParam cvLabel="PRIDE" accession="PRIDE:0000190" name="product ion mass error" value="0.096" />
				</FragmentIon>
				<FragmentIon>
					<cvParam cvLabel="PRIDE" accession="PRIDE:0000204" name="product ion charge" value="1" />
					<cvParam cvLabel="PRIDE" accession="PRIDE:0000193" name="y ion" value="3" />
					<cvParam cvLabel="PRIDE" accession="PRIDE:0000188" name="product ion m/z" value="492.0" />
					<cvParam cvLabel="PRIDE" accession="PRIDE:0000189" name="product ion intensity" value="8619.0" />
					<cvParam cvLabel="PRIDE" accession="PRIDE:0000190" name="product ion mass error" value="0.069" />
				</FragmentIon>
				<FragmentIon>
					<cvParam cvLabel="PRIDE" accession="PRIDE:0000204" name="product ion charge" value="1" />
					<cvParam cvLabel="PRIDE" accession="PRIDE:0000193" name="y ion" value="4" />
					<cvParam cvLabel="PRIDE" accession="PRIDE:0000188" name="product ion m/z" value="589.0" />
					<cvParam cvLabel="PRIDE" accession="PRIDE:0000189" name="product ion intensity" value="160762.0" />
					<cvParam cvLabel="PRIDE" accession="PRIDE:0000190" name="product ion mass error" value="-0.084" />
				</FragmentIon>
				<FragmentIon>
					<cvParam cvLabel="PRIDE" accession="PRIDE:0000204" name="product ion charge" value="1" />
					<cvParam cvLabel="PRIDE" accession="PRIDE:0000193" name="y ion" value="6" />
					<cvParam cvLabel="PRIDE" accession="PRIDE:0000188" name="product ion m/z" value="803.0" />
					<cvParam cvLabel="PRIDE" accession="PRIDE:0000189" name="product ion intensity" value="16448.0" />
					<cvParam cvLabel="PRIDE" accession="PRIDE:0000190" name="product ion mass error" value="-0.416" />
				</FragmentIon>
				<FragmentIon>
					<cvParam cvLabel="PRIDE" accession="PRIDE:0000204" name="product ion charge" value="1" />
					<cvParam cvLabel="PRIDE" accession="PRIDE:0000193" name="y ion" value="7" />
					<cvParam cvLabel="PRIDE" accession="PRIDE:0000188" name="product ion m/z" value="963.0" />
					<cvParam cvLabel="PRIDE" accession="PRIDE:0000189" name="product ion intensity" value="73960.0" />
					<cvParam cvLabel="PRIDE" accession="PRIDE:0000190" name="product ion mass error" value="-0.045" />
				</FragmentIon>
				<FragmentIon>
					<cvParam cvLabel="PRIDE" accession="PRIDE:0000204" name="product ion charge" value="1" />
					<cvParam cvLabel="PRIDE" accession="PRIDE:0000193" name="y ion" value="8" />
					<cvParam cvLabel="PRIDE" accession="PRIDE:0000188" name="product ion m/z" value="1076.0" />
					<cvParam cvLabel="PRIDE" accession="PRIDE:0000189" name="product ion intensity" value="22059.0" />
					<cvParam cvLabel="PRIDE" accession="PRIDE:0000190" name="product ion mass error" value="-0.029" />
				</FragmentIon>
				<FragmentIon>
					<cvParam cvLabel="PRIDE" accession="PRIDE:0000204" name="product ion charge" value="1" />
					<cvParam cvLabel="PRIDE" accession="PRIDE:0000193" name="y ion" value="9" />
					<cvParam cvLabel="PRIDE" accession="PRIDE:0000188" name="product ion m/z" value="1191.0" />
					<cvParam cvLabel="PRIDE" accession="PRIDE:0000189" name="product ion intensity" value="180785.0" />
					<cvParam cvLabel="PRIDE" accession="PRIDE:0000190" name="product ion mass error" value="0.144" />
				</FragmentIon>
				<FragmentIon>
					<cvParam cvLabel="PRIDE" accession="PRIDE:0000204" name="product ion charge" value="1" />
					<cvParam cvLabel="PRIDE" accession="PRIDE:0000193" name="y ion" value="10" />
					<cvParam cvLabel="PRIDE" accession="PRIDE:0000188" name="product ion m/z" value="1262.0" />
					<cvParam cvLabel="PRIDE" accession="PRIDE:0000189" name="product ion intensity" value="166622.0" />
					<cvParam cvLabel="PRIDE" accession="PRIDE:0000190" name="product ion mass error" value="-0.093" />
				</FragmentIon>
				<FragmentIon>
					<cvParam cvLabel="PRIDE" accession="PRIDE:0000204" name="product ion charge" value="1" />
					<cvParam cvLabel="PRIDE" accession="PRIDE:0000193" name="y ion" value="11" />
					<cvParam cvLabel="PRIDE" accession="PRIDE:0000188" name="product ion m/z" value="1399.0" />
					<cvParam cvLabel="PRIDE" accession="PRIDE:0000189" name="product ion intensity" value="67045.0" />
					<cvParam cvLabel="PRIDE" accession="PRIDE:0000190" name="product ion mass error" value="-0.352" />
				</FragmentIon>
				<FragmentIon>
					<cvParam cvLabel="PRIDE" accession="PRIDE:0000204" name="product ion charge" value="1" />
					<cvParam cvLabel="PRIDE" accession="PRIDE:0000193" name="y ion" value="13" />
					<cvParam cvLabel="PRIDE" accession="PRIDE:0000188" name="product ion m/z" value="1648.0" />
					<cvParam cvLabel="PRIDE" accession="PRIDE:0000189" name="product ion intensity" value="23399.0" />
					<cvParam cvLabel="PRIDE" accession="PRIDE:0000190" name="product ion mass error" value="0.732" />
				</FragmentIon>
				<additional>
					<cvParam cvLabel="PRIDE" accession="PRIDE:0000185" name="OMSSA E-value" value="1.32903596099212E-6" />
					<cvParam cvLabel="PRIDE" accession="PRIDE:0000186" name="OMSSA P-value" value="1.80330523879528E-9" />
					<cvParam cvLabel="PRIDE" accession="PRIDE:0000065" name="Upstream flanking sequence" value="Q" />
					<cvParam cvLabel="PRIDE" accession="PRIDE:0000066" name="Downstream flanking sequence" value="K" />
				</additional>
			</PeptideItem>
			<PeptideItem>
				<Sequence>TVMENFVAFVDK</Sequence>
				<Start>569</Start>
				<End>580</End>
				<SpectrumReference>13</SpectrumReference>
				<ModificationItem>
					<ModLocation>3</ModLocation>
					<ModAccession>MOD:00425</ModAccession>
					<ModDatabase>MOD</ModDatabase>
					<ModMonoDelta>16.0</ModMonoDelta>
					<additional>
						<cvParam cvLabel="MOD" accession="MOD:00425" name="monohydroxylated residue" value="15.994915" />
					</additional>
				</ModificationItem>
				<FragmentIon>
					<cvParam cvLabel="PRIDE" accession="PRIDE:0000204" name="product ion charge" value="1" />
					<cvParam cvLabel="PRIDE" accession="PRIDE:0000194" name="b ion" value="1" />
					<cvParam cvLabel="PRIDE" accession="PRIDE:0000188" name="product ion m/z" value="201.0" />
					<cvParam cvLabel="PRIDE" accession="PRIDE:0000189" name="product ion intensity" value="2296.0" />
					<cvParam cvLabel="PRIDE" accession="PRIDE:0000190" name="product ion mass error" value="-0.024" />
				</FragmentIon>
				<FragmentIon>
					<cvParam cvLabel="PRIDE" accession="PRIDE:0000204" name="product ion charge" value="1" />
					<cvParam cvLabel="PRIDE" accession="PRIDE:0000194" name="b ion" value="2" />
					<cvParam cvLabel="PRIDE" accession="PRIDE:0000188" name="product ion m/z" value="348.0" />
					<cvParam cvLabel="PRIDE" accession="PRIDE:0000189" name="product ion intensity" value="5598.0" />
					<cvParam cvLabel="PRIDE" accession="PRIDE:0000190" name="product ion mass error" value="0.036" />
				</FragmentIon>
				<FragmentIon>
					<cvParam cvLabel="PRIDE" accession="PRIDE:0000204" name="product ion charge" value="1" />
					<cvParam cvLabel="PRIDE" accession="PRIDE:0000194" name="b ion" value="3" />
					<cvParam cvLabel="PRIDE" accession="PRIDE:0000188" name="product ion m/z" value="476.0" />
					<cvParam cvLabel="PRIDE" accession="PRIDE:0000189" name="product ion intensity" value="27112.0" />
					<cvParam cvLabel="PRIDE" accession="PRIDE:0000190" name="product ion mass error" value="-0.307" />
				</FragmentIon>
				<FragmentIon>
					<cvParam cvLabel="PRIDE" accession="PRIDE:0000204" name="product ion charge" value="1" />
					<cvParam cvLabel="PRIDE" accession="PRIDE:0000194" name="b ion" value="4" />
					<cvParam cvLabel="PRIDE" accession="PRIDE:0000188" name="product ion m/z" value="590.0" />
					<cvParam cvLabel="PRIDE" accession="PRIDE:0000189" name="product ion intensity" value="24680.0" />
					<cvParam cvLabel="PRIDE" accession="PRIDE:0000190" name="product ion mass error" value="-0.35" />
				</FragmentIon>
				<FragmentIon>
					<cvParam cvLabel="PRIDE" accession="PRIDE:0000204" name="product ion charge" value="1" />
					<cvParam cvLabel="PRIDE" accession="PRIDE:0000194" name="b ion" value="5" />
					<cvParam cvLabel="PRIDE" accession="PRIDE:0000188" name="product ion m/z" value="738.0" />
					<cvParam cvLabel="PRIDE" accession="PRIDE:0000189" name="product ion intensity" value="29354.0" />
					<cvParam cvLabel="PRIDE" accession="PRIDE:0000190" name="product ion mass error" value="-0.018" />
				</FragmentIon>
				<FragmentIon>
					<cvParam cvLabel="PRIDE" accession="PRIDE:0000204" name="product ion charge" value="1" />
					<cvParam cvLabel="PRIDE" accession="PRIDE:0000194" name="b ion" value="6" />
					<cvParam cvLabel="PRIDE" accession="PRIDE:0000188" name="product ion m/z" value="837.0" />
					<cvParam cvLabel="PRIDE" accession="PRIDE:0000189" name="product ion intensity" value="11894.0" />
					<cvParam cvLabel="PRIDE" accession="PRIDE:0000190" name="product ion mass error" value="-0.186" />
				</FragmentIon>
				<FragmentIon>
					<cvParam cvLabel="PRIDE" accession="PRIDE:0000204" name="product ion charge" value="1" />
					<cvParam cvLabel="PRIDE" accession="PRIDE:0000194" name="b ion" value="7" />
					<cvParam cvLabel="PRIDE" accession="PRIDE:0000188" name="product ion m/z" value="908.0" />
					<cvParam cvLabel="PRIDE" accession="PRIDE:0000189" name="product ion intensity" value="26948.0" />
					<cvParam cvLabel="PRIDE" accession="PRIDE:0000190" name="product ion mass error" value="-0.023" />
				</FragmentIon>
				<FragmentIon>
					<cvParam cvLabel="PRIDE" accession="PRIDE:0000204" name="product ion charge" value="1" />
					<cvParam cvLabel="PRIDE" accession="PRIDE:0000194" name="b ion" value="8" />
					<cvParam cvLabel="PRIDE" accession="PRIDE:0000188" name="product ion m/z" value="1055.0" />
					<cvParam cvLabel="PRIDE" accession="PRIDE:0000189" name="product ion intensity" value="45733.0" />
					<cvParam cvLabel="PRIDE" accession="PRIDE:0000190" name="product ion mass error" value="-0.091" />
				</FragmentIon>
				<FragmentIon>
					<cvParam cvLabel="PRIDE" accession="PRIDE:0000204" name="product ion charge" value="1" />
					<cvParam cvLabel="PRIDE" accession="PRIDE:0000194" name="b ion" value="9" />
					<cvParam cvLabel="PRIDE" accession="PRIDE:0000188" name="product ion m/z" value="1154.0" />
					<cvParam cvLabel="PRIDE" accession="PRIDE:0000189" name="product ion intensity" value="64788.0" />
					<cvParam cvLabel="PRIDE" accession="PRIDE:0000190" name="product ion mass error" value="-0.059" />
				</FragmentIon>
				<FragmentIon>
					<cvParam cvLabel="PRIDE" accession="PRIDE:0000204" name="product ion charge" value="1" />
					<cvParam cvLabel="PRIDE" accession="PRIDE:0000194" name="b ion" value="10" />
					<cvParam cvLabel="PRIDE" accession="PRIDE:0000188" name="product ion m/z" value="1269.0" />
					<cvParam cvLabel="PRIDE" accession="PRIDE:0000189" name="product ion intensity" value="7603.0" />
					<cvParam cvLabel="PRIDE" accession="PRIDE:0000190" name="product ion mass error" value="-0.286" />
				</FragmentIon>
				<FragmentIon>
					<cvParam cvLabel="PRIDE" accession="PRIDE:0000204" name="product ion charge" value="1" />
					<cvParam cvLabel="PRIDE" accession="PRIDE:0000193" name="y ion" value="1" />
					<cvParam cvLabel="PRIDE" accession="PRIDE:0000188" name="product ion m/z" value="262.0" />
					<cvParam cvLabel="PRIDE" accession="PRIDE:0000189" name="product ion intensity" value="36218.0" />
					<cvParam cvLabel="PRIDE" accession="PRIDE:0000190" name="product ion mass error" value="-0.04" />
				</FragmentIon>
				<FragmentIon>
					<cvParam cvLabel="PRIDE" accession="PRIDE:0000204" name="product ion charge" value="1" />
					<cvParam cvLabel="PRIDE" accession="PRIDE:0000193" name="y ion" value="2" />
					<cvParam cvLabel="PRIDE" accession="PRIDE:0000188" name="product ion m/z" value="361.0" />
					<cvParam cvLabel="PRIDE" accession="PRIDE:0000189" name="product ion intensity" value="89737.0" />
					<cvParam cvLabel="PRIDE" accession="PRIDE:0000190" name="product ion mass error" value="0.092" />
				</FragmentIon>
				<FragmentIon>
					<cvParam cvLabel="PRIDE" accession="PRIDE:0000204" name="product ion charge" value="1" />
					<cvParam cvLabel="PRIDE" accession="PRIDE:0000193" name="y ion" value="3" />
					<cvParam cvLabel="PRIDE" accession="PRIDE:0000188" name="product ion m/z" value="508.0" />
					<cvParam cvLabel="PRIDE" accession="PRIDE:0000189" name="product ion intensity" value="127241.0" />
					<cvParam cvLabel="PRIDE" accession="PRIDE:0000190" name="product ion mass error" value="0.024" />
				</FragmentIon>
				<FragmentIon>
					<cvParam cvLabel="PRIDE" accession="PRIDE:0000204" name="product ion charge" value="1" />
					<cvParam cvLabel="PRIDE" accession="PRIDE:0000193" name="y ion" value="4" />
					<cvParam cvLabel="PRIDE" accession="PRIDE:0000188" name="product ion m/z" value="579.0" />
					<cvParam cvLabel="PRIDE" accession="PRIDE:0000189" name="product ion intensity" value="169381.0" />
					<cvParam cvLabel="PRIDE" accession="PRIDE:0000190" name="product ion mass error" value="-0.013" />
				</FragmentIon>
				<FragmentIon>
					<cvParam cvLabel="PRIDE" accession="PRIDE:0000204" name="product ion charge" value="1" />
					<cvParam cvLabel="PRIDE" accession="PRIDE:0000193" name="y ion" value="5" />
					<cvParam cvLabel="PRIDE" accession="PRIDE:0000188" name="product ion m/z" value="678.0" />
					<cvParam cvLabel="PRIDE" accession="PRIDE:0000189" name="product ion intensity" value="56396.0" />
					<cvParam cvLabel="PRIDE" accession="PRIDE:0000190" name="product ion mass error" value="-0.081" />
				</FragmentIon>
				<FragmentIon>
					<cvParam cvLabel="PRIDE" accession="PRIDE:0000204" name="product ion charge" value="1" />
					<cvParam cvLabel="PRIDE" accession="PRIDE:0000193" name="y ion" value="6" />
					<cvParam cvLabel="PRIDE" accession="PRIDE:0000188" name="product ion m/z" value="825.0" />
					<cvParam cvLabel="PRIDE" accession="PRIDE:0000189" name="product ion intensity" value="81063.0" />
					<cvParam cvLabel="PRIDE" accession="PRIDE:0000190" name="product ion mass error" value="-0.049" />
				</FragmentIon>
				<FragmentIon>
					<cvParam cvLabel="PRIDE" accession="PRIDE:0000204" name="product ion charge" value="1" />
					<cvParam cvLabel="PRIDE" accession="PRIDE:0000193" name="y ion" value="7" />
					<cvParam cvLabel="PRIDE" accession="PRIDE:0000188" name="product ion m/z" value="939.0" />
					<cvParam cvLabel="PRIDE" accession="PRIDE:0000189" name="product ion intensity" value="61686.0" />
					<cvParam cvLabel="PRIDE" accession="PRIDE:0000190" name="product ion mass error" value="-0.092" />
				</FragmentIon>
				<FragmentIon>
					<cvParam cvLabel="PRIDE" accession="PRIDE:0000204" name="product ion charge" value="1" />
					<cvParam cvLabel="PRIDE" accession="PRIDE:0000193" name="y ion" value="8" />
					<cvParam cvLabel="PRIDE" accession="PRIDE:0000188" name="product ion m/z" value="1068.0" />
					<cvParam cvLabel="PRIDE" accession="PRIDE:0000189" name="product ion intensity" value="88995.0" />
					<cvParam cvLabel="PRIDE" accession="PRIDE:0000190" name="product ion mass error" value="0.065" />
				</FragmentIon>
				<FragmentIon>
					<cvParam cvLabel="PRIDE" accession="PRIDE:0000204" name="product ion charge" value="1" />
					<cvParam cvLabel="PRIDE" accession="PRIDE:0000193" name="y ion" value="9" />
					<cvParam cvLabel="PRIDE" accession="PRIDE:0000188" name="product ion m/z" value="1215.0" />
					<cvParam cvLabel="PRIDE" accession="PRIDE:0000189" name="product ion intensity" value="129522.0" />
					<cvParam cvLabel="PRIDE" accession="PRIDE:0000190" name="product ion mass error" value="-0.075" />
				</FragmentIon>
				<additional>
					<cvParam cvLabel="PRIDE" accession="PRIDE:0000185" name="OMSSA E-value" value="8.18850236358289E-7" />
					<cvParam cvLabel="PRIDE" accession="PRIDE:0000186" name="OMSSA P-value" value="7.92691419514317E-10" />
					<cvParam cvLabel="PRIDE" accession="PRIDE:0000065" name="Upstream flanking sequence" value="C" />
					<cvParam cvLabel="PRIDE" accession="PRIDE:0000066" name="Downstream flanking sequence" value="K" />
				</additional>
			</PeptideItem>
			<PeptideItem>
				<Sequence>TVMENFVAFVDK</Sequence>
				<Start>569</Start>
				<End>580</End>
				<SpectrumReference>43</SpectrumReference>
				<ModificationItem>
					<ModLocation>3</ModLocation>
					<ModAccession>MOD:00425</ModAccession>
					<ModDatabase>MOD</ModDatabase>
					<ModMonoDelta>16.0</ModMonoDelta>
					<additional>
						<cvParam cvLabel="MOD" accession="MOD:00425" name="monohydroxylated residue" value="15.994915" />
					</additional>
				</ModificationItem>
				<FragmentIon>
					<cvParam cvLabel="PRIDE" accession="PRIDE:0000204" name="product ion charge" value="1" />
					<cvParam cvLabel="PRIDE" accession="PRIDE:0000194" name="b ion" value="2" />
					<cvParam cvLabel="PRIDE" accession="PRIDE:0000188" name="product ion m/z" value="348.0" />
					<cvParam cvLabel="PRIDE" accession="PRIDE:0000189" name="product ion intensity" value="47700.0" />
					<cvParam cvLabel="PRIDE" accession="PRIDE:0000190" name="product ion mass error" value="-0.064" />
				</FragmentIon>
				<FragmentIon>
					<cvParam cvLabel="PRIDE" accession="PRIDE:0000204" name="product ion charge" value="1" />
					<cvParam cvLabel="PRIDE" accession="PRIDE:0000194" name="b ion" value="3" />
					<cvParam cvLabel="PRIDE" accession="PRIDE:0000188" name="product ion m/z" value="477.0" />
					<cvParam cvLabel="PRIDE" accession="PRIDE:0000189" name="product ion intensity" value="95882.0" />
					<cvParam cvLabel="PRIDE" accession="PRIDE:0000190" name="product ion mass error" value="-0.107" />
				</FragmentIon>
				<FragmentIon>
					<cvParam cvLabel="PRIDE" accession="PRIDE:0000204" name="product ion charge" value="1" />
					<cvParam cvLabel="PRIDE" accession="PRIDE:0000194" name="b ion" value="4" />
					<cvParam cvLabel="PRIDE" accession="PRIDE:0000188" name="product ion m/z" value="591.0" />
					<cvParam cvLabel="PRIDE" accession="PRIDE:0000189" name="product ion intensity" value="479684.0" />
					<cvParam cvLabel="PRIDE" accession="PRIDE:0000190" name="product ion mass error" value="-0.05" />
				</FragmentIon>
				<FragmentIon>
					<cvParam cvLabel="PRIDE" accession="PRIDE:0000204" name="product ion charge" value="1" />
					<cvParam cvLabel="PRIDE" accession="PRIDE:0000194" name="b ion" value="5" />
					<cvParam cvLabel="PRIDE" accession="PRIDE:0000188" name="product ion m/z" value="738.0" />
					<cvParam cvLabel="PRIDE" accession="PRIDE:0000189" name="product ion intensity" value="116620.0" />
					<cvParam cvLabel="PRIDE" accession="PRIDE:0000190" name="product ion mass error" value="-0.018" />
				</FragmentIon>
				<FragmentIon>
					<cvParam cvLabel="PRIDE" accession="PRIDE:0000204" name="product ion charge" value="1" />
					<cvParam cvLabel="PRIDE" accession="PRIDE:0000194" name="b ion" value="8" />
					<cvParam cvLabel="PRIDE" accession="PRIDE:0000188" name="product ion m/z" value="1055.0" />
					<cvParam cvLabel="PRIDE" accession="PRIDE:0000189" name="product ion intensity" value="175597.0" />
					<cvParam cvLabel="PRIDE" accession="PRIDE:0000190" name="product ion mass error" value="-0.091" />
				</FragmentIon>
				<FragmentIon>
					<cvParam cvLabel="PRIDE" accession="PRIDE:0000204" name="product ion charge" value="1" />
					<cvParam cvLabel="PRIDE" accession="PRIDE:0000194" name="b ion" value="9" />
					<cvParam cvLabel="PRIDE" accession="PRIDE:0000188" name="product ion m/z" value="1154.0" />
					<cvParam cvLabel="PRIDE" accession="PRIDE:0000189" name="product ion intensity" value="235340.0" />
					<cvParam cvLabel="PRIDE" accession="PRIDE:0000190" name="product ion mass error" value="-0.159" />
				</FragmentIon>
				<FragmentIon>
					<cvParam cvLabel="PRIDE" accession="PRIDE:0000204" name="product ion charge" value="1" />
					<cvParam cvLabel="PRIDE" accession="PRIDE:0000193" name="y ion" value="1" />
					<cvParam cvLabel="PRIDE" accession="PRIDE:0000188" name="product ion m/z" value="262.0" />
					<cvParam cvLabel="PRIDE" accession="PRIDE:0000189" name="product ion intensity" value="370773.0" />
					<cvParam cvLabel="PRIDE" accession="PRIDE:0000190" name="product ion mass error" value="-0.04" />
				</FragmentIon>
				<FragmentIon>
					<cvParam cvLabel="PRIDE" accession="PRIDE:0000204" name="product ion charge" value="1" />
					<cvParam cvLabel="PRIDE" accession="PRIDE:0000193" name="y ion" value="2" />
					<cvParam cvLabel="PRIDE" accession="PRIDE:0000188" name="product ion m/z" value="361.0" />
					<cvParam cvLabel="PRIDE" accession="PRIDE:0000189" name="product ion intensity" value="132935.0" />
					<cvParam cvLabel="PRIDE" accession="PRIDE:0000190" name="product ion mass error" value="0.692" />
				</FragmentIon>
				<FragmentIon>
					<cvParam cvLabel="PRIDE" accession="PRIDE:0000204" name="product ion charge" value="1" />
					<cvParam cvLabel="PRIDE" accession="PRIDE:0000193" name="y ion" value="3" />
					<cvParam cvLabel="PRIDE" accession="PRIDE:0000188" name="product ion m/z" value="508.0" />
					<cvParam cvLabel="PRIDE" accession="PRIDE:0000189" name="product ion intensity" value="419707.0" />
					<cvParam cvLabel="PRIDE" accession="PRIDE:0000190" name="product ion mass error" value="-0.076" />
				</FragmentIon>
				<FragmentIon>
					<cvParam cvLabel="PRIDE" accession="PRIDE:0000204" name="product ion charge" value="1" />
					<cvParam cvLabel="PRIDE" accession="PRIDE:0000193" name="y ion" value="4" />
					<cvParam cvLabel="PRIDE" accession="PRIDE:0000188" name="product ion m/z" value="579.0" />
					<cvParam cvLabel="PRIDE" accession="PRIDE:0000189" name="product ion intensity" value="1621177.0" />
					<cvParam cvLabel="PRIDE" accession="PRIDE:0000190" name="product ion mass error" value="-0.113" />
				</FragmentIon>
				<FragmentIon>
					<cvParam cvLabel="PRIDE" accession="PRIDE:0000204" name="product ion charge" value="1" />
					<cvParam cvLabel="PRIDE" accession="PRIDE:0000193" name="y ion" value="5" />
					<cvParam cvLabel="PRIDE" accession="PRIDE:0000188" name="product ion m/z" value="678.0" />
					<cvParam cvLabel="PRIDE" accession="PRIDE:0000189" name="product ion intensity" value="911409.0" />
					<cvParam cvLabel="PRIDE" accession="PRIDE:0000190" name="product ion mass error" value="-0.181" />
				</FragmentIon>
				<FragmentIon>
					<cvParam cvLabel="PRIDE" accession="PRIDE:0000204" name="product ion charge" value="1" />
					<cvParam cvLabel="PRIDE" accession="PRIDE:0000193" name="y ion" value="6" />
					<cvParam cvLabel="PRIDE" accession="PRIDE:0000188" name="product ion m/z" value="825.0" />
					<cvParam cvLabel="PRIDE" accession="PRIDE:0000189" name="product ion intensity" value="265219.0" />
					<cvParam cvLabel="PRIDE" accession="PRIDE:0000190" name="product ion mass error" value="-0.149" />
				</FragmentIon>
				<FragmentIon>
					<cvParam cvLabel="PRIDE" accession="PRIDE:0000204" name="product ion charge" value="1" />
					<cvParam cvLabel="PRIDE" accession="PRIDE:0000193" name="y ion" value="7" />
					<cvParam cvLabel="PRIDE" accession="PRIDE:0000188" name="product ion m/z" value="939.0" />
					<cvParam cvLabel="PRIDE" accession="PRIDE:0000189" name="product ion intensity" value="299997.0" />
					<cvParam cvLabel="PRIDE" accession="PRIDE:0000190" name="product ion mass error" value="0.308" />
				</FragmentIon>
				<FragmentIon>
					<cvParam cvLabel="PRIDE" accession="PRIDE:0000204" name="product ion charge" value="1" />
					<cvParam cvLabel="PRIDE" accession="PRIDE:0000193" name="y ion" value="8" />
					<cvParam cvLabel="PRIDE" accession="PRIDE:0000188" name="product ion m/z" value="1068.0" />
					<cvParam cvLabel="PRIDE" accession="PRIDE:0000189" name="product ion intensity" value="868496.0" />
					<cvParam cvLabel="PRIDE" accession="PRIDE:0000190" name="product ion mass error" value="-0.135" />
				</FragmentIon>
				<FragmentIon>
					<cvParam cvLabel="PRIDE" accession="PRIDE:0000204" name="product ion charge" value="1" />
					<cvParam cvLabel="PRIDE" accession="PRIDE:0000193" name="y ion" value="9" />
					<cvParam cvLabel="PRIDE" accession="PRIDE:0000188" name="product ion m/z" value="1215.0" />
					<cvParam cvLabel="PRIDE" accession="PRIDE:0000189" name="product ion intensity" value="779647.0" />
					<cvParam cvLabel="PRIDE" accession="PRIDE:0000190" name="product ion mass error" value="-0.075" />
				</FragmentIon>
				<additional>
					<cvParam cvLabel="PRIDE" accession="PRIDE:0000185" name="OMSSA E-value" value="2.54105251205417E-4" />
					<cvParam cvLabel="PRIDE" accession="PRIDE:0000186" name="OMSSA P-value" value="2.42005001148016E-7" />
					<cvParam cvLabel="PRIDE" accession="PRIDE:0000065" name="Upstream flanking sequence" value="C" />
					<cvParam cvLabel="PRIDE" accession="PRIDE:0000066" name="Downstream flanking sequence" value="K" />
				</additional>
			</PeptideItem>
			<PeptideItem>
				<Sequence>LFTFHADICTLPDTEK</Sequence>
				<Start>529</Start>
				<End>544</End>
				<SpectrumReference>87</SpectrumReference>
				<ModificationItem>
					<ModLocation>9</ModLocation>
					<ModAccession>MOD:01214</ModAccession>
					<ModDatabase>MOD</ModDatabase>
					<ModMonoDelta>57.021464</ModMonoDelta>
					<additional>
						<cvParam cvLabel="MOD" accession="MOD:01214" name="iodoacetamide -site C" value="57.021464" />
					</additional>
				</ModificationItem>
				<FragmentIon>
					<cvParam cvLabel="PRIDE" accession="PRIDE:0000204" name="product ion charge" value="1" />
					<cvParam cvLabel="PRIDE" accession="PRIDE:0000194" name="b ion" value="1" />
					<cvParam cvLabel="PRIDE" accession="PRIDE:0000188" name="product ion m/z" value="260.0" />
					<cvParam cvLabel="PRIDE" accession="PRIDE:0000189" name="product ion intensity" value="610356.0" />
					<cvParam cvLabel="PRIDE" accession="PRIDE:0000190" name="product ion mass error" value="-0.26" />
				</FragmentIon>
				<FragmentIon>
					<cvParam cvLabel="PRIDE" accession="PRIDE:0000204" name="product ion charge" value="1" />
					<cvParam cvLabel="PRIDE" accession="PRIDE:0000194" name="b ion" value="4" />
					<cvParam cvLabel="PRIDE" accession="PRIDE:0000188" name="product ion m/z" value="646.0" />
					<cvParam cvLabel="PRIDE" accession="PRIDE:0000189" name="product ion intensity" value="2355322.0" />
					<cvParam cvLabel="PRIDE" accession="PRIDE:0000190" name="product ion mass error" value="0.065" />
				</FragmentIon>
				<FragmentIon>
					<cvParam cvLabel="PRIDE" accession="PRIDE:0000204" name="product ion charge" value="1" />
					<cvParam cvLabel="PRIDE" accession="PRIDE:0000194" name="b ion" value="7" />
					<cvParam cvLabel="PRIDE" accession="PRIDE:0000188" name="product ion m/z" value="945.0" />
					<cvParam cvLabel="PRIDE" accession="PRIDE:0000189" name="product ion intensity" value="1006602.0" />
					<cvParam cvLabel="PRIDE" accession="PRIDE:0000190" name="product ion mass error" value="-0.083" />
				</FragmentIon>
				<FragmentIon>
					<cvParam cvLabel="PRIDE" accession="PRIDE:0000204" name="product ion charge" value="1" />
					<cvParam cvLabel="PRIDE" accession="PRIDE:0000194" name="b ion" value="9" />
					<cvParam cvLabel="PRIDE" accession="PRIDE:0000188" name="product ion m/z" value="1206.0" />
					<cvParam cvLabel="PRIDE" accession="PRIDE:0000189" name="product ion intensity" value="326348.0" />
					<cvParam cvLabel="PRIDE" accession="PRIDE:0000190" name="product ion mass error" value="-0.16" />
				</FragmentIon>
				<FragmentIon>
					<cvParam cvLabel="PRIDE" accession="PRIDE:0000204" name="product ion charge" value="1" />
					<cvParam cvLabel="PRIDE" accession="PRIDE:0000193" name="y ion" value="2" />
					<cvParam cvLabel="PRIDE" accession="PRIDE:0000188" name="product ion m/z" value="377.0" />
					<cvParam cvLabel="PRIDE" accession="PRIDE:0000189" name="product ion intensity" value="740634.0" />
					<cvParam cvLabel="PRIDE" accession="PRIDE:0000190" name="product ion mass error" value="0.096" />
				</FragmentIon>
				<FragmentIon>
					<cvParam cvLabel="PRIDE" accession="PRIDE:0000204" name="product ion charge" value="1" />
					<cvParam cvLabel="PRIDE" accession="PRIDE:0000193" name="y ion" value="4" />
					<cvParam cvLabel="PRIDE" accession="PRIDE:0000188" name="product ion m/z" value="589.0" />
					<cvParam cvLabel="PRIDE" accession="PRIDE:0000189" name="product ion intensity" value="1.126795E7" />
					<cvParam cvLabel="PRIDE" accession="PRIDE:0000190" name="product ion mass error" value="-0.084" />
				</FragmentIon>
				<FragmentIon>
					<cvParam cvLabel="PRIDE" accession="PRIDE:0000204" name="product ion charge" value="1" />
					<cvParam cvLabel="PRIDE" accession="PRIDE:0000193" name="y ion" value="5" />
					<cvParam cvLabel="PRIDE" accession="PRIDE:0000188" name="product ion m/z" value="702.0" />
					<cvParam cvLabel="PRIDE" accession="PRIDE:0000189" name="product ion intensity" value="2417811.0" />
					<cvParam cvLabel="PRIDE" accession="PRIDE:0000190" name="product ion mass error" value="-0.068" />
				</FragmentIon>
				<FragmentIon>
					<cvParam cvLabel="PRIDE" accession="PRIDE:0000204" name="product ion charge" value="1" />
					<cvParam cvLabel="PRIDE" accession="PRIDE:0000193" name="y ion" value="6" />
					<cvParam cvLabel="PRIDE" accession="PRIDE:0000188" name="product ion m/z" value="803.0" />
					<cvParam cvLabel="PRIDE" accession="PRIDE:0000189" name="product ion intensity" value="3734869.0" />
					<cvParam cvLabel="PRIDE" accession="PRIDE:0000190" name="product ion mass error" value="-0.116" />
				</FragmentIon>
				<FragmentIon>
					<cvParam cvLabel="PRIDE" accession="PRIDE:0000204" name="product ion charge" value="1" />
					<cvParam cvLabel="PRIDE" accession="PRIDE:0000193" name="y ion" value="8" />
					<cvParam cvLabel="PRIDE" accession="PRIDE:0000188" name="product ion m/z" value="1076.0" />
					<cvParam cvLabel="PRIDE" accession="PRIDE:0000189" name="product ion intensity" value="122198.0" />
					<cvParam cvLabel="PRIDE" accession="PRIDE:0000190" name="product ion mass error" value="-0.329" />
				</FragmentIon>
				<FragmentIon>
					<cvParam cvLabel="PRIDE" accession="PRIDE:0000204" name="product ion charge" value="2" />
					<cvParam cvLabel="PRIDE" accession="PRIDE:0000194" name="b ion" value="7" />
					<cvParam cvLabel="PRIDE" accession="PRIDE:0000188" name="product ion m/z" value="473.0" />
					<cvParam cvLabel="PRIDE" accession="PRIDE:0000189" name="product ion intensity" value="569851.0" />
					<cvParam cvLabel="PRIDE" accession="PRIDE:0000190" name="product ion mass error" value="0.56" />
				</FragmentIon>
				<FragmentIon>
					<cvParam cvLabel="PRIDE" accession="PRIDE:0000204" name="product ion charge" value="2" />
					<cvParam cvLabel="PRIDE" accession="PRIDE:0000194" name="b ion" value="8" />
					<cvParam cvLabel="PRIDE" accession="PRIDE:0000188" name="product ion m/z" value="553.0" />
					<cvParam cvLabel="PRIDE" accession="PRIDE:0000189" name="product ion intensity" value="1023756.0" />
					<cvParam cvLabel="PRIDE" accession="PRIDE:0000190" name="product ion mass error" value="0.546" />
				</FragmentIon>
				<FragmentIon>
					<cvParam cvLabel="PRIDE" accession="PRIDE:0000204" name="product ion charge" value="2" />
					<cvParam cvLabel="PRIDE" accession="PRIDE:0000194" name="b ion" value="10" />
					<cvParam cvLabel="PRIDE" accession="PRIDE:0000188" name="product ion m/z" value="660.0" />
					<cvParam cvLabel="PRIDE" accession="PRIDE:0000189" name="product ion intensity" value="2922345.0" />
					<cvParam cvLabel="PRIDE" accession="PRIDE:0000190" name="product ion mass error" value="-0.12" />
				</FragmentIon>
				<FragmentIon>
					<cvParam cvLabel="PRIDE" accession="PRIDE:0000204" name="product ion charge" value="2" />
					<cvParam cvLabel="PRIDE" accession="PRIDE:0000194" name="b ion" value="13" />
					<cvParam cvLabel="PRIDE" accession="PRIDE:0000188" name="product ion m/z" value="816.0" />
					<cvParam cvLabel="PRIDE" accession="PRIDE:0000189" name="product ion intensity" value="613900.0" />
					<cvParam cvLabel="PRIDE" accession="PRIDE:0000190" name="product ion mass error" value="-0.583" />
				</FragmentIon>
				<FragmentIon>
					<cvParam cvLabel="PRIDE" accession="PRIDE:0000204" name="product ion charge" value="2" />
					<cvParam cvLabel="PRIDE" accession="PRIDE:0000194" name="b ion" value="14" />
					<cvParam cvLabel="PRIDE" accession="PRIDE:0000188" name="product ion m/z" value="881.0" />
					<cvParam cvLabel="PRIDE" accession="PRIDE:0000189" name="product ion intensity" value="437932.0" />
					<cvParam cvLabel="PRIDE" accession="PRIDE:0000190" name="product ion mass error" value="-0.304" />
				</FragmentIon>
				<FragmentIon>
					<cvParam cvLabel="PRIDE" accession="PRIDE:0000204" name="product ion charge" value="2" />
					<cvParam cvLabel="PRIDE" accession="PRIDE:0000193" name="y ion" value="4" />
					<cvParam cvLabel="PRIDE" accession="PRIDE:0000188" name="product ion m/z" value="295.0" />
					<cvParam cvLabel="PRIDE" accession="PRIDE:0000189" name="product ion intensity" value="263592.0" />
					<cvParam cvLabel="PRIDE" accession="PRIDE:0000190" name="product ion mass error" value="0.76" />
				</FragmentIon>
				<FragmentIon>
					<cvParam cvLabel="PRIDE" accession="PRIDE:0000204" name="product ion charge" value="2" />
					<cvParam cvLabel="PRIDE" accession="PRIDE:0000193" name="y ion" value="7" />
					<cvParam cvLabel="PRIDE" accession="PRIDE:0000188" name="product ion m/z" value="482.0" />
					<cvParam cvLabel="PRIDE" accession="PRIDE:0000189" name="product ion intensity" value="1113812.0" />
					<cvParam cvLabel="PRIDE" accession="PRIDE:0000190" name="product ion mass error" value="-0.12" />
				</FragmentIon>
				<FragmentIon>
					<cvParam cvLabel="PRIDE" accession="PRIDE:0000204" name="product ion charge" value="2" />
					<cvParam cvLabel="PRIDE" accession="PRIDE:0000193" name="y ion" value="13" />
					<cvParam cvLabel="PRIDE" accession="PRIDE:0000188" name="product ion m/z" value="824.0" />
					<cvParam cvLabel="PRIDE" accession="PRIDE:0000189" name="product ion intensity" value="8498688.0" />
					<cvParam cvLabel="PRIDE" accession="PRIDE:0000190" name="product ion mass error" value="0.42" />
				</FragmentIon>
				<additional>
					<cvParam cvLabel="PRIDE" accession="PRIDE:0000185" name="OMSSA E-value" value="0.00493900671311961" />
					<cvParam cvLabel="PRIDE" accession="PRIDE:0000186" name="OMSSA P-value" value="4.42167118452964E-6" />
					<cvParam cvLabel="PRIDE" accession="PRIDE:0000065" name="Upstream flanking sequence" value="Q" />
					<cvParam cvLabel="PRIDE" accession="PRIDE:0000066" name="Downstream flanking sequence" value="K" />
				</additional>
			</PeptideItem>
			<PeptideItem>
				<Sequence>TVMENFVAFVDK</Sequence>
				<Start>569</Start>
				<End>580</End>
				<SpectrumReference>56</SpectrumReference>
				<ModificationItem>
					<ModLocation>3</ModLocation>
					<ModAccession>MOD:00425</ModAccession>
					<ModDatabase>MOD</ModDatabase>
					<ModMonoDelta>16.0</ModMonoDelta>
					<additional>
						<cvParam cvLabel="MOD" accession="MOD:00425" name="monohydroxylated residue" value="15.994915" />
					</additional>
				</ModificationItem>
				<FragmentIon>
					<cvParam cvLabel="PRIDE" accession="PRIDE:0000204" name="product ion charge" value="1" />
					<cvParam cvLabel="PRIDE" accession="PRIDE:0000194" name="b ion" value="1" />
					<cvParam cvLabel="PRIDE" accession="PRIDE:0000188" name="product ion m/z" value="201.0" />
					<cvParam cvLabel="PRIDE" accession="PRIDE:0000189" name="product ion intensity" value="32120.0" />
					<cvParam cvLabel="PRIDE" accession="PRIDE:0000190" name="product ion mass error" value="-0.124" />
				</FragmentIon>
				<FragmentIon>
					<cvParam cvLabel="PRIDE" accession="PRIDE:0000204" name="product ion charge" value="1" />
					<cvParam cvLabel="PRIDE" accession="PRIDE:0000194" name="b ion" value="2" />
					<cvParam cvLabel="PRIDE" accession="PRIDE:0000188" name="product ion m/z" value="348.0" />
					<cvParam cvLabel="PRIDE" accession="PRIDE:0000189" name="product ion intensity" value="95457.0" />
					<cvParam cvLabel="PRIDE" accession="PRIDE:0000190" name="product ion mass error" value="0.036" />
				</FragmentIon>
				<FragmentIon>
					<cvParam cvLabel="PRIDE" accession="PRIDE:0000204" name="product ion charge" value="1" />
					<cvParam cvLabel="PRIDE" accession="PRIDE:0000194" name="b ion" value="3" />
					<cvParam cvLabel="PRIDE" accession="PRIDE:0000188" name="product ion m/z" value="477.0" />
					<cvParam cvLabel="PRIDE" accession="PRIDE:0000189" name="product ion intensity" value="31527.0" />
					<cvParam cvLabel="PRIDE" accession="PRIDE:0000190" name="product ion mass error" value="0.493" />
				</FragmentIon>
				<FragmentIon>
					<cvParam cvLabel="PRIDE" accession="PRIDE:0000204" name="product ion charge" value="1" />
					<cvParam cvLabel="PRIDE" accession="PRIDE:0000194" name="b ion" value="5" />
					<cvParam cvLabel="PRIDE" accession="PRIDE:0000188" name="product ion m/z" value="738.0" />
					<cvParam cvLabel="PRIDE" accession="PRIDE:0000189" name="product ion intensity" value="29734.0" />
					<cvParam cvLabel="PRIDE" accession="PRIDE:0000190" name="product ion mass error" value="-0.118" />
				</FragmentIon>
				<FragmentIon>
					<cvParam cvLabel="PRIDE" accession="PRIDE:0000204" name="product ion charge" value="1" />
					<cvParam cvLabel="PRIDE" accession="PRIDE:0000194" name="b ion" value="7" />
					<cvParam cvLabel="PRIDE" accession="PRIDE:0000188" name="product ion m/z" value="908.0" />
					<cvParam cvLabel="PRIDE" accession="PRIDE:0000189" name="product ion intensity" value="33663.0" />
					<cvParam cvLabel="PRIDE" accession="PRIDE:0000190" name="product ion mass error" value="-0.323" />
				</FragmentIon>
				<FragmentIon>
					<cvParam cvLabel="PRIDE" accession="PRIDE:0000204" name="product ion charge" value="1" />
					<cvParam cvLabel="PRIDE" accession="PRIDE:0000194" name="b ion" value="8" />
					<cvParam cvLabel="PRIDE" accession="PRIDE:0000188" name="product ion m/z" value="1055.0" />
					<cvParam cvLabel="PRIDE" accession="PRIDE:0000189" name="product ion intensity" value="85629.0" />
					<cvParam cvLabel="PRIDE" accession="PRIDE:0000190" name="product ion mass error" value="0.0090" />
				</FragmentIon>
				<FragmentIon>
					<cvParam cvLabel="PRIDE" accession="PRIDE:0000204" name="product ion charge" value="1" />
					<cvParam cvLabel="PRIDE" accession="PRIDE:0000193" name="y ion" value="1" />
					<cvParam cvLabel="PRIDE" accession="PRIDE:0000188" name="product ion m/z" value="262.0" />
					<cvParam cvLabel="PRIDE" accession="PRIDE:0000189" name="product ion intensity" value="38415.0" />
					<cvParam cvLabel="PRIDE" accession="PRIDE:0000190" name="product ion mass error" value="0.06" />
				</FragmentIon>
				<FragmentIon>
					<cvParam cvLabel="PRIDE" accession="PRIDE:0000204" name="product ion charge" value="1" />
					<cvParam cvLabel="PRIDE" accession="PRIDE:0000193" name="y ion" value="2" />
					<cvParam cvLabel="PRIDE" accession="PRIDE:0000188" name="product ion m/z" value="361.0" />
					<cvParam cvLabel="PRIDE" accession="PRIDE:0000189" name="product ion intensity" value="268541.0" />
					<cvParam cvLabel="PRIDE" accession="PRIDE:0000190" name="product ion mass error" value="-0.108" />
				</FragmentIon>
				<FragmentIon>
					<cvParam cvLabel="PRIDE" accession="PRIDE:0000204" name="product ion charge" value="1" />
					<cvParam cvLabel="PRIDE" accession="PRIDE:0000193" name="y ion" value="3" />
					<cvParam cvLabel="PRIDE" accession="PRIDE:0000188" name="product ion m/z" value="508.0" />
					<cvParam cvLabel="PRIDE" accession="PRIDE:0000189" name="product ion intensity" value="292168.0" />
					<cvParam cvLabel="PRIDE" accession="PRIDE:0000190" name="product ion mass error" value="-0.176" />
				</FragmentIon>
				<FragmentIon>
					<cvParam cvLabel="PRIDE" accession="PRIDE:0000204" name="product ion charge" value="1" />
					<cvParam cvLabel="PRIDE" accession="PRIDE:0000193" name="y ion" value="4" />
					<cvParam cvLabel="PRIDE" accession="PRIDE:0000188" name="product ion m/z" value="579.0" />
					<cvParam cvLabel="PRIDE" accession="PRIDE:0000189" name="product ion intensity" value="369377.0" />
					<cvParam cvLabel="PRIDE" accession="PRIDE:0000190" name="product ion mass error" value="-0.013" />
				</FragmentIon>
				<FragmentIon>
					<cvParam cvLabel="PRIDE" accession="PRIDE:0000204" name="product ion charge" value="1" />
					<cvParam cvLabel="PRIDE" accession="PRIDE:0000193" name="y ion" value="5" />
					<cvParam cvLabel="PRIDE" accession="PRIDE:0000188" name="product ion m/z" value="678.0" />
					<cvParam cvLabel="PRIDE" accession="PRIDE:0000189" name="product ion intensity" value="191734.0" />
					<cvParam cvLabel="PRIDE" accession="PRIDE:0000190" name="product ion mass error" value="-0.081" />
				</FragmentIon>
				<FragmentIon>
					<cvParam cvLabel="PRIDE" accession="PRIDE:0000204" name="product ion charge" value="1" />
					<cvParam cvLabel="PRIDE" accession="PRIDE:0000193" name="y ion" value="6" />
					<cvParam cvLabel="PRIDE" accession="PRIDE:0000188" name="product ion m/z" value="825.0" />
					<cvParam cvLabel="PRIDE" accession="PRIDE:0000189" name="product ion intensity" value="63043.0" />
					<cvParam cvLabel="PRIDE" accession="PRIDE:0000190" name="product ion mass error" value="0.051" />
				</FragmentIon>
				<FragmentIon>
					<cvParam cvLabel="PRIDE" accession="PRIDE:0000204" name="product ion charge" value="1" />
					<cvParam cvLabel="PRIDE" accession="PRIDE:0000193" name="y ion" value="7" />
					<cvParam cvLabel="PRIDE" accession="PRIDE:0000188" name="product ion m/z" value="940.0" />
					<cvParam cvLabel="PRIDE" accession="PRIDE:0000189" name="product ion intensity" value="92005.0" />
					<cvParam cvLabel="PRIDE" accession="PRIDE:0000190" name="product ion mass error" value="0.608" />
				</FragmentIon>
				<FragmentIon>
					<cvParam cvLabel="PRIDE" accession="PRIDE:0000204" name="product ion charge" value="1" />
					<cvParam cvLabel="PRIDE" accession="PRIDE:0000193" name="y ion" value="8" />
					<cvParam cvLabel="PRIDE" accession="PRIDE:0000188" name="product ion m/z" value="1068.0" />
					<cvParam cvLabel="PRIDE" accession="PRIDE:0000189" name="product ion intensity" value="363409.0" />
					<cvParam cvLabel="PRIDE" accession="PRIDE:0000190" name="product ion mass error" value="-0.135" />
				</FragmentIon>
				<FragmentIon>
					<cvParam cvLabel="PRIDE" accession="PRIDE:0000204" name="product ion charge" value="1" />
					<cvParam cvLabel="PRIDE" accession="PRIDE:0000193" name="y ion" value="9" />
					<cvParam cvLabel="PRIDE" accession="PRIDE:0000188" name="product ion m/z" value="1216.0" />
					<cvParam cvLabel="PRIDE" accession="PRIDE:0000189" name="product ion intensity" value="278476.0" />
					<cvParam cvLabel="PRIDE" accession="PRIDE:0000190" name="product ion mass error" value="0.725" />
				</FragmentIon>
				<additional>
					<cvParam cvLabel="PRIDE" accession="PRIDE:0000185" name="OMSSA E-value" value="8.78811352858761E-4" />
					<cvParam cvLabel="PRIDE" accession="PRIDE:0000186" name="OMSSA P-value" value="8.35372008420875E-7" />
					<cvParam cvLabel="PRIDE" accession="PRIDE:0000065" name="Upstream flanking sequence" value="C" />
					<cvParam cvLabel="PRIDE" accession="PRIDE:0000066" name="Downstream flanking sequence" value="K" />
				</additional>
			</PeptideItem>
			<PeptideItem>
				<Sequence>TVMENFVAFVDK</Sequence>
				<Start>569</Start>
				<End>580</End>
				<SpectrumReference>27</SpectrumReference>
				<ModificationItem>
					<ModLocation>3</ModLocation>
					<ModAccession>MOD:00425</ModAccession>
					<ModDatabase>MOD</ModDatabase>
					<ModMonoDelta>16.0</ModMonoDelta>
					<additional>
						<cvParam cvLabel="MOD" accession="MOD:00425" name="monohydroxylated residue" value="15.994915" />
					</additional>
				</ModificationItem>
				<FragmentIon>
					<cvParam cvLabel="PRIDE" accession="PRIDE:0000204" name="product ion charge" value="1" />
					<cvParam cvLabel="PRIDE" accession="PRIDE:0000194" name="b ion" value="2" />
					<cvParam cvLabel="PRIDE" accession="PRIDE:0000188" name="product ion m/z" value="348.0" />
					<cvParam cvLabel="PRIDE" accession="PRIDE:0000189" name="product ion intensity" value="47700.0" />
					<cvParam cvLabel="PRIDE" accession="PRIDE:0000190" name="product ion mass error" value="-0.064" />
				</FragmentIon>
				<FragmentIon>
					<cvParam cvLabel="PRIDE" accession="PRIDE:0000204" name="product ion charge" value="1" />
					<cvParam cvLabel="PRIDE" accession="PRIDE:0000194" name="b ion" value="3" />
					<cvParam cvLabel="PRIDE" accession="PRIDE:0000188" name="product ion m/z" value="477.0" />
					<cvParam cvLabel="PRIDE" accession="PRIDE:0000189" name="product ion intensity" value="95882.0" />
					<cvParam cvLabel="PRIDE" accession="PRIDE:0000190" name="product ion mass error" value="-0.107" />
				</FragmentIon>
				<FragmentIon>
					<cvParam cvLabel="PRIDE" accession="PRIDE:0000204" name="product ion charge" value="1" />
					<cvParam cvLabel="PRIDE" accession="PRIDE:0000194" name="b ion" value="4" />
					<cvParam cvLabel="PRIDE" accession="PRIDE:0000188" name="product ion m/z" value="591.0" />
					<cvParam cvLabel="PRIDE" accession="PRIDE:0000189" name="product ion intensity" value="479684.0" />
					<cvParam cvLabel="PRIDE" accession="PRIDE:0000190" name="product ion mass error" value="-0.05" />
				</FragmentIon>
				<FragmentIon>
					<cvParam cvLabel="PRIDE" accession="PRIDE:0000204" name="product ion charge" value="1" />
					<cvParam cvLabel="PRIDE" accession="PRIDE:0000194" name="b ion" value="5" />
					<cvParam cvLabel="PRIDE" accession="PRIDE:0000188" name="product ion m/z" value="738.0" />
					<cvParam cvLabel="PRIDE" accession="PRIDE:0000189" name="product ion intensity" value="116620.0" />
					<cvParam cvLabel="PRIDE" accession="PRIDE:0000190" name="product ion mass error" value="-0.018" />
				</FragmentIon>
				<FragmentIon>
					<cvParam cvLabel="PRIDE" accession="PRIDE:0000204" name="product ion charge" value="1" />
					<cvParam cvLabel="PRIDE" accession="PRIDE:0000194" name="b ion" value="8" />
					<cvParam cvLabel="PRIDE" accession="PRIDE:0000188" name="product ion m/z" value="1055.0" />
					<cvParam cvLabel="PRIDE" accession="PRIDE:0000189" name="product ion intensity" value="175597.0" />
					<cvParam cvLabel="PRIDE" accession="PRIDE:0000190" name="product ion mass error" value="-0.091" />
				</FragmentIon>
				<FragmentIon>
					<cvParam cvLabel="PRIDE" accession="PRIDE:0000204" name="product ion charge" value="1" />
					<cvParam cvLabel="PRIDE" accession="PRIDE:0000194" name="b ion" value="9" />
					<cvParam cvLabel="PRIDE" accession="PRIDE:0000188" name="product ion m/z" value="1154.0" />
					<cvParam cvLabel="PRIDE" accession="PRIDE:0000189" name="product ion intensity" value="235340.0" />
					<cvParam cvLabel="PRIDE" accession="PRIDE:0000190" name="product ion mass error" value="-0.159" />
				</FragmentIon>
				<FragmentIon>
					<cvParam cvLabel="PRIDE" accession="PRIDE:0000204" name="product ion charge" value="1" />
					<cvParam cvLabel="PRIDE" accession="PRIDE:0000193" name="y ion" value="1" />
					<cvParam cvLabel="PRIDE" accession="PRIDE:0000188" name="product ion m/z" value="262.0" />
					<cvParam cvLabel="PRIDE" accession="PRIDE:0000189" name="product ion intensity" value="370773.0" />
					<cvParam cvLabel="PRIDE" accession="PRIDE:0000190" name="product ion mass error" value="-0.04" />
				</FragmentIon>
				<FragmentIon>
					<cvParam cvLabel="PRIDE" accession="PRIDE:0000204" name="product ion charge" value="1" />
					<cvParam cvLabel="PRIDE" accession="PRIDE:0000193" name="y ion" value="2" />
					<cvParam cvLabel="PRIDE" accession="PRIDE:0000188" name="product ion m/z" value="361.0" />
					<cvParam cvLabel="PRIDE" accession="PRIDE:0000189" name="product ion intensity" value="132935.0" />
					<cvParam cvLabel="PRIDE" accession="PRIDE:0000190" name="product ion mass error" value="0.692" />
				</FragmentIon>
				<FragmentIon>
					<cvParam cvLabel="PRIDE" accession="PRIDE:0000204" name="product ion charge" value="1" />
					<cvParam cvLabel="PRIDE" accession="PRIDE:0000193" name="y ion" value="3" />
					<cvParam cvLabel="PRIDE" accession="PRIDE:0000188" name="product ion m/z" value="508.0" />
					<cvParam cvLabel="PRIDE" accession="PRIDE:0000189" name="product ion intensity" value="419707.0" />
					<cvParam cvLabel="PRIDE" accession="PRIDE:0000190" name="product ion mass error" value="-0.076" />
				</FragmentIon>
				<FragmentIon>
					<cvParam cvLabel="PRIDE" accession="PRIDE:0000204" name="product ion charge" value="1" />
					<cvParam cvLabel="PRIDE" accession="PRIDE:0000193" name="y ion" value="4" />
					<cvParam cvLabel="PRIDE" accession="PRIDE:0000188" name="product ion m/z" value="579.0" />
					<cvParam cvLabel="PRIDE" accession="PRIDE:0000189" name="product ion intensity" value="1621177.0" />
					<cvParam cvLabel="PRIDE" accession="PRIDE:0000190" name="product ion mass error" value="-0.113" />
				</FragmentIon>
				<FragmentIon>
					<cvParam cvLabel="PRIDE" accession="PRIDE:0000204" name="product ion charge" value="1" />
					<cvParam cvLabel="PRIDE" accession="PRIDE:0000193" name="y ion" value="5" />
					<cvParam cvLabel="PRIDE" accession="PRIDE:0000188" name="product ion m/z" value="678.0" />
					<cvParam cvLabel="PRIDE" accession="PRIDE:0000189" name="product ion intensity" value="911409.0" />
					<cvParam cvLabel="PRIDE" accession="PRIDE:0000190" name="product ion mass error" value="-0.181" />
				</FragmentIon>
				<FragmentIon>
					<cvParam cvLabel="PRIDE" accession="PRIDE:0000204" name="product ion charge" value="1" />
					<cvParam cvLabel="PRIDE" accession="PRIDE:0000193" name="y ion" value="6" />
					<cvParam cvLabel="PRIDE" accession="PRIDE:0000188" name="product ion m/z" value="825.0" />
					<cvParam cvLabel="PRIDE" accession="PRIDE:0000189" name="product ion intensity" value="265219.0" />
					<cvParam cvLabel="PRIDE" accession="PRIDE:0000190" name="product ion mass error" value="-0.149" />
				</FragmentIon>
				<FragmentIon>
					<cvParam cvLabel="PRIDE" accession="PRIDE:0000204" name="product ion charge" value="1" />
					<cvParam cvLabel="PRIDE" accession="PRIDE:0000193" name="y ion" value="7" />
					<cvParam cvLabel="PRIDE" accession="PRIDE:0000188" name="product ion m/z" value="939.0" />
					<cvParam cvLabel="PRIDE" accession="PRIDE:0000189" name="product ion intensity" value="299997.0" />
					<cvParam cvLabel="PRIDE" accession="PRIDE:0000190" name="product ion mass error" value="0.308" />
				</FragmentIon>
				<FragmentIon>
					<cvParam cvLabel="PRIDE" accession="PRIDE:0000204" name="product ion charge" value="1" />
					<cvParam cvLabel="PRIDE" accession="PRIDE:0000193" name="y ion" value="8" />
					<cvParam cvLabel="PRIDE" accession="PRIDE:0000188" name="product ion m/z" value="1068.0" />
					<cvParam cvLabel="PRIDE" accession="PRIDE:0000189" name="product ion intensity" value="868496.0" />
					<cvParam cvLabel="PRIDE" accession="PRIDE:0000190" name="product ion mass error" value="-0.135" />
				</FragmentIon>
				<FragmentIon>
					<cvParam cvLabel="PRIDE" accession="PRIDE:0000204" name="product ion charge" value="1" />
					<cvParam cvLabel="PRIDE" accession="PRIDE:0000193" name="y ion" value="9" />
					<cvParam cvLabel="PRIDE" accession="PRIDE:0000188" name="product ion m/z" value="1215.0" />
					<cvParam cvLabel="PRIDE" accession="PRIDE:0000189" name="product ion intensity" value="779647.0" />
					<cvParam cvLabel="PRIDE" accession="PRIDE:0000190" name="product ion mass error" value="-0.075" />
				</FragmentIon>
				<additional>
					<cvParam cvLabel="PRIDE" accession="PRIDE:0000185" name="OMSSA E-value" value="2.54107993779116E-4" />
					<cvParam cvLabel="PRIDE" accession="PRIDE:0000186" name="OMSSA P-value" value="2.42007613122968E-7" />
					<cvParam cvLabel="PRIDE" accession="PRIDE:0000065" name="Upstream flanking sequence" value="C" />
					<cvParam cvLabel="PRIDE" accession="PRIDE:0000066" name="Downstream flanking sequence" value="K" />
				</additional>
			</PeptideItem>
			<PeptideItem>
				<Sequence>LFTFHADICTLPDTEK</Sequence>
				<Start>529</Start>
				<End>544</End>
				<SpectrumReference>99</SpectrumReference>
				<ModificationItem>
					<ModLocation>9</ModLocation>
					<ModAccession>MOD:01214</ModAccession>
					<ModDatabase>MOD</ModDatabase>
					<ModMonoDelta>57.021464</ModMonoDelta>
					<additional>
						<cvParam cvLabel="MOD" accession="MOD:01214" name="iodoacetamide -site C" value="57.021464" />
					</additional>
				</ModificationItem>
				<FragmentIon>
					<cvParam cvLabel="PRIDE" accession="PRIDE:0000204" name="product ion charge" value="1" />
					<cvParam cvLabel="PRIDE" accession="PRIDE:0000194" name="b ion" value="1" />
					<cvParam cvLabel="PRIDE" accession="PRIDE:0000188" name="product ion m/z" value="260.0" />
					<cvParam cvLabel="PRIDE" accession="PRIDE:0000189" name="product ion intensity" value="24222.0" />
					<cvParam cvLabel="PRIDE" accession="PRIDE:0000190" name="product ion mass error" value="-0.26" />
				</FragmentIon>
				<FragmentIon>
					<cvParam cvLabel="PRIDE" accession="PRIDE:0000204" name="product ion charge" value="1" />
					<cvParam cvLabel="PRIDE" accession="PRIDE:0000194" name="b ion" value="2" />
					<cvParam cvLabel="PRIDE" accession="PRIDE:0000188" name="product ion m/z" value="362.0" />
					<cvParam cvLabel="PRIDE" accession="PRIDE:0000189" name="product ion intensity" value="17064.0" />
					<cvParam cvLabel="PRIDE" accession="PRIDE:0000190" name="product ion mass error" value="-0.108" />
				</FragmentIon>
				<FragmentIon>
					<cvParam cvLabel="PRIDE" accession="PRIDE:0000204" name="product ion charge" value="1" />
					<cvParam cvLabel="PRIDE" accession="PRIDE:0000194" name="b ion" value="4" />
					<cvParam cvLabel="PRIDE" accession="PRIDE:0000188" name="product ion m/z" value="646.0" />
					<cvParam cvLabel="PRIDE" accession="PRIDE:0000189" name="product ion intensity" value="191051.0" />
					<cvParam cvLabel="PRIDE" accession="PRIDE:0000190" name="product ion mass error" value="0.465" />
				</FragmentIon>
				<FragmentIon>
					<cvParam cvLabel="PRIDE" accession="PRIDE:0000204" name="product ion charge" value="1" />
					<cvParam cvLabel="PRIDE" accession="PRIDE:0000194" name="b ion" value="6" />
					<cvParam cvLabel="PRIDE" accession="PRIDE:0000188" name="product ion m/z" value="832.0" />
					<cvParam cvLabel="PRIDE" accession="PRIDE:0000189" name="product ion intensity" value="137596.0" />
					<cvParam cvLabel="PRIDE" accession="PRIDE:0000190" name="product ion mass error" value="0.0010" />
				</FragmentIon>
				<FragmentIon>
					<cvParam cvLabel="PRIDE" accession="PRIDE:0000204" name="product ion charge" value="1" />
					<cvParam cvLabel="PRIDE" accession="PRIDE:0000194" name="b ion" value="7" />
					<cvParam cvLabel="PRIDE" accession="PRIDE:0000188" name="product ion m/z" value="945.0" />
					<cvParam cvLabel="PRIDE" accession="PRIDE:0000189" name="product ion intensity" value="127705.0" />
					<cvParam cvLabel="PRIDE" accession="PRIDE:0000190" name="product ion mass error" value="0.017" />
				</FragmentIon>
				<FragmentIon>
					<cvParam cvLabel="PRIDE" accession="PRIDE:0000204" name="product ion charge" value="1" />
					<cvParam cvLabel="PRIDE" accession="PRIDE:0000194" name="b ion" value="8" />
					<cvParam cvLabel="PRIDE" accession="PRIDE:0000188" name="product ion m/z" value="1105.0" />
					<cvParam cvLabel="PRIDE" accession="PRIDE:0000189" name="product ion intensity" value="19075.0" />
					<cvParam cvLabel="PRIDE" accession="PRIDE:0000190" name="product ion mass error" value="-0.512" />
				</FragmentIon>
				<FragmentIon>
					<cvParam cvLabel="PRIDE" accession="PRIDE:0000204" name="product ion charge" value="1" />
					<cvParam cvLabel="PRIDE" accession="PRIDE:0000193" name="y ion" value="1" />
					<cvParam cvLabel="PRIDE" accession="PRIDE:0000188" name="product ion m/z" value="276.0" />
					<cvParam cvLabel="PRIDE" accession="PRIDE:0000189" name="product ion intensity" value="17128.0" />
					<cvParam cvLabel="PRIDE" accession="PRIDE:0000190" name="product ion mass error" value="0.244" />
				</FragmentIon>
				<FragmentIon>
					<cvParam cvLabel="PRIDE" accession="PRIDE:0000204" name="product ion charge" value="1" />
					<cvParam cvLabel="PRIDE" accession="PRIDE:0000193" name="y ion" value="3" />
					<cvParam cvLabel="PRIDE" accession="PRIDE:0000188" name="product ion m/z" value="492.0" />
					<cvParam cvLabel="PRIDE" accession="PRIDE:0000189" name="product ion intensity" value="33451.0" />
					<cvParam cvLabel="PRIDE" accession="PRIDE:0000190" name="product ion mass error" value="0.069" />
				</FragmentIon>
				<FragmentIon>
					<cvParam cvLabel="PRIDE" accession="PRIDE:0000204" name="product ion charge" value="1" />
					<cvParam cvLabel="PRIDE" accession="PRIDE:0000193" name="y ion" value="4" />
					<cvParam cvLabel="PRIDE" accession="PRIDE:0000188" name="product ion m/z" value="589.0" />
					<cvParam cvLabel="PRIDE" accession="PRIDE:0000189" name="product ion intensity" value="713585.0" />
					<cvParam cvLabel="PRIDE" accession="PRIDE:0000190" name="product ion mass error" value="0.016" />
				</FragmentIon>
				<FragmentIon>
					<cvParam cvLabel="PRIDE" accession="PRIDE:0000204" name="product ion charge" value="1" />
					<cvParam cvLabel="PRIDE" accession="PRIDE:0000193" name="y ion" value="5" />
					<cvParam cvLabel="PRIDE" accession="PRIDE:0000188" name="product ion m/z" value="702.0" />
					<cvParam cvLabel="PRIDE" accession="PRIDE:0000189" name="product ion intensity" value="163041.0" />
					<cvParam cvLabel="PRIDE" accession="PRIDE:0000190" name="product ion mass error" value="-0.068" />
				</FragmentIon>
				<FragmentIon>
					<cvParam cvLabel="PRIDE" accession="PRIDE:0000204" name="product ion charge" value="1" />
					<cvParam cvLabel="PRIDE" accession="PRIDE:0000193" name="y ion" value="6" />
					<cvParam cvLabel="PRIDE" accession="PRIDE:0000188" name="product ion m/z" value="803.0" />
					<cvParam cvLabel="PRIDE" accession="PRIDE:0000189" name="product ion intensity" value="228464.0" />
					<cvParam cvLabel="PRIDE" accession="PRIDE:0000190" name="product ion mass error" value="-0.116" />
				</FragmentIon>
				<FragmentIon>
					<cvParam cvLabel="PRIDE" accession="PRIDE:0000204" name="product ion charge" value="1" />
					<cvParam cvLabel="PRIDE" accession="PRIDE:0000193" name="y ion" value="7" />
					<cvParam cvLabel="PRIDE" accession="PRIDE:0000188" name="product ion m/z" value="963.0" />
					<cvParam cvLabel="PRIDE" accession="PRIDE:0000189" name="product ion intensity" value="60807.0" />
					<cvParam cvLabel="PRIDE" accession="PRIDE:0000190" name="product ion mass error" value="0.055" />
				</FragmentIon>
				<FragmentIon>
					<cvParam cvLabel="PRIDE" accession="PRIDE:0000204" name="product ion charge" value="1" />
					<cvParam cvLabel="PRIDE" accession="PRIDE:0000193" name="y ion" value="8" />
					<cvParam cvLabel="PRIDE" accession="PRIDE:0000188" name="product ion m/z" value="1077.0" />
					<cvParam cvLabel="PRIDE" accession="PRIDE:0000189" name="product ion intensity" value="32508.0" />
					<cvParam cvLabel="PRIDE" accession="PRIDE:0000190" name="product ion mass error" value="0.671" />
				</FragmentIon>
				<FragmentIon>
					<cvParam cvLabel="PRIDE" accession="PRIDE:0000204" name="product ion charge" value="2" />
					<cvParam cvLabel="PRIDE" accession="PRIDE:0000194" name="b ion" value="8" />
					<cvParam cvLabel="PRIDE" accession="PRIDE:0000188" name="product ion m/z" value="553.0" />
					<cvParam cvLabel="PRIDE" accession="PRIDE:0000189" name="product ion intensity" value="144867.0" />
					<cvParam cvLabel="PRIDE" accession="PRIDE:0000190" name="product ion mass error" value="0.446" />
				</FragmentIon>
				<FragmentIon>
					<cvParam cvLabel="PRIDE" accession="PRIDE:0000204" name="product ion charge" value="2" />
					<cvParam cvLabel="PRIDE" accession="PRIDE:0000194" name="b ion" value="9" />
					<cvParam cvLabel="PRIDE" accession="PRIDE:0000188" name="product ion m/z" value="604.0" />
					<cvParam cvLabel="PRIDE" accession="PRIDE:0000189" name="product ion intensity" value="81357.0" />
					<cvParam cvLabel="PRIDE" accession="PRIDE:0000190" name="product ion mass error" value="0.422" />
				</FragmentIon>
				<FragmentIon>
					<cvParam cvLabel="PRIDE" accession="PRIDE:0000204" name="product ion charge" value="2" />
					<cvParam cvLabel="PRIDE" accession="PRIDE:0000194" name="b ion" value="10" />
					<cvParam cvLabel="PRIDE" accession="PRIDE:0000188" name="product ion m/z" value="660.0" />
					<cvParam cvLabel="PRIDE" accession="PRIDE:0000189" name="product ion intensity" value="300668.0" />
					<cvParam cvLabel="PRIDE" accession="PRIDE:0000190" name="product ion mass error" value="0.48" />
				</FragmentIon>
				<FragmentIon>
					<cvParam cvLabel="PRIDE" accession="PRIDE:0000204" name="product ion charge" value="2" />
					<cvParam cvLabel="PRIDE" accession="PRIDE:0000193" name="y ion" value="4" />
					<cvParam cvLabel="PRIDE" accession="PRIDE:0000188" name="product ion m/z" value="295.0" />
					<cvParam cvLabel="PRIDE" accession="PRIDE:0000189" name="product ion intensity" value="15413.0" />
					<cvParam cvLabel="PRIDE" accession="PRIDE:0000190" name="product ion mass error" value="0.66" />
				</FragmentIon>
				<FragmentIon>
					<cvParam cvLabel="PRIDE" accession="PRIDE:0000204" name="product ion charge" value="2" />
					<cvParam cvLabel="PRIDE" accession="PRIDE:0000193" name="y ion" value="6" />
					<cvParam cvLabel="PRIDE" accession="PRIDE:0000188" name="product ion m/z" value="402.0" />
					<cvParam cvLabel="PRIDE" accession="PRIDE:0000189" name="product ion intensity" value="21207.0" />
					<cvParam cvLabel="PRIDE" accession="PRIDE:0000190" name="product ion mass error" value="-0.206" />
				</FragmentIon>
				<FragmentIon>
					<cvParam cvLabel="PRIDE" accession="PRIDE:0000204" name="product ion charge" value="2" />
					<cvParam cvLabel="PRIDE" accession="PRIDE:0000193" name="y ion" value="7" />
					<cvParam cvLabel="PRIDE" accession="PRIDE:0000188" name="product ion m/z" value="482.0" />
					<cvParam cvLabel="PRIDE" accession="PRIDE:0000189" name="product ion intensity" value="88141.0" />
					<cvParam cvLabel="PRIDE" accession="PRIDE:0000190" name="product ion mass error" value="0.18" />
				</FragmentIon>
				<FragmentIon>
					<cvParam cvLabel="PRIDE" accession="PRIDE:0000204" name="product ion charge" value="2" />
					<cvParam cvLabel="PRIDE" accession="PRIDE:0000193" name="y ion" value="11" />
					<cvParam cvLabel="PRIDE" accession="PRIDE:0000188" name="product ion m/z" value="700.0" />
					<cvParam cvLabel="PRIDE" accession="PRIDE:0000189" name="product ion intensity" value="29962.0" />
					<cvParam cvLabel="PRIDE" accession="PRIDE:0000190" name="product ion mass error" value="-0.122" />
				</FragmentIon>
				<FragmentIon>
					<cvParam cvLabel="PRIDE" accession="PRIDE:0000204" name="product ion charge" value="2" />
					<cvParam cvLabel="PRIDE" accession="PRIDE:0000193" name="y ion" value="12" />
					<cvParam cvLabel="PRIDE" accession="PRIDE:0000188" name="product ion m/z" value="774.0" />
					<cvParam cvLabel="PRIDE" accession="PRIDE:0000189" name="product ion intensity" value="12034.0" />
					<cvParam cvLabel="PRIDE" accession="PRIDE:0000190" name="product ion mass error" value="0.444" />
				</FragmentIon>
				<FragmentIon>
					<cvParam cvLabel="PRIDE" accession="PRIDE:0000204" name="product ion charge" value="2" />
					<cvParam cvLabel="PRIDE" accession="PRIDE:0000193" name="y ion" value="13" />
					<cvParam cvLabel="PRIDE" accession="PRIDE:0000188" name="product ion m/z" value="824.0" />
					<cvParam cvLabel="PRIDE" accession="PRIDE:0000189" name="product ion intensity" value="347006.0" />
					<cvParam cvLabel="PRIDE" accession="PRIDE:0000190" name="product ion mass error" value="0.22" />
				</FragmentIon>
				<FragmentIon>
					<cvParam cvLabel="PRIDE" accession="PRIDE:0000204" name="product ion charge" value="2" />
					<cvParam cvLabel="PRIDE" accession="PRIDE:0000193" name="y ion" value="14" />
					<cvParam cvLabel="PRIDE" accession="PRIDE:0000188" name="product ion m/z" value="898.0" />
					<cvParam cvLabel="PRIDE" accession="PRIDE:0000189" name="product ion intensity" value="11577.0" />
					<cvParam cvLabel="PRIDE" accession="PRIDE:0000190" name="product ion mass error" value="0.486" />
				</FragmentIon>
				<additional>
					<cvParam cvLabel="PRIDE" accession="PRIDE:0000185" name="OMSSA E-value" value="2.11894785912553E-5" />
					<cvParam cvLabel="PRIDE" accession="PRIDE:0000186" name="OMSSA P-value" value="1.86363048296001E-8" />
					<cvParam cvLabel="PRIDE" accession="PRIDE:0000065" name="Upstream flanking sequence" value="Q" />
					<cvParam cvLabel="PRIDE" accession="PRIDE:0000066" name="Downstream flanking sequence" value="K" />
				</additional>
			</PeptideItem>
			<PeptideItem>
				<Sequence>TVMENFVAFVDK</Sequence>
				<Start>569</Start>
				<End>580</End>
				<SpectrumReference>22</SpectrumReference>
				<ModificationItem>
					<ModLocation>3</ModLocation>
					<ModAccession>MOD:00425</ModAccession>
					<ModDatabase>MOD</ModDatabase>
					<ModMonoDelta>16.0</ModMonoDelta>
					<additional>
						<cvParam cvLabel="MOD" accession="MOD:00425" name="monohydroxylated residue" value="15.994915" />
					</additional>
				</ModificationItem>
				<FragmentIon>
					<cvParam cvLabel="PRIDE" accession="PRIDE:0000204" name="product ion charge" value="1" />
					<cvParam cvLabel="PRIDE" accession="PRIDE:0000233" name="a ion" value="1" />
					<cvParam cvLabel="PRIDE" accession="PRIDE:0000188" name="product ion m/z" value="201.0" />
					<cvParam cvLabel="PRIDE" accession="PRIDE:0000189" name="product ion intensity" value="2296.0" />
					<cvParam cvLabel="PRIDE" accession="PRIDE:0000190" name="product ion mass error" value="-0.024" />
				</FragmentIon>
				<FragmentIon>
					<cvParam cvLabel="PRIDE" accession="PRIDE:0000204" name="product ion charge" value="1" />
					<cvParam cvLabel="PRIDE" accession="PRIDE:0000194" name="b ion" value="2" />
					<cvParam cvLabel="PRIDE" accession="PRIDE:0000188" name="product ion m/z" value="348.0" />
					<cvParam cvLabel="PRIDE" accession="PRIDE:0000189" name="product ion intensity" value="5598.0" />
					<cvParam cvLabel="PRIDE" accession="PRIDE:0000190" name="product ion mass error" value="0.036" />
				</FragmentIon>
				<FragmentIon>
					<cvParam cvLabel="PRIDE" accession="PRIDE:0000204" name="product ion charge" value="1" />
					<cvParam cvLabel="PRIDE" accession="PRIDE:0000194" name="b ion" value="3" />
					<cvParam cvLabel="PRIDE" accession="PRIDE:0000188" name="product ion m/z" value="476.0" />
					<cvParam cvLabel="PRIDE" accession="PRIDE:0000189" name="product ion intensity" value="27112.0" />
					<cvParam cvLabel="PRIDE" accession="PRIDE:0000190" name="product ion mass error" value="-0.307" />
				</FragmentIon>
				<FragmentIon>
					<cvParam cvLabel="PRIDE" accession="PRIDE:0000204" name="product ion charge" value="1" />
					<cvParam cvLabel="PRIDE" accession="PRIDE:0000194" name="b ion" value="4" />
					<cvParam cvLabel="PRIDE" accession="PRIDE:0000188" name="product ion m/z" value="590.0" />
					<cvParam cvLabel="PRIDE" accession="PRIDE:0000189" name="product ion intensity" value="24680.0" />
					<cvParam cvLabel="PRIDE" accession="PRIDE:0000190" name="product ion mass error" value="-0.35" />
				</FragmentIon>
				<FragmentIon>
					<cvParam cvLabel="PRIDE" accession="PRIDE:0000204" name="product ion charge" value="1" />
					<cvParam cvLabel="PRIDE" accession="PRIDE:0000194" name="b ion" value="5" />
					<cvParam cvLabel="PRIDE" accession="PRIDE:0000188" name="product ion m/z" value="738.0" />
					<cvParam cvLabel="PRIDE" accession="PRIDE:0000189" name="product ion intensity" value="29354.0" />
					<cvParam cvLabel="PRIDE" accession="PRIDE:0000190" name="product ion mass error" value="-0.018" />
				</FragmentIon>
				<FragmentIon>
					<cvParam cvLabel="PRIDE" accession="PRIDE:0000204" name="product ion charge" value="1" />
					<cvParam cvLabel="PRIDE" accession="PRIDE:0000194" name="b ion" value="6" />
					<cvParam cvLabel="PRIDE" accession="PRIDE:0000188" name="product ion m/z" value="837.0" />
					<cvParam cvLabel="PRIDE" accession="PRIDE:0000189" name="product ion intensity" value="11894.0" />
					<cvParam cvLabel="PRIDE" accession="PRIDE:0000190" name="product ion mass error" value="-0.186" />
				</FragmentIon>
				<FragmentIon>
					<cvParam cvLabel="PRIDE" accession="PRIDE:0000204" name="product ion charge" value="1" />
					<cvParam cvLabel="PRIDE" accession="PRIDE:0000194" name="b ion" value="7" />
					<cvParam cvLabel="PRIDE" accession="PRIDE:0000188" name="product ion m/z" value="908.0" />
					<cvParam cvLabel="PRIDE" accession="PRIDE:0000189" name="product ion intensity" value="26948.0" />
					<cvParam cvLabel="PRIDE" accession="PRIDE:0000190" name="product ion mass error" value="-0.023" />
				</FragmentIon>
				<FragmentIon>
					<cvParam cvLabel="PRIDE" accession="PRIDE:0000204" name="product ion charge" value="1" />
					<cvParam cvLabel="PRIDE" accession="PRIDE:0000194" name="b ion" value="8" />
					<cvParam cvLabel="PRIDE" accession="PRIDE:0000188" name="product ion m/z" value="1055.0" />
					<cvParam cvLabel="PRIDE" accession="PRIDE:0000189" name="product ion intensity" value="45733.0" />
					<cvParam cvLabel="PRIDE" accession="PRIDE:0000190" name="product ion mass error" value="-0.091" />
				</FragmentIon>
				<FragmentIon>
					<cvParam cvLabel="PRIDE" accession="PRIDE:0000204" name="product ion charge" value="1" />
					<cvParam cvLabel="PRIDE" accession="PRIDE:0000194" name="b ion" value="9" />
					<cvParam cvLabel="PRIDE" accession="PRIDE:0000188" name="product ion m/z" value="1154.0" />
					<cvParam cvLabel="PRIDE" accession="PRIDE:0000189" name="product ion intensity" value="64788.0" />
					<cvParam cvLabel="PRIDE" accession="PRIDE:0000190" name="product ion mass error" value="-0.059" />
				</FragmentIon>
				<FragmentIon>
					<cvParam cvLabel="PRIDE" accession="PRIDE:0000204" name="product ion charge" value="1" />
					<cvParam cvLabel="PRIDE" accession="PRIDE:0000194" name="b ion" value="10" />
					<cvParam cvLabel="PRIDE" accession="PRIDE:0000188" name="product ion m/z" value="1269.0" />
					<cvParam cvLabel="PRIDE" accession="PRIDE:0000189" name="product ion intensity" value="7603.0" />
					<cvParam cvLabel="PRIDE" accession="PRIDE:0000190" name="product ion mass error" value="-0.286" />
				</FragmentIon>
				<FragmentIon>
					<cvParam cvLabel="PRIDE" accession="PRIDE:0000204" name="product ion charge" value="1" />
					<cvParam cvLabel="PRIDE" accession="PRIDE:0000193" name="y ion" value="1" />
					<cvParam cvLabel="PRIDE" accession="PRIDE:0000188" name="product ion m/z" value="262.0" />
					<cvParam cvLabel="PRIDE" accession="PRIDE:0000189" name="product ion intensity" value="36218.0" />
					<cvParam cvLabel="PRIDE" accession="PRIDE:0000190" name="product ion mass error" value="-0.04" />
				</FragmentIon>
				<FragmentIon>
					<cvParam cvLabel="PRIDE" accession="PRIDE:0000204" name="product ion charge" value="1" />
					<cvParam cvLabel="PRIDE" accession="PRIDE:0000193" name="y ion" value="2" />
					<cvParam cvLabel="PRIDE" accession="PRIDE:0000188" name="product ion m/z" value="361.0" />
					<cvParam cvLabel="PRIDE" accession="PRIDE:0000189" name="product ion intensity" value="89737.0" />
					<cvParam cvLabel="PRIDE" accession="PRIDE:0000190" name="product ion mass error" value="0.092" />
				</FragmentIon>
				<FragmentIon>
					<cvParam cvLabel="PRIDE" accession="PRIDE:0000204" name="product ion charge" value="1" />
					<cvParam cvLabel="PRIDE" accession="PRIDE:0000193" name="y ion" value="3" />
					<cvParam cvLabel="PRIDE" accession="PRIDE:0000188" name="product ion m/z" value="508.0" />
					<cvParam cvLabel="PRIDE" accession="PRIDE:0000189" name="product ion intensity" value="127241.0" />
					<cvParam cvLabel="PRIDE" accession="PRIDE:0000190" name="product ion mass error" value="0.024" />
				</FragmentIon>
				<FragmentIon>
					<cvParam cvLabel="PRIDE" accession="PRIDE:0000204" name="product ion charge" value="1" />
					<cvParam cvLabel="PRIDE" accession="PRIDE:0000193" name="y ion" value="4" />
					<cvParam cvLabel="PRIDE" accession="PRIDE:0000188" name="product ion m/z" value="579.0" />
					<cvParam cvLabel="PRIDE" accession="PRIDE:0000189" name="product ion intensity" value="169381.0" />
					<cvParam cvLabel="PRIDE" accession="PRIDE:0000190" name="product ion mass error" value="-0.013" />
				</FragmentIon>
				<FragmentIon>
					<cvParam cvLabel="PRIDE" accession="PRIDE:0000204" name="product ion charge" value="1" />
					<cvParam cvLabel="PRIDE" accession="PRIDE:0000193" name="y ion" value="5" />
					<cvParam cvLabel="PRIDE" accession="PRIDE:0000188" name="product ion m/z" value="678.0" />
					<cvParam cvLabel="PRIDE" accession="PRIDE:0000189" name="product ion intensity" value="56396.0" />
					<cvParam cvLabel="PRIDE" accession="PRIDE:0000190" name="product ion mass error" value="-0.081" />
				</FragmentIon>
				<FragmentIon>
					<cvParam cvLabel="PRIDE" accession="PRIDE:0000204" name="product ion charge" value="1" />
					<cvParam cvLabel="PRIDE" accession="PRIDE:0000193" name="y ion" value="6" />
					<cvParam cvLabel="PRIDE" accession="PRIDE:0000188" name="product ion m/z" value="825.0" />
					<cvParam cvLabel="PRIDE" accession="PRIDE:0000189" name="product ion intensity" value="81063.0" />
					<cvParam cvLabel="PRIDE" accession="PRIDE:0000190" name="product ion mass error" value="-0.049" />
				</FragmentIon>
				<FragmentIon>
					<cvParam cvLabel="PRIDE" accession="PRIDE:0000204" name="product ion charge" value="1" />
					<cvParam cvLabel="PRIDE" accession="PRIDE:0000193" name="y ion" value="7" />
					<cvParam cvLabel="PRIDE" accession="PRIDE:0000188" name="product ion m/z" value="939.0" />
					<cvParam cvLabel="PRIDE" accession="PRIDE:0000189" name="product ion intensity" value="61686.0" />
					<cvParam cvLabel="PRIDE" accession="PRIDE:0000190" name="product ion mass error" value="-0.092" />
				</FragmentIon>
				<FragmentIon>
					<cvParam cvLabel="PRIDE" accession="PRIDE:0000204" name="product ion charge" value="1" />
					<cvParam cvLabel="PRIDE" accession="PRIDE:0000193" name="y ion" value="8" />
					<cvParam cvLabel="PRIDE" accession="PRIDE:0000188" name="product ion m/z" value="1068.0" />
					<cvParam cvLabel="PRIDE" accession="PRIDE:0000189" name="product ion intensity" value="88995.0" />
					<cvParam cvLabel="PRIDE" accession="PRIDE:0000190" name="product ion mass error" value="0.065" />
				</FragmentIon>
				<FragmentIon>
					<cvParam cvLabel="PRIDE" accession="PRIDE:0000204" name="product ion charge" value="1" />
					<cvParam cvLabel="PRIDE" accession="PRIDE:0000193" name="y ion" value="9" />
					<cvParam cvLabel="PRIDE" accession="PRIDE:0000188" name="product ion m/z" value="1215.0" />
					<cvParam cvLabel="PRIDE" accession="PRIDE:0000189" name="product ion intensity" value="129522.0" />
					<cvParam cvLabel="PRIDE" accession="PRIDE:0000190" name="product ion mass error" value="-0.075" />
				</FragmentIon>
				<additional>
					<cvParam cvLabel="PRIDE" accession="PRIDE:0000185" name="OMSSA E-value" value="8.18847499348973E-7" />
					<cvParam cvLabel="PRIDE" accession="PRIDE:0000186" name="OMSSA P-value" value="7.92688769940922E-10" />
					<cvParam cvLabel="PRIDE" accession="PRIDE:0000065" name="Upstream flanking sequence" value="C" />
					<cvParam cvLabel="PRIDE" accession="PRIDE:0000066" name="Downstream flanking sequence" value="K" />
				</additional>
			</PeptideItem>
			<SearchEngine>OMSSA</SearchEngine>
		</GelFreeIdentification>
        <TwoDimensionalIdentification>
			<Accession>IPI00295313</Accession>
            <AccessionVersion>1</AccessionVersion>
            <Database>IPI mouse</Database>
			<DatabaseVersion>2.31</DatabaseVersion>
			<PeptideItem>
				<Sequence>GPAGEPMGPEAGSK</Sequence>
				<Start>344</Start>
				<End>357</End>
				<SpectrumReference>1</SpectrumReference>
				<ModificationItem>
					<ModLocation>2</ModLocation>
					<ModAccession>0123</ModAccession>
					<ModDatabase>UniMod</ModDatabase>
					<ModDatabaseVersion>1.0</ModDatabaseVersion>
					<ModArtifact>true</ModArtifact>
					<ModMonoDelta>34</ModMonoDelta>
					<ModMonoDelta>44</ModMonoDelta>
					<ModAvgDelta>34.1</ModAvgDelta>
					<ModAvgDelta>44.2</ModAvgDelta>
				</ModificationItem>
			</PeptideItem>
			<PeptideItem>
				<Sequence>NLGMTDAFELGK</Sequence>
				<Start>288</Start>
				<End>299</End>
				<SpectrumReference>1</SpectrumReference>
			</PeptideItem>
			<GelLocation>
				<XCoordinate>3.141593E0</XCoordinate>
				<YCoordinate>3.141593E0</YCoordinate>
			</GelLocation>
			<MolecularWeight>3.141593E0</MolecularWeight>
			<pI>3.141593E0</pI>
			<SequenceCoverage>1.0E0</SequenceCoverage>
		</TwoDimensionalIdentification>
        <TwoDimensionalIdentification>
			<Accession>IPI00295313</Accession>
            <AccessionVersion>2</AccessionVersion>
            <Database>IPI mouse</Database>
			<DatabaseVersion>2.31</DatabaseVersion>
			<PeptideItem>
				<Sequence>GPAGEPMGPEAGSK</Sequence>
				<Start>344</Start>
				<End>357</End>
				<SpectrumReference>1</SpectrumReference>
				<ModificationItem>
					<ModLocation>2</ModLocation>
					<ModAccession>0123</ModAccession>
					<ModDatabase>UniMod</ModDatabase>
					<ModDatabaseVersion>1.0</ModDatabaseVersion>
					<ModArtifact>true</ModArtifact>
					<ModMonoDelta>34</ModMonoDelta>
					<ModMonoDelta>44</ModMonoDelta>
					<ModAvgDelta>34.1</ModAvgDelta>
					<ModAvgDelta>44.2</ModAvgDelta>
				</ModificationItem>
			</PeptideItem>
			<PeptideItem>
				<Sequence>NLGMTDAFELGK</Sequence>
				<Start>288</Start>
				<End>299</End>
				<SpectrumReference>1</SpectrumReference>
			</PeptideItem>
			<GelLocation>
				<XCoordinate>3.141593E0</XCoordinate>
				<YCoordinate>3.141593E0</YCoordinate>
			</GelLocation>
			<MolecularWeight>3.141593E0</MolecularWeight>
			<pI>3.141593E0</pI>
			<SequenceCoverage>1.0E0</SequenceCoverage>
		</TwoDimensionalIdentification>
		<additional>
			<cvParam cvLabel="PRIDE" accession="PRIDE:0000175" name="XML generation software" value="PRIDE Converter v2.0-SNAPSHOT" />
			<cvParam cvLabel="PRIDE" accession="PRIDE:0000218" name="Original MS data file format" value="OMSSA" />
		</additional>
	</Experiment>
</ExperimentCollection>